[2022-07-11 21:54:30,614] {taskinstance.py:1159} INFO - Dependencies all met for <TaskInstance: Stream_Satellite_TLE.load_into_csv scheduled__2022-06-26T00:00:00+00:00 [queued]>
[2022-07-11 21:54:30,628] {taskinstance.py:1159} INFO - Dependencies all met for <TaskInstance: Stream_Satellite_TLE.load_into_csv scheduled__2022-06-26T00:00:00+00:00 [queued]>
[2022-07-11 21:54:30,628] {taskinstance.py:1356} INFO - 
--------------------------------------------------------------------------------
[2022-07-11 21:54:30,628] {taskinstance.py:1357} INFO - Starting attempt 1 of 2
[2022-07-11 21:54:30,628] {taskinstance.py:1358} INFO - 
--------------------------------------------------------------------------------
[2022-07-11 21:54:30,702] {taskinstance.py:1377} INFO - Executing <Task(BashOperator): load_into_csv> on 2022-06-26 00:00:00+00:00
[2022-07-11 21:54:30,709] {standard_task_runner.py:52} INFO - Started process 243 to run task
[2022-07-11 21:54:30,713] {standard_task_runner.py:79} INFO - Running: ['***', 'tasks', 'run', 'Stream_Satellite_TLE', 'load_into_csv', 'scheduled__2022-06-26T00:00:00+00:00', '--job-id', '437', '--raw', '--subdir', 'DAGS_FOLDER/streamTLE.py', '--cfg-path', '/tmp/tmpajgj89xc', '--error-file', '/tmp/tmpwlncjbmq']
[2022-07-11 21:54:30,713] {standard_task_runner.py:80} INFO - Job 437: Subtask load_into_csv
[2022-07-11 21:54:30,809] {task_command.py:370} INFO - Running <TaskInstance: Stream_Satellite_TLE.load_into_csv scheduled__2022-06-26T00:00:00+00:00 [running]> on host 3c0196e07a8e
[2022-07-11 21:54:31,010] {taskinstance.py:1571} INFO - Exporting the following env vars:
AIRFLOW_CTX_DAG_OWNER=***
AIRFLOW_CTX_DAG_ID=Stream_Satellite_TLE
AIRFLOW_CTX_TASK_ID=load_into_csv
AIRFLOW_CTX_EXECUTION_DATE=2022-06-26T00:00:00+00:00
AIRFLOW_CTX_TRY_NUMBER=1
AIRFLOW_CTX_DAG_RUN_ID=scheduled__2022-06-26T00:00:00+00:00
[2022-07-11 21:54:31,012] {subprocess.py:62} INFO - Tmp dir root location: 
 /tmp
[2022-07-11 21:54:31,109] {subprocess.py:74} INFO - Running command: ['bash', '-c', 'python3 /opt/***/dags/SLTrack.py']
[2022-07-11 21:54:31,134] {subprocess.py:85} INFO - Output:
[2022-07-11 21:54:34,129] {subprocess.py:96} INFO - Command exited with return code 0
[2022-07-11 21:54:34,178] {taskinstance.py:1400} INFO - Marking task as SUCCESS. dag_id=Stream_Satellite_TLE, task_id=load_into_csv, execution_date=20220626T000000, start_date=20220711T215430, end_date=20220711T215434
[2022-07-11 21:54:34,240] {local_task_job.py:156} INFO - Task exited with return code 0
[2022-07-11 21:54:34,294] {local_task_job.py:273} INFO - 0 downstream tasks scheduled from follow-on schedule check
