[2022-07-11 21:59:38,152] {taskinstance.py:1159} INFO - Dependencies all met for <TaskInstance: Stream_Satellite_TLE.load_into_csv manual__2022-07-11T21:59:36.565369+00:00 [queued]>
[2022-07-11 21:59:38,161] {taskinstance.py:1159} INFO - Dependencies all met for <TaskInstance: Stream_Satellite_TLE.load_into_csv manual__2022-07-11T21:59:36.565369+00:00 [queued]>
[2022-07-11 21:59:38,161] {taskinstance.py:1356} INFO - 
--------------------------------------------------------------------------------
[2022-07-11 21:59:38,161] {taskinstance.py:1357} INFO - Starting attempt 1 of 2
[2022-07-11 21:59:38,161] {taskinstance.py:1358} INFO - 
--------------------------------------------------------------------------------
[2022-07-11 21:59:38,181] {taskinstance.py:1377} INFO - Executing <Task(BashOperator): load_into_csv> on 2022-07-11 21:59:36.565369+00:00
[2022-07-11 21:59:38,186] {standard_task_runner.py:52} INFO - Started process 1046 to run task
[2022-07-11 21:59:38,190] {standard_task_runner.py:79} INFO - Running: ['***', 'tasks', 'run', 'Stream_Satellite_TLE', 'load_into_csv', 'manual__2022-07-11T21:59:36.565369+00:00', '--job-id', '480', '--raw', '--subdir', 'DAGS_FOLDER/streamTLE.py', '--cfg-path', '/tmp/tmp8yurklrt', '--error-file', '/tmp/tmp4pf4muvg']
[2022-07-11 21:59:38,191] {standard_task_runner.py:80} INFO - Job 480: Subtask load_into_csv
[2022-07-11 21:59:38,258] {task_command.py:370} INFO - Running <TaskInstance: Stream_Satellite_TLE.load_into_csv manual__2022-07-11T21:59:36.565369+00:00 [running]> on host 3c0196e07a8e
[2022-07-11 21:59:38,395] {taskinstance.py:1571} INFO - Exporting the following env vars:
AIRFLOW_CTX_DAG_OWNER=***
AIRFLOW_CTX_DAG_ID=Stream_Satellite_TLE
AIRFLOW_CTX_TASK_ID=load_into_csv
AIRFLOW_CTX_EXECUTION_DATE=2022-07-11T21:59:36.565369+00:00
AIRFLOW_CTX_TRY_NUMBER=1
AIRFLOW_CTX_DAG_RUN_ID=manual__2022-07-11T21:59:36.565369+00:00
[2022-07-11 21:59:38,396] {subprocess.py:62} INFO - Tmp dir root location: 
 /tmp
[2022-07-11 21:59:38,396] {subprocess.py:74} INFO - Running command: ['bash', '-c', 'python3 /opt/***/dags/SLTrack.py']
[2022-07-11 21:59:38,407] {subprocess.py:85} INFO - Output:
[2022-07-11 21:59:39,432] {subprocess.py:96} INFO - Command exited with return code 0
[2022-07-11 21:59:39,492] {taskinstance.py:1400} INFO - Marking task as SUCCESS. dag_id=Stream_Satellite_TLE, task_id=load_into_csv, execution_date=20220711T215936, start_date=20220711T215938, end_date=20220711T215939
[2022-07-11 21:59:39,523] {local_task_job.py:156} INFO - Task exited with return code 0
[2022-07-11 21:59:39,564] {local_task_job.py:273} INFO - 0 downstream tasks scheduled from follow-on schedule check
