[2022-07-11 21:58:09,305] {taskinstance.py:1159} INFO - Dependencies all met for <TaskInstance: Stream_Satellite_TLE.load_into_csv manual__2022-07-11T21:56:34.816175+00:00 [queued]>
[2022-07-11 21:58:09,315] {taskinstance.py:1159} INFO - Dependencies all met for <TaskInstance: Stream_Satellite_TLE.load_into_csv manual__2022-07-11T21:56:34.816175+00:00 [queued]>
[2022-07-11 21:58:09,316] {taskinstance.py:1356} INFO - 
--------------------------------------------------------------------------------
[2022-07-11 21:58:09,316] {taskinstance.py:1357} INFO - Starting attempt 1 of 2
[2022-07-11 21:58:09,316] {taskinstance.py:1358} INFO - 
--------------------------------------------------------------------------------
[2022-07-11 21:58:09,345] {taskinstance.py:1377} INFO - Executing <Task(BashOperator): load_into_csv> on 2022-07-11 21:56:34.816175+00:00
[2022-07-11 21:58:09,350] {standard_task_runner.py:52} INFO - Started process 707 to run task
[2022-07-11 21:58:09,353] {standard_task_runner.py:79} INFO - Running: ['***', 'tasks', 'run', 'Stream_Satellite_TLE', 'load_into_csv', 'manual__2022-07-11T21:56:34.816175+00:00', '--job-id', '456', '--raw', '--subdir', 'DAGS_FOLDER/streamTLE.py', '--cfg-path', '/tmp/tmp4n0j9wvn', '--error-file', '/tmp/tmp_s3_s2cv']
[2022-07-11 21:58:09,354] {standard_task_runner.py:80} INFO - Job 456: Subtask load_into_csv
[2022-07-11 21:58:09,429] {task_command.py:370} INFO - Running <TaskInstance: Stream_Satellite_TLE.load_into_csv manual__2022-07-11T21:56:34.816175+00:00 [running]> on host 3c0196e07a8e
[2022-07-11 21:58:09,586] {taskinstance.py:1571} INFO - Exporting the following env vars:
AIRFLOW_CTX_DAG_OWNER=***
AIRFLOW_CTX_DAG_ID=Stream_Satellite_TLE
AIRFLOW_CTX_TASK_ID=load_into_csv
AIRFLOW_CTX_EXECUTION_DATE=2022-07-11T21:56:34.816175+00:00
AIRFLOW_CTX_TRY_NUMBER=1
AIRFLOW_CTX_DAG_RUN_ID=manual__2022-07-11T21:56:34.816175+00:00
[2022-07-11 21:58:09,587] {subprocess.py:62} INFO - Tmp dir root location: 
 /tmp
[2022-07-11 21:58:09,628] {subprocess.py:74} INFO - Running command: ['bash', '-c', 'python3 /opt/***/dags/SLTrack.py']
[2022-07-11 21:58:09,644] {subprocess.py:85} INFO - Output:
[2022-07-11 21:58:10,657] {subprocess.py:96} INFO - Command exited with return code 0
[2022-07-11 21:58:11,169] {taskinstance.py:1400} INFO - Marking task as SUCCESS. dag_id=Stream_Satellite_TLE, task_id=load_into_csv, execution_date=20220711T215634, start_date=20220711T215809, end_date=20220711T215811
[2022-07-11 21:58:11,330] {local_task_job.py:156} INFO - Task exited with return code 0
[2022-07-11 21:58:11,419] {local_task_job.py:273} INFO - 0 downstream tasks scheduled from follow-on schedule check
