[2022-06-23 23:33:03,567] {taskinstance.py:1159} INFO - Dependencies all met for <TaskInstance: Planet-Data.bash_task manual__2022-06-23T23:33:00.727985+00:00 [queued]>
[2022-06-23 23:33:03,578] {taskinstance.py:1159} INFO - Dependencies all met for <TaskInstance: Planet-Data.bash_task manual__2022-06-23T23:33:00.727985+00:00 [queued]>
[2022-06-23 23:33:03,578] {taskinstance.py:1356} INFO - 
--------------------------------------------------------------------------------
[2022-06-23 23:33:03,578] {taskinstance.py:1357} INFO - Starting attempt 1 of 1
[2022-06-23 23:33:03,578] {taskinstance.py:1358} INFO - 
--------------------------------------------------------------------------------
[2022-06-23 23:33:03,603] {taskinstance.py:1377} INFO - Executing <Task(BashOperator): bash_task> on 2022-06-23 23:33:00.727985+00:00
[2022-06-23 23:33:03,609] {standard_task_runner.py:52} INFO - Started process 197 to run task
[2022-06-23 23:33:03,614] {standard_task_runner.py:79} INFO - Running: ['***', 'tasks', 'run', 'Planet-Data', 'bash_task', 'manual__2022-06-23T23:33:00.727985+00:00', '--job-id', '263', '--raw', '--subdir', 'DAGS_FOLDER/test-dag.py', '--cfg-path', '/tmp/tmplpwj5ym0', '--error-file', '/tmp/tmpnus8xi8t']
[2022-06-23 23:33:03,615] {standard_task_runner.py:80} INFO - Job 263: Subtask bash_task
[2022-06-23 23:33:03,682] {task_command.py:370} INFO - Running <TaskInstance: Planet-Data.bash_task manual__2022-06-23T23:33:00.727985+00:00 [running]> on host df692cbe9db8
[2022-06-23 23:33:03,812] {taskinstance.py:1571} INFO - Exporting the following env vars:
AIRFLOW_CTX_DAG_OWNER=***
AIRFLOW_CTX_DAG_ID=Planet-Data
AIRFLOW_CTX_TASK_ID=bash_task
AIRFLOW_CTX_EXECUTION_DATE=2022-06-23T23:33:00.727985+00:00
AIRFLOW_CTX_TRY_NUMBER=1
AIRFLOW_CTX_DAG_RUN_ID=manual__2022-06-23T23:33:00.727985+00:00
[2022-06-23 23:33:03,813] {subprocess.py:62} INFO - Tmp dir root location: 
 /tmp
[2022-06-23 23:33:03,814] {subprocess.py:74} INFO - Running command: ['bash', '-c', 'echo "Hello" ']
[2022-06-23 23:33:03,829] {subprocess.py:85} INFO - Output:
[2022-06-23 23:33:03,832] {subprocess.py:92} INFO - Hello
[2022-06-23 23:33:03,832] {subprocess.py:96} INFO - Command exited with return code 0
[2022-06-23 23:33:03,884] {taskinstance.py:1400} INFO - Marking task as SUCCESS. dag_id=Planet-Data, task_id=bash_task, execution_date=20220623T233300, start_date=20220623T233303, end_date=20220623T233303
[2022-06-23 23:33:03,904] {local_task_job.py:156} INFO - Task exited with return code 0
[2022-06-23 23:33:03,952] {local_task_job.py:273} INFO - 0 downstream tasks scheduled from follow-on schedule check
