[2022-07-11 21:58:09,238] {taskinstance.py:1159} INFO - Dependencies all met for <TaskInstance: Stream_Satellite_TLE.load_into_csv manual__2022-07-11T21:57:37.478605+00:00 [queued]>
[2022-07-11 21:58:09,249] {taskinstance.py:1159} INFO - Dependencies all met for <TaskInstance: Stream_Satellite_TLE.load_into_csv manual__2022-07-11T21:57:37.478605+00:00 [queued]>
[2022-07-11 21:58:09,250] {taskinstance.py:1356} INFO - 
--------------------------------------------------------------------------------
[2022-07-11 21:58:09,250] {taskinstance.py:1357} INFO - Starting attempt 1 of 2
[2022-07-11 21:58:09,250] {taskinstance.py:1358} INFO - 
--------------------------------------------------------------------------------
[2022-07-11 21:58:09,269] {taskinstance.py:1377} INFO - Executing <Task(BashOperator): load_into_csv> on 2022-07-11 21:57:37.478605+00:00
[2022-07-11 21:58:09,277] {standard_task_runner.py:52} INFO - Started process 705 to run task
[2022-07-11 21:58:09,281] {standard_task_runner.py:79} INFO - Running: ['***', 'tasks', 'run', 'Stream_Satellite_TLE', 'load_into_csv', 'manual__2022-07-11T21:57:37.478605+00:00', '--job-id', '455', '--raw', '--subdir', 'DAGS_FOLDER/streamTLE.py', '--cfg-path', '/tmp/tmpc7sz925j', '--error-file', '/tmp/tmppih2rkjj']
[2022-07-11 21:58:09,282] {standard_task_runner.py:80} INFO - Job 455: Subtask load_into_csv
[2022-07-11 21:58:09,375] {task_command.py:370} INFO - Running <TaskInstance: Stream_Satellite_TLE.load_into_csv manual__2022-07-11T21:57:37.478605+00:00 [running]> on host 3c0196e07a8e
[2022-07-11 21:58:09,504] {taskinstance.py:1571} INFO - Exporting the following env vars:
AIRFLOW_CTX_DAG_OWNER=***
AIRFLOW_CTX_DAG_ID=Stream_Satellite_TLE
AIRFLOW_CTX_TASK_ID=load_into_csv
AIRFLOW_CTX_EXECUTION_DATE=2022-07-11T21:57:37.478605+00:00
AIRFLOW_CTX_TRY_NUMBER=1
AIRFLOW_CTX_DAG_RUN_ID=manual__2022-07-11T21:57:37.478605+00:00
[2022-07-11 21:58:09,505] {subprocess.py:62} INFO - Tmp dir root location: 
 /tmp
[2022-07-11 21:58:09,519] {subprocess.py:74} INFO - Running command: ['bash', '-c', 'python3 /opt/***/dags/SLTrack.py']
[2022-07-11 21:58:09,532] {subprocess.py:85} INFO - Output:
[2022-07-11 21:58:10,605] {subprocess.py:96} INFO - Command exited with return code 0
[2022-07-11 21:58:11,044] {taskinstance.py:1400} INFO - Marking task as SUCCESS. dag_id=Stream_Satellite_TLE, task_id=load_into_csv, execution_date=20220711T215737, start_date=20220711T215809, end_date=20220711T215811
[2022-07-11 21:58:11,259] {local_task_job.py:156} INFO - Task exited with return code 0
[2022-07-11 21:58:11,453] {local_task_job.py:273} INFO - 0 downstream tasks scheduled from follow-on schedule check
