[2022-07-11 21:54:30,581] {taskinstance.py:1159} INFO - Dependencies all met for <TaskInstance: Stream_Satellite_TLE.load_into_csv manual__2022-07-11T21:11:35.953737+00:00 [queued]>
[2022-07-11 21:54:30,601] {taskinstance.py:1159} INFO - Dependencies all met for <TaskInstance: Stream_Satellite_TLE.load_into_csv manual__2022-07-11T21:11:35.953737+00:00 [queued]>
[2022-07-11 21:54:30,601] {taskinstance.py:1356} INFO - 
--------------------------------------------------------------------------------
[2022-07-11 21:54:30,601] {taskinstance.py:1357} INFO - Starting attempt 1 of 2
[2022-07-11 21:54:30,601] {taskinstance.py:1358} INFO - 
--------------------------------------------------------------------------------
[2022-07-11 21:54:30,686] {taskinstance.py:1377} INFO - Executing <Task(BashOperator): load_into_csv> on 2022-07-11 21:11:35.953737+00:00
[2022-07-11 21:54:30,690] {standard_task_runner.py:52} INFO - Started process 242 to run task
[2022-07-11 21:54:30,699] {standard_task_runner.py:79} INFO - Running: ['***', 'tasks', 'run', 'Stream_Satellite_TLE', 'load_into_csv', 'manual__2022-07-11T21:11:35.953737+00:00', '--job-id', '436', '--raw', '--subdir', 'DAGS_FOLDER/streamTLE.py', '--cfg-path', '/tmp/tmprsishsuw', '--error-file', '/tmp/tmp0lqrxshr']
[2022-07-11 21:54:30,699] {standard_task_runner.py:80} INFO - Job 436: Subtask load_into_csv
[2022-07-11 21:54:30,793] {task_command.py:370} INFO - Running <TaskInstance: Stream_Satellite_TLE.load_into_csv manual__2022-07-11T21:11:35.953737+00:00 [running]> on host 3c0196e07a8e
[2022-07-11 21:54:30,976] {taskinstance.py:1571} INFO - Exporting the following env vars:
AIRFLOW_CTX_DAG_OWNER=***
AIRFLOW_CTX_DAG_ID=Stream_Satellite_TLE
AIRFLOW_CTX_TASK_ID=load_into_csv
AIRFLOW_CTX_EXECUTION_DATE=2022-07-11T21:11:35.953737+00:00
AIRFLOW_CTX_TRY_NUMBER=1
AIRFLOW_CTX_DAG_RUN_ID=manual__2022-07-11T21:11:35.953737+00:00
[2022-07-11 21:54:30,978] {subprocess.py:62} INFO - Tmp dir root location: 
 /tmp
[2022-07-11 21:54:31,095] {subprocess.py:74} INFO - Running command: ['bash', '-c', 'python3 /opt/***/dags/SLTrack.py']
[2022-07-11 21:54:31,142] {subprocess.py:85} INFO - Output:
[2022-07-11 21:54:33,772] {subprocess.py:96} INFO - Command exited with return code 0
[2022-07-11 21:54:33,850] {taskinstance.py:1400} INFO - Marking task as SUCCESS. dag_id=Stream_Satellite_TLE, task_id=load_into_csv, execution_date=20220711T211135, start_date=20220711T215430, end_date=20220711T215433
[2022-07-11 21:54:33,896] {local_task_job.py:156} INFO - Task exited with return code 0
[2022-07-11 21:54:33,979] {local_task_job.py:273} INFO - 0 downstream tasks scheduled from follow-on schedule check
