[2022-07-11 21:58:09,182] {taskinstance.py:1159} INFO - Dependencies all met for <TaskInstance: Stream_Satellite_TLE.load_data manual__2022-07-11T21:57:37.478605+00:00 [queued]>
[2022-07-11 21:58:09,193] {taskinstance.py:1159} INFO - Dependencies all met for <TaskInstance: Stream_Satellite_TLE.load_data manual__2022-07-11T21:57:37.478605+00:00 [queued]>
[2022-07-11 21:58:09,193] {taskinstance.py:1356} INFO - 
--------------------------------------------------------------------------------
[2022-07-11 21:58:09,193] {taskinstance.py:1357} INFO - Starting attempt 1 of 2
[2022-07-11 21:58:09,193] {taskinstance.py:1358} INFO - 
--------------------------------------------------------------------------------
[2022-07-11 21:58:09,211] {taskinstance.py:1377} INFO - Executing <Task(PythonOperator): load_data> on 2022-07-11 21:57:37.478605+00:00
[2022-07-11 21:58:09,217] {standard_task_runner.py:52} INFO - Started process 704 to run task
[2022-07-11 21:58:09,221] {standard_task_runner.py:79} INFO - Running: ['***', 'tasks', 'run', 'Stream_Satellite_TLE', 'load_data', 'manual__2022-07-11T21:57:37.478605+00:00', '--job-id', '454', '--raw', '--subdir', 'DAGS_FOLDER/streamTLE.py', '--cfg-path', '/tmp/tmp8jxrg0da', '--error-file', '/tmp/tmpde38ruzo']
[2022-07-11 21:58:09,222] {standard_task_runner.py:80} INFO - Job 454: Subtask load_data
[2022-07-11 21:58:09,292] {task_command.py:370} INFO - Running <TaskInstance: Stream_Satellite_TLE.load_data manual__2022-07-11T21:57:37.478605+00:00 [running]> on host 3c0196e07a8e
[2022-07-11 21:58:09,433] {taskinstance.py:1571} INFO - Exporting the following env vars:
AIRFLOW_CTX_DAG_OWNER=***
AIRFLOW_CTX_DAG_ID=Stream_Satellite_TLE
AIRFLOW_CTX_TASK_ID=load_data
AIRFLOW_CTX_EXECUTION_DATE=2022-07-11T21:57:37.478605+00:00
AIRFLOW_CTX_TRY_NUMBER=1
AIRFLOW_CTX_DAG_RUN_ID=manual__2022-07-11T21:57:37.478605+00:00
[2022-07-11 21:58:09,433] {logging_mixin.py:115} INFO - Hello
[2022-07-11 21:58:09,433] {python.py:173} INFO - Done. Returned value was: None
[2022-07-11 21:58:09,449] {taskinstance.py:1400} INFO - Marking task as SUCCESS. dag_id=Stream_Satellite_TLE, task_id=load_data, execution_date=20220711T215737, start_date=20220711T215809, end_date=20220711T215809
[2022-07-11 21:58:09,511] {local_task_job.py:156} INFO - Task exited with return code 0
[2022-07-11 21:58:09,569] {local_task_job.py:273} INFO - 0 downstream tasks scheduled from follow-on schedule check
