[2022-07-11 22:21:56,433] {taskinstance.py:1159} INFO - Dependencies all met for <TaskInstance: Stream_Satellite_TLE.load_into_csv manual__2022-07-11T22:21:26.295034+00:00 [queued]>
[2022-07-11 22:21:56,443] {taskinstance.py:1159} INFO - Dependencies all met for <TaskInstance: Stream_Satellite_TLE.load_into_csv manual__2022-07-11T22:21:26.295034+00:00 [queued]>
[2022-07-11 22:21:56,443] {taskinstance.py:1356} INFO - 
--------------------------------------------------------------------------------
[2022-07-11 22:21:56,443] {taskinstance.py:1357} INFO - Starting attempt 1 of 2
[2022-07-11 22:21:56,443] {taskinstance.py:1358} INFO - 
--------------------------------------------------------------------------------
[2022-07-11 22:21:56,470] {taskinstance.py:1377} INFO - Executing <Task(BashOperator): load_into_csv> on 2022-07-11 22:21:26.295034+00:00
[2022-07-11 22:21:56,477] {standard_task_runner.py:52} INFO - Started process 2243 to run task
[2022-07-11 22:21:56,480] {standard_task_runner.py:79} INFO - Running: ['***', 'tasks', 'run', 'Stream_Satellite_TLE', 'load_into_csv', 'manual__2022-07-11T22:21:26.295034+00:00', '--job-id', '499', '--raw', '--subdir', 'DAGS_FOLDER/streamTLE.py', '--cfg-path', '/tmp/tmpqxy0rcr_', '--error-file', '/tmp/tmpiqvhrz2z']
[2022-07-11 22:21:56,481] {standard_task_runner.py:80} INFO - Job 499: Subtask load_into_csv
[2022-07-11 22:21:56,567] {task_command.py:370} INFO - Running <TaskInstance: Stream_Satellite_TLE.load_into_csv manual__2022-07-11T22:21:26.295034+00:00 [running]> on host 3c0196e07a8e
[2022-07-11 22:21:56,728] {taskinstance.py:1571} INFO - Exporting the following env vars:
AIRFLOW_CTX_DAG_OWNER=***
AIRFLOW_CTX_DAG_ID=Stream_Satellite_TLE
AIRFLOW_CTX_TASK_ID=load_into_csv
AIRFLOW_CTX_EXECUTION_DATE=2022-07-11T22:21:26.295034+00:00
AIRFLOW_CTX_TRY_NUMBER=1
AIRFLOW_CTX_DAG_RUN_ID=manual__2022-07-11T22:21:26.295034+00:00
[2022-07-11 22:21:56,729] {subprocess.py:62} INFO - Tmp dir root location: 
 /tmp
[2022-07-11 22:21:56,730] {subprocess.py:74} INFO - Running command: ['bash', '-c', 'python3 /opt/***/dags/SLTrack.py']
[2022-07-11 22:21:56,743] {subprocess.py:85} INFO - Output:
[2022-07-11 22:22:27,487] {subprocess.py:92} INFO - Completed session
[2022-07-11 22:22:27,488] {subprocess.py:92} INFO - ccsds_omm_vers
[2022-07-11 22:22:27,488] {subprocess.py:92} INFO - comment
[2022-07-11 22:22:27,488] {subprocess.py:92} INFO - creation_date
[2022-07-11 22:22:27,488] {subprocess.py:92} INFO - originator
[2022-07-11 22:22:27,489] {subprocess.py:92} INFO - object_name
[2022-07-11 22:22:27,489] {subprocess.py:92} INFO - object_id
[2022-07-11 22:22:27,489] {subprocess.py:92} INFO - center_name
[2022-07-11 22:22:27,489] {subprocess.py:92} INFO - ref_frame
[2022-07-11 22:22:27,489] {subprocess.py:92} INFO - time_system
[2022-07-11 22:22:27,489] {subprocess.py:92} INFO - mean_element_theory
[2022-07-11 22:22:27,489] {subprocess.py:92} INFO - epoch
[2022-07-11 22:22:27,490] {subprocess.py:92} INFO - mean_motion
[2022-07-11 22:22:27,490] {subprocess.py:92} INFO - eccentricity
[2022-07-11 22:22:27,490] {subprocess.py:92} INFO - inclination
[2022-07-11 22:22:27,490] {subprocess.py:92} INFO - ra_of_asc_node
[2022-07-11 22:22:27,490] {subprocess.py:92} INFO - arg_of_pericenter
[2022-07-11 22:22:27,490] {subprocess.py:92} INFO - mean_anomaly
[2022-07-11 22:22:27,491] {subprocess.py:92} INFO - ephemeris_type
[2022-07-11 22:22:27,491] {subprocess.py:92} INFO - classification_type
[2022-07-11 22:22:27,491] {subprocess.py:92} INFO - norad_cat_id
[2022-07-11 22:22:27,491] {subprocess.py:92} INFO - element_set_no
[2022-07-11 22:22:27,491] {subprocess.py:92} INFO - rev_at_epoch
[2022-07-11 22:22:27,492] {subprocess.py:92} INFO - bstar
[2022-07-11 22:22:27,492] {subprocess.py:92} INFO - mean_motion_dot
[2022-07-11 22:22:27,492] {subprocess.py:92} INFO - mean_motion_ddot
[2022-07-11 22:22:27,492] {subprocess.py:92} INFO - semimajor_axis
[2022-07-11 22:22:27,492] {subprocess.py:92} INFO - period
[2022-07-11 22:22:27,492] {subprocess.py:92} INFO - apoapsis
[2022-07-11 22:22:27,493] {subprocess.py:92} INFO - periapsis
[2022-07-11 22:22:27,493] {subprocess.py:92} INFO - object_type
[2022-07-11 22:22:27,493] {subprocess.py:92} INFO - rcs_size
[2022-07-11 22:22:27,493] {subprocess.py:92} INFO - country_code
[2022-07-11 22:22:27,493] {subprocess.py:92} INFO - launch_date
[2022-07-11 22:22:27,493] {subprocess.py:92} INFO - site
[2022-07-11 22:22:27,494] {subprocess.py:92} INFO - decay_date
[2022-07-11 22:22:27,494] {subprocess.py:92} INFO - file
[2022-07-11 22:22:27,494] {subprocess.py:92} INFO - gp_id
[2022-07-11 22:22:27,494] {subprocess.py:92} INFO - tle_line0
[2022-07-11 22:22:27,494] {subprocess.py:92} INFO - tle_line1
[2022-07-11 22:22:27,494] {subprocess.py:92} INFO - tle_line2
[2022-07-11 22:22:27,595] {subprocess.py:96} INFO - Command exited with return code 0
[2022-07-11 22:22:27,865] {taskinstance.py:1400} INFO - Marking task as SUCCESS. dag_id=Stream_Satellite_TLE, task_id=load_into_csv, execution_date=20220711T222126, start_date=20220711T222156, end_date=20220711T222227
[2022-07-11 22:22:27,959] {local_task_job.py:156} INFO - Task exited with return code 0
[2022-07-11 22:22:28,022] {local_task_job.py:273} INFO - 1 downstream tasks scheduled from follow-on schedule check
