[2022-07-11 21:58:06,545] {taskinstance.py:1159} INFO - Dependencies all met for <TaskInstance: Stream_Satellite_TLE.load_data scheduled__2022-06-23T00:00:00+00:00 [queued]>
[2022-07-11 21:58:06,563] {taskinstance.py:1159} INFO - Dependencies all met for <TaskInstance: Stream_Satellite_TLE.load_data scheduled__2022-06-23T00:00:00+00:00 [queued]>
[2022-07-11 21:58:06,564] {taskinstance.py:1356} INFO - 
--------------------------------------------------------------------------------
[2022-07-11 21:58:06,564] {taskinstance.py:1357} INFO - Starting attempt 2 of 2
[2022-07-11 21:58:06,564] {taskinstance.py:1358} INFO - 
--------------------------------------------------------------------------------
[2022-07-11 21:58:06,625] {taskinstance.py:1377} INFO - Executing <Task(PythonOperator): load_data> on 2022-06-23 00:00:00+00:00
[2022-07-11 21:58:06,631] {standard_task_runner.py:52} INFO - Started process 672 to run task
[2022-07-11 21:58:06,634] {standard_task_runner.py:79} INFO - Running: ['***', 'tasks', 'run', 'Stream_Satellite_TLE', 'load_data', 'scheduled__2022-06-23T00:00:00+00:00', '--job-id', '441', '--raw', '--subdir', 'DAGS_FOLDER/streamTLE.py', '--cfg-path', '/tmp/tmpzg7qor53', '--error-file', '/tmp/tmpvgzchmo8']
[2022-07-11 21:58:06,636] {standard_task_runner.py:80} INFO - Job 441: Subtask load_data
[2022-07-11 21:58:06,800] {task_command.py:370} INFO - Running <TaskInstance: Stream_Satellite_TLE.load_data scheduled__2022-06-23T00:00:00+00:00 [running]> on host 3c0196e07a8e
[2022-07-11 21:58:07,057] {taskinstance.py:1571} INFO - Exporting the following env vars:
AIRFLOW_CTX_DAG_OWNER=***
AIRFLOW_CTX_DAG_ID=Stream_Satellite_TLE
AIRFLOW_CTX_TASK_ID=load_data
AIRFLOW_CTX_EXECUTION_DATE=2022-06-23T00:00:00+00:00
AIRFLOW_CTX_TRY_NUMBER=2
AIRFLOW_CTX_DAG_RUN_ID=scheduled__2022-06-23T00:00:00+00:00
[2022-07-11 21:58:07,058] {logging_mixin.py:115} INFO - Hello
[2022-07-11 21:58:07,058] {python.py:173} INFO - Done. Returned value was: None
[2022-07-11 21:58:07,102] {taskinstance.py:1400} INFO - Marking task as SUCCESS. dag_id=Stream_Satellite_TLE, task_id=load_data, execution_date=20220623T000000, start_date=20220711T215806, end_date=20220711T215807
[2022-07-11 21:58:07,167] {local_task_job.py:156} INFO - Task exited with return code 0
[2022-07-11 21:58:07,259] {local_task_job.py:273} INFO - 0 downstream tasks scheduled from follow-on schedule check
