[2022-07-11 22:28:04,858] {taskinstance.py:1159} INFO - Dependencies all met for <TaskInstance: Stream_Satellite_TLE.load_data manual__2022-07-11T22:21:26.295034+00:00 [queued]>
[2022-07-11 22:28:04,869] {taskinstance.py:1159} INFO - Dependencies all met for <TaskInstance: Stream_Satellite_TLE.load_data manual__2022-07-11T22:21:26.295034+00:00 [queued]>
[2022-07-11 22:28:04,869] {taskinstance.py:1356} INFO - 
--------------------------------------------------------------------------------
[2022-07-11 22:28:04,869] {taskinstance.py:1357} INFO - Starting attempt 2 of 2
[2022-07-11 22:28:04,869] {taskinstance.py:1358} INFO - 
--------------------------------------------------------------------------------
[2022-07-11 22:28:04,897] {taskinstance.py:1377} INFO - Executing <Task(PythonOperator): load_data> on 2022-07-11 22:21:26.295034+00:00
[2022-07-11 22:28:04,904] {standard_task_runner.py:52} INFO - Started process 2569 to run task
[2022-07-11 22:28:04,909] {standard_task_runner.py:79} INFO - Running: ['***', 'tasks', 'run', 'Stream_Satellite_TLE', 'load_data', 'manual__2022-07-11T22:21:26.295034+00:00', '--job-id', '502', '--raw', '--subdir', 'DAGS_FOLDER/streamTLE.py', '--cfg-path', '/tmp/tmpvmwpr2l3', '--error-file', '/tmp/tmpl34lux4r']
[2022-07-11 22:28:04,910] {standard_task_runner.py:80} INFO - Job 502: Subtask load_data
[2022-07-11 22:28:04,990] {task_command.py:370} INFO - Running <TaskInstance: Stream_Satellite_TLE.load_data manual__2022-07-11T22:21:26.295034+00:00 [running]> on host 3c0196e07a8e
[2022-07-11 22:28:05,148] {taskinstance.py:1571} INFO - Exporting the following env vars:
AIRFLOW_CTX_DAG_OWNER=***
AIRFLOW_CTX_DAG_ID=Stream_Satellite_TLE
AIRFLOW_CTX_TASK_ID=load_data
AIRFLOW_CTX_EXECUTION_DATE=2022-07-11T22:21:26.295034+00:00
AIRFLOW_CTX_TRY_NUMBER=2
AIRFLOW_CTX_DAG_RUN_ID=manual__2022-07-11T22:21:26.295034+00:00
[2022-07-11 22:28:11,261] {python.py:173} INFO - Done. Returned value was: None
[2022-07-11 22:28:11,277] {taskinstance.py:1400} INFO - Marking task as SUCCESS. dag_id=Stream_Satellite_TLE, task_id=load_data, execution_date=20220711T222126, start_date=20220711T222804, end_date=20220711T222811
[2022-07-11 22:28:11,344] {local_task_job.py:156} INFO - Task exited with return code 0
[2022-07-11 22:28:11,381] {local_task_job.py:273} INFO - 0 downstream tasks scheduled from follow-on schedule check
[2022-07-11 22:28:11,414] {dagrun.py:562} INFO - Marking run <DagRun Stream_Satellite_TLE @ 2022-07-11 22:21:26.295034+00:00: manual__2022-07-11T22:21:26.295034+00:00, externally triggered: True> successful
[2022-07-11 22:28:11,415] {dagrun.py:622} INFO - DagRun Finished: dag_id=Stream_Satellite_TLE, execution_date=2022-07-11 22:21:26.295034+00:00, run_id=manual__2022-07-11T22:21:26.295034+00:00, run_start_date=2022-07-11 22:21:27.108795+00:00, run_end_date=2022-07-11 22:28:11.415206+00:00, run_duration=404.306411, state=success, external_trigger=True, run_type=manual, data_interval_start=2022-07-10 22:21:26.295034+00:00, data_interval_end=2022-07-11 22:21:26.295034+00:00, dag_hash=cb0b541b0124487146693302cbf00371
