[2022-07-11 22:12:54,013] {processor.py:153} INFO - Started process (PID=1318) to work on /opt/airflow/dags/database.py
[2022-07-11 22:12:54,014] {processor.py:641} INFO - Processing file /opt/airflow/dags/database.py for tasks to queue
[2022-07-11 22:12:54,015] {logging_mixin.py:115} INFO - [2022-07-11 22:12:54,014] {dagbag.py:507} INFO - Filling up the DagBag from /opt/airflow/dags/database.py
[2022-07-11 22:12:54,305] {processor.py:653} WARNING - No viable dags retrieved from /opt/airflow/dags/database.py
[2022-07-11 22:12:54,320] {processor.py:161} INFO - Processing /opt/airflow/dags/database.py took 0.311 seconds
[2022-07-11 22:13:25,202] {processor.py:153} INFO - Started process (PID=1353) to work on /opt/airflow/dags/database.py
[2022-07-11 22:13:25,207] {processor.py:641} INFO - Processing file /opt/airflow/dags/database.py for tasks to queue
[2022-07-11 22:13:25,208] {logging_mixin.py:115} INFO - [2022-07-11 22:13:25,208] {dagbag.py:507} INFO - Filling up the DagBag from /opt/airflow/dags/database.py
[2022-07-11 22:13:25,523] {processor.py:653} WARNING - No viable dags retrieved from /opt/airflow/dags/database.py
[2022-07-11 22:13:25,538] {processor.py:161} INFO - Processing /opt/airflow/dags/database.py took 0.341 seconds
[2022-07-11 22:13:56,259] {processor.py:153} INFO - Started process (PID=1389) to work on /opt/airflow/dags/database.py
[2022-07-11 22:13:56,260] {processor.py:641} INFO - Processing file /opt/airflow/dags/database.py for tasks to queue
[2022-07-11 22:13:56,260] {logging_mixin.py:115} INFO - [2022-07-11 22:13:56,260] {dagbag.py:507} INFO - Filling up the DagBag from /opt/airflow/dags/database.py
[2022-07-11 22:13:56,573] {processor.py:653} WARNING - No viable dags retrieved from /opt/airflow/dags/database.py
[2022-07-11 22:13:56,584] {processor.py:161} INFO - Processing /opt/airflow/dags/database.py took 0.329 seconds
[2022-07-11 22:14:27,398] {processor.py:153} INFO - Started process (PID=1415) to work on /opt/airflow/dags/database.py
[2022-07-11 22:14:27,431] {processor.py:641} INFO - Processing file /opt/airflow/dags/database.py for tasks to queue
[2022-07-11 22:14:27,432] {logging_mixin.py:115} INFO - [2022-07-11 22:14:27,432] {dagbag.py:507} INFO - Filling up the DagBag from /opt/airflow/dags/database.py
[2022-07-11 22:14:27,715] {processor.py:653} WARNING - No viable dags retrieved from /opt/airflow/dags/database.py
[2022-07-11 22:14:27,728] {processor.py:161} INFO - Processing /opt/airflow/dags/database.py took 0.334 seconds
[2022-07-11 22:14:58,525] {processor.py:153} INFO - Started process (PID=1450) to work on /opt/airflow/dags/database.py
[2022-07-11 22:14:58,531] {processor.py:641} INFO - Processing file /opt/airflow/dags/database.py for tasks to queue
[2022-07-11 22:14:58,531] {logging_mixin.py:115} INFO - [2022-07-11 22:14:58,531] {dagbag.py:507} INFO - Filling up the DagBag from /opt/airflow/dags/database.py
[2022-07-11 22:14:58,855] {processor.py:653} WARNING - No viable dags retrieved from /opt/airflow/dags/database.py
[2022-07-11 22:14:58,866] {processor.py:161} INFO - Processing /opt/airflow/dags/database.py took 0.344 seconds
[2022-07-11 22:15:29,673] {processor.py:153} INFO - Started process (PID=1485) to work on /opt/airflow/dags/database.py
[2022-07-11 22:15:29,689] {processor.py:641} INFO - Processing file /opt/airflow/dags/database.py for tasks to queue
[2022-07-11 22:15:29,689] {logging_mixin.py:115} INFO - [2022-07-11 22:15:29,689] {dagbag.py:507} INFO - Filling up the DagBag from /opt/airflow/dags/database.py
[2022-07-11 22:15:30,013] {processor.py:653} WARNING - No viable dags retrieved from /opt/airflow/dags/database.py
[2022-07-11 22:15:30,028] {processor.py:161} INFO - Processing /opt/airflow/dags/database.py took 0.359 seconds
[2022-07-11 22:16:00,894] {processor.py:153} INFO - Started process (PID=1511) to work on /opt/airflow/dags/database.py
[2022-07-11 22:16:00,905] {processor.py:641} INFO - Processing file /opt/airflow/dags/database.py for tasks to queue
[2022-07-11 22:16:00,906] {logging_mixin.py:115} INFO - [2022-07-11 22:16:00,905] {dagbag.py:507} INFO - Filling up the DagBag from /opt/airflow/dags/database.py
[2022-07-11 22:16:01,227] {processor.py:653} WARNING - No viable dags retrieved from /opt/airflow/dags/database.py
[2022-07-11 22:16:01,243] {processor.py:161} INFO - Processing /opt/airflow/dags/database.py took 0.354 seconds
[2022-07-11 22:16:32,062] {processor.py:153} INFO - Started process (PID=1546) to work on /opt/airflow/dags/database.py
[2022-07-11 22:16:32,062] {processor.py:641} INFO - Processing file /opt/airflow/dags/database.py for tasks to queue
[2022-07-11 22:16:32,063] {logging_mixin.py:115} INFO - [2022-07-11 22:16:32,063] {dagbag.py:507} INFO - Filling up the DagBag from /opt/airflow/dags/database.py
[2022-07-11 22:16:32,369] {processor.py:653} WARNING - No viable dags retrieved from /opt/airflow/dags/database.py
[2022-07-11 22:16:32,385] {processor.py:161} INFO - Processing /opt/airflow/dags/database.py took 0.328 seconds
[2022-07-11 22:17:03,146] {processor.py:153} INFO - Started process (PID=1581) to work on /opt/airflow/dags/database.py
[2022-07-11 22:17:03,159] {processor.py:641} INFO - Processing file /opt/airflow/dags/database.py for tasks to queue
[2022-07-11 22:17:03,159] {logging_mixin.py:115} INFO - [2022-07-11 22:17:03,159] {dagbag.py:507} INFO - Filling up the DagBag from /opt/airflow/dags/database.py
[2022-07-11 22:17:03,459] {processor.py:653} WARNING - No viable dags retrieved from /opt/airflow/dags/database.py
[2022-07-11 22:17:03,469] {processor.py:161} INFO - Processing /opt/airflow/dags/database.py took 0.328 seconds
[2022-07-11 22:17:34,251] {processor.py:153} INFO - Started process (PID=1607) to work on /opt/airflow/dags/database.py
[2022-07-11 22:17:34,292] {processor.py:641} INFO - Processing file /opt/airflow/dags/database.py for tasks to queue
[2022-07-11 22:17:34,293] {logging_mixin.py:115} INFO - [2022-07-11 22:17:34,293] {dagbag.py:507} INFO - Filling up the DagBag from /opt/airflow/dags/database.py
[2022-07-11 22:17:34,623] {processor.py:653} WARNING - No viable dags retrieved from /opt/airflow/dags/database.py
[2022-07-11 22:17:34,634] {processor.py:161} INFO - Processing /opt/airflow/dags/database.py took 0.387 seconds
[2022-07-11 22:18:05,514] {processor.py:153} INFO - Started process (PID=1642) to work on /opt/airflow/dags/database.py
[2022-07-11 22:18:05,524] {processor.py:641} INFO - Processing file /opt/airflow/dags/database.py for tasks to queue
[2022-07-11 22:18:05,525] {logging_mixin.py:115} INFO - [2022-07-11 22:18:05,525] {dagbag.py:507} INFO - Filling up the DagBag from /opt/airflow/dags/database.py
[2022-07-11 22:18:05,809] {processor.py:653} WARNING - No viable dags retrieved from /opt/airflow/dags/database.py
[2022-07-11 22:18:05,824] {processor.py:161} INFO - Processing /opt/airflow/dags/database.py took 0.314 seconds
[2022-07-11 22:18:27,662] {processor.py:153} INFO - Started process (PID=1670) to work on /opt/airflow/dags/database.py
[2022-07-11 22:18:27,674] {processor.py:641} INFO - Processing file /opt/airflow/dags/database.py for tasks to queue
[2022-07-11 22:18:27,674] {logging_mixin.py:115} INFO - [2022-07-11 22:18:27,674] {dagbag.py:507} INFO - Filling up the DagBag from /opt/airflow/dags/database.py
[2022-07-11 22:18:27,967] {processor.py:653} WARNING - No viable dags retrieved from /opt/airflow/dags/database.py
[2022-07-11 22:18:27,978] {processor.py:161} INFO - Processing /opt/airflow/dags/database.py took 0.320 seconds
[2022-07-11 22:18:58,070] {processor.py:153} INFO - Started process (PID=1705) to work on /opt/airflow/dags/database.py
[2022-07-11 22:18:58,082] {processor.py:641} INFO - Processing file /opt/airflow/dags/database.py for tasks to queue
[2022-07-11 22:18:58,083] {logging_mixin.py:115} INFO - [2022-07-11 22:18:58,082] {dagbag.py:507} INFO - Filling up the DagBag from /opt/airflow/dags/database.py
[2022-07-11 22:18:58,400] {processor.py:653} WARNING - No viable dags retrieved from /opt/airflow/dags/database.py
[2022-07-11 22:18:58,413] {processor.py:161} INFO - Processing /opt/airflow/dags/database.py took 0.346 seconds
[2022-07-11 22:19:17,143] {processor.py:153} INFO - Started process (PID=1718) to work on /opt/airflow/dags/database.py
[2022-07-11 22:19:17,143] {processor.py:641} INFO - Processing file /opt/airflow/dags/database.py for tasks to queue
[2022-07-11 22:19:17,144] {logging_mixin.py:115} INFO - [2022-07-11 22:19:17,144] {dagbag.py:507} INFO - Filling up the DagBag from /opt/airflow/dags/database.py
[2022-07-11 22:19:17,463] {processor.py:653} WARNING - No viable dags retrieved from /opt/airflow/dags/database.py
[2022-07-11 22:19:17,475] {processor.py:161} INFO - Processing /opt/airflow/dags/database.py took 0.336 seconds
[2022-07-11 22:19:48,322] {processor.py:153} INFO - Started process (PID=1753) to work on /opt/airflow/dags/database.py
[2022-07-11 22:19:48,331] {processor.py:641} INFO - Processing file /opt/airflow/dags/database.py for tasks to queue
[2022-07-11 22:19:48,331] {logging_mixin.py:115} INFO - [2022-07-11 22:19:48,331] {dagbag.py:507} INFO - Filling up the DagBag from /opt/airflow/dags/database.py
[2022-07-11 22:19:48,645] {processor.py:653} WARNING - No viable dags retrieved from /opt/airflow/dags/database.py
[2022-07-11 22:19:48,660] {processor.py:161} INFO - Processing /opt/airflow/dags/database.py took 0.341 seconds
[2022-07-11 22:20:18,776] {processor.py:153} INFO - Started process (PID=1788) to work on /opt/airflow/dags/database.py
[2022-07-11 22:20:18,777] {processor.py:641} INFO - Processing file /opt/airflow/dags/database.py for tasks to queue
[2022-07-11 22:20:18,777] {logging_mixin.py:115} INFO - [2022-07-11 22:20:18,777] {dagbag.py:507} INFO - Filling up the DagBag from /opt/airflow/dags/database.py
[2022-07-11 22:20:19,103] {processor.py:653} WARNING - No viable dags retrieved from /opt/airflow/dags/database.py
[2022-07-11 22:20:19,118] {processor.py:161} INFO - Processing /opt/airflow/dags/database.py took 0.346 seconds
[2022-07-11 22:20:49,760] {processor.py:153} INFO - Started process (PID=1812) to work on /opt/airflow/dags/database.py
[2022-07-11 22:20:49,772] {processor.py:641} INFO - Processing file /opt/airflow/dags/database.py for tasks to queue
[2022-07-11 22:20:49,773] {logging_mixin.py:115} INFO - [2022-07-11 22:20:49,772] {dagbag.py:507} INFO - Filling up the DagBag from /opt/airflow/dags/database.py
[2022-07-11 22:20:50,105] {processor.py:653} WARNING - No viable dags retrieved from /opt/airflow/dags/database.py
[2022-07-11 22:20:50,116] {processor.py:161} INFO - Processing /opt/airflow/dags/database.py took 0.358 seconds
[2022-07-11 22:21:20,245] {processor.py:153} INFO - Started process (PID=1845) to work on /opt/airflow/dags/database.py
[2022-07-11 22:21:20,254] {processor.py:641} INFO - Processing file /opt/airflow/dags/database.py for tasks to queue
[2022-07-11 22:21:20,255] {logging_mixin.py:115} INFO - [2022-07-11 22:21:20,255] {dagbag.py:507} INFO - Filling up the DagBag from /opt/airflow/dags/database.py
[2022-07-11 22:21:20,567] {processor.py:653} WARNING - No viable dags retrieved from /opt/airflow/dags/database.py
[2022-07-11 22:21:20,581] {processor.py:161} INFO - Processing /opt/airflow/dags/database.py took 0.341 seconds
[2022-07-11 22:21:53,653] {processor.py:153} INFO - Started process (PID=1880) to work on /opt/airflow/dags/database.py
[2022-07-11 22:21:53,954] {processor.py:641} INFO - Processing file /opt/airflow/dags/database.py for tasks to queue
[2022-07-11 22:21:53,986] {logging_mixin.py:115} INFO - [2022-07-11 22:21:53,986] {dagbag.py:507} INFO - Filling up the DagBag from /opt/airflow/dags/database.py
[2022-07-11 22:21:54,319] {processor.py:653} WARNING - No viable dags retrieved from /opt/airflow/dags/database.py
[2022-07-11 22:21:54,336] {processor.py:161} INFO - Processing /opt/airflow/dags/database.py took 0.687 seconds
[2022-07-11 22:22:24,499] {processor.py:153} INFO - Started process (PID=1912) to work on /opt/airflow/dags/database.py
[2022-07-11 22:22:24,520] {processor.py:641} INFO - Processing file /opt/airflow/dags/database.py for tasks to queue
[2022-07-11 22:22:24,521] {logging_mixin.py:115} INFO - [2022-07-11 22:22:24,521] {dagbag.py:507} INFO - Filling up the DagBag from /opt/airflow/dags/database.py
[2022-07-11 22:22:24,885] {processor.py:653} WARNING - No viable dags retrieved from /opt/airflow/dags/database.py
[2022-07-11 22:22:24,901] {processor.py:161} INFO - Processing /opt/airflow/dags/database.py took 0.404 seconds
[2022-07-11 22:22:59,997] {processor.py:153} INFO - Started process (PID=1947) to work on /opt/airflow/dags/database.py
[2022-07-11 22:23:00,003] {processor.py:641} INFO - Processing file /opt/airflow/dags/database.py for tasks to queue
[2022-07-11 22:23:00,003] {logging_mixin.py:115} INFO - [2022-07-11 22:23:00,003] {dagbag.py:507} INFO - Filling up the DagBag from /opt/airflow/dags/database.py
[2022-07-11 22:23:00,285] {processor.py:653} WARNING - No viable dags retrieved from /opt/airflow/dags/database.py
[2022-07-11 22:23:00,296] {processor.py:161} INFO - Processing /opt/airflow/dags/database.py took 0.303 seconds
[2022-07-11 22:23:53,597] {processor.py:153} INFO - Started process (PID=1989) to work on /opt/airflow/dags/database.py
[2022-07-11 22:23:53,611] {processor.py:641} INFO - Processing file /opt/airflow/dags/database.py for tasks to queue
[2022-07-11 22:23:53,612] {logging_mixin.py:115} INFO - [2022-07-11 22:23:53,612] {dagbag.py:507} INFO - Filling up the DagBag from /opt/airflow/dags/database.py
[2022-07-11 22:23:53,958] {processor.py:653} WARNING - No viable dags retrieved from /opt/airflow/dags/database.py
[2022-07-11 22:23:53,966] {processor.py:161} INFO - Processing /opt/airflow/dags/database.py took 0.374 seconds
[2022-07-11 22:24:24,097] {processor.py:153} INFO - Started process (PID=2022) to work on /opt/airflow/dags/database.py
[2022-07-11 22:24:24,110] {processor.py:641} INFO - Processing file /opt/airflow/dags/database.py for tasks to queue
[2022-07-11 22:24:24,110] {logging_mixin.py:115} INFO - [2022-07-11 22:24:24,110] {dagbag.py:507} INFO - Filling up the DagBag from /opt/airflow/dags/database.py
[2022-07-11 22:24:24,401] {processor.py:653} WARNING - No viable dags retrieved from /opt/airflow/dags/database.py
[2022-07-11 22:24:24,419] {processor.py:161} INFO - Processing /opt/airflow/dags/database.py took 0.326 seconds
[2022-07-11 22:24:54,503] {processor.py:153} INFO - Started process (PID=2044) to work on /opt/airflow/dags/database.py
[2022-07-11 22:24:54,509] {processor.py:641} INFO - Processing file /opt/airflow/dags/database.py for tasks to queue
[2022-07-11 22:24:54,510] {logging_mixin.py:115} INFO - [2022-07-11 22:24:54,510] {dagbag.py:507} INFO - Filling up the DagBag from /opt/airflow/dags/database.py
[2022-07-11 22:24:54,845] {processor.py:653} WARNING - No viable dags retrieved from /opt/airflow/dags/database.py
[2022-07-11 22:24:54,860] {processor.py:161} INFO - Processing /opt/airflow/dags/database.py took 0.358 seconds
[2022-07-11 22:25:25,014] {processor.py:153} INFO - Started process (PID=2079) to work on /opt/airflow/dags/database.py
[2022-07-11 22:25:25,014] {processor.py:641} INFO - Processing file /opt/airflow/dags/database.py for tasks to queue
[2022-07-11 22:25:25,014] {logging_mixin.py:115} INFO - [2022-07-11 22:25:25,014] {dagbag.py:507} INFO - Filling up the DagBag from /opt/airflow/dags/database.py
[2022-07-11 22:25:25,313] {processor.py:653} WARNING - No viable dags retrieved from /opt/airflow/dags/database.py
[2022-07-11 22:25:25,330] {processor.py:161} INFO - Processing /opt/airflow/dags/database.py took 0.319 seconds
[2022-07-11 22:25:56,098] {processor.py:153} INFO - Started process (PID=2118) to work on /opt/airflow/dags/database.py
[2022-07-11 22:25:56,098] {processor.py:641} INFO - Processing file /opt/airflow/dags/database.py for tasks to queue
[2022-07-11 22:25:56,099] {logging_mixin.py:115} INFO - [2022-07-11 22:25:56,099] {dagbag.py:507} INFO - Filling up the DagBag from /opt/airflow/dags/database.py
[2022-07-11 22:25:56,415] {processor.py:653} WARNING - No viable dags retrieved from /opt/airflow/dags/database.py
[2022-07-11 22:25:56,426] {processor.py:161} INFO - Processing /opt/airflow/dags/database.py took 0.333 seconds
[2022-07-11 22:26:39,843] {processor.py:153} INFO - Started process (PID=2151) to work on /opt/airflow/dags/database.py
[2022-07-11 22:26:39,858] {processor.py:641} INFO - Processing file /opt/airflow/dags/database.py for tasks to queue
[2022-07-11 22:26:39,859] {logging_mixin.py:115} INFO - [2022-07-11 22:26:39,859] {dagbag.py:507} INFO - Filling up the DagBag from /opt/airflow/dags/database.py
[2022-07-11 22:26:40,194] {processor.py:653} WARNING - No viable dags retrieved from /opt/airflow/dags/database.py
[2022-07-11 22:26:40,210] {processor.py:161} INFO - Processing /opt/airflow/dags/database.py took 0.370 seconds
[2022-07-11 22:27:24,201] {processor.py:153} INFO - Started process (PID=2193) to work on /opt/airflow/dags/database.py
[2022-07-11 22:27:24,216] {processor.py:641} INFO - Processing file /opt/airflow/dags/database.py for tasks to queue
[2022-07-11 22:27:24,217] {logging_mixin.py:115} INFO - [2022-07-11 22:27:24,217] {dagbag.py:507} INFO - Filling up the DagBag from /opt/airflow/dags/database.py
[2022-07-11 22:27:24,531] {processor.py:653} WARNING - No viable dags retrieved from /opt/airflow/dags/database.py
[2022-07-11 22:27:24,543] {processor.py:161} INFO - Processing /opt/airflow/dags/database.py took 0.344 seconds
[2022-07-11 22:27:55,063] {processor.py:153} INFO - Started process (PID=2223) to work on /opt/airflow/dags/database.py
[2022-07-11 22:27:55,073] {processor.py:641} INFO - Processing file /opt/airflow/dags/database.py for tasks to queue
[2022-07-11 22:27:55,074] {logging_mixin.py:115} INFO - [2022-07-11 22:27:55,074] {dagbag.py:507} INFO - Filling up the DagBag from /opt/airflow/dags/database.py
[2022-07-11 22:27:55,394] {processor.py:653} WARNING - No viable dags retrieved from /opt/airflow/dags/database.py
[2022-07-11 22:27:55,403] {processor.py:161} INFO - Processing /opt/airflow/dags/database.py took 0.342 seconds
