[2022-07-11 21:54:30,268] {taskinstance.py:1159} INFO - Dependencies all met for <TaskInstance: Stream_Satellite_TLE.load_into_csv scheduled__2022-06-29T00:00:00+00:00 [queued]>
[2022-07-11 21:54:30,280] {taskinstance.py:1159} INFO - Dependencies all met for <TaskInstance: Stream_Satellite_TLE.load_into_csv scheduled__2022-06-29T00:00:00+00:00 [queued]>
[2022-07-11 21:54:30,280] {taskinstance.py:1356} INFO - 
--------------------------------------------------------------------------------
[2022-07-11 21:54:30,280] {taskinstance.py:1357} INFO - Starting attempt 1 of 2
[2022-07-11 21:54:30,280] {taskinstance.py:1358} INFO - 
--------------------------------------------------------------------------------
[2022-07-11 21:54:30,368] {taskinstance.py:1377} INFO - Executing <Task(BashOperator): load_into_csv> on 2022-06-29 00:00:00+00:00
[2022-07-11 21:54:30,376] {standard_task_runner.py:52} INFO - Started process 229 to run task
[2022-07-11 21:54:30,383] {standard_task_runner.py:79} INFO - Running: ['***', 'tasks', 'run', 'Stream_Satellite_TLE', 'load_into_csv', 'scheduled__2022-06-29T00:00:00+00:00', '--job-id', '423', '--raw', '--subdir', 'DAGS_FOLDER/streamTLE.py', '--cfg-path', '/tmp/tmpyrhne3fl', '--error-file', '/tmp/tmpp1g9so9s']
[2022-07-11 21:54:30,384] {standard_task_runner.py:80} INFO - Job 423: Subtask load_into_csv
[2022-07-11 21:54:30,502] {task_command.py:370} INFO - Running <TaskInstance: Stream_Satellite_TLE.load_into_csv scheduled__2022-06-29T00:00:00+00:00 [running]> on host 3c0196e07a8e
[2022-07-11 21:54:30,812] {taskinstance.py:1571} INFO - Exporting the following env vars:
AIRFLOW_CTX_DAG_OWNER=***
AIRFLOW_CTX_DAG_ID=Stream_Satellite_TLE
AIRFLOW_CTX_TASK_ID=load_into_csv
AIRFLOW_CTX_EXECUTION_DATE=2022-06-29T00:00:00+00:00
AIRFLOW_CTX_TRY_NUMBER=1
AIRFLOW_CTX_DAG_RUN_ID=scheduled__2022-06-29T00:00:00+00:00
[2022-07-11 21:54:30,813] {subprocess.py:62} INFO - Tmp dir root location: 
 /tmp
[2022-07-11 21:54:30,934] {subprocess.py:74} INFO - Running command: ['bash', '-c', 'python3 /opt/***/dags/SLTrack.py']
[2022-07-11 21:54:30,957] {subprocess.py:85} INFO - Output:
[2022-07-11 21:54:33,097] {subprocess.py:96} INFO - Command exited with return code 0
[2022-07-11 21:54:33,175] {taskinstance.py:1400} INFO - Marking task as SUCCESS. dag_id=Stream_Satellite_TLE, task_id=load_into_csv, execution_date=20220629T000000, start_date=20220711T215430, end_date=20220711T215433
[2022-07-11 21:54:33,236] {local_task_job.py:156} INFO - Task exited with return code 0
[2022-07-11 21:54:33,303] {local_task_job.py:273} INFO - 0 downstream tasks scheduled from follow-on schedule check
