[2022-07-11 22:04:48,526] {taskinstance.py:1159} INFO - Dependencies all met for <TaskInstance: Stream_Satellite_TLE.load_data manual__2022-07-11T22:04:46.845729+00:00 [queued]>
[2022-07-11 22:04:48,537] {taskinstance.py:1159} INFO - Dependencies all met for <TaskInstance: Stream_Satellite_TLE.load_data manual__2022-07-11T22:04:46.845729+00:00 [queued]>
[2022-07-11 22:04:48,537] {taskinstance.py:1356} INFO - 
--------------------------------------------------------------------------------
[2022-07-11 22:04:48,537] {taskinstance.py:1357} INFO - Starting attempt 1 of 2
[2022-07-11 22:04:48,537] {taskinstance.py:1358} INFO - 
--------------------------------------------------------------------------------
[2022-07-11 22:04:48,597] {taskinstance.py:1377} INFO - Executing <Task(PythonOperator): load_data> on 2022-07-11 22:04:46.845729+00:00
[2022-07-11 22:04:48,603] {standard_task_runner.py:52} INFO - Started process 1323 to run task
[2022-07-11 22:04:48,607] {standard_task_runner.py:79} INFO - Running: ['***', 'tasks', 'run', 'Stream_Satellite_TLE', 'load_data', 'manual__2022-07-11T22:04:46.845729+00:00', '--job-id', '484', '--raw', '--subdir', 'DAGS_FOLDER/streamTLE.py', '--cfg-path', '/tmp/tmp5lrv3ze1', '--error-file', '/tmp/tmpaxj60wax']
[2022-07-11 22:04:48,608] {standard_task_runner.py:80} INFO - Job 484: Subtask load_data
[2022-07-11 22:04:48,745] {task_command.py:370} INFO - Running <TaskInstance: Stream_Satellite_TLE.load_data manual__2022-07-11T22:04:46.845729+00:00 [running]> on host 3c0196e07a8e
[2022-07-11 22:04:48,880] {taskinstance.py:1571} INFO - Exporting the following env vars:
AIRFLOW_CTX_DAG_OWNER=***
AIRFLOW_CTX_DAG_ID=Stream_Satellite_TLE
AIRFLOW_CTX_TASK_ID=load_data
AIRFLOW_CTX_EXECUTION_DATE=2022-07-11T22:04:46.845729+00:00
AIRFLOW_CTX_TRY_NUMBER=1
AIRFLOW_CTX_DAG_RUN_ID=manual__2022-07-11T22:04:46.845729+00:00
[2022-07-11 22:04:48,881] {logging_mixin.py:115} INFO - Hello
[2022-07-11 22:04:48,881] {python.py:173} INFO - Done. Returned value was: None
[2022-07-11 22:04:48,907] {taskinstance.py:1400} INFO - Marking task as SUCCESS. dag_id=Stream_Satellite_TLE, task_id=load_data, execution_date=20220711T220446, start_date=20220711T220448, end_date=20220711T220448
[2022-07-11 22:04:48,938] {local_task_job.py:156} INFO - Task exited with return code 0
[2022-07-11 22:04:49,004] {local_task_job.py:273} INFO - 0 downstream tasks scheduled from follow-on schedule check
