[2022-07-11 21:58:33,804] {taskinstance.py:1159} INFO - Dependencies all met for <TaskInstance: Stream_Satellite_TLE.load_data scheduled__2022-07-05T00:00:00+00:00 [queued]>
[2022-07-11 21:58:33,819] {taskinstance.py:1159} INFO - Dependencies all met for <TaskInstance: Stream_Satellite_TLE.load_data scheduled__2022-07-05T00:00:00+00:00 [queued]>
[2022-07-11 21:58:33,819] {taskinstance.py:1356} INFO - 
--------------------------------------------------------------------------------
[2022-07-11 21:58:33,819] {taskinstance.py:1357} INFO - Starting attempt 1 of 2
[2022-07-11 21:58:33,819] {taskinstance.py:1358} INFO - 
--------------------------------------------------------------------------------
[2022-07-11 21:58:33,846] {taskinstance.py:1377} INFO - Executing <Task(PythonOperator): load_data> on 2022-07-05 00:00:00+00:00
[2022-07-11 21:58:33,859] {standard_task_runner.py:52} INFO - Started process 840 to run task
[2022-07-11 21:58:33,866] {standard_task_runner.py:79} INFO - Running: ['***', 'tasks', 'run', 'Stream_Satellite_TLE', 'load_data', 'scheduled__2022-07-05T00:00:00+00:00', '--job-id', '468', '--raw', '--subdir', 'DAGS_FOLDER/streamTLE.py', '--cfg-path', '/tmp/tmpjd9bwn4w', '--error-file', '/tmp/tmpj4iqu3cm']
[2022-07-11 21:58:33,867] {standard_task_runner.py:80} INFO - Job 468: Subtask load_data
[2022-07-11 21:58:34,003] {task_command.py:370} INFO - Running <TaskInstance: Stream_Satellite_TLE.load_data scheduled__2022-07-05T00:00:00+00:00 [running]> on host 3c0196e07a8e
[2022-07-11 21:58:34,185] {taskinstance.py:1571} INFO - Exporting the following env vars:
AIRFLOW_CTX_DAG_OWNER=***
AIRFLOW_CTX_DAG_ID=Stream_Satellite_TLE
AIRFLOW_CTX_TASK_ID=load_data
AIRFLOW_CTX_EXECUTION_DATE=2022-07-05T00:00:00+00:00
AIRFLOW_CTX_TRY_NUMBER=1
AIRFLOW_CTX_DAG_RUN_ID=scheduled__2022-07-05T00:00:00+00:00
[2022-07-11 21:58:34,186] {logging_mixin.py:115} INFO - Hello
[2022-07-11 21:58:34,186] {python.py:173} INFO - Done. Returned value was: None
[2022-07-11 21:58:34,256] {taskinstance.py:1400} INFO - Marking task as SUCCESS. dag_id=Stream_Satellite_TLE, task_id=load_data, execution_date=20220705T000000, start_date=20220711T215833, end_date=20220711T215834
[2022-07-11 21:58:34,340] {local_task_job.py:156} INFO - Task exited with return code 0
[2022-07-11 21:58:34,412] {local_task_job.py:273} INFO - 0 downstream tasks scheduled from follow-on schedule check
