[2022-07-11 22:10:10,906] {taskinstance.py:1159} INFO - Dependencies all met for <TaskInstance: Stream_Satellite_TLE.load_data manual__2022-07-11T22:10:05.028803+00:00 [queued]>
[2022-07-11 22:10:10,917] {taskinstance.py:1159} INFO - Dependencies all met for <TaskInstance: Stream_Satellite_TLE.load_data manual__2022-07-11T22:10:05.028803+00:00 [queued]>
[2022-07-11 22:10:10,917] {taskinstance.py:1356} INFO - 
--------------------------------------------------------------------------------
[2022-07-11 22:10:10,917] {taskinstance.py:1357} INFO - Starting attempt 1 of 2
[2022-07-11 22:10:10,917] {taskinstance.py:1358} INFO - 
--------------------------------------------------------------------------------
[2022-07-11 22:10:10,936] {taskinstance.py:1377} INFO - Executing <Task(PythonOperator): load_data> on 2022-07-11 22:10:05.028803+00:00
[2022-07-11 22:10:10,941] {standard_task_runner.py:52} INFO - Started process 1604 to run task
[2022-07-11 22:10:10,945] {standard_task_runner.py:79} INFO - Running: ['***', 'tasks', 'run', 'Stream_Satellite_TLE', 'load_data', 'manual__2022-07-11T22:10:05.028803+00:00', '--job-id', '487', '--raw', '--subdir', 'DAGS_FOLDER/streamTLE.py', '--cfg-path', '/tmp/tmp006nsy55', '--error-file', '/tmp/tmpthjx03nz']
[2022-07-11 22:10:10,945] {standard_task_runner.py:80} INFO - Job 487: Subtask load_data
[2022-07-11 22:10:11,022] {task_command.py:370} INFO - Running <TaskInstance: Stream_Satellite_TLE.load_data manual__2022-07-11T22:10:05.028803+00:00 [running]> on host 3c0196e07a8e
[2022-07-11 22:10:11,153] {taskinstance.py:1571} INFO - Exporting the following env vars:
AIRFLOW_CTX_DAG_OWNER=***
AIRFLOW_CTX_DAG_ID=Stream_Satellite_TLE
AIRFLOW_CTX_TASK_ID=load_data
AIRFLOW_CTX_EXECUTION_DATE=2022-07-11T22:10:05.028803+00:00
AIRFLOW_CTX_TRY_NUMBER=1
AIRFLOW_CTX_DAG_RUN_ID=manual__2022-07-11T22:10:05.028803+00:00
[2022-07-11 22:10:11,163] {taskinstance.py:1889} ERROR - Task failed with exception
Traceback (most recent call last):
  File "/home/airflow/.local/lib/python3.7/site-packages/airflow/operators/python.py", line 171, in execute
    return_value = self.execute_callable()
  File "/home/airflow/.local/lib/python3.7/site-packages/airflow/operators/python.py", line 189, in execute_callable
    return self.python_callable(*self.op_args, **self.op_kwargs)
  File "/opt/airflow/dags/database.py", line 6, in load_into_database
    engine = db.create_engine(DATABASE_LOCATION)
NameError: name 'db' is not defined
[2022-07-11 22:10:11,192] {taskinstance.py:1400} INFO - Marking task as UP_FOR_RETRY. dag_id=Stream_Satellite_TLE, task_id=load_data, execution_date=20220711T221005, start_date=20220711T221010, end_date=20220711T221011
[2022-07-11 22:10:11,220] {standard_task_runner.py:97} ERROR - Failed to execute job 487 for task load_data (name 'db' is not defined; 1604)
[2022-07-11 22:10:11,235] {local_task_job.py:156} INFO - Task exited with return code 1
[2022-07-11 22:10:11,294] {local_task_job.py:273} INFO - 0 downstream tasks scheduled from follow-on schedule check
