[2022-07-11 21:58:38,660] {taskinstance.py:1159} INFO - Dependencies all met for <TaskInstance: Stream_Satellite_TLE.load_into_csv scheduled__2022-07-09T00:00:00+00:00 [queued]>
[2022-07-11 21:58:38,672] {taskinstance.py:1159} INFO - Dependencies all met for <TaskInstance: Stream_Satellite_TLE.load_into_csv scheduled__2022-07-09T00:00:00+00:00 [queued]>
[2022-07-11 21:58:38,673] {taskinstance.py:1356} INFO - 
--------------------------------------------------------------------------------
[2022-07-11 21:58:38,673] {taskinstance.py:1357} INFO - Starting attempt 1 of 2
[2022-07-11 21:58:38,673] {taskinstance.py:1358} INFO - 
--------------------------------------------------------------------------------
[2022-07-11 21:58:38,696] {taskinstance.py:1377} INFO - Executing <Task(BashOperator): load_into_csv> on 2022-07-09 00:00:00+00:00
[2022-07-11 21:58:38,704] {standard_task_runner.py:52} INFO - Started process 948 to run task
[2022-07-11 21:58:38,706] {standard_task_runner.py:79} INFO - Running: ['***', 'tasks', 'run', 'Stream_Satellite_TLE', 'load_into_csv', 'scheduled__2022-07-09T00:00:00+00:00', '--job-id', '476', '--raw', '--subdir', 'DAGS_FOLDER/streamTLE.py', '--cfg-path', '/tmp/tmpvn1jnga6', '--error-file', '/tmp/tmpdyc48t36']
[2022-07-11 21:58:38,707] {standard_task_runner.py:80} INFO - Job 476: Subtask load_into_csv
[2022-07-11 21:58:38,777] {task_command.py:370} INFO - Running <TaskInstance: Stream_Satellite_TLE.load_into_csv scheduled__2022-07-09T00:00:00+00:00 [running]> on host 3c0196e07a8e
[2022-07-11 21:58:38,905] {taskinstance.py:1571} INFO - Exporting the following env vars:
AIRFLOW_CTX_DAG_OWNER=***
AIRFLOW_CTX_DAG_ID=Stream_Satellite_TLE
AIRFLOW_CTX_TASK_ID=load_into_csv
AIRFLOW_CTX_EXECUTION_DATE=2022-07-09T00:00:00+00:00
AIRFLOW_CTX_TRY_NUMBER=1
AIRFLOW_CTX_DAG_RUN_ID=scheduled__2022-07-09T00:00:00+00:00
[2022-07-11 21:58:38,906] {subprocess.py:62} INFO - Tmp dir root location: 
 /tmp
[2022-07-11 21:58:38,935] {subprocess.py:74} INFO - Running command: ['bash', '-c', 'python3 /opt/***/dags/SLTrack.py']
[2022-07-11 21:58:38,952] {subprocess.py:85} INFO - Output:
[2022-07-11 21:58:40,119] {subprocess.py:96} INFO - Command exited with return code 0
[2022-07-11 21:58:40,165] {taskinstance.py:1400} INFO - Marking task as SUCCESS. dag_id=Stream_Satellite_TLE, task_id=load_into_csv, execution_date=20220709T000000, start_date=20220711T215838, end_date=20220711T215840
[2022-07-11 21:58:40,205] {local_task_job.py:156} INFO - Task exited with return code 0
[2022-07-11 21:58:40,288] {local_task_job.py:273} INFO - 0 downstream tasks scheduled from follow-on schedule check
