[2022-07-11 21:58:33,009] {taskinstance.py:1159} INFO - Dependencies all met for <TaskInstance: Stream_Satellite_TLE.load_into_csv scheduled__2022-07-03T00:00:00+00:00 [queued]>
[2022-07-11 21:58:33,025] {taskinstance.py:1159} INFO - Dependencies all met for <TaskInstance: Stream_Satellite_TLE.load_into_csv scheduled__2022-07-03T00:00:00+00:00 [queued]>
[2022-07-11 21:58:33,025] {taskinstance.py:1356} INFO - 
--------------------------------------------------------------------------------
[2022-07-11 21:58:33,025] {taskinstance.py:1357} INFO - Starting attempt 1 of 2
[2022-07-11 21:58:33,025] {taskinstance.py:1358} INFO - 
--------------------------------------------------------------------------------
[2022-07-11 21:58:33,064] {taskinstance.py:1377} INFO - Executing <Task(BashOperator): load_into_csv> on 2022-07-03 00:00:00+00:00
[2022-07-11 21:58:33,071] {standard_task_runner.py:52} INFO - Started process 800 to run task
[2022-07-11 21:58:33,074] {standard_task_runner.py:79} INFO - Running: ['***', 'tasks', 'run', 'Stream_Satellite_TLE', 'load_into_csv', 'scheduled__2022-07-03T00:00:00+00:00', '--job-id', '465', '--raw', '--subdir', 'DAGS_FOLDER/streamTLE.py', '--cfg-path', '/tmp/tmpca1o9g8f', '--error-file', '/tmp/tmpuxzhycmk']
[2022-07-11 21:58:33,075] {standard_task_runner.py:80} INFO - Job 465: Subtask load_into_csv
[2022-07-11 21:58:33,175] {task_command.py:370} INFO - Running <TaskInstance: Stream_Satellite_TLE.load_into_csv scheduled__2022-07-03T00:00:00+00:00 [running]> on host 3c0196e07a8e
[2022-07-11 21:58:33,320] {taskinstance.py:1571} INFO - Exporting the following env vars:
AIRFLOW_CTX_DAG_OWNER=***
AIRFLOW_CTX_DAG_ID=Stream_Satellite_TLE
AIRFLOW_CTX_TASK_ID=load_into_csv
AIRFLOW_CTX_EXECUTION_DATE=2022-07-03T00:00:00+00:00
AIRFLOW_CTX_TRY_NUMBER=1
AIRFLOW_CTX_DAG_RUN_ID=scheduled__2022-07-03T00:00:00+00:00
[2022-07-11 21:58:33,321] {subprocess.py:62} INFO - Tmp dir root location: 
 /tmp
[2022-07-11 21:58:33,322] {subprocess.py:74} INFO - Running command: ['bash', '-c', 'python3 /opt/***/dags/SLTrack.py']
[2022-07-11 21:58:33,334] {subprocess.py:85} INFO - Output:
[2022-07-11 21:58:35,045] {subprocess.py:96} INFO - Command exited with return code 0
[2022-07-11 21:58:35,112] {taskinstance.py:1400} INFO - Marking task as SUCCESS. dag_id=Stream_Satellite_TLE, task_id=load_into_csv, execution_date=20220703T000000, start_date=20220711T215833, end_date=20220711T215835
[2022-07-11 21:58:35,152] {local_task_job.py:156} INFO - Task exited with return code 0
[2022-07-11 21:58:35,196] {local_task_job.py:273} INFO - 0 downstream tasks scheduled from follow-on schedule check
