[2022-07-11 22:24:13,806] {taskinstance.py:1159} INFO - Dependencies all met for <TaskInstance: Stream_Satellite_TLE.load_data manual__2022-07-11T22:18:37.375811+00:00 [queued]>
[2022-07-11 22:24:13,817] {taskinstance.py:1159} INFO - Dependencies all met for <TaskInstance: Stream_Satellite_TLE.load_data manual__2022-07-11T22:18:37.375811+00:00 [queued]>
[2022-07-11 22:24:13,817] {taskinstance.py:1356} INFO - 
--------------------------------------------------------------------------------
[2022-07-11 22:24:13,817] {taskinstance.py:1357} INFO - Starting attempt 2 of 2
[2022-07-11 22:24:13,817] {taskinstance.py:1358} INFO - 
--------------------------------------------------------------------------------
[2022-07-11 22:24:13,841] {taskinstance.py:1377} INFO - Executing <Task(PythonOperator): load_data> on 2022-07-11 22:18:37.375811+00:00
[2022-07-11 22:24:13,852] {standard_task_runner.py:52} INFO - Started process 2371 to run task
[2022-07-11 22:24:13,856] {standard_task_runner.py:79} INFO - Running: ['***', 'tasks', 'run', 'Stream_Satellite_TLE', 'load_data', 'manual__2022-07-11T22:18:37.375811+00:00', '--job-id', '500', '--raw', '--subdir', 'DAGS_FOLDER/streamTLE.py', '--cfg-path', '/tmp/tmpr0rdc01t', '--error-file', '/tmp/tmpwrnffpcw']
[2022-07-11 22:24:13,856] {standard_task_runner.py:80} INFO - Job 500: Subtask load_data
[2022-07-11 22:24:13,935] {task_command.py:370} INFO - Running <TaskInstance: Stream_Satellite_TLE.load_data manual__2022-07-11T22:18:37.375811+00:00 [running]> on host 3c0196e07a8e
[2022-07-11 22:24:14,059] {taskinstance.py:1571} INFO - Exporting the following env vars:
AIRFLOW_CTX_DAG_OWNER=***
AIRFLOW_CTX_DAG_ID=Stream_Satellite_TLE
AIRFLOW_CTX_TASK_ID=load_data
AIRFLOW_CTX_EXECUTION_DATE=2022-07-11T22:18:37.375811+00:00
AIRFLOW_CTX_TRY_NUMBER=2
AIRFLOW_CTX_DAG_RUN_ID=manual__2022-07-11T22:18:37.375811+00:00
[2022-07-11 22:24:19,635] {python.py:173} INFO - Done. Returned value was: None
[2022-07-11 22:24:19,654] {taskinstance.py:1400} INFO - Marking task as SUCCESS. dag_id=Stream_Satellite_TLE, task_id=load_data, execution_date=20220711T221837, start_date=20220711T222413, end_date=20220711T222419
[2022-07-11 22:24:19,699] {local_task_job.py:156} INFO - Task exited with return code 0
[2022-07-11 22:24:19,759] {local_task_job.py:273} INFO - 0 downstream tasks scheduled from follow-on schedule check
[2022-07-11 22:24:19,794] {dagrun.py:562} INFO - Marking run <DagRun Stream_Satellite_TLE @ 2022-07-11 22:18:37.375811+00:00: manual__2022-07-11T22:18:37.375811+00:00, externally triggered: True> successful
[2022-07-11 22:24:19,795] {dagrun.py:622} INFO - DagRun Finished: dag_id=Stream_Satellite_TLE, execution_date=2022-07-11 22:18:37.375811+00:00, run_id=manual__2022-07-11T22:18:37.375811+00:00, run_start_date=2022-07-11 22:18:38.394010+00:00, run_end_date=2022-07-11 22:24:19.795295+00:00, run_duration=341.401285, state=success, external_trigger=True, run_type=manual, data_interval_start=2022-07-10 22:18:37.375811+00:00, data_interval_end=2022-07-11 22:18:37.375811+00:00, dag_hash=c9e624d5155e5b4b87981521cba261e3
