[2022-06-18 06:01:18,898] {processor.py:153} INFO - Started process (PID=61) to work on /home/airflow/.local/lib/python3.7/site-packages/airflow/example_dags/example_branch_operator.py
[2022-06-18 06:01:18,899] {processor.py:641} INFO - Processing file /home/airflow/.local/lib/python3.7/site-packages/airflow/example_dags/example_branch_operator.py for tasks to queue
[2022-06-18 06:01:18,899] {logging_mixin.py:115} INFO - [2022-06-18 06:01:18,899] {dagbag.py:507} INFO - Filling up the DagBag from /home/airflow/.local/lib/python3.7/site-packages/airflow/example_dags/example_branch_operator.py
[2022-06-18 06:01:18,910] {processor.py:651} INFO - DAG(s) dict_keys(['example_branch_operator']) retrieved from /home/airflow/.local/lib/python3.7/site-packages/airflow/example_dags/example_branch_operator.py
[2022-06-18 06:01:19,106] {logging_mixin.py:115} INFO - [2022-06-18 06:01:19,106] {dag.py:2379} INFO - Sync 1 DAGs
[2022-06-18 06:01:19,135] {logging_mixin.py:115} INFO - [2022-06-18 06:01:19,135] {dag.py:2931} INFO - Setting next_dagrun for example_branch_operator to 2022-06-17T00:00:00+00:00, run_after=2022-06-18T00:00:00+00:00
[2022-06-18 06:01:19,161] {processor.py:161} INFO - Processing /home/airflow/.local/lib/python3.7/site-packages/airflow/example_dags/example_branch_operator.py took 0.266 seconds
[2022-06-18 06:01:50,218] {processor.py:153} INFO - Started process (PID=124) to work on /home/airflow/.local/lib/python3.7/site-packages/airflow/example_dags/example_branch_operator.py
[2022-06-18 06:01:50,218] {processor.py:641} INFO - Processing file /home/airflow/.local/lib/python3.7/site-packages/airflow/example_dags/example_branch_operator.py for tasks to queue
[2022-06-18 06:01:50,219] {logging_mixin.py:115} INFO - [2022-06-18 06:01:50,218] {dagbag.py:507} INFO - Filling up the DagBag from /home/airflow/.local/lib/python3.7/site-packages/airflow/example_dags/example_branch_operator.py
[2022-06-18 06:01:50,227] {processor.py:651} INFO - DAG(s) dict_keys(['example_branch_operator']) retrieved from /home/airflow/.local/lib/python3.7/site-packages/airflow/example_dags/example_branch_operator.py
[2022-06-18 06:01:50,257] {logging_mixin.py:115} INFO - [2022-06-18 06:01:50,257] {dag.py:2379} INFO - Sync 1 DAGs
[2022-06-18 06:01:50,289] {logging_mixin.py:115} INFO - [2022-06-18 06:01:50,289] {dag.py:2931} INFO - Setting next_dagrun for example_branch_operator to 2022-06-17T00:00:00+00:00, run_after=2022-06-18T00:00:00+00:00
[2022-06-18 06:01:50,402] {processor.py:161} INFO - Processing /home/airflow/.local/lib/python3.7/site-packages/airflow/example_dags/example_branch_operator.py took 0.186 seconds
[2022-06-18 06:02:20,920] {processor.py:153} INFO - Started process (PID=179) to work on /home/airflow/.local/lib/python3.7/site-packages/airflow/example_dags/example_branch_operator.py
[2022-06-18 06:02:20,935] {processor.py:641} INFO - Processing file /home/airflow/.local/lib/python3.7/site-packages/airflow/example_dags/example_branch_operator.py for tasks to queue
[2022-06-18 06:02:20,936] {logging_mixin.py:115} INFO - [2022-06-18 06:02:20,936] {dagbag.py:507} INFO - Filling up the DagBag from /home/airflow/.local/lib/python3.7/site-packages/airflow/example_dags/example_branch_operator.py
[2022-06-18 06:02:20,948] {processor.py:651} INFO - DAG(s) dict_keys(['example_branch_operator']) retrieved from /home/airflow/.local/lib/python3.7/site-packages/airflow/example_dags/example_branch_operator.py
[2022-06-18 06:02:20,977] {logging_mixin.py:115} INFO - [2022-06-18 06:02:20,977] {dag.py:2379} INFO - Sync 1 DAGs
[2022-06-18 06:02:21,008] {logging_mixin.py:115} INFO - [2022-06-18 06:02:21,008] {dag.py:2931} INFO - Setting next_dagrun for example_branch_operator to 2022-06-17T00:00:00+00:00, run_after=2022-06-18T00:00:00+00:00
[2022-06-18 06:02:21,198] {processor.py:161} INFO - Processing /home/airflow/.local/lib/python3.7/site-packages/airflow/example_dags/example_branch_operator.py took 0.282 seconds
[2022-06-18 06:02:51,522] {processor.py:153} INFO - Started process (PID=242) to work on /home/airflow/.local/lib/python3.7/site-packages/airflow/example_dags/example_branch_operator.py
[2022-06-18 06:02:51,535] {processor.py:641} INFO - Processing file /home/airflow/.local/lib/python3.7/site-packages/airflow/example_dags/example_branch_operator.py for tasks to queue
[2022-06-18 06:02:51,535] {logging_mixin.py:115} INFO - [2022-06-18 06:02:51,535] {dagbag.py:507} INFO - Filling up the DagBag from /home/airflow/.local/lib/python3.7/site-packages/airflow/example_dags/example_branch_operator.py
[2022-06-18 06:02:51,551] {processor.py:651} INFO - DAG(s) dict_keys(['example_branch_operator']) retrieved from /home/airflow/.local/lib/python3.7/site-packages/airflow/example_dags/example_branch_operator.py
[2022-06-18 06:02:51,583] {logging_mixin.py:115} INFO - [2022-06-18 06:02:51,583] {dag.py:2379} INFO - Sync 1 DAGs
[2022-06-18 06:02:51,610] {logging_mixin.py:115} INFO - [2022-06-18 06:02:51,610] {dag.py:2931} INFO - Setting next_dagrun for example_branch_operator to 2022-06-17T00:00:00+00:00, run_after=2022-06-18T00:00:00+00:00
[2022-06-18 06:02:51,718] {processor.py:161} INFO - Processing /home/airflow/.local/lib/python3.7/site-packages/airflow/example_dags/example_branch_operator.py took 0.198 seconds
[2022-06-18 06:03:21,873] {processor.py:153} INFO - Started process (PID=297) to work on /home/airflow/.local/lib/python3.7/site-packages/airflow/example_dags/example_branch_operator.py
[2022-06-18 06:03:21,874] {processor.py:641} INFO - Processing file /home/airflow/.local/lib/python3.7/site-packages/airflow/example_dags/example_branch_operator.py for tasks to queue
[2022-06-18 06:03:21,874] {logging_mixin.py:115} INFO - [2022-06-18 06:03:21,874] {dagbag.py:507} INFO - Filling up the DagBag from /home/airflow/.local/lib/python3.7/site-packages/airflow/example_dags/example_branch_operator.py
[2022-06-18 06:03:21,883] {processor.py:651} INFO - DAG(s) dict_keys(['example_branch_operator']) retrieved from /home/airflow/.local/lib/python3.7/site-packages/airflow/example_dags/example_branch_operator.py
[2022-06-18 06:03:21,907] {logging_mixin.py:115} INFO - [2022-06-18 06:03:21,907] {dag.py:2379} INFO - Sync 1 DAGs
[2022-06-18 06:03:21,935] {logging_mixin.py:115} INFO - [2022-06-18 06:03:21,935] {dag.py:2931} INFO - Setting next_dagrun for example_branch_operator to 2022-06-17T00:00:00+00:00, run_after=2022-06-18T00:00:00+00:00
[2022-06-18 06:03:22,057] {processor.py:161} INFO - Processing /home/airflow/.local/lib/python3.7/site-packages/airflow/example_dags/example_branch_operator.py took 0.186 seconds
[2022-06-18 06:03:52,469] {processor.py:153} INFO - Started process (PID=360) to work on /home/airflow/.local/lib/python3.7/site-packages/airflow/example_dags/example_branch_operator.py
[2022-06-18 06:03:52,470] {processor.py:641} INFO - Processing file /home/airflow/.local/lib/python3.7/site-packages/airflow/example_dags/example_branch_operator.py for tasks to queue
[2022-06-18 06:03:52,471] {logging_mixin.py:115} INFO - [2022-06-18 06:03:52,471] {dagbag.py:507} INFO - Filling up the DagBag from /home/airflow/.local/lib/python3.7/site-packages/airflow/example_dags/example_branch_operator.py
[2022-06-18 06:03:52,480] {processor.py:651} INFO - DAG(s) dict_keys(['example_branch_operator']) retrieved from /home/airflow/.local/lib/python3.7/site-packages/airflow/example_dags/example_branch_operator.py
[2022-06-18 06:03:52,509] {logging_mixin.py:115} INFO - [2022-06-18 06:03:52,509] {dag.py:2379} INFO - Sync 1 DAGs
[2022-06-18 06:03:52,533] {logging_mixin.py:115} INFO - [2022-06-18 06:03:52,533] {dag.py:2931} INFO - Setting next_dagrun for example_branch_operator to 2022-06-17T00:00:00+00:00, run_after=2022-06-18T00:00:00+00:00
[2022-06-18 06:03:52,626] {processor.py:161} INFO - Processing /home/airflow/.local/lib/python3.7/site-packages/airflow/example_dags/example_branch_operator.py took 0.161 seconds
[2022-06-18 06:04:22,672] {processor.py:153} INFO - Started process (PID=423) to work on /home/airflow/.local/lib/python3.7/site-packages/airflow/example_dags/example_branch_operator.py
[2022-06-18 06:04:22,672] {processor.py:641} INFO - Processing file /home/airflow/.local/lib/python3.7/site-packages/airflow/example_dags/example_branch_operator.py for tasks to queue
[2022-06-18 06:04:22,672] {logging_mixin.py:115} INFO - [2022-06-18 06:04:22,672] {dagbag.py:507} INFO - Filling up the DagBag from /home/airflow/.local/lib/python3.7/site-packages/airflow/example_dags/example_branch_operator.py
[2022-06-18 06:04:22,681] {processor.py:651} INFO - DAG(s) dict_keys(['example_branch_operator']) retrieved from /home/airflow/.local/lib/python3.7/site-packages/airflow/example_dags/example_branch_operator.py
[2022-06-18 06:04:22,705] {logging_mixin.py:115} INFO - [2022-06-18 06:04:22,705] {dag.py:2379} INFO - Sync 1 DAGs
[2022-06-18 06:04:22,730] {logging_mixin.py:115} INFO - [2022-06-18 06:04:22,730] {dag.py:2931} INFO - Setting next_dagrun for example_branch_operator to 2022-06-17T00:00:00+00:00, run_after=2022-06-18T00:00:00+00:00
[2022-06-18 06:04:22,837] {processor.py:161} INFO - Processing /home/airflow/.local/lib/python3.7/site-packages/airflow/example_dags/example_branch_operator.py took 0.167 seconds
[2022-06-18 06:04:53,116] {processor.py:153} INFO - Started process (PID=476) to work on /home/airflow/.local/lib/python3.7/site-packages/airflow/example_dags/example_branch_operator.py
[2022-06-18 06:04:53,128] {processor.py:641} INFO - Processing file /home/airflow/.local/lib/python3.7/site-packages/airflow/example_dags/example_branch_operator.py for tasks to queue
[2022-06-18 06:04:53,129] {logging_mixin.py:115} INFO - [2022-06-18 06:04:53,129] {dagbag.py:507} INFO - Filling up the DagBag from /home/airflow/.local/lib/python3.7/site-packages/airflow/example_dags/example_branch_operator.py
[2022-06-18 06:04:53,141] {processor.py:651} INFO - DAG(s) dict_keys(['example_branch_operator']) retrieved from /home/airflow/.local/lib/python3.7/site-packages/airflow/example_dags/example_branch_operator.py
[2022-06-18 06:04:53,163] {logging_mixin.py:115} INFO - [2022-06-18 06:04:53,163] {dag.py:2379} INFO - Sync 1 DAGs
[2022-06-18 06:04:53,188] {logging_mixin.py:115} INFO - [2022-06-18 06:04:53,188] {dag.py:2931} INFO - Setting next_dagrun for example_branch_operator to 2022-06-17T00:00:00+00:00, run_after=2022-06-18T00:00:00+00:00
[2022-06-18 06:04:53,290] {processor.py:161} INFO - Processing /home/airflow/.local/lib/python3.7/site-packages/airflow/example_dags/example_branch_operator.py took 0.176 seconds
[2022-06-18 06:05:23,580] {processor.py:153} INFO - Started process (PID=539) to work on /home/airflow/.local/lib/python3.7/site-packages/airflow/example_dags/example_branch_operator.py
[2022-06-18 06:05:23,581] {processor.py:641} INFO - Processing file /home/airflow/.local/lib/python3.7/site-packages/airflow/example_dags/example_branch_operator.py for tasks to queue
[2022-06-18 06:05:23,582] {logging_mixin.py:115} INFO - [2022-06-18 06:05:23,582] {dagbag.py:507} INFO - Filling up the DagBag from /home/airflow/.local/lib/python3.7/site-packages/airflow/example_dags/example_branch_operator.py
[2022-06-18 06:05:23,590] {processor.py:651} INFO - DAG(s) dict_keys(['example_branch_operator']) retrieved from /home/airflow/.local/lib/python3.7/site-packages/airflow/example_dags/example_branch_operator.py
[2022-06-18 06:05:23,617] {logging_mixin.py:115} INFO - [2022-06-18 06:05:23,617] {dag.py:2379} INFO - Sync 1 DAGs
[2022-06-18 06:05:23,645] {logging_mixin.py:115} INFO - [2022-06-18 06:05:23,645] {dag.py:2931} INFO - Setting next_dagrun for example_branch_operator to 2022-06-17T00:00:00+00:00, run_after=2022-06-18T00:00:00+00:00
[2022-06-18 06:05:23,757] {processor.py:161} INFO - Processing /home/airflow/.local/lib/python3.7/site-packages/airflow/example_dags/example_branch_operator.py took 0.181 seconds
[2022-06-18 06:05:54,106] {processor.py:153} INFO - Started process (PID=602) to work on /home/airflow/.local/lib/python3.7/site-packages/airflow/example_dags/example_branch_operator.py
[2022-06-18 06:05:54,118] {processor.py:641} INFO - Processing file /home/airflow/.local/lib/python3.7/site-packages/airflow/example_dags/example_branch_operator.py for tasks to queue
[2022-06-18 06:05:54,119] {logging_mixin.py:115} INFO - [2022-06-18 06:05:54,119] {dagbag.py:507} INFO - Filling up the DagBag from /home/airflow/.local/lib/python3.7/site-packages/airflow/example_dags/example_branch_operator.py
[2022-06-18 06:05:54,133] {processor.py:651} INFO - DAG(s) dict_keys(['example_branch_operator']) retrieved from /home/airflow/.local/lib/python3.7/site-packages/airflow/example_dags/example_branch_operator.py
[2022-06-18 06:05:54,157] {logging_mixin.py:115} INFO - [2022-06-18 06:05:54,157] {dag.py:2379} INFO - Sync 1 DAGs
[2022-06-18 06:05:54,189] {logging_mixin.py:115} INFO - [2022-06-18 06:05:54,189] {dag.py:2931} INFO - Setting next_dagrun for example_branch_operator to 2022-06-17T00:00:00+00:00, run_after=2022-06-18T00:00:00+00:00
[2022-06-18 06:05:54,393] {processor.py:161} INFO - Processing /home/airflow/.local/lib/python3.7/site-packages/airflow/example_dags/example_branch_operator.py took 0.291 seconds
[2022-06-18 06:06:24,631] {processor.py:153} INFO - Started process (PID=656) to work on /home/airflow/.local/lib/python3.7/site-packages/airflow/example_dags/example_branch_operator.py
[2022-06-18 06:06:24,631] {processor.py:641} INFO - Processing file /home/airflow/.local/lib/python3.7/site-packages/airflow/example_dags/example_branch_operator.py for tasks to queue
[2022-06-18 06:06:24,632] {logging_mixin.py:115} INFO - [2022-06-18 06:06:24,632] {dagbag.py:507} INFO - Filling up the DagBag from /home/airflow/.local/lib/python3.7/site-packages/airflow/example_dags/example_branch_operator.py
[2022-06-18 06:06:24,641] {processor.py:651} INFO - DAG(s) dict_keys(['example_branch_operator']) retrieved from /home/airflow/.local/lib/python3.7/site-packages/airflow/example_dags/example_branch_operator.py
[2022-06-18 06:06:24,672] {logging_mixin.py:115} INFO - [2022-06-18 06:06:24,671] {dag.py:2379} INFO - Sync 1 DAGs
[2022-06-18 06:06:24,792] {logging_mixin.py:115} INFO - [2022-06-18 06:06:24,792] {dag.py:2931} INFO - Setting next_dagrun for example_branch_operator to 2022-06-17T00:00:00+00:00, run_after=2022-06-18T00:00:00+00:00
[2022-06-18 06:06:24,815] {processor.py:161} INFO - Processing /home/airflow/.local/lib/python3.7/site-packages/airflow/example_dags/example_branch_operator.py took 0.188 seconds
[2022-06-18 06:39:39,721] {processor.py:153} INFO - Started process (PID=55) to work on /home/airflow/.local/lib/python3.7/site-packages/airflow/example_dags/example_branch_operator.py
[2022-06-18 06:39:39,721] {processor.py:641} INFO - Processing file /home/airflow/.local/lib/python3.7/site-packages/airflow/example_dags/example_branch_operator.py for tasks to queue
[2022-06-18 06:39:39,722] {logging_mixin.py:115} INFO - [2022-06-18 06:39:39,722] {dagbag.py:507} INFO - Filling up the DagBag from /home/airflow/.local/lib/python3.7/site-packages/airflow/example_dags/example_branch_operator.py
[2022-06-18 06:39:39,733] {processor.py:651} INFO - DAG(s) dict_keys(['example_branch_operator']) retrieved from /home/airflow/.local/lib/python3.7/site-packages/airflow/example_dags/example_branch_operator.py
[2022-06-18 06:39:39,759] {logging_mixin.py:115} INFO - [2022-06-18 06:39:39,759] {dag.py:2379} INFO - Sync 1 DAGs
[2022-06-18 06:39:39,783] {logging_mixin.py:115} INFO - [2022-06-18 06:39:39,783] {dag.py:2931} INFO - Setting next_dagrun for example_branch_operator to 2022-06-17T00:00:00+00:00, run_after=2022-06-18T00:00:00+00:00
[2022-06-18 06:39:39,804] {processor.py:161} INFO - Processing /home/airflow/.local/lib/python3.7/site-packages/airflow/example_dags/example_branch_operator.py took 0.085 seconds
[2022-06-18 06:40:10,292] {processor.py:153} INFO - Started process (PID=120) to work on /home/airflow/.local/lib/python3.7/site-packages/airflow/example_dags/example_branch_operator.py
[2022-06-18 06:40:10,292] {processor.py:641} INFO - Processing file /home/airflow/.local/lib/python3.7/site-packages/airflow/example_dags/example_branch_operator.py for tasks to queue
[2022-06-18 06:40:10,293] {logging_mixin.py:115} INFO - [2022-06-18 06:40:10,293] {dagbag.py:507} INFO - Filling up the DagBag from /home/airflow/.local/lib/python3.7/site-packages/airflow/example_dags/example_branch_operator.py
[2022-06-18 06:40:10,305] {processor.py:651} INFO - DAG(s) dict_keys(['example_branch_operator']) retrieved from /home/airflow/.local/lib/python3.7/site-packages/airflow/example_dags/example_branch_operator.py
[2022-06-18 06:40:10,341] {logging_mixin.py:115} INFO - [2022-06-18 06:40:10,341] {dag.py:2379} INFO - Sync 1 DAGs
[2022-06-18 06:40:10,372] {logging_mixin.py:115} INFO - [2022-06-18 06:40:10,372] {dag.py:2931} INFO - Setting next_dagrun for example_branch_operator to 2022-06-17T00:00:00+00:00, run_after=2022-06-18T00:00:00+00:00
[2022-06-18 06:40:10,384] {processor.py:161} INFO - Processing /home/airflow/.local/lib/python3.7/site-packages/airflow/example_dags/example_branch_operator.py took 0.095 seconds
[2022-06-18 06:40:41,000] {processor.py:153} INFO - Started process (PID=183) to work on /home/airflow/.local/lib/python3.7/site-packages/airflow/example_dags/example_branch_operator.py
[2022-06-18 06:40:41,000] {processor.py:641} INFO - Processing file /home/airflow/.local/lib/python3.7/site-packages/airflow/example_dags/example_branch_operator.py for tasks to queue
[2022-06-18 06:40:41,001] {logging_mixin.py:115} INFO - [2022-06-18 06:40:41,001] {dagbag.py:507} INFO - Filling up the DagBag from /home/airflow/.local/lib/python3.7/site-packages/airflow/example_dags/example_branch_operator.py
[2022-06-18 06:40:41,013] {processor.py:651} INFO - DAG(s) dict_keys(['example_branch_operator']) retrieved from /home/airflow/.local/lib/python3.7/site-packages/airflow/example_dags/example_branch_operator.py
[2022-06-18 06:40:41,038] {logging_mixin.py:115} INFO - [2022-06-18 06:40:41,037] {dag.py:2379} INFO - Sync 1 DAGs
[2022-06-18 06:40:41,091] {logging_mixin.py:115} INFO - [2022-06-18 06:40:41,091] {dag.py:2931} INFO - Setting next_dagrun for example_branch_operator to 2022-06-17T00:00:00+00:00, run_after=2022-06-18T00:00:00+00:00
[2022-06-18 06:40:41,128] {processor.py:161} INFO - Processing /home/airflow/.local/lib/python3.7/site-packages/airflow/example_dags/example_branch_operator.py took 0.130 seconds
[2022-06-18 06:41:11,810] {processor.py:153} INFO - Started process (PID=238) to work on /home/airflow/.local/lib/python3.7/site-packages/airflow/example_dags/example_branch_operator.py
[2022-06-18 06:41:11,810] {processor.py:641} INFO - Processing file /home/airflow/.local/lib/python3.7/site-packages/airflow/example_dags/example_branch_operator.py for tasks to queue
[2022-06-18 06:41:11,811] {logging_mixin.py:115} INFO - [2022-06-18 06:41:11,811] {dagbag.py:507} INFO - Filling up the DagBag from /home/airflow/.local/lib/python3.7/site-packages/airflow/example_dags/example_branch_operator.py
[2022-06-18 06:41:11,821] {processor.py:651} INFO - DAG(s) dict_keys(['example_branch_operator']) retrieved from /home/airflow/.local/lib/python3.7/site-packages/airflow/example_dags/example_branch_operator.py
[2022-06-18 06:41:11,847] {logging_mixin.py:115} INFO - [2022-06-18 06:41:11,847] {dag.py:2379} INFO - Sync 1 DAGs
[2022-06-18 06:41:11,883] {logging_mixin.py:115} INFO - [2022-06-18 06:41:11,883] {dag.py:2931} INFO - Setting next_dagrun for example_branch_operator to 2022-06-17T00:00:00+00:00, run_after=2022-06-18T00:00:00+00:00
[2022-06-18 06:41:11,905] {processor.py:161} INFO - Processing /home/airflow/.local/lib/python3.7/site-packages/airflow/example_dags/example_branch_operator.py took 0.097 seconds
[2022-06-18 06:41:42,988] {processor.py:153} INFO - Started process (PID=301) to work on /home/airflow/.local/lib/python3.7/site-packages/airflow/example_dags/example_branch_operator.py
[2022-06-18 06:41:42,989] {processor.py:641} INFO - Processing file /home/airflow/.local/lib/python3.7/site-packages/airflow/example_dags/example_branch_operator.py for tasks to queue
[2022-06-18 06:41:42,990] {logging_mixin.py:115} INFO - [2022-06-18 06:41:42,990] {dagbag.py:507} INFO - Filling up the DagBag from /home/airflow/.local/lib/python3.7/site-packages/airflow/example_dags/example_branch_operator.py
[2022-06-18 06:41:43,005] {processor.py:651} INFO - DAG(s) dict_keys(['example_branch_operator']) retrieved from /home/airflow/.local/lib/python3.7/site-packages/airflow/example_dags/example_branch_operator.py
[2022-06-18 06:41:43,031] {logging_mixin.py:115} INFO - [2022-06-18 06:41:43,031] {dag.py:2379} INFO - Sync 1 DAGs
[2022-06-18 06:41:43,059] {logging_mixin.py:115} INFO - [2022-06-18 06:41:43,059] {dag.py:2931} INFO - Setting next_dagrun for example_branch_operator to 2022-06-17T00:00:00+00:00, run_after=2022-06-18T00:00:00+00:00
[2022-06-18 06:41:43,077] {processor.py:161} INFO - Processing /home/airflow/.local/lib/python3.7/site-packages/airflow/example_dags/example_branch_operator.py took 0.091 seconds
[2022-06-18 06:42:13,784] {processor.py:153} INFO - Started process (PID=364) to work on /home/airflow/.local/lib/python3.7/site-packages/airflow/example_dags/example_branch_operator.py
[2022-06-18 06:42:13,784] {processor.py:641} INFO - Processing file /home/airflow/.local/lib/python3.7/site-packages/airflow/example_dags/example_branch_operator.py for tasks to queue
[2022-06-18 06:42:13,785] {logging_mixin.py:115} INFO - [2022-06-18 06:42:13,785] {dagbag.py:507} INFO - Filling up the DagBag from /home/airflow/.local/lib/python3.7/site-packages/airflow/example_dags/example_branch_operator.py
[2022-06-18 06:42:13,795] {processor.py:651} INFO - DAG(s) dict_keys(['example_branch_operator']) retrieved from /home/airflow/.local/lib/python3.7/site-packages/airflow/example_dags/example_branch_operator.py
[2022-06-18 06:42:13,816] {logging_mixin.py:115} INFO - [2022-06-18 06:42:13,816] {dag.py:2379} INFO - Sync 1 DAGs
[2022-06-18 06:42:13,840] {logging_mixin.py:115} INFO - [2022-06-18 06:42:13,839] {dag.py:2931} INFO - Setting next_dagrun for example_branch_operator to 2022-06-17T00:00:00+00:00, run_after=2022-06-18T00:00:00+00:00
[2022-06-18 06:42:13,857] {processor.py:161} INFO - Processing /home/airflow/.local/lib/python3.7/site-packages/airflow/example_dags/example_branch_operator.py took 0.076 seconds
[2022-06-18 06:42:44,540] {processor.py:153} INFO - Started process (PID=418) to work on /home/airflow/.local/lib/python3.7/site-packages/airflow/example_dags/example_branch_operator.py
[2022-06-18 06:42:44,541] {processor.py:641} INFO - Processing file /home/airflow/.local/lib/python3.7/site-packages/airflow/example_dags/example_branch_operator.py for tasks to queue
[2022-06-18 06:42:44,542] {logging_mixin.py:115} INFO - [2022-06-18 06:42:44,542] {dagbag.py:507} INFO - Filling up the DagBag from /home/airflow/.local/lib/python3.7/site-packages/airflow/example_dags/example_branch_operator.py
[2022-06-18 06:42:44,553] {processor.py:651} INFO - DAG(s) dict_keys(['example_branch_operator']) retrieved from /home/airflow/.local/lib/python3.7/site-packages/airflow/example_dags/example_branch_operator.py
[2022-06-18 06:42:44,580] {logging_mixin.py:115} INFO - [2022-06-18 06:42:44,579] {dag.py:2379} INFO - Sync 1 DAGs
[2022-06-18 06:42:44,602] {logging_mixin.py:115} INFO - [2022-06-18 06:42:44,602] {dag.py:2931} INFO - Setting next_dagrun for example_branch_operator to 2022-06-17T00:00:00+00:00, run_after=2022-06-18T00:00:00+00:00
[2022-06-18 06:42:44,615] {processor.py:161} INFO - Processing /home/airflow/.local/lib/python3.7/site-packages/airflow/example_dags/example_branch_operator.py took 0.079 seconds
[2022-06-18 06:43:15,095] {processor.py:153} INFO - Started process (PID=481) to work on /home/airflow/.local/lib/python3.7/site-packages/airflow/example_dags/example_branch_operator.py
[2022-06-18 06:43:15,107] {processor.py:641} INFO - Processing file /home/airflow/.local/lib/python3.7/site-packages/airflow/example_dags/example_branch_operator.py for tasks to queue
[2022-06-18 06:43:15,107] {logging_mixin.py:115} INFO - [2022-06-18 06:43:15,107] {dagbag.py:507} INFO - Filling up the DagBag from /home/airflow/.local/lib/python3.7/site-packages/airflow/example_dags/example_branch_operator.py
[2022-06-18 06:43:15,124] {processor.py:651} INFO - DAG(s) dict_keys(['example_branch_operator']) retrieved from /home/airflow/.local/lib/python3.7/site-packages/airflow/example_dags/example_branch_operator.py
[2022-06-18 06:43:15,151] {logging_mixin.py:115} INFO - [2022-06-18 06:43:15,150] {dag.py:2379} INFO - Sync 1 DAGs
[2022-06-18 06:43:15,177] {logging_mixin.py:115} INFO - [2022-06-18 06:43:15,177] {dag.py:2931} INFO - Setting next_dagrun for example_branch_operator to 2022-06-17T00:00:00+00:00, run_after=2022-06-18T00:00:00+00:00
[2022-06-18 06:43:15,192] {processor.py:161} INFO - Processing /home/airflow/.local/lib/python3.7/site-packages/airflow/example_dags/example_branch_operator.py took 0.101 seconds
[2022-06-18 06:43:46,053] {processor.py:153} INFO - Started process (PID=544) to work on /home/airflow/.local/lib/python3.7/site-packages/airflow/example_dags/example_branch_operator.py
[2022-06-18 06:43:46,054] {processor.py:641} INFO - Processing file /home/airflow/.local/lib/python3.7/site-packages/airflow/example_dags/example_branch_operator.py for tasks to queue
[2022-06-18 06:43:46,054] {logging_mixin.py:115} INFO - [2022-06-18 06:43:46,054] {dagbag.py:507} INFO - Filling up the DagBag from /home/airflow/.local/lib/python3.7/site-packages/airflow/example_dags/example_branch_operator.py
[2022-06-18 06:43:46,068] {processor.py:651} INFO - DAG(s) dict_keys(['example_branch_operator']) retrieved from /home/airflow/.local/lib/python3.7/site-packages/airflow/example_dags/example_branch_operator.py
[2022-06-18 06:43:46,095] {logging_mixin.py:115} INFO - [2022-06-18 06:43:46,095] {dag.py:2379} INFO - Sync 1 DAGs
[2022-06-18 06:43:46,123] {logging_mixin.py:115} INFO - [2022-06-18 06:43:46,123] {dag.py:2931} INFO - Setting next_dagrun for example_branch_operator to 2022-06-17T00:00:00+00:00, run_after=2022-06-18T00:00:00+00:00
[2022-06-18 06:43:46,144] {processor.py:161} INFO - Processing /home/airflow/.local/lib/python3.7/site-packages/airflow/example_dags/example_branch_operator.py took 0.094 seconds
[2022-06-18 06:44:17,132] {processor.py:153} INFO - Started process (PID=598) to work on /home/airflow/.local/lib/python3.7/site-packages/airflow/example_dags/example_branch_operator.py
[2022-06-18 06:44:17,140] {processor.py:641} INFO - Processing file /home/airflow/.local/lib/python3.7/site-packages/airflow/example_dags/example_branch_operator.py for tasks to queue
[2022-06-18 06:44:17,141] {logging_mixin.py:115} INFO - [2022-06-18 06:44:17,140] {dagbag.py:507} INFO - Filling up the DagBag from /home/airflow/.local/lib/python3.7/site-packages/airflow/example_dags/example_branch_operator.py
[2022-06-18 06:44:17,154] {processor.py:651} INFO - DAG(s) dict_keys(['example_branch_operator']) retrieved from /home/airflow/.local/lib/python3.7/site-packages/airflow/example_dags/example_branch_operator.py
[2022-06-18 06:44:17,181] {logging_mixin.py:115} INFO - [2022-06-18 06:44:17,181] {dag.py:2379} INFO - Sync 1 DAGs
[2022-06-18 06:44:17,206] {logging_mixin.py:115} INFO - [2022-06-18 06:44:17,206] {dag.py:2931} INFO - Setting next_dagrun for example_branch_operator to 2022-06-17T00:00:00+00:00, run_after=2022-06-18T00:00:00+00:00
[2022-06-18 06:44:17,232] {processor.py:161} INFO - Processing /home/airflow/.local/lib/python3.7/site-packages/airflow/example_dags/example_branch_operator.py took 0.105 seconds
[2022-06-18 06:44:47,561] {processor.py:153} INFO - Started process (PID=661) to work on /home/airflow/.local/lib/python3.7/site-packages/airflow/example_dags/example_branch_operator.py
[2022-06-18 06:44:47,561] {processor.py:641} INFO - Processing file /home/airflow/.local/lib/python3.7/site-packages/airflow/example_dags/example_branch_operator.py for tasks to queue
[2022-06-18 06:44:47,562] {logging_mixin.py:115} INFO - [2022-06-18 06:44:47,562] {dagbag.py:507} INFO - Filling up the DagBag from /home/airflow/.local/lib/python3.7/site-packages/airflow/example_dags/example_branch_operator.py
[2022-06-18 06:44:47,570] {processor.py:651} INFO - DAG(s) dict_keys(['example_branch_operator']) retrieved from /home/airflow/.local/lib/python3.7/site-packages/airflow/example_dags/example_branch_operator.py
[2022-06-18 06:44:47,599] {logging_mixin.py:115} INFO - [2022-06-18 06:44:47,599] {dag.py:2379} INFO - Sync 1 DAGs
[2022-06-18 06:44:47,623] {logging_mixin.py:115} INFO - [2022-06-18 06:44:47,623] {dag.py:2931} INFO - Setting next_dagrun for example_branch_operator to 2022-06-17T00:00:00+00:00, run_after=2022-06-18T00:00:00+00:00
[2022-06-18 06:44:47,643] {processor.py:161} INFO - Processing /home/airflow/.local/lib/python3.7/site-packages/airflow/example_dags/example_branch_operator.py took 0.087 seconds
[2022-06-18 06:45:18,213] {processor.py:153} INFO - Started process (PID=724) to work on /home/airflow/.local/lib/python3.7/site-packages/airflow/example_dags/example_branch_operator.py
[2022-06-18 06:45:18,214] {processor.py:641} INFO - Processing file /home/airflow/.local/lib/python3.7/site-packages/airflow/example_dags/example_branch_operator.py for tasks to queue
[2022-06-18 06:45:18,214] {logging_mixin.py:115} INFO - [2022-06-18 06:45:18,214] {dagbag.py:507} INFO - Filling up the DagBag from /home/airflow/.local/lib/python3.7/site-packages/airflow/example_dags/example_branch_operator.py
[2022-06-18 06:45:18,222] {processor.py:651} INFO - DAG(s) dict_keys(['example_branch_operator']) retrieved from /home/airflow/.local/lib/python3.7/site-packages/airflow/example_dags/example_branch_operator.py
[2022-06-18 06:45:18,256] {logging_mixin.py:115} INFO - [2022-06-18 06:45:18,256] {dag.py:2379} INFO - Sync 1 DAGs
[2022-06-18 06:45:18,282] {logging_mixin.py:115} INFO - [2022-06-18 06:45:18,281] {dag.py:2931} INFO - Setting next_dagrun for example_branch_operator to 2022-06-17T00:00:00+00:00, run_after=2022-06-18T00:00:00+00:00
[2022-06-18 06:45:18,318] {processor.py:161} INFO - Processing /home/airflow/.local/lib/python3.7/site-packages/airflow/example_dags/example_branch_operator.py took 0.109 seconds
[2022-06-18 06:45:48,981] {processor.py:153} INFO - Started process (PID=778) to work on /home/airflow/.local/lib/python3.7/site-packages/airflow/example_dags/example_branch_operator.py
[2022-06-18 06:45:48,982] {processor.py:641} INFO - Processing file /home/airflow/.local/lib/python3.7/site-packages/airflow/example_dags/example_branch_operator.py for tasks to queue
[2022-06-18 06:45:48,983] {logging_mixin.py:115} INFO - [2022-06-18 06:45:48,983] {dagbag.py:507} INFO - Filling up the DagBag from /home/airflow/.local/lib/python3.7/site-packages/airflow/example_dags/example_branch_operator.py
[2022-06-18 06:45:48,992] {processor.py:651} INFO - DAG(s) dict_keys(['example_branch_operator']) retrieved from /home/airflow/.local/lib/python3.7/site-packages/airflow/example_dags/example_branch_operator.py
[2022-06-18 06:45:49,019] {logging_mixin.py:115} INFO - [2022-06-18 06:45:49,019] {dag.py:2379} INFO - Sync 1 DAGs
[2022-06-18 06:45:49,043] {logging_mixin.py:115} INFO - [2022-06-18 06:45:49,043] {dag.py:2931} INFO - Setting next_dagrun for example_branch_operator to 2022-06-17T00:00:00+00:00, run_after=2022-06-18T00:00:00+00:00
[2022-06-18 06:45:49,060] {processor.py:161} INFO - Processing /home/airflow/.local/lib/python3.7/site-packages/airflow/example_dags/example_branch_operator.py took 0.083 seconds
[2022-06-18 06:46:19,439] {processor.py:153} INFO - Started process (PID=841) to work on /home/airflow/.local/lib/python3.7/site-packages/airflow/example_dags/example_branch_operator.py
[2022-06-18 06:46:19,439] {processor.py:641} INFO - Processing file /home/airflow/.local/lib/python3.7/site-packages/airflow/example_dags/example_branch_operator.py for tasks to queue
[2022-06-18 06:46:19,440] {logging_mixin.py:115} INFO - [2022-06-18 06:46:19,440] {dagbag.py:507} INFO - Filling up the DagBag from /home/airflow/.local/lib/python3.7/site-packages/airflow/example_dags/example_branch_operator.py
[2022-06-18 06:46:19,447] {processor.py:651} INFO - DAG(s) dict_keys(['example_branch_operator']) retrieved from /home/airflow/.local/lib/python3.7/site-packages/airflow/example_dags/example_branch_operator.py
[2022-06-18 06:46:19,469] {logging_mixin.py:115} INFO - [2022-06-18 06:46:19,469] {dag.py:2379} INFO - Sync 1 DAGs
[2022-06-18 06:46:19,491] {logging_mixin.py:115} INFO - [2022-06-18 06:46:19,491] {dag.py:2931} INFO - Setting next_dagrun for example_branch_operator to 2022-06-17T00:00:00+00:00, run_after=2022-06-18T00:00:00+00:00
[2022-06-18 06:46:19,508] {processor.py:161} INFO - Processing /home/airflow/.local/lib/python3.7/site-packages/airflow/example_dags/example_branch_operator.py took 0.074 seconds
[2022-06-18 06:46:49,855] {processor.py:153} INFO - Started process (PID=901) to work on /home/airflow/.local/lib/python3.7/site-packages/airflow/example_dags/example_branch_operator.py
[2022-06-18 06:46:49,867] {processor.py:641} INFO - Processing file /home/airflow/.local/lib/python3.7/site-packages/airflow/example_dags/example_branch_operator.py for tasks to queue
[2022-06-18 06:46:49,868] {logging_mixin.py:115} INFO - [2022-06-18 06:46:49,868] {dagbag.py:507} INFO - Filling up the DagBag from /home/airflow/.local/lib/python3.7/site-packages/airflow/example_dags/example_branch_operator.py
[2022-06-18 06:46:49,880] {processor.py:651} INFO - DAG(s) dict_keys(['example_branch_operator']) retrieved from /home/airflow/.local/lib/python3.7/site-packages/airflow/example_dags/example_branch_operator.py
[2022-06-18 06:46:49,902] {logging_mixin.py:115} INFO - [2022-06-18 06:46:49,902] {dag.py:2379} INFO - Sync 1 DAGs
[2022-06-18 06:46:49,927] {logging_mixin.py:115} INFO - [2022-06-18 06:46:49,927] {dag.py:2931} INFO - Setting next_dagrun for example_branch_operator to 2022-06-17T00:00:00+00:00, run_after=2022-06-18T00:00:00+00:00
[2022-06-18 06:46:49,949] {processor.py:161} INFO - Processing /home/airflow/.local/lib/python3.7/site-packages/airflow/example_dags/example_branch_operator.py took 0.098 seconds
