[2022-06-18 06:01:17,631] {processor.py:153} INFO - Started process (PID=56) to work on /home/airflow/.local/lib/python3.7/site-packages/airflow/example_dags/example_xcomargs.py
[2022-06-18 06:01:17,631] {processor.py:641} INFO - Processing file /home/airflow/.local/lib/python3.7/site-packages/airflow/example_dags/example_xcomargs.py for tasks to queue
[2022-06-18 06:01:17,631] {logging_mixin.py:115} INFO - [2022-06-18 06:01:17,631] {dagbag.py:507} INFO - Filling up the DagBag from /home/airflow/.local/lib/python3.7/site-packages/airflow/example_dags/example_xcomargs.py
[2022-06-18 06:01:17,655] {processor.py:651} INFO - DAG(s) dict_keys(['example_xcom_args', 'example_xcom_args_with_operators']) retrieved from /home/airflow/.local/lib/python3.7/site-packages/airflow/example_dags/example_xcomargs.py
[2022-06-18 06:01:17,831] {logging_mixin.py:115} INFO - [2022-06-18 06:01:17,831] {dag.py:2379} INFO - Sync 2 DAGs
[2022-06-18 06:01:17,857] {logging_mixin.py:115} INFO - [2022-06-18 06:01:17,857] {dag.py:2931} INFO - Setting next_dagrun for example_xcom_args to None, run_after=None
[2022-06-18 06:01:17,857] {logging_mixin.py:115} INFO - [2022-06-18 06:01:17,857] {dag.py:2931} INFO - Setting next_dagrun for example_xcom_args_with_operators to None, run_after=None
[2022-06-18 06:01:18,238] {processor.py:161} INFO - Processing /home/airflow/.local/lib/python3.7/site-packages/airflow/example_dags/example_xcomargs.py took 0.612 seconds
[2022-06-18 06:01:49,134] {processor.py:153} INFO - Started process (PID=109) to work on /home/airflow/.local/lib/python3.7/site-packages/airflow/example_dags/example_xcomargs.py
[2022-06-18 06:01:49,151] {processor.py:641} INFO - Processing file /home/airflow/.local/lib/python3.7/site-packages/airflow/example_dags/example_xcomargs.py for tasks to queue
[2022-06-18 06:01:49,151] {logging_mixin.py:115} INFO - [2022-06-18 06:01:49,151] {dagbag.py:507} INFO - Filling up the DagBag from /home/airflow/.local/lib/python3.7/site-packages/airflow/example_dags/example_xcomargs.py
[2022-06-18 06:01:49,174] {processor.py:651} INFO - DAG(s) dict_keys(['example_xcom_args', 'example_xcom_args_with_operators']) retrieved from /home/airflow/.local/lib/python3.7/site-packages/airflow/example_dags/example_xcomargs.py
[2022-06-18 06:01:49,349] {logging_mixin.py:115} INFO - [2022-06-18 06:01:49,349] {dag.py:2379} INFO - Sync 2 DAGs
[2022-06-18 06:01:49,369] {logging_mixin.py:115} INFO - [2022-06-18 06:01:49,369] {dag.py:2931} INFO - Setting next_dagrun for example_xcom_args to None, run_after=None
[2022-06-18 06:01:49,370] {logging_mixin.py:115} INFO - [2022-06-18 06:01:49,369] {dag.py:2931} INFO - Setting next_dagrun for example_xcom_args_with_operators to None, run_after=None
[2022-06-18 06:01:49,384] {processor.py:161} INFO - Processing /home/airflow/.local/lib/python3.7/site-packages/airflow/example_dags/example_xcomargs.py took 0.254 seconds
[2022-06-18 06:02:20,143] {processor.py:153} INFO - Started process (PID=173) to work on /home/airflow/.local/lib/python3.7/site-packages/airflow/example_dags/example_xcomargs.py
[2022-06-18 06:02:20,148] {processor.py:641} INFO - Processing file /home/airflow/.local/lib/python3.7/site-packages/airflow/example_dags/example_xcomargs.py for tasks to queue
[2022-06-18 06:02:20,148] {logging_mixin.py:115} INFO - [2022-06-18 06:02:20,148] {dagbag.py:507} INFO - Filling up the DagBag from /home/airflow/.local/lib/python3.7/site-packages/airflow/example_dags/example_xcomargs.py
[2022-06-18 06:02:20,166] {processor.py:651} INFO - DAG(s) dict_keys(['example_xcom_args', 'example_xcom_args_with_operators']) retrieved from /home/airflow/.local/lib/python3.7/site-packages/airflow/example_dags/example_xcomargs.py
[2022-06-18 06:02:20,361] {logging_mixin.py:115} INFO - [2022-06-18 06:02:20,361] {dag.py:2379} INFO - Sync 2 DAGs
[2022-06-18 06:02:20,392] {logging_mixin.py:115} INFO - [2022-06-18 06:02:20,392] {dag.py:2931} INFO - Setting next_dagrun for example_xcom_args to None, run_after=None
[2022-06-18 06:02:20,392] {logging_mixin.py:115} INFO - [2022-06-18 06:02:20,392] {dag.py:2931} INFO - Setting next_dagrun for example_xcom_args_with_operators to None, run_after=None
[2022-06-18 06:02:20,422] {processor.py:161} INFO - Processing /home/airflow/.local/lib/python3.7/site-packages/airflow/example_dags/example_xcomargs.py took 0.282 seconds
[2022-06-18 06:02:50,588] {processor.py:153} INFO - Started process (PID=235) to work on /home/airflow/.local/lib/python3.7/site-packages/airflow/example_dags/example_xcomargs.py
[2022-06-18 06:02:50,588] {processor.py:641} INFO - Processing file /home/airflow/.local/lib/python3.7/site-packages/airflow/example_dags/example_xcomargs.py for tasks to queue
[2022-06-18 06:02:50,589] {logging_mixin.py:115} INFO - [2022-06-18 06:02:50,589] {dagbag.py:507} INFO - Filling up the DagBag from /home/airflow/.local/lib/python3.7/site-packages/airflow/example_dags/example_xcomargs.py
[2022-06-18 06:02:50,604] {processor.py:651} INFO - DAG(s) dict_keys(['example_xcom_args', 'example_xcom_args_with_operators']) retrieved from /home/airflow/.local/lib/python3.7/site-packages/airflow/example_dags/example_xcomargs.py
[2022-06-18 06:02:50,762] {logging_mixin.py:115} INFO - [2022-06-18 06:02:50,762] {dag.py:2379} INFO - Sync 2 DAGs
[2022-06-18 06:02:50,784] {logging_mixin.py:115} INFO - [2022-06-18 06:02:50,784] {dag.py:2931} INFO - Setting next_dagrun for example_xcom_args to None, run_after=None
[2022-06-18 06:02:50,785] {logging_mixin.py:115} INFO - [2022-06-18 06:02:50,785] {dag.py:2931} INFO - Setting next_dagrun for example_xcom_args_with_operators to None, run_after=None
[2022-06-18 06:02:50,822] {processor.py:161} INFO - Processing /home/airflow/.local/lib/python3.7/site-packages/airflow/example_dags/example_xcomargs.py took 0.238 seconds
[2022-06-18 06:03:21,139] {processor.py:153} INFO - Started process (PID=290) to work on /home/airflow/.local/lib/python3.7/site-packages/airflow/example_dags/example_xcomargs.py
[2022-06-18 06:03:21,140] {processor.py:641} INFO - Processing file /home/airflow/.local/lib/python3.7/site-packages/airflow/example_dags/example_xcomargs.py for tasks to queue
[2022-06-18 06:03:21,140] {logging_mixin.py:115} INFO - [2022-06-18 06:03:21,140] {dagbag.py:507} INFO - Filling up the DagBag from /home/airflow/.local/lib/python3.7/site-packages/airflow/example_dags/example_xcomargs.py
[2022-06-18 06:03:21,155] {processor.py:651} INFO - DAG(s) dict_keys(['example_xcom_args', 'example_xcom_args_with_operators']) retrieved from /home/airflow/.local/lib/python3.7/site-packages/airflow/example_dags/example_xcomargs.py
[2022-06-18 06:03:21,336] {logging_mixin.py:115} INFO - [2022-06-18 06:03:21,336] {dag.py:2379} INFO - Sync 2 DAGs
[2022-06-18 06:03:21,357] {logging_mixin.py:115} INFO - [2022-06-18 06:03:21,357] {dag.py:2931} INFO - Setting next_dagrun for example_xcom_args to None, run_after=None
[2022-06-18 06:03:21,357] {logging_mixin.py:115} INFO - [2022-06-18 06:03:21,357] {dag.py:2931} INFO - Setting next_dagrun for example_xcom_args_with_operators to None, run_after=None
[2022-06-18 06:03:21,378] {processor.py:161} INFO - Processing /home/airflow/.local/lib/python3.7/site-packages/airflow/example_dags/example_xcomargs.py took 0.242 seconds
[2022-06-18 06:03:51,466] {processor.py:153} INFO - Started process (PID=353) to work on /home/airflow/.local/lib/python3.7/site-packages/airflow/example_dags/example_xcomargs.py
[2022-06-18 06:03:51,467] {processor.py:641} INFO - Processing file /home/airflow/.local/lib/python3.7/site-packages/airflow/example_dags/example_xcomargs.py for tasks to queue
[2022-06-18 06:03:51,468] {logging_mixin.py:115} INFO - [2022-06-18 06:03:51,468] {dagbag.py:507} INFO - Filling up the DagBag from /home/airflow/.local/lib/python3.7/site-packages/airflow/example_dags/example_xcomargs.py
[2022-06-18 06:03:51,486] {processor.py:651} INFO - DAG(s) dict_keys(['example_xcom_args', 'example_xcom_args_with_operators']) retrieved from /home/airflow/.local/lib/python3.7/site-packages/airflow/example_dags/example_xcomargs.py
[2022-06-18 06:03:51,646] {logging_mixin.py:115} INFO - [2022-06-18 06:03:51,646] {dag.py:2379} INFO - Sync 2 DAGs
[2022-06-18 06:03:51,675] {logging_mixin.py:115} INFO - [2022-06-18 06:03:51,675] {dag.py:2931} INFO - Setting next_dagrun for example_xcom_args to None, run_after=None
[2022-06-18 06:03:51,676] {logging_mixin.py:115} INFO - [2022-06-18 06:03:51,675] {dag.py:2931} INFO - Setting next_dagrun for example_xcom_args_with_operators to None, run_after=None
[2022-06-18 06:03:51,706] {processor.py:161} INFO - Processing /home/airflow/.local/lib/python3.7/site-packages/airflow/example_dags/example_xcomargs.py took 0.243 seconds
[2022-06-18 06:04:21,814] {processor.py:153} INFO - Started process (PID=417) to work on /home/airflow/.local/lib/python3.7/site-packages/airflow/example_dags/example_xcomargs.py
[2022-06-18 06:04:21,815] {processor.py:641} INFO - Processing file /home/airflow/.local/lib/python3.7/site-packages/airflow/example_dags/example_xcomargs.py for tasks to queue
[2022-06-18 06:04:21,815] {logging_mixin.py:115} INFO - [2022-06-18 06:04:21,815] {dagbag.py:507} INFO - Filling up the DagBag from /home/airflow/.local/lib/python3.7/site-packages/airflow/example_dags/example_xcomargs.py
[2022-06-18 06:04:21,830] {processor.py:651} INFO - DAG(s) dict_keys(['example_xcom_args', 'example_xcom_args_with_operators']) retrieved from /home/airflow/.local/lib/python3.7/site-packages/airflow/example_dags/example_xcomargs.py
[2022-06-18 06:04:21,986] {logging_mixin.py:115} INFO - [2022-06-18 06:04:21,986] {dag.py:2379} INFO - Sync 2 DAGs
[2022-06-18 06:04:22,006] {logging_mixin.py:115} INFO - [2022-06-18 06:04:22,006] {dag.py:2931} INFO - Setting next_dagrun for example_xcom_args to None, run_after=None
[2022-06-18 06:04:22,006] {logging_mixin.py:115} INFO - [2022-06-18 06:04:22,006] {dag.py:2931} INFO - Setting next_dagrun for example_xcom_args_with_operators to None, run_after=None
[2022-06-18 06:04:22,018] {processor.py:161} INFO - Processing /home/airflow/.local/lib/python3.7/site-packages/airflow/example_dags/example_xcomargs.py took 0.208 seconds
[2022-06-18 06:04:52,663] {processor.py:153} INFO - Started process (PID=471) to work on /home/airflow/.local/lib/python3.7/site-packages/airflow/example_dags/example_xcomargs.py
[2022-06-18 06:04:52,664] {processor.py:641} INFO - Processing file /home/airflow/.local/lib/python3.7/site-packages/airflow/example_dags/example_xcomargs.py for tasks to queue
[2022-06-18 06:04:52,664] {logging_mixin.py:115} INFO - [2022-06-18 06:04:52,664] {dagbag.py:507} INFO - Filling up the DagBag from /home/airflow/.local/lib/python3.7/site-packages/airflow/example_dags/example_xcomargs.py
[2022-06-18 06:04:52,678] {processor.py:651} INFO - DAG(s) dict_keys(['example_xcom_args', 'example_xcom_args_with_operators']) retrieved from /home/airflow/.local/lib/python3.7/site-packages/airflow/example_dags/example_xcomargs.py
[2022-06-18 06:04:52,849] {logging_mixin.py:115} INFO - [2022-06-18 06:04:52,849] {dag.py:2379} INFO - Sync 2 DAGs
[2022-06-18 06:04:52,868] {logging_mixin.py:115} INFO - [2022-06-18 06:04:52,868] {dag.py:2931} INFO - Setting next_dagrun for example_xcom_args to None, run_after=None
[2022-06-18 06:04:52,868] {logging_mixin.py:115} INFO - [2022-06-18 06:04:52,868] {dag.py:2931} INFO - Setting next_dagrun for example_xcom_args_with_operators to None, run_after=None
[2022-06-18 06:04:52,889] {processor.py:161} INFO - Processing /home/airflow/.local/lib/python3.7/site-packages/airflow/example_dags/example_xcomargs.py took 0.229 seconds
[2022-06-18 06:05:23,082] {processor.py:153} INFO - Started process (PID=535) to work on /home/airflow/.local/lib/python3.7/site-packages/airflow/example_dags/example_xcomargs.py
[2022-06-18 06:05:23,083] {processor.py:641} INFO - Processing file /home/airflow/.local/lib/python3.7/site-packages/airflow/example_dags/example_xcomargs.py for tasks to queue
[2022-06-18 06:05:23,084] {logging_mixin.py:115} INFO - [2022-06-18 06:05:23,083] {dagbag.py:507} INFO - Filling up the DagBag from /home/airflow/.local/lib/python3.7/site-packages/airflow/example_dags/example_xcomargs.py
[2022-06-18 06:05:23,098] {processor.py:651} INFO - DAG(s) dict_keys(['example_xcom_args', 'example_xcom_args_with_operators']) retrieved from /home/airflow/.local/lib/python3.7/site-packages/airflow/example_dags/example_xcomargs.py
[2022-06-18 06:05:23,266] {logging_mixin.py:115} INFO - [2022-06-18 06:05:23,266] {dag.py:2379} INFO - Sync 2 DAGs
[2022-06-18 06:05:23,289] {logging_mixin.py:115} INFO - [2022-06-18 06:05:23,289] {dag.py:2931} INFO - Setting next_dagrun for example_xcom_args to None, run_after=None
[2022-06-18 06:05:23,289] {logging_mixin.py:115} INFO - [2022-06-18 06:05:23,289] {dag.py:2931} INFO - Setting next_dagrun for example_xcom_args_with_operators to None, run_after=None
[2022-06-18 06:05:23,304] {processor.py:161} INFO - Processing /home/airflow/.local/lib/python3.7/site-packages/airflow/example_dags/example_xcomargs.py took 0.226 seconds
[2022-06-18 06:05:53,649] {processor.py:153} INFO - Started process (PID=597) to work on /home/airflow/.local/lib/python3.7/site-packages/airflow/example_dags/example_xcomargs.py
[2022-06-18 06:05:53,680] {processor.py:641} INFO - Processing file /home/airflow/.local/lib/python3.7/site-packages/airflow/example_dags/example_xcomargs.py for tasks to queue
[2022-06-18 06:05:53,681] {logging_mixin.py:115} INFO - [2022-06-18 06:05:53,680] {dagbag.py:507} INFO - Filling up the DagBag from /home/airflow/.local/lib/python3.7/site-packages/airflow/example_dags/example_xcomargs.py
[2022-06-18 06:05:53,702] {processor.py:651} INFO - DAG(s) dict_keys(['example_xcom_args', 'example_xcom_args_with_operators']) retrieved from /home/airflow/.local/lib/python3.7/site-packages/airflow/example_dags/example_xcomargs.py
[2022-06-18 06:05:53,853] {logging_mixin.py:115} INFO - [2022-06-18 06:05:53,853] {dag.py:2379} INFO - Sync 2 DAGs
[2022-06-18 06:05:53,873] {logging_mixin.py:115} INFO - [2022-06-18 06:05:53,873] {dag.py:2931} INFO - Setting next_dagrun for example_xcom_args to None, run_after=None
[2022-06-18 06:05:53,873] {logging_mixin.py:115} INFO - [2022-06-18 06:05:53,873] {dag.py:2931} INFO - Setting next_dagrun for example_xcom_args_with_operators to None, run_after=None
[2022-06-18 06:05:53,887] {processor.py:161} INFO - Processing /home/airflow/.local/lib/python3.7/site-packages/airflow/example_dags/example_xcomargs.py took 0.243 seconds
[2022-06-18 06:06:24,075] {processor.py:153} INFO - Started process (PID=651) to work on /home/airflow/.local/lib/python3.7/site-packages/airflow/example_dags/example_xcomargs.py
[2022-06-18 06:06:24,088] {processor.py:641} INFO - Processing file /home/airflow/.local/lib/python3.7/site-packages/airflow/example_dags/example_xcomargs.py for tasks to queue
[2022-06-18 06:06:24,089] {logging_mixin.py:115} INFO - [2022-06-18 06:06:24,089] {dagbag.py:507} INFO - Filling up the DagBag from /home/airflow/.local/lib/python3.7/site-packages/airflow/example_dags/example_xcomargs.py
[2022-06-18 06:06:24,107] {processor.py:651} INFO - DAG(s) dict_keys(['example_xcom_args', 'example_xcom_args_with_operators']) retrieved from /home/airflow/.local/lib/python3.7/site-packages/airflow/example_dags/example_xcomargs.py
[2022-06-18 06:06:24,281] {logging_mixin.py:115} INFO - [2022-06-18 06:06:24,281] {dag.py:2379} INFO - Sync 2 DAGs
[2022-06-18 06:06:24,305] {logging_mixin.py:115} INFO - [2022-06-18 06:06:24,305] {dag.py:2931} INFO - Setting next_dagrun for example_xcom_args to None, run_after=None
[2022-06-18 06:06:24,306] {logging_mixin.py:115} INFO - [2022-06-18 06:06:24,306] {dag.py:2931} INFO - Setting next_dagrun for example_xcom_args_with_operators to None, run_after=None
[2022-06-18 06:06:24,330] {processor.py:161} INFO - Processing /home/airflow/.local/lib/python3.7/site-packages/airflow/example_dags/example_xcomargs.py took 0.258 seconds
[2022-06-18 06:39:39,090] {processor.py:153} INFO - Started process (PID=50) to work on /home/airflow/.local/lib/python3.7/site-packages/airflow/example_dags/example_xcomargs.py
[2022-06-18 06:39:39,105] {processor.py:641} INFO - Processing file /home/airflow/.local/lib/python3.7/site-packages/airflow/example_dags/example_xcomargs.py for tasks to queue
[2022-06-18 06:39:39,106] {logging_mixin.py:115} INFO - [2022-06-18 06:39:39,105] {dagbag.py:507} INFO - Filling up the DagBag from /home/airflow/.local/lib/python3.7/site-packages/airflow/example_dags/example_xcomargs.py
[2022-06-18 06:39:39,128] {processor.py:651} INFO - DAG(s) dict_keys(['example_xcom_args', 'example_xcom_args_with_operators']) retrieved from /home/airflow/.local/lib/python3.7/site-packages/airflow/example_dags/example_xcomargs.py
[2022-06-18 06:39:39,219] {logging_mixin.py:115} INFO - [2022-06-18 06:39:39,218] {dag.py:2379} INFO - Sync 2 DAGs
[2022-06-18 06:39:39,248] {logging_mixin.py:115} INFO - [2022-06-18 06:39:39,247] {dag.py:2931} INFO - Setting next_dagrun for example_xcom_args to None, run_after=None
[2022-06-18 06:39:39,248] {logging_mixin.py:115} INFO - [2022-06-18 06:39:39,248] {dag.py:2931} INFO - Setting next_dagrun for example_xcom_args_with_operators to None, run_after=None
[2022-06-18 06:39:39,362] {processor.py:161} INFO - Processing /home/airflow/.local/lib/python3.7/site-packages/airflow/example_dags/example_xcomargs.py took 0.274 seconds
[2022-06-18 06:40:09,768] {processor.py:153} INFO - Started process (PID=115) to work on /home/airflow/.local/lib/python3.7/site-packages/airflow/example_dags/example_xcomargs.py
[2022-06-18 06:40:09,769] {processor.py:641} INFO - Processing file /home/airflow/.local/lib/python3.7/site-packages/airflow/example_dags/example_xcomargs.py for tasks to queue
[2022-06-18 06:40:09,770] {logging_mixin.py:115} INFO - [2022-06-18 06:40:09,770] {dagbag.py:507} INFO - Filling up the DagBag from /home/airflow/.local/lib/python3.7/site-packages/airflow/example_dags/example_xcomargs.py
[2022-06-18 06:40:09,789] {processor.py:651} INFO - DAG(s) dict_keys(['example_xcom_args', 'example_xcom_args_with_operators']) retrieved from /home/airflow/.local/lib/python3.7/site-packages/airflow/example_dags/example_xcomargs.py
[2022-06-18 06:40:09,864] {logging_mixin.py:115} INFO - [2022-06-18 06:40:09,864] {dag.py:2379} INFO - Sync 2 DAGs
[2022-06-18 06:40:09,892] {logging_mixin.py:115} INFO - [2022-06-18 06:40:09,892] {dag.py:2931} INFO - Setting next_dagrun for example_xcom_args to None, run_after=None
[2022-06-18 06:40:09,892] {logging_mixin.py:115} INFO - [2022-06-18 06:40:09,892] {dag.py:2931} INFO - Setting next_dagrun for example_xcom_args_with_operators to None, run_after=None
[2022-06-18 06:40:09,996] {processor.py:161} INFO - Processing /home/airflow/.local/lib/python3.7/site-packages/airflow/example_dags/example_xcomargs.py took 0.232 seconds
[2022-06-18 06:40:40,379] {processor.py:153} INFO - Started process (PID=178) to work on /home/airflow/.local/lib/python3.7/site-packages/airflow/example_dags/example_xcomargs.py
[2022-06-18 06:40:40,380] {processor.py:641} INFO - Processing file /home/airflow/.local/lib/python3.7/site-packages/airflow/example_dags/example_xcomargs.py for tasks to queue
[2022-06-18 06:40:40,380] {logging_mixin.py:115} INFO - [2022-06-18 06:40:40,380] {dagbag.py:507} INFO - Filling up the DagBag from /home/airflow/.local/lib/python3.7/site-packages/airflow/example_dags/example_xcomargs.py
[2022-06-18 06:40:40,402] {processor.py:651} INFO - DAG(s) dict_keys(['example_xcom_args', 'example_xcom_args_with_operators']) retrieved from /home/airflow/.local/lib/python3.7/site-packages/airflow/example_dags/example_xcomargs.py
[2022-06-18 06:40:40,486] {logging_mixin.py:115} INFO - [2022-06-18 06:40:40,486] {dag.py:2379} INFO - Sync 2 DAGs
[2022-06-18 06:40:40,515] {logging_mixin.py:115} INFO - [2022-06-18 06:40:40,515] {dag.py:2931} INFO - Setting next_dagrun for example_xcom_args to None, run_after=None
[2022-06-18 06:40:40,515] {logging_mixin.py:115} INFO - [2022-06-18 06:40:40,515] {dag.py:2931} INFO - Setting next_dagrun for example_xcom_args_with_operators to None, run_after=None
[2022-06-18 06:40:40,671] {processor.py:161} INFO - Processing /home/airflow/.local/lib/python3.7/site-packages/airflow/example_dags/example_xcomargs.py took 0.296 seconds
[2022-06-18 06:41:11,219] {processor.py:153} INFO - Started process (PID=233) to work on /home/airflow/.local/lib/python3.7/site-packages/airflow/example_dags/example_xcomargs.py
[2022-06-18 06:41:11,220] {processor.py:641} INFO - Processing file /home/airflow/.local/lib/python3.7/site-packages/airflow/example_dags/example_xcomargs.py for tasks to queue
[2022-06-18 06:41:11,220] {logging_mixin.py:115} INFO - [2022-06-18 06:41:11,220] {dagbag.py:507} INFO - Filling up the DagBag from /home/airflow/.local/lib/python3.7/site-packages/airflow/example_dags/example_xcomargs.py
[2022-06-18 06:41:11,236] {processor.py:651} INFO - DAG(s) dict_keys(['example_xcom_args', 'example_xcom_args_with_operators']) retrieved from /home/airflow/.local/lib/python3.7/site-packages/airflow/example_dags/example_xcomargs.py
[2022-06-18 06:41:11,314] {logging_mixin.py:115} INFO - [2022-06-18 06:41:11,314] {dag.py:2379} INFO - Sync 2 DAGs
[2022-06-18 06:41:11,348] {logging_mixin.py:115} INFO - [2022-06-18 06:41:11,348] {dag.py:2931} INFO - Setting next_dagrun for example_xcom_args to None, run_after=None
[2022-06-18 06:41:11,349] {logging_mixin.py:115} INFO - [2022-06-18 06:41:11,349] {dag.py:2931} INFO - Setting next_dagrun for example_xcom_args_with_operators to None, run_after=None
[2022-06-18 06:41:11,480] {processor.py:161} INFO - Processing /home/airflow/.local/lib/python3.7/site-packages/airflow/example_dags/example_xcomargs.py took 0.265 seconds
[2022-06-18 06:41:42,312] {processor.py:153} INFO - Started process (PID=295) to work on /home/airflow/.local/lib/python3.7/site-packages/airflow/example_dags/example_xcomargs.py
[2022-06-18 06:41:42,313] {processor.py:641} INFO - Processing file /home/airflow/.local/lib/python3.7/site-packages/airflow/example_dags/example_xcomargs.py for tasks to queue
[2022-06-18 06:41:42,313] {logging_mixin.py:115} INFO - [2022-06-18 06:41:42,313] {dagbag.py:507} INFO - Filling up the DagBag from /home/airflow/.local/lib/python3.7/site-packages/airflow/example_dags/example_xcomargs.py
[2022-06-18 06:41:42,332] {processor.py:651} INFO - DAG(s) dict_keys(['example_xcom_args', 'example_xcom_args_with_operators']) retrieved from /home/airflow/.local/lib/python3.7/site-packages/airflow/example_dags/example_xcomargs.py
[2022-06-18 06:41:42,410] {logging_mixin.py:115} INFO - [2022-06-18 06:41:42,410] {dag.py:2379} INFO - Sync 2 DAGs
[2022-06-18 06:41:42,440] {logging_mixin.py:115} INFO - [2022-06-18 06:41:42,440] {dag.py:2931} INFO - Setting next_dagrun for example_xcom_args to None, run_after=None
[2022-06-18 06:41:42,440] {logging_mixin.py:115} INFO - [2022-06-18 06:41:42,440] {dag.py:2931} INFO - Setting next_dagrun for example_xcom_args_with_operators to None, run_after=None
[2022-06-18 06:41:42,562] {processor.py:161} INFO - Processing /home/airflow/.local/lib/python3.7/site-packages/airflow/example_dags/example_xcomargs.py took 0.251 seconds
[2022-06-18 06:42:13,121] {processor.py:153} INFO - Started process (PID=358) to work on /home/airflow/.local/lib/python3.7/site-packages/airflow/example_dags/example_xcomargs.py
[2022-06-18 06:42:13,144] {processor.py:641} INFO - Processing file /home/airflow/.local/lib/python3.7/site-packages/airflow/example_dags/example_xcomargs.py for tasks to queue
[2022-06-18 06:42:13,145] {logging_mixin.py:115} INFO - [2022-06-18 06:42:13,145] {dagbag.py:507} INFO - Filling up the DagBag from /home/airflow/.local/lib/python3.7/site-packages/airflow/example_dags/example_xcomargs.py
[2022-06-18 06:42:13,170] {processor.py:651} INFO - DAG(s) dict_keys(['example_xcom_args', 'example_xcom_args_with_operators']) retrieved from /home/airflow/.local/lib/python3.7/site-packages/airflow/example_dags/example_xcomargs.py
[2022-06-18 06:42:13,245] {logging_mixin.py:115} INFO - [2022-06-18 06:42:13,245] {dag.py:2379} INFO - Sync 2 DAGs
[2022-06-18 06:42:13,269] {logging_mixin.py:115} INFO - [2022-06-18 06:42:13,269] {dag.py:2931} INFO - Setting next_dagrun for example_xcom_args to None, run_after=None
[2022-06-18 06:42:13,269] {logging_mixin.py:115} INFO - [2022-06-18 06:42:13,269] {dag.py:2931} INFO - Setting next_dagrun for example_xcom_args_with_operators to None, run_after=None
[2022-06-18 06:42:13,376] {processor.py:161} INFO - Processing /home/airflow/.local/lib/python3.7/site-packages/airflow/example_dags/example_xcomargs.py took 0.259 seconds
[2022-06-18 06:42:43,962] {processor.py:153} INFO - Started process (PID=412) to work on /home/airflow/.local/lib/python3.7/site-packages/airflow/example_dags/example_xcomargs.py
[2022-06-18 06:42:43,962] {processor.py:641} INFO - Processing file /home/airflow/.local/lib/python3.7/site-packages/airflow/example_dags/example_xcomargs.py for tasks to queue
[2022-06-18 06:42:43,964] {logging_mixin.py:115} INFO - [2022-06-18 06:42:43,964] {dagbag.py:507} INFO - Filling up the DagBag from /home/airflow/.local/lib/python3.7/site-packages/airflow/example_dags/example_xcomargs.py
[2022-06-18 06:42:43,981] {processor.py:651} INFO - DAG(s) dict_keys(['example_xcom_args', 'example_xcom_args_with_operators']) retrieved from /home/airflow/.local/lib/python3.7/site-packages/airflow/example_dags/example_xcomargs.py
[2022-06-18 06:42:44,004] {logging_mixin.py:115} INFO - [2022-06-18 06:42:44,004] {dag.py:2379} INFO - Sync 2 DAGs
[2022-06-18 06:42:44,027] {logging_mixin.py:115} INFO - [2022-06-18 06:42:44,026] {dag.py:2931} INFO - Setting next_dagrun for example_xcom_args to None, run_after=None
[2022-06-18 06:42:44,027] {logging_mixin.py:115} INFO - [2022-06-18 06:42:44,027] {dag.py:2931} INFO - Setting next_dagrun for example_xcom_args_with_operators to None, run_after=None
[2022-06-18 06:42:44,041] {processor.py:161} INFO - Processing /home/airflow/.local/lib/python3.7/site-packages/airflow/example_dags/example_xcomargs.py took 0.083 seconds
[2022-06-18 06:43:14,388] {processor.py:153} INFO - Started process (PID=474) to work on /home/airflow/.local/lib/python3.7/site-packages/airflow/example_dags/example_xcomargs.py
[2022-06-18 06:43:14,403] {processor.py:641} INFO - Processing file /home/airflow/.local/lib/python3.7/site-packages/airflow/example_dags/example_xcomargs.py for tasks to queue
[2022-06-18 06:43:14,404] {logging_mixin.py:115} INFO - [2022-06-18 06:43:14,404] {dagbag.py:507} INFO - Filling up the DagBag from /home/airflow/.local/lib/python3.7/site-packages/airflow/example_dags/example_xcomargs.py
[2022-06-18 06:43:14,425] {processor.py:651} INFO - DAG(s) dict_keys(['example_xcom_args', 'example_xcom_args_with_operators']) retrieved from /home/airflow/.local/lib/python3.7/site-packages/airflow/example_dags/example_xcomargs.py
[2022-06-18 06:43:14,513] {logging_mixin.py:115} INFO - [2022-06-18 06:43:14,513] {dag.py:2379} INFO - Sync 2 DAGs
[2022-06-18 06:43:14,537] {logging_mixin.py:115} INFO - [2022-06-18 06:43:14,537] {dag.py:2931} INFO - Setting next_dagrun for example_xcom_args to None, run_after=None
[2022-06-18 06:43:14,537] {logging_mixin.py:115} INFO - [2022-06-18 06:43:14,537] {dag.py:2931} INFO - Setting next_dagrun for example_xcom_args_with_operators to None, run_after=None
[2022-06-18 06:43:14,644] {processor.py:161} INFO - Processing /home/airflow/.local/lib/python3.7/site-packages/airflow/example_dags/example_xcomargs.py took 0.260 seconds
[2022-06-18 06:43:45,321] {processor.py:153} INFO - Started process (PID=529) to work on /home/airflow/.local/lib/python3.7/site-packages/airflow/example_dags/example_xcomargs.py
[2022-06-18 06:43:45,336] {processor.py:641} INFO - Processing file /home/airflow/.local/lib/python3.7/site-packages/airflow/example_dags/example_xcomargs.py for tasks to queue
[2022-06-18 06:43:45,336] {logging_mixin.py:115} INFO - [2022-06-18 06:43:45,336] {dagbag.py:507} INFO - Filling up the DagBag from /home/airflow/.local/lib/python3.7/site-packages/airflow/example_dags/example_xcomargs.py
[2022-06-18 06:43:45,365] {processor.py:651} INFO - DAG(s) dict_keys(['example_xcom_args', 'example_xcom_args_with_operators']) retrieved from /home/airflow/.local/lib/python3.7/site-packages/airflow/example_dags/example_xcomargs.py
[2022-06-18 06:43:45,474] {logging_mixin.py:115} INFO - [2022-06-18 06:43:45,474] {dag.py:2379} INFO - Sync 2 DAGs
[2022-06-18 06:43:45,508] {logging_mixin.py:115} INFO - [2022-06-18 06:43:45,508] {dag.py:2931} INFO - Setting next_dagrun for example_xcom_args to None, run_after=None
[2022-06-18 06:43:45,509] {logging_mixin.py:115} INFO - [2022-06-18 06:43:45,509] {dag.py:2931} INFO - Setting next_dagrun for example_xcom_args_with_operators to None, run_after=None
[2022-06-18 06:43:45,634] {processor.py:161} INFO - Processing /home/airflow/.local/lib/python3.7/site-packages/airflow/example_dags/example_xcomargs.py took 0.317 seconds
[2022-06-18 06:44:16,216] {processor.py:153} INFO - Started process (PID=592) to work on /home/airflow/.local/lib/python3.7/site-packages/airflow/example_dags/example_xcomargs.py
[2022-06-18 06:44:16,216] {processor.py:641} INFO - Processing file /home/airflow/.local/lib/python3.7/site-packages/airflow/example_dags/example_xcomargs.py for tasks to queue
[2022-06-18 06:44:16,216] {logging_mixin.py:115} INFO - [2022-06-18 06:44:16,216] {dagbag.py:507} INFO - Filling up the DagBag from /home/airflow/.local/lib/python3.7/site-packages/airflow/example_dags/example_xcomargs.py
[2022-06-18 06:44:16,234] {processor.py:651} INFO - DAG(s) dict_keys(['example_xcom_args', 'example_xcom_args_with_operators']) retrieved from /home/airflow/.local/lib/python3.7/site-packages/airflow/example_dags/example_xcomargs.py
[2022-06-18 06:44:16,304] {logging_mixin.py:115} INFO - [2022-06-18 06:44:16,304] {dag.py:2379} INFO - Sync 2 DAGs
[2022-06-18 06:44:16,326] {logging_mixin.py:115} INFO - [2022-06-18 06:44:16,326] {dag.py:2931} INFO - Setting next_dagrun for example_xcom_args to None, run_after=None
[2022-06-18 06:44:16,327] {logging_mixin.py:115} INFO - [2022-06-18 06:44:16,327] {dag.py:2931} INFO - Setting next_dagrun for example_xcom_args_with_operators to None, run_after=None
[2022-06-18 06:44:16,445] {processor.py:161} INFO - Processing /home/airflow/.local/lib/python3.7/site-packages/airflow/example_dags/example_xcomargs.py took 0.231 seconds
[2022-06-18 06:44:46,896] {processor.py:153} INFO - Started process (PID=655) to work on /home/airflow/.local/lib/python3.7/site-packages/airflow/example_dags/example_xcomargs.py
[2022-06-18 06:44:46,899] {processor.py:641} INFO - Processing file /home/airflow/.local/lib/python3.7/site-packages/airflow/example_dags/example_xcomargs.py for tasks to queue
[2022-06-18 06:44:46,899] {logging_mixin.py:115} INFO - [2022-06-18 06:44:46,899] {dagbag.py:507} INFO - Filling up the DagBag from /home/airflow/.local/lib/python3.7/site-packages/airflow/example_dags/example_xcomargs.py
[2022-06-18 06:44:46,914] {processor.py:651} INFO - DAG(s) dict_keys(['example_xcom_args', 'example_xcom_args_with_operators']) retrieved from /home/airflow/.local/lib/python3.7/site-packages/airflow/example_dags/example_xcomargs.py
[2022-06-18 06:44:46,990] {logging_mixin.py:115} INFO - [2022-06-18 06:44:46,990] {dag.py:2379} INFO - Sync 2 DAGs
[2022-06-18 06:44:47,104] {logging_mixin.py:115} INFO - [2022-06-18 06:44:47,104] {dag.py:2931} INFO - Setting next_dagrun for example_xcom_args to None, run_after=None
[2022-06-18 06:44:47,104] {logging_mixin.py:115} INFO - [2022-06-18 06:44:47,104] {dag.py:2931} INFO - Setting next_dagrun for example_xcom_args_with_operators to None, run_after=None
[2022-06-18 06:44:47,135] {processor.py:161} INFO - Processing /home/airflow/.local/lib/python3.7/site-packages/airflow/example_dags/example_xcomargs.py took 0.243 seconds
[2022-06-18 06:45:17,486] {processor.py:153} INFO - Started process (PID=709) to work on /home/airflow/.local/lib/python3.7/site-packages/airflow/example_dags/example_xcomargs.py
[2022-06-18 06:45:17,486] {processor.py:641} INFO - Processing file /home/airflow/.local/lib/python3.7/site-packages/airflow/example_dags/example_xcomargs.py for tasks to queue
[2022-06-18 06:45:17,487] {logging_mixin.py:115} INFO - [2022-06-18 06:45:17,487] {dagbag.py:507} INFO - Filling up the DagBag from /home/airflow/.local/lib/python3.7/site-packages/airflow/example_dags/example_xcomargs.py
[2022-06-18 06:45:17,500] {processor.py:651} INFO - DAG(s) dict_keys(['example_xcom_args', 'example_xcom_args_with_operators']) retrieved from /home/airflow/.local/lib/python3.7/site-packages/airflow/example_dags/example_xcomargs.py
[2022-06-18 06:45:17,566] {logging_mixin.py:115} INFO - [2022-06-18 06:45:17,566] {dag.py:2379} INFO - Sync 2 DAGs
[2022-06-18 06:45:17,664] {logging_mixin.py:115} INFO - [2022-06-18 06:45:17,664] {dag.py:2931} INFO - Setting next_dagrun for example_xcom_args to None, run_after=None
[2022-06-18 06:45:17,665] {logging_mixin.py:115} INFO - [2022-06-18 06:45:17,665] {dag.py:2931} INFO - Setting next_dagrun for example_xcom_args_with_operators to None, run_after=None
[2022-06-18 06:45:17,690] {processor.py:161} INFO - Processing /home/airflow/.local/lib/python3.7/site-packages/airflow/example_dags/example_xcomargs.py took 0.208 seconds
[2022-06-18 06:45:48,370] {processor.py:153} INFO - Started process (PID=772) to work on /home/airflow/.local/lib/python3.7/site-packages/airflow/example_dags/example_xcomargs.py
[2022-06-18 06:45:48,388] {processor.py:641} INFO - Processing file /home/airflow/.local/lib/python3.7/site-packages/airflow/example_dags/example_xcomargs.py for tasks to queue
[2022-06-18 06:45:48,388] {logging_mixin.py:115} INFO - [2022-06-18 06:45:48,388] {dagbag.py:507} INFO - Filling up the DagBag from /home/airflow/.local/lib/python3.7/site-packages/airflow/example_dags/example_xcomargs.py
[2022-06-18 06:45:48,405] {processor.py:651} INFO - DAG(s) dict_keys(['example_xcom_args', 'example_xcom_args_with_operators']) retrieved from /home/airflow/.local/lib/python3.7/site-packages/airflow/example_dags/example_xcomargs.py
[2022-06-18 06:45:48,474] {logging_mixin.py:115} INFO - [2022-06-18 06:45:48,474] {dag.py:2379} INFO - Sync 2 DAGs
[2022-06-18 06:45:48,572] {logging_mixin.py:115} INFO - [2022-06-18 06:45:48,572] {dag.py:2931} INFO - Setting next_dagrun for example_xcom_args to None, run_after=None
[2022-06-18 06:45:48,573] {logging_mixin.py:115} INFO - [2022-06-18 06:45:48,573] {dag.py:2931} INFO - Setting next_dagrun for example_xcom_args_with_operators to None, run_after=None
[2022-06-18 06:45:48,607] {processor.py:161} INFO - Processing /home/airflow/.local/lib/python3.7/site-packages/airflow/example_dags/example_xcomargs.py took 0.241 seconds
[2022-06-18 06:46:18,819] {processor.py:153} INFO - Started process (PID=834) to work on /home/airflow/.local/lib/python3.7/site-packages/airflow/example_dags/example_xcomargs.py
[2022-06-18 06:46:18,837] {processor.py:641} INFO - Processing file /home/airflow/.local/lib/python3.7/site-packages/airflow/example_dags/example_xcomargs.py for tasks to queue
[2022-06-18 06:46:18,837] {logging_mixin.py:115} INFO - [2022-06-18 06:46:18,837] {dagbag.py:507} INFO - Filling up the DagBag from /home/airflow/.local/lib/python3.7/site-packages/airflow/example_dags/example_xcomargs.py
[2022-06-18 06:46:18,856] {processor.py:651} INFO - DAG(s) dict_keys(['example_xcom_args', 'example_xcom_args_with_operators']) retrieved from /home/airflow/.local/lib/python3.7/site-packages/airflow/example_dags/example_xcomargs.py
[2022-06-18 06:46:18,920] {logging_mixin.py:115} INFO - [2022-06-18 06:46:18,920] {dag.py:2379} INFO - Sync 2 DAGs
[2022-06-18 06:46:19,016] {logging_mixin.py:115} INFO - [2022-06-18 06:46:19,016] {dag.py:2931} INFO - Setting next_dagrun for example_xcom_args to None, run_after=None
[2022-06-18 06:46:19,016] {logging_mixin.py:115} INFO - [2022-06-18 06:46:19,016] {dag.py:2931} INFO - Setting next_dagrun for example_xcom_args_with_operators to None, run_after=None
[2022-06-18 06:46:19,042] {processor.py:161} INFO - Processing /home/airflow/.local/lib/python3.7/site-packages/airflow/example_dags/example_xcomargs.py took 0.227 seconds
[2022-06-18 06:46:49,119] {processor.py:153} INFO - Started process (PID=888) to work on /home/airflow/.local/lib/python3.7/site-packages/airflow/example_dags/example_xcomargs.py
[2022-06-18 06:46:49,120] {processor.py:641} INFO - Processing file /home/airflow/.local/lib/python3.7/site-packages/airflow/example_dags/example_xcomargs.py for tasks to queue
[2022-06-18 06:46:49,121] {logging_mixin.py:115} INFO - [2022-06-18 06:46:49,120] {dagbag.py:507} INFO - Filling up the DagBag from /home/airflow/.local/lib/python3.7/site-packages/airflow/example_dags/example_xcomargs.py
[2022-06-18 06:46:49,138] {processor.py:651} INFO - DAG(s) dict_keys(['example_xcom_args', 'example_xcom_args_with_operators']) retrieved from /home/airflow/.local/lib/python3.7/site-packages/airflow/example_dags/example_xcomargs.py
[2022-06-18 06:46:49,210] {logging_mixin.py:115} INFO - [2022-06-18 06:46:49,210] {dag.py:2379} INFO - Sync 2 DAGs
[2022-06-18 06:46:49,325] {logging_mixin.py:115} INFO - [2022-06-18 06:46:49,325] {dag.py:2931} INFO - Setting next_dagrun for example_xcom_args to None, run_after=None
[2022-06-18 06:46:49,325] {logging_mixin.py:115} INFO - [2022-06-18 06:46:49,325] {dag.py:2931} INFO - Setting next_dagrun for example_xcom_args_with_operators to None, run_after=None
[2022-06-18 06:46:49,340] {processor.py:161} INFO - Processing /home/airflow/.local/lib/python3.7/site-packages/airflow/example_dags/example_xcomargs.py took 0.225 seconds
