[2022-06-18 06:01:20,553] {processor.py:153} INFO - Started process (PID=69) to work on /home/airflow/.local/lib/python3.7/site-packages/airflow/example_dags/example_subdag_operator.py
[2022-06-18 06:01:20,554] {processor.py:641} INFO - Processing file /home/airflow/.local/lib/python3.7/site-packages/airflow/example_dags/example_subdag_operator.py for tasks to queue
[2022-06-18 06:01:20,555] {logging_mixin.py:115} INFO - [2022-06-18 06:01:20,554] {dagbag.py:507} INFO - Filling up the DagBag from /home/airflow/.local/lib/python3.7/site-packages/airflow/example_dags/example_subdag_operator.py
[2022-06-18 06:01:20,585] {processor.py:651} INFO - DAG(s) dict_keys(['example_subdag_operator.section-1', 'example_subdag_operator.section-2', 'example_subdag_operator']) retrieved from /home/airflow/.local/lib/python3.7/site-packages/airflow/example_dags/example_subdag_operator.py
[2022-06-18 06:01:20,754] {logging_mixin.py:115} INFO - [2022-06-18 06:01:20,753] {dag.py:2379} INFO - Sync 3 DAGs
[2022-06-18 06:01:20,774] {logging_mixin.py:115} INFO - [2022-06-18 06:01:20,774] {dag.py:2931} INFO - Setting next_dagrun for example_subdag_operator to 2022-01-01T00:00:00+00:00, run_after=2022-01-01T00:00:00+00:00
[2022-06-18 06:01:20,775] {logging_mixin.py:115} INFO - [2022-06-18 06:01:20,775] {dag.py:2931} INFO - Setting next_dagrun for example_subdag_operator.section-1 to None, run_after=None
[2022-06-18 06:01:20,775] {logging_mixin.py:115} INFO - [2022-06-18 06:01:20,775] {dag.py:2931} INFO - Setting next_dagrun for example_subdag_operator.section-2 to None, run_after=None
[2022-06-18 06:01:20,785] {logging_mixin.py:115} INFO - [2022-06-18 06:01:20,785] {dag.py:2379} INFO - Sync 2 DAGs
[2022-06-18 06:01:20,792] {logging_mixin.py:115} INFO - [2022-06-18 06:01:20,792] {dag.py:2931} INFO - Setting next_dagrun for example_subdag_operator.section-1 to None, run_after=None
[2022-06-18 06:01:20,793] {logging_mixin.py:115} INFO - [2022-06-18 06:01:20,793] {dag.py:2931} INFO - Setting next_dagrun for example_subdag_operator.section-2 to None, run_after=None
[2022-06-18 06:01:20,812] {processor.py:161} INFO - Processing /home/airflow/.local/lib/python3.7/site-packages/airflow/example_dags/example_subdag_operator.py took 0.262 seconds
[2022-06-18 06:01:51,121] {processor.py:153} INFO - Started process (PID=132) to work on /home/airflow/.local/lib/python3.7/site-packages/airflow/example_dags/example_subdag_operator.py
[2022-06-18 06:01:51,128] {processor.py:641} INFO - Processing file /home/airflow/.local/lib/python3.7/site-packages/airflow/example_dags/example_subdag_operator.py for tasks to queue
[2022-06-18 06:01:51,129] {logging_mixin.py:115} INFO - [2022-06-18 06:01:51,129] {dagbag.py:507} INFO - Filling up the DagBag from /home/airflow/.local/lib/python3.7/site-packages/airflow/example_dags/example_subdag_operator.py
[2022-06-18 06:01:51,159] {processor.py:651} INFO - DAG(s) dict_keys(['example_subdag_operator.section-1', 'example_subdag_operator.section-2', 'example_subdag_operator']) retrieved from /home/airflow/.local/lib/python3.7/site-packages/airflow/example_dags/example_subdag_operator.py
[2022-06-18 06:01:51,197] {logging_mixin.py:115} INFO - [2022-06-18 06:01:51,197] {dag.py:2379} INFO - Sync 3 DAGs
[2022-06-18 06:01:51,226] {logging_mixin.py:115} INFO - [2022-06-18 06:01:51,225] {dag.py:2931} INFO - Setting next_dagrun for example_subdag_operator to 2022-01-01T00:00:00+00:00, run_after=2022-01-01T00:00:00+00:00
[2022-06-18 06:01:51,226] {logging_mixin.py:115} INFO - [2022-06-18 06:01:51,226] {dag.py:2931} INFO - Setting next_dagrun for example_subdag_operator.section-1 to None, run_after=None
[2022-06-18 06:01:51,227] {logging_mixin.py:115} INFO - [2022-06-18 06:01:51,227] {dag.py:2931} INFO - Setting next_dagrun for example_subdag_operator.section-2 to None, run_after=None
[2022-06-18 06:01:51,331] {logging_mixin.py:115} INFO - [2022-06-18 06:01:51,331] {dag.py:2379} INFO - Sync 2 DAGs
[2022-06-18 06:01:51,337] {logging_mixin.py:115} INFO - [2022-06-18 06:01:51,337] {dag.py:2931} INFO - Setting next_dagrun for example_subdag_operator.section-1 to None, run_after=None
[2022-06-18 06:01:51,337] {logging_mixin.py:115} INFO - [2022-06-18 06:01:51,337] {dag.py:2931} INFO - Setting next_dagrun for example_subdag_operator.section-2 to None, run_after=None
[2022-06-18 06:01:51,683] {processor.py:161} INFO - Processing /home/airflow/.local/lib/python3.7/site-packages/airflow/example_dags/example_subdag_operator.py took 0.566 seconds
[2022-06-18 06:02:21,824] {processor.py:153} INFO - Started process (PID=187) to work on /home/airflow/.local/lib/python3.7/site-packages/airflow/example_dags/example_subdag_operator.py
[2022-06-18 06:02:21,824] {processor.py:641} INFO - Processing file /home/airflow/.local/lib/python3.7/site-packages/airflow/example_dags/example_subdag_operator.py for tasks to queue
[2022-06-18 06:02:21,824] {logging_mixin.py:115} INFO - [2022-06-18 06:02:21,824] {dagbag.py:507} INFO - Filling up the DagBag from /home/airflow/.local/lib/python3.7/site-packages/airflow/example_dags/example_subdag_operator.py
[2022-06-18 06:02:21,848] {processor.py:651} INFO - DAG(s) dict_keys(['example_subdag_operator.section-1', 'example_subdag_operator.section-2', 'example_subdag_operator']) retrieved from /home/airflow/.local/lib/python3.7/site-packages/airflow/example_dags/example_subdag_operator.py
[2022-06-18 06:02:21,880] {logging_mixin.py:115} INFO - [2022-06-18 06:02:21,880] {dag.py:2379} INFO - Sync 3 DAGs
[2022-06-18 06:02:21,905] {logging_mixin.py:115} INFO - [2022-06-18 06:02:21,905] {dag.py:2931} INFO - Setting next_dagrun for example_subdag_operator to 2022-01-01T00:00:00+00:00, run_after=2022-01-01T00:00:00+00:00
[2022-06-18 06:02:21,905] {logging_mixin.py:115} INFO - [2022-06-18 06:02:21,905] {dag.py:2931} INFO - Setting next_dagrun for example_subdag_operator.section-1 to None, run_after=None
[2022-06-18 06:02:21,906] {logging_mixin.py:115} INFO - [2022-06-18 06:02:21,906] {dag.py:2931} INFO - Setting next_dagrun for example_subdag_operator.section-2 to None, run_after=None
[2022-06-18 06:02:22,012] {logging_mixin.py:115} INFO - [2022-06-18 06:02:22,011] {dag.py:2379} INFO - Sync 2 DAGs
[2022-06-18 06:02:22,018] {logging_mixin.py:115} INFO - [2022-06-18 06:02:22,017] {dag.py:2931} INFO - Setting next_dagrun for example_subdag_operator.section-1 to None, run_after=None
[2022-06-18 06:02:22,018] {logging_mixin.py:115} INFO - [2022-06-18 06:02:22,018] {dag.py:2931} INFO - Setting next_dagrun for example_subdag_operator.section-2 to None, run_after=None
[2022-06-18 06:02:22,027] {processor.py:161} INFO - Processing /home/airflow/.local/lib/python3.7/site-packages/airflow/example_dags/example_subdag_operator.py took 0.206 seconds
[2022-06-18 06:02:52,447] {processor.py:153} INFO - Started process (PID=250) to work on /home/airflow/.local/lib/python3.7/site-packages/airflow/example_dags/example_subdag_operator.py
[2022-06-18 06:02:52,463] {processor.py:641} INFO - Processing file /home/airflow/.local/lib/python3.7/site-packages/airflow/example_dags/example_subdag_operator.py for tasks to queue
[2022-06-18 06:02:52,464] {logging_mixin.py:115} INFO - [2022-06-18 06:02:52,464] {dagbag.py:507} INFO - Filling up the DagBag from /home/airflow/.local/lib/python3.7/site-packages/airflow/example_dags/example_subdag_operator.py
[2022-06-18 06:02:52,497] {processor.py:651} INFO - DAG(s) dict_keys(['example_subdag_operator.section-1', 'example_subdag_operator.section-2', 'example_subdag_operator']) retrieved from /home/airflow/.local/lib/python3.7/site-packages/airflow/example_dags/example_subdag_operator.py
[2022-06-18 06:02:52,525] {logging_mixin.py:115} INFO - [2022-06-18 06:02:52,525] {dag.py:2379} INFO - Sync 3 DAGs
[2022-06-18 06:02:52,547] {logging_mixin.py:115} INFO - [2022-06-18 06:02:52,547] {dag.py:2931} INFO - Setting next_dagrun for example_subdag_operator to 2022-01-01T00:00:00+00:00, run_after=2022-01-01T00:00:00+00:00
[2022-06-18 06:02:52,548] {logging_mixin.py:115} INFO - [2022-06-18 06:02:52,548] {dag.py:2931} INFO - Setting next_dagrun for example_subdag_operator.section-1 to None, run_after=None
[2022-06-18 06:02:52,548] {logging_mixin.py:115} INFO - [2022-06-18 06:02:52,548] {dag.py:2931} INFO - Setting next_dagrun for example_subdag_operator.section-2 to None, run_after=None
[2022-06-18 06:02:52,637] {logging_mixin.py:115} INFO - [2022-06-18 06:02:52,637] {dag.py:2379} INFO - Sync 2 DAGs
[2022-06-18 06:02:52,643] {logging_mixin.py:115} INFO - [2022-06-18 06:02:52,642] {dag.py:2931} INFO - Setting next_dagrun for example_subdag_operator.section-1 to None, run_after=None
[2022-06-18 06:02:52,643] {logging_mixin.py:115} INFO - [2022-06-18 06:02:52,643] {dag.py:2931} INFO - Setting next_dagrun for example_subdag_operator.section-2 to None, run_after=None
[2022-06-18 06:02:52,655] {processor.py:161} INFO - Processing /home/airflow/.local/lib/python3.7/site-packages/airflow/example_dags/example_subdag_operator.py took 0.212 seconds
[2022-06-18 06:03:22,843] {processor.py:153} INFO - Started process (PID=314) to work on /home/airflow/.local/lib/python3.7/site-packages/airflow/example_dags/example_subdag_operator.py
[2022-06-18 06:03:22,844] {processor.py:641} INFO - Processing file /home/airflow/.local/lib/python3.7/site-packages/airflow/example_dags/example_subdag_operator.py for tasks to queue
[2022-06-18 06:03:22,845] {logging_mixin.py:115} INFO - [2022-06-18 06:03:22,844] {dagbag.py:507} INFO - Filling up the DagBag from /home/airflow/.local/lib/python3.7/site-packages/airflow/example_dags/example_subdag_operator.py
[2022-06-18 06:03:22,875] {processor.py:651} INFO - DAG(s) dict_keys(['example_subdag_operator.section-1', 'example_subdag_operator.section-2', 'example_subdag_operator']) retrieved from /home/airflow/.local/lib/python3.7/site-packages/airflow/example_dags/example_subdag_operator.py
[2022-06-18 06:03:22,906] {logging_mixin.py:115} INFO - [2022-06-18 06:03:22,906] {dag.py:2379} INFO - Sync 3 DAGs
[2022-06-18 06:03:22,930] {logging_mixin.py:115} INFO - [2022-06-18 06:03:22,930] {dag.py:2931} INFO - Setting next_dagrun for example_subdag_operator to 2022-01-01T00:00:00+00:00, run_after=2022-01-01T00:00:00+00:00
[2022-06-18 06:03:22,930] {logging_mixin.py:115} INFO - [2022-06-18 06:03:22,930] {dag.py:2931} INFO - Setting next_dagrun for example_subdag_operator.section-1 to None, run_after=None
[2022-06-18 06:03:22,931] {logging_mixin.py:115} INFO - [2022-06-18 06:03:22,931] {dag.py:2931} INFO - Setting next_dagrun for example_subdag_operator.section-2 to None, run_after=None
[2022-06-18 06:03:23,029] {logging_mixin.py:115} INFO - [2022-06-18 06:03:23,029] {dag.py:2379} INFO - Sync 2 DAGs
[2022-06-18 06:03:23,035] {logging_mixin.py:115} INFO - [2022-06-18 06:03:23,035] {dag.py:2931} INFO - Setting next_dagrun for example_subdag_operator.section-1 to None, run_after=None
[2022-06-18 06:03:23,035] {logging_mixin.py:115} INFO - [2022-06-18 06:03:23,035] {dag.py:2931} INFO - Setting next_dagrun for example_subdag_operator.section-2 to None, run_after=None
[2022-06-18 06:03:23,043] {processor.py:161} INFO - Processing /home/airflow/.local/lib/python3.7/site-packages/airflow/example_dags/example_subdag_operator.py took 0.204 seconds
[2022-06-18 06:03:53,199] {processor.py:153} INFO - Started process (PID=368) to work on /home/airflow/.local/lib/python3.7/site-packages/airflow/example_dags/example_subdag_operator.py
[2022-06-18 06:03:53,199] {processor.py:641} INFO - Processing file /home/airflow/.local/lib/python3.7/site-packages/airflow/example_dags/example_subdag_operator.py for tasks to queue
[2022-06-18 06:03:53,200] {logging_mixin.py:115} INFO - [2022-06-18 06:03:53,200] {dagbag.py:507} INFO - Filling up the DagBag from /home/airflow/.local/lib/python3.7/site-packages/airflow/example_dags/example_subdag_operator.py
[2022-06-18 06:03:53,228] {processor.py:651} INFO - DAG(s) dict_keys(['example_subdag_operator.section-1', 'example_subdag_operator.section-2', 'example_subdag_operator']) retrieved from /home/airflow/.local/lib/python3.7/site-packages/airflow/example_dags/example_subdag_operator.py
[2022-06-18 06:03:53,259] {logging_mixin.py:115} INFO - [2022-06-18 06:03:53,259] {dag.py:2379} INFO - Sync 3 DAGs
[2022-06-18 06:03:53,284] {logging_mixin.py:115} INFO - [2022-06-18 06:03:53,284] {dag.py:2931} INFO - Setting next_dagrun for example_subdag_operator to 2022-01-01T00:00:00+00:00, run_after=2022-01-01T00:00:00+00:00
[2022-06-18 06:03:53,285] {logging_mixin.py:115} INFO - [2022-06-18 06:03:53,285] {dag.py:2931} INFO - Setting next_dagrun for example_subdag_operator.section-1 to None, run_after=None
[2022-06-18 06:03:53,285] {logging_mixin.py:115} INFO - [2022-06-18 06:03:53,285] {dag.py:2931} INFO - Setting next_dagrun for example_subdag_operator.section-2 to None, run_after=None
[2022-06-18 06:03:53,381] {logging_mixin.py:115} INFO - [2022-06-18 06:03:53,380] {dag.py:2379} INFO - Sync 2 DAGs
[2022-06-18 06:03:53,386] {logging_mixin.py:115} INFO - [2022-06-18 06:03:53,386] {dag.py:2931} INFO - Setting next_dagrun for example_subdag_operator.section-1 to None, run_after=None
[2022-06-18 06:03:53,386] {logging_mixin.py:115} INFO - [2022-06-18 06:03:53,386] {dag.py:2931} INFO - Setting next_dagrun for example_subdag_operator.section-2 to None, run_after=None
[2022-06-18 06:03:53,404] {processor.py:161} INFO - Processing /home/airflow/.local/lib/python3.7/site-packages/airflow/example_dags/example_subdag_operator.py took 0.210 seconds
[2022-06-18 06:04:23,764] {processor.py:153} INFO - Started process (PID=432) to work on /home/airflow/.local/lib/python3.7/site-packages/airflow/example_dags/example_subdag_operator.py
[2022-06-18 06:04:23,769] {processor.py:641} INFO - Processing file /home/airflow/.local/lib/python3.7/site-packages/airflow/example_dags/example_subdag_operator.py for tasks to queue
[2022-06-18 06:04:23,783] {logging_mixin.py:115} INFO - [2022-06-18 06:04:23,782] {dagbag.py:507} INFO - Filling up the DagBag from /home/airflow/.local/lib/python3.7/site-packages/airflow/example_dags/example_subdag_operator.py
[2022-06-18 06:04:23,815] {processor.py:651} INFO - DAG(s) dict_keys(['example_subdag_operator.section-1', 'example_subdag_operator.section-2', 'example_subdag_operator']) retrieved from /home/airflow/.local/lib/python3.7/site-packages/airflow/example_dags/example_subdag_operator.py
[2022-06-18 06:04:23,853] {logging_mixin.py:115} INFO - [2022-06-18 06:04:23,853] {dag.py:2379} INFO - Sync 3 DAGs
[2022-06-18 06:04:23,876] {logging_mixin.py:115} INFO - [2022-06-18 06:04:23,876] {dag.py:2931} INFO - Setting next_dagrun for example_subdag_operator to 2022-01-01T00:00:00+00:00, run_after=2022-01-01T00:00:00+00:00
[2022-06-18 06:04:23,876] {logging_mixin.py:115} INFO - [2022-06-18 06:04:23,876] {dag.py:2931} INFO - Setting next_dagrun for example_subdag_operator.section-1 to None, run_after=None
[2022-06-18 06:04:23,876] {logging_mixin.py:115} INFO - [2022-06-18 06:04:23,876] {dag.py:2931} INFO - Setting next_dagrun for example_subdag_operator.section-2 to None, run_after=None
[2022-06-18 06:04:23,975] {logging_mixin.py:115} INFO - [2022-06-18 06:04:23,975] {dag.py:2379} INFO - Sync 2 DAGs
[2022-06-18 06:04:23,985] {logging_mixin.py:115} INFO - [2022-06-18 06:04:23,985] {dag.py:2931} INFO - Setting next_dagrun for example_subdag_operator.section-1 to None, run_after=None
[2022-06-18 06:04:23,986] {logging_mixin.py:115} INFO - [2022-06-18 06:04:23,986] {dag.py:2931} INFO - Setting next_dagrun for example_subdag_operator.section-2 to None, run_after=None
[2022-06-18 06:04:24,003] {processor.py:161} INFO - Processing /home/airflow/.local/lib/python3.7/site-packages/airflow/example_dags/example_subdag_operator.py took 0.243 seconds
[2022-06-18 06:04:54,180] {processor.py:153} INFO - Started process (PID=486) to work on /home/airflow/.local/lib/python3.7/site-packages/airflow/example_dags/example_subdag_operator.py
[2022-06-18 06:04:54,180] {processor.py:641} INFO - Processing file /home/airflow/.local/lib/python3.7/site-packages/airflow/example_dags/example_subdag_operator.py for tasks to queue
[2022-06-18 06:04:54,181] {logging_mixin.py:115} INFO - [2022-06-18 06:04:54,181] {dagbag.py:507} INFO - Filling up the DagBag from /home/airflow/.local/lib/python3.7/site-packages/airflow/example_dags/example_subdag_operator.py
[2022-06-18 06:04:54,203] {processor.py:651} INFO - DAG(s) dict_keys(['example_subdag_operator.section-1', 'example_subdag_operator.section-2', 'example_subdag_operator']) retrieved from /home/airflow/.local/lib/python3.7/site-packages/airflow/example_dags/example_subdag_operator.py
[2022-06-18 06:04:54,235] {logging_mixin.py:115} INFO - [2022-06-18 06:04:54,235] {dag.py:2379} INFO - Sync 3 DAGs
[2022-06-18 06:04:54,258] {logging_mixin.py:115} INFO - [2022-06-18 06:04:54,258] {dag.py:2931} INFO - Setting next_dagrun for example_subdag_operator to 2022-01-01T00:00:00+00:00, run_after=2022-01-01T00:00:00+00:00
[2022-06-18 06:04:54,258] {logging_mixin.py:115} INFO - [2022-06-18 06:04:54,258] {dag.py:2931} INFO - Setting next_dagrun for example_subdag_operator.section-1 to None, run_after=None
[2022-06-18 06:04:54,259] {logging_mixin.py:115} INFO - [2022-06-18 06:04:54,258] {dag.py:2931} INFO - Setting next_dagrun for example_subdag_operator.section-2 to None, run_after=None
[2022-06-18 06:04:54,368] {logging_mixin.py:115} INFO - [2022-06-18 06:04:54,368] {dag.py:2379} INFO - Sync 2 DAGs
[2022-06-18 06:04:54,376] {logging_mixin.py:115} INFO - [2022-06-18 06:04:54,376] {dag.py:2931} INFO - Setting next_dagrun for example_subdag_operator.section-1 to None, run_after=None
[2022-06-18 06:04:54,377] {logging_mixin.py:115} INFO - [2022-06-18 06:04:54,376] {dag.py:2931} INFO - Setting next_dagrun for example_subdag_operator.section-2 to None, run_after=None
[2022-06-18 06:04:54,397] {processor.py:161} INFO - Processing /home/airflow/.local/lib/python3.7/site-packages/airflow/example_dags/example_subdag_operator.py took 0.219 seconds
[2022-06-18 06:05:24,649] {processor.py:153} INFO - Started process (PID=549) to work on /home/airflow/.local/lib/python3.7/site-packages/airflow/example_dags/example_subdag_operator.py
[2022-06-18 06:05:24,650] {processor.py:641} INFO - Processing file /home/airflow/.local/lib/python3.7/site-packages/airflow/example_dags/example_subdag_operator.py for tasks to queue
[2022-06-18 06:05:24,650] {logging_mixin.py:115} INFO - [2022-06-18 06:05:24,650] {dagbag.py:507} INFO - Filling up the DagBag from /home/airflow/.local/lib/python3.7/site-packages/airflow/example_dags/example_subdag_operator.py
[2022-06-18 06:05:24,678] {processor.py:651} INFO - DAG(s) dict_keys(['example_subdag_operator.section-1', 'example_subdag_operator.section-2', 'example_subdag_operator']) retrieved from /home/airflow/.local/lib/python3.7/site-packages/airflow/example_dags/example_subdag_operator.py
[2022-06-18 06:05:24,715] {logging_mixin.py:115} INFO - [2022-06-18 06:05:24,715] {dag.py:2379} INFO - Sync 3 DAGs
[2022-06-18 06:05:24,741] {logging_mixin.py:115} INFO - [2022-06-18 06:05:24,740] {dag.py:2931} INFO - Setting next_dagrun for example_subdag_operator to 2022-01-01T00:00:00+00:00, run_after=2022-01-01T00:00:00+00:00
[2022-06-18 06:05:24,741] {logging_mixin.py:115} INFO - [2022-06-18 06:05:24,741] {dag.py:2931} INFO - Setting next_dagrun for example_subdag_operator.section-1 to None, run_after=None
[2022-06-18 06:05:24,741] {logging_mixin.py:115} INFO - [2022-06-18 06:05:24,741] {dag.py:2931} INFO - Setting next_dagrun for example_subdag_operator.section-2 to None, run_after=None
[2022-06-18 06:05:24,844] {logging_mixin.py:115} INFO - [2022-06-18 06:05:24,844] {dag.py:2379} INFO - Sync 2 DAGs
[2022-06-18 06:05:24,849] {logging_mixin.py:115} INFO - [2022-06-18 06:05:24,849] {dag.py:2931} INFO - Setting next_dagrun for example_subdag_operator.section-1 to None, run_after=None
[2022-06-18 06:05:24,849] {logging_mixin.py:115} INFO - [2022-06-18 06:05:24,849] {dag.py:2931} INFO - Setting next_dagrun for example_subdag_operator.section-2 to None, run_after=None
[2022-06-18 06:05:24,865] {processor.py:161} INFO - Processing /home/airflow/.local/lib/python3.7/site-packages/airflow/example_dags/example_subdag_operator.py took 0.220 seconds
[2022-06-18 06:05:55,399] {processor.py:153} INFO - Started process (PID=612) to work on /home/airflow/.local/lib/python3.7/site-packages/airflow/example_dags/example_subdag_operator.py
[2022-06-18 06:05:55,399] {processor.py:641} INFO - Processing file /home/airflow/.local/lib/python3.7/site-packages/airflow/example_dags/example_subdag_operator.py for tasks to queue
[2022-06-18 06:05:55,399] {logging_mixin.py:115} INFO - [2022-06-18 06:05:55,399] {dagbag.py:507} INFO - Filling up the DagBag from /home/airflow/.local/lib/python3.7/site-packages/airflow/example_dags/example_subdag_operator.py
[2022-06-18 06:05:55,425] {processor.py:651} INFO - DAG(s) dict_keys(['example_subdag_operator.section-1', 'example_subdag_operator.section-2', 'example_subdag_operator']) retrieved from /home/airflow/.local/lib/python3.7/site-packages/airflow/example_dags/example_subdag_operator.py
[2022-06-18 06:05:55,458] {logging_mixin.py:115} INFO - [2022-06-18 06:05:55,458] {dag.py:2379} INFO - Sync 3 DAGs
[2022-06-18 06:05:55,483] {logging_mixin.py:115} INFO - [2022-06-18 06:05:55,483] {dag.py:2931} INFO - Setting next_dagrun for example_subdag_operator to 2022-01-01T00:00:00+00:00, run_after=2022-01-01T00:00:00+00:00
[2022-06-18 06:05:55,483] {logging_mixin.py:115} INFO - [2022-06-18 06:05:55,483] {dag.py:2931} INFO - Setting next_dagrun for example_subdag_operator.section-1 to None, run_after=None
[2022-06-18 06:05:55,483] {logging_mixin.py:115} INFO - [2022-06-18 06:05:55,483] {dag.py:2931} INFO - Setting next_dagrun for example_subdag_operator.section-2 to None, run_after=None
[2022-06-18 06:05:55,573] {logging_mixin.py:115} INFO - [2022-06-18 06:05:55,573] {dag.py:2379} INFO - Sync 2 DAGs
[2022-06-18 06:05:55,579] {logging_mixin.py:115} INFO - [2022-06-18 06:05:55,579] {dag.py:2931} INFO - Setting next_dagrun for example_subdag_operator.section-1 to None, run_after=None
[2022-06-18 06:05:55,579] {logging_mixin.py:115} INFO - [2022-06-18 06:05:55,579] {dag.py:2931} INFO - Setting next_dagrun for example_subdag_operator.section-2 to None, run_after=None
[2022-06-18 06:05:55,597] {processor.py:161} INFO - Processing /home/airflow/.local/lib/python3.7/site-packages/airflow/example_dags/example_subdag_operator.py took 0.200 seconds
[2022-06-18 06:06:25,784] {processor.py:153} INFO - Started process (PID=666) to work on /home/airflow/.local/lib/python3.7/site-packages/airflow/example_dags/example_subdag_operator.py
[2022-06-18 06:06:25,785] {processor.py:641} INFO - Processing file /home/airflow/.local/lib/python3.7/site-packages/airflow/example_dags/example_subdag_operator.py for tasks to queue
[2022-06-18 06:06:25,785] {logging_mixin.py:115} INFO - [2022-06-18 06:06:25,785] {dagbag.py:507} INFO - Filling up the DagBag from /home/airflow/.local/lib/python3.7/site-packages/airflow/example_dags/example_subdag_operator.py
[2022-06-18 06:06:25,813] {processor.py:651} INFO - DAG(s) dict_keys(['example_subdag_operator.section-1', 'example_subdag_operator.section-2', 'example_subdag_operator']) retrieved from /home/airflow/.local/lib/python3.7/site-packages/airflow/example_dags/example_subdag_operator.py
[2022-06-18 06:06:25,844] {logging_mixin.py:115} INFO - [2022-06-18 06:06:25,844] {dag.py:2379} INFO - Sync 3 DAGs
[2022-06-18 06:06:25,954] {logging_mixin.py:115} INFO - [2022-06-18 06:06:25,954] {dag.py:2931} INFO - Setting next_dagrun for example_subdag_operator to 2022-01-01T00:00:00+00:00, run_after=2022-01-01T00:00:00+00:00
[2022-06-18 06:06:25,954] {logging_mixin.py:115} INFO - [2022-06-18 06:06:25,954] {dag.py:2931} INFO - Setting next_dagrun for example_subdag_operator.section-1 to None, run_after=None
[2022-06-18 06:06:25,954] {logging_mixin.py:115} INFO - [2022-06-18 06:06:25,954] {dag.py:2931} INFO - Setting next_dagrun for example_subdag_operator.section-2 to None, run_after=None
[2022-06-18 06:06:25,960] {logging_mixin.py:115} INFO - [2022-06-18 06:06:25,960] {dag.py:2379} INFO - Sync 2 DAGs
[2022-06-18 06:06:25,967] {logging_mixin.py:115} INFO - [2022-06-18 06:06:25,967] {dag.py:2931} INFO - Setting next_dagrun for example_subdag_operator.section-1 to None, run_after=None
[2022-06-18 06:06:25,968] {logging_mixin.py:115} INFO - [2022-06-18 06:06:25,968] {dag.py:2931} INFO - Setting next_dagrun for example_subdag_operator.section-2 to None, run_after=None
[2022-06-18 06:06:25,979] {processor.py:161} INFO - Processing /home/airflow/.local/lib/python3.7/site-packages/airflow/example_dags/example_subdag_operator.py took 0.197 seconds
[2022-06-18 06:39:40,222] {processor.py:153} INFO - Started process (PID=63) to work on /home/airflow/.local/lib/python3.7/site-packages/airflow/example_dags/example_subdag_operator.py
[2022-06-18 06:39:40,222] {processor.py:641} INFO - Processing file /home/airflow/.local/lib/python3.7/site-packages/airflow/example_dags/example_subdag_operator.py for tasks to queue
[2022-06-18 06:39:40,223] {logging_mixin.py:115} INFO - [2022-06-18 06:39:40,223] {dagbag.py:507} INFO - Filling up the DagBag from /home/airflow/.local/lib/python3.7/site-packages/airflow/example_dags/example_subdag_operator.py
[2022-06-18 06:39:40,253] {processor.py:651} INFO - DAG(s) dict_keys(['example_subdag_operator.section-1', 'example_subdag_operator.section-2', 'example_subdag_operator']) retrieved from /home/airflow/.local/lib/python3.7/site-packages/airflow/example_dags/example_subdag_operator.py
[2022-06-18 06:39:40,288] {logging_mixin.py:115} INFO - [2022-06-18 06:39:40,288] {dag.py:2379} INFO - Sync 3 DAGs
[2022-06-18 06:39:40,317] {logging_mixin.py:115} INFO - [2022-06-18 06:39:40,317] {dag.py:2931} INFO - Setting next_dagrun for example_subdag_operator to 2022-01-01T00:00:00+00:00, run_after=2022-01-01T00:00:00+00:00
[2022-06-18 06:39:40,317] {logging_mixin.py:115} INFO - [2022-06-18 06:39:40,317] {dag.py:2931} INFO - Setting next_dagrun for example_subdag_operator.section-1 to None, run_after=None
[2022-06-18 06:39:40,318] {logging_mixin.py:115} INFO - [2022-06-18 06:39:40,318] {dag.py:2931} INFO - Setting next_dagrun for example_subdag_operator.section-2 to None, run_after=None
[2022-06-18 06:39:40,326] {logging_mixin.py:115} INFO - [2022-06-18 06:39:40,326] {dag.py:2379} INFO - Sync 2 DAGs
[2022-06-18 06:39:40,334] {logging_mixin.py:115} INFO - [2022-06-18 06:39:40,334] {dag.py:2931} INFO - Setting next_dagrun for example_subdag_operator.section-1 to None, run_after=None
[2022-06-18 06:39:40,334] {logging_mixin.py:115} INFO - [2022-06-18 06:39:40,334] {dag.py:2931} INFO - Setting next_dagrun for example_subdag_operator.section-2 to None, run_after=None
[2022-06-18 06:39:40,351] {processor.py:161} INFO - Processing /home/airflow/.local/lib/python3.7/site-packages/airflow/example_dags/example_subdag_operator.py took 0.134 seconds
[2022-06-18 06:40:10,839] {processor.py:153} INFO - Started process (PID=128) to work on /home/airflow/.local/lib/python3.7/site-packages/airflow/example_dags/example_subdag_operator.py
[2022-06-18 06:40:10,839] {processor.py:641} INFO - Processing file /home/airflow/.local/lib/python3.7/site-packages/airflow/example_dags/example_subdag_operator.py for tasks to queue
[2022-06-18 06:40:10,840] {logging_mixin.py:115} INFO - [2022-06-18 06:40:10,840] {dagbag.py:507} INFO - Filling up the DagBag from /home/airflow/.local/lib/python3.7/site-packages/airflow/example_dags/example_subdag_operator.py
[2022-06-18 06:40:10,874] {processor.py:651} INFO - DAG(s) dict_keys(['example_subdag_operator.section-1', 'example_subdag_operator.section-2', 'example_subdag_operator']) retrieved from /home/airflow/.local/lib/python3.7/site-packages/airflow/example_dags/example_subdag_operator.py
[2022-06-18 06:40:10,905] {logging_mixin.py:115} INFO - [2022-06-18 06:40:10,905] {dag.py:2379} INFO - Sync 3 DAGs
[2022-06-18 06:40:10,929] {logging_mixin.py:115} INFO - [2022-06-18 06:40:10,929] {dag.py:2931} INFO - Setting next_dagrun for example_subdag_operator to 2022-01-01T00:00:00+00:00, run_after=2022-01-01T00:00:00+00:00
[2022-06-18 06:40:10,930] {logging_mixin.py:115} INFO - [2022-06-18 06:40:10,930] {dag.py:2931} INFO - Setting next_dagrun for example_subdag_operator.section-1 to None, run_after=None
[2022-06-18 06:40:10,930] {logging_mixin.py:115} INFO - [2022-06-18 06:40:10,930] {dag.py:2931} INFO - Setting next_dagrun for example_subdag_operator.section-2 to None, run_after=None
[2022-06-18 06:40:10,937] {logging_mixin.py:115} INFO - [2022-06-18 06:40:10,937] {dag.py:2379} INFO - Sync 2 DAGs
[2022-06-18 06:40:10,944] {logging_mixin.py:115} INFO - [2022-06-18 06:40:10,944] {dag.py:2931} INFO - Setting next_dagrun for example_subdag_operator.section-1 to None, run_after=None
[2022-06-18 06:40:10,945] {logging_mixin.py:115} INFO - [2022-06-18 06:40:10,945] {dag.py:2931} INFO - Setting next_dagrun for example_subdag_operator.section-2 to None, run_after=None
[2022-06-18 06:40:10,959] {processor.py:161} INFO - Processing /home/airflow/.local/lib/python3.7/site-packages/airflow/example_dags/example_subdag_operator.py took 0.123 seconds
[2022-06-18 06:40:41,692] {processor.py:153} INFO - Started process (PID=191) to work on /home/airflow/.local/lib/python3.7/site-packages/airflow/example_dags/example_subdag_operator.py
[2022-06-18 06:40:41,692] {processor.py:641} INFO - Processing file /home/airflow/.local/lib/python3.7/site-packages/airflow/example_dags/example_subdag_operator.py for tasks to queue
[2022-06-18 06:40:41,693] {logging_mixin.py:115} INFO - [2022-06-18 06:40:41,693] {dagbag.py:507} INFO - Filling up the DagBag from /home/airflow/.local/lib/python3.7/site-packages/airflow/example_dags/example_subdag_operator.py
[2022-06-18 06:40:41,717] {processor.py:651} INFO - DAG(s) dict_keys(['example_subdag_operator.section-1', 'example_subdag_operator.section-2', 'example_subdag_operator']) retrieved from /home/airflow/.local/lib/python3.7/site-packages/airflow/example_dags/example_subdag_operator.py
[2022-06-18 06:40:41,760] {logging_mixin.py:115} INFO - [2022-06-18 06:40:41,760] {dag.py:2379} INFO - Sync 3 DAGs
[2022-06-18 06:40:41,790] {logging_mixin.py:115} INFO - [2022-06-18 06:40:41,790] {dag.py:2931} INFO - Setting next_dagrun for example_subdag_operator to 2022-01-01T00:00:00+00:00, run_after=2022-01-01T00:00:00+00:00
[2022-06-18 06:40:41,791] {logging_mixin.py:115} INFO - [2022-06-18 06:40:41,791] {dag.py:2931} INFO - Setting next_dagrun for example_subdag_operator.section-1 to None, run_after=None
[2022-06-18 06:40:41,791] {logging_mixin.py:115} INFO - [2022-06-18 06:40:41,791] {dag.py:2931} INFO - Setting next_dagrun for example_subdag_operator.section-2 to None, run_after=None
[2022-06-18 06:40:41,799] {logging_mixin.py:115} INFO - [2022-06-18 06:40:41,799] {dag.py:2379} INFO - Sync 2 DAGs
[2022-06-18 06:40:41,806] {logging_mixin.py:115} INFO - [2022-06-18 06:40:41,806] {dag.py:2931} INFO - Setting next_dagrun for example_subdag_operator.section-1 to None, run_after=None
[2022-06-18 06:40:41,806] {logging_mixin.py:115} INFO - [2022-06-18 06:40:41,806] {dag.py:2931} INFO - Setting next_dagrun for example_subdag_operator.section-2 to None, run_after=None
[2022-06-18 06:40:41,820] {processor.py:161} INFO - Processing /home/airflow/.local/lib/python3.7/site-packages/airflow/example_dags/example_subdag_operator.py took 0.130 seconds
[2022-06-18 06:41:12,747] {processor.py:153} INFO - Started process (PID=246) to work on /home/airflow/.local/lib/python3.7/site-packages/airflow/example_dags/example_subdag_operator.py
[2022-06-18 06:41:12,753] {processor.py:641} INFO - Processing file /home/airflow/.local/lib/python3.7/site-packages/airflow/example_dags/example_subdag_operator.py for tasks to queue
[2022-06-18 06:41:12,753] {logging_mixin.py:115} INFO - [2022-06-18 06:41:12,753] {dagbag.py:507} INFO - Filling up the DagBag from /home/airflow/.local/lib/python3.7/site-packages/airflow/example_dags/example_subdag_operator.py
[2022-06-18 06:41:12,784] {processor.py:651} INFO - DAG(s) dict_keys(['example_subdag_operator.section-1', 'example_subdag_operator.section-2', 'example_subdag_operator']) retrieved from /home/airflow/.local/lib/python3.7/site-packages/airflow/example_dags/example_subdag_operator.py
[2022-06-18 06:41:12,817] {logging_mixin.py:115} INFO - [2022-06-18 06:41:12,816] {dag.py:2379} INFO - Sync 3 DAGs
[2022-06-18 06:41:12,841] {logging_mixin.py:115} INFO - [2022-06-18 06:41:12,841] {dag.py:2931} INFO - Setting next_dagrun for example_subdag_operator to 2022-01-01T00:00:00+00:00, run_after=2022-01-01T00:00:00+00:00
[2022-06-18 06:41:12,841] {logging_mixin.py:115} INFO - [2022-06-18 06:41:12,841] {dag.py:2931} INFO - Setting next_dagrun for example_subdag_operator.section-1 to None, run_after=None
[2022-06-18 06:41:12,841] {logging_mixin.py:115} INFO - [2022-06-18 06:41:12,841] {dag.py:2931} INFO - Setting next_dagrun for example_subdag_operator.section-2 to None, run_after=None
[2022-06-18 06:41:12,848] {logging_mixin.py:115} INFO - [2022-06-18 06:41:12,848] {dag.py:2379} INFO - Sync 2 DAGs
[2022-06-18 06:41:12,854] {logging_mixin.py:115} INFO - [2022-06-18 06:41:12,854] {dag.py:2931} INFO - Setting next_dagrun for example_subdag_operator.section-1 to None, run_after=None
[2022-06-18 06:41:12,855] {logging_mixin.py:115} INFO - [2022-06-18 06:41:12,855] {dag.py:2931} INFO - Setting next_dagrun for example_subdag_operator.section-2 to None, run_after=None
[2022-06-18 06:41:12,866] {processor.py:161} INFO - Processing /home/airflow/.local/lib/python3.7/site-packages/airflow/example_dags/example_subdag_operator.py took 0.123 seconds
[2022-06-18 06:41:43,796] {processor.py:153} INFO - Started process (PID=309) to work on /home/airflow/.local/lib/python3.7/site-packages/airflow/example_dags/example_subdag_operator.py
[2022-06-18 06:41:43,796] {processor.py:641} INFO - Processing file /home/airflow/.local/lib/python3.7/site-packages/airflow/example_dags/example_subdag_operator.py for tasks to queue
[2022-06-18 06:41:43,797] {logging_mixin.py:115} INFO - [2022-06-18 06:41:43,797] {dagbag.py:507} INFO - Filling up the DagBag from /home/airflow/.local/lib/python3.7/site-packages/airflow/example_dags/example_subdag_operator.py
[2022-06-18 06:41:43,833] {processor.py:651} INFO - DAG(s) dict_keys(['example_subdag_operator.section-1', 'example_subdag_operator.section-2', 'example_subdag_operator']) retrieved from /home/airflow/.local/lib/python3.7/site-packages/airflow/example_dags/example_subdag_operator.py
[2022-06-18 06:41:43,867] {logging_mixin.py:115} INFO - [2022-06-18 06:41:43,867] {dag.py:2379} INFO - Sync 3 DAGs
[2022-06-18 06:41:43,890] {logging_mixin.py:115} INFO - [2022-06-18 06:41:43,889] {dag.py:2931} INFO - Setting next_dagrun for example_subdag_operator to 2022-01-01T00:00:00+00:00, run_after=2022-01-01T00:00:00+00:00
[2022-06-18 06:41:43,890] {logging_mixin.py:115} INFO - [2022-06-18 06:41:43,890] {dag.py:2931} INFO - Setting next_dagrun for example_subdag_operator.section-1 to None, run_after=None
[2022-06-18 06:41:43,890] {logging_mixin.py:115} INFO - [2022-06-18 06:41:43,890] {dag.py:2931} INFO - Setting next_dagrun for example_subdag_operator.section-2 to None, run_after=None
[2022-06-18 06:41:43,897] {logging_mixin.py:115} INFO - [2022-06-18 06:41:43,897] {dag.py:2379} INFO - Sync 2 DAGs
[2022-06-18 06:41:43,904] {logging_mixin.py:115} INFO - [2022-06-18 06:41:43,904] {dag.py:2931} INFO - Setting next_dagrun for example_subdag_operator.section-1 to None, run_after=None
[2022-06-18 06:41:43,904] {logging_mixin.py:115} INFO - [2022-06-18 06:41:43,904] {dag.py:2931} INFO - Setting next_dagrun for example_subdag_operator.section-2 to None, run_after=None
[2022-06-18 06:41:43,916] {processor.py:161} INFO - Processing /home/airflow/.local/lib/python3.7/site-packages/airflow/example_dags/example_subdag_operator.py took 0.125 seconds
[2022-06-18 06:42:14,397] {processor.py:153} INFO - Started process (PID=372) to work on /home/airflow/.local/lib/python3.7/site-packages/airflow/example_dags/example_subdag_operator.py
[2022-06-18 06:42:14,397] {processor.py:641} INFO - Processing file /home/airflow/.local/lib/python3.7/site-packages/airflow/example_dags/example_subdag_operator.py for tasks to queue
[2022-06-18 06:42:14,398] {logging_mixin.py:115} INFO - [2022-06-18 06:42:14,398] {dagbag.py:507} INFO - Filling up the DagBag from /home/airflow/.local/lib/python3.7/site-packages/airflow/example_dags/example_subdag_operator.py
[2022-06-18 06:42:14,425] {processor.py:651} INFO - DAG(s) dict_keys(['example_subdag_operator.section-1', 'example_subdag_operator.section-2', 'example_subdag_operator']) retrieved from /home/airflow/.local/lib/python3.7/site-packages/airflow/example_dags/example_subdag_operator.py
[2022-06-18 06:42:14,458] {logging_mixin.py:115} INFO - [2022-06-18 06:42:14,458] {dag.py:2379} INFO - Sync 3 DAGs
[2022-06-18 06:42:14,481] {logging_mixin.py:115} INFO - [2022-06-18 06:42:14,481] {dag.py:2931} INFO - Setting next_dagrun for example_subdag_operator to 2022-01-01T00:00:00+00:00, run_after=2022-01-01T00:00:00+00:00
[2022-06-18 06:42:14,481] {logging_mixin.py:115} INFO - [2022-06-18 06:42:14,481] {dag.py:2931} INFO - Setting next_dagrun for example_subdag_operator.section-1 to None, run_after=None
[2022-06-18 06:42:14,481] {logging_mixin.py:115} INFO - [2022-06-18 06:42:14,481] {dag.py:2931} INFO - Setting next_dagrun for example_subdag_operator.section-2 to None, run_after=None
[2022-06-18 06:42:14,487] {logging_mixin.py:115} INFO - [2022-06-18 06:42:14,487] {dag.py:2379} INFO - Sync 2 DAGs
[2022-06-18 06:42:14,493] {logging_mixin.py:115} INFO - [2022-06-18 06:42:14,493] {dag.py:2931} INFO - Setting next_dagrun for example_subdag_operator.section-1 to None, run_after=None
[2022-06-18 06:42:14,494] {logging_mixin.py:115} INFO - [2022-06-18 06:42:14,494] {dag.py:2931} INFO - Setting next_dagrun for example_subdag_operator.section-2 to None, run_after=None
[2022-06-18 06:42:14,510] {processor.py:161} INFO - Processing /home/airflow/.local/lib/python3.7/site-packages/airflow/example_dags/example_subdag_operator.py took 0.116 seconds
[2022-06-18 06:42:45,041] {processor.py:153} INFO - Started process (PID=426) to work on /home/airflow/.local/lib/python3.7/site-packages/airflow/example_dags/example_subdag_operator.py
[2022-06-18 06:42:45,042] {processor.py:641} INFO - Processing file /home/airflow/.local/lib/python3.7/site-packages/airflow/example_dags/example_subdag_operator.py for tasks to queue
[2022-06-18 06:42:45,042] {logging_mixin.py:115} INFO - [2022-06-18 06:42:45,042] {dagbag.py:507} INFO - Filling up the DagBag from /home/airflow/.local/lib/python3.7/site-packages/airflow/example_dags/example_subdag_operator.py
[2022-06-18 06:42:45,069] {processor.py:651} INFO - DAG(s) dict_keys(['example_subdag_operator.section-1', 'example_subdag_operator.section-2', 'example_subdag_operator']) retrieved from /home/airflow/.local/lib/python3.7/site-packages/airflow/example_dags/example_subdag_operator.py
[2022-06-18 06:42:45,100] {logging_mixin.py:115} INFO - [2022-06-18 06:42:45,100] {dag.py:2379} INFO - Sync 3 DAGs
[2022-06-18 06:42:45,125] {logging_mixin.py:115} INFO - [2022-06-18 06:42:45,125] {dag.py:2931} INFO - Setting next_dagrun for example_subdag_operator to 2022-01-01T00:00:00+00:00, run_after=2022-01-01T00:00:00+00:00
[2022-06-18 06:42:45,125] {logging_mixin.py:115} INFO - [2022-06-18 06:42:45,125] {dag.py:2931} INFO - Setting next_dagrun for example_subdag_operator.section-1 to None, run_after=None
[2022-06-18 06:42:45,125] {logging_mixin.py:115} INFO - [2022-06-18 06:42:45,125] {dag.py:2931} INFO - Setting next_dagrun for example_subdag_operator.section-2 to None, run_after=None
[2022-06-18 06:42:45,132] {logging_mixin.py:115} INFO - [2022-06-18 06:42:45,132] {dag.py:2379} INFO - Sync 2 DAGs
[2022-06-18 06:42:45,138] {logging_mixin.py:115} INFO - [2022-06-18 06:42:45,138] {dag.py:2931} INFO - Setting next_dagrun for example_subdag_operator.section-1 to None, run_after=None
[2022-06-18 06:42:45,138] {logging_mixin.py:115} INFO - [2022-06-18 06:42:45,138] {dag.py:2931} INFO - Setting next_dagrun for example_subdag_operator.section-2 to None, run_after=None
[2022-06-18 06:42:45,152] {processor.py:161} INFO - Processing /home/airflow/.local/lib/python3.7/site-packages/airflow/example_dags/example_subdag_operator.py took 0.112 seconds
[2022-06-18 06:43:15,827] {processor.py:153} INFO - Started process (PID=489) to work on /home/airflow/.local/lib/python3.7/site-packages/airflow/example_dags/example_subdag_operator.py
[2022-06-18 06:43:15,828] {processor.py:641} INFO - Processing file /home/airflow/.local/lib/python3.7/site-packages/airflow/example_dags/example_subdag_operator.py for tasks to queue
[2022-06-18 06:43:15,828] {logging_mixin.py:115} INFO - [2022-06-18 06:43:15,828] {dagbag.py:507} INFO - Filling up the DagBag from /home/airflow/.local/lib/python3.7/site-packages/airflow/example_dags/example_subdag_operator.py
[2022-06-18 06:43:15,857] {processor.py:651} INFO - DAG(s) dict_keys(['example_subdag_operator.section-1', 'example_subdag_operator.section-2', 'example_subdag_operator']) retrieved from /home/airflow/.local/lib/python3.7/site-packages/airflow/example_dags/example_subdag_operator.py
[2022-06-18 06:43:15,889] {logging_mixin.py:115} INFO - [2022-06-18 06:43:15,889] {dag.py:2379} INFO - Sync 3 DAGs
[2022-06-18 06:43:15,917] {logging_mixin.py:115} INFO - [2022-06-18 06:43:15,917] {dag.py:2931} INFO - Setting next_dagrun for example_subdag_operator to 2022-01-01T00:00:00+00:00, run_after=2022-01-01T00:00:00+00:00
[2022-06-18 06:43:15,918] {logging_mixin.py:115} INFO - [2022-06-18 06:43:15,918] {dag.py:2931} INFO - Setting next_dagrun for example_subdag_operator.section-1 to None, run_after=None
[2022-06-18 06:43:15,918] {logging_mixin.py:115} INFO - [2022-06-18 06:43:15,918] {dag.py:2931} INFO - Setting next_dagrun for example_subdag_operator.section-2 to None, run_after=None
[2022-06-18 06:43:15,925] {logging_mixin.py:115} INFO - [2022-06-18 06:43:15,925] {dag.py:2379} INFO - Sync 2 DAGs
[2022-06-18 06:43:15,932] {logging_mixin.py:115} INFO - [2022-06-18 06:43:15,932] {dag.py:2931} INFO - Setting next_dagrun for example_subdag_operator.section-1 to None, run_after=None
[2022-06-18 06:43:15,932] {logging_mixin.py:115} INFO - [2022-06-18 06:43:15,932] {dag.py:2931} INFO - Setting next_dagrun for example_subdag_operator.section-2 to None, run_after=None
[2022-06-18 06:43:15,943] {processor.py:161} INFO - Processing /home/airflow/.local/lib/python3.7/site-packages/airflow/example_dags/example_subdag_operator.py took 0.119 seconds
[2022-06-18 06:43:46,620] {processor.py:153} INFO - Started process (PID=552) to work on /home/airflow/.local/lib/python3.7/site-packages/airflow/example_dags/example_subdag_operator.py
[2022-06-18 06:43:46,620] {processor.py:641} INFO - Processing file /home/airflow/.local/lib/python3.7/site-packages/airflow/example_dags/example_subdag_operator.py for tasks to queue
[2022-06-18 06:43:46,621] {logging_mixin.py:115} INFO - [2022-06-18 06:43:46,621] {dagbag.py:507} INFO - Filling up the DagBag from /home/airflow/.local/lib/python3.7/site-packages/airflow/example_dags/example_subdag_operator.py
[2022-06-18 06:43:46,654] {processor.py:651} INFO - DAG(s) dict_keys(['example_subdag_operator.section-1', 'example_subdag_operator.section-2', 'example_subdag_operator']) retrieved from /home/airflow/.local/lib/python3.7/site-packages/airflow/example_dags/example_subdag_operator.py
[2022-06-18 06:43:46,707] {logging_mixin.py:115} INFO - [2022-06-18 06:43:46,707] {dag.py:2379} INFO - Sync 3 DAGs
[2022-06-18 06:43:46,739] {logging_mixin.py:115} INFO - [2022-06-18 06:43:46,738] {dag.py:2931} INFO - Setting next_dagrun for example_subdag_operator to 2022-01-01T00:00:00+00:00, run_after=2022-01-01T00:00:00+00:00
[2022-06-18 06:43:46,739] {logging_mixin.py:115} INFO - [2022-06-18 06:43:46,739] {dag.py:2931} INFO - Setting next_dagrun for example_subdag_operator.section-1 to None, run_after=None
[2022-06-18 06:43:46,739] {logging_mixin.py:115} INFO - [2022-06-18 06:43:46,739] {dag.py:2931} INFO - Setting next_dagrun for example_subdag_operator.section-2 to None, run_after=None
[2022-06-18 06:43:46,748] {logging_mixin.py:115} INFO - [2022-06-18 06:43:46,748] {dag.py:2379} INFO - Sync 2 DAGs
[2022-06-18 06:43:46,755] {logging_mixin.py:115} INFO - [2022-06-18 06:43:46,755] {dag.py:2931} INFO - Setting next_dagrun for example_subdag_operator.section-1 to None, run_after=None
[2022-06-18 06:43:46,756] {logging_mixin.py:115} INFO - [2022-06-18 06:43:46,756] {dag.py:2931} INFO - Setting next_dagrun for example_subdag_operator.section-2 to None, run_after=None
[2022-06-18 06:43:46,768] {processor.py:161} INFO - Processing /home/airflow/.local/lib/python3.7/site-packages/airflow/example_dags/example_subdag_operator.py took 0.150 seconds
[2022-06-18 06:44:17,654] {processor.py:153} INFO - Started process (PID=606) to work on /home/airflow/.local/lib/python3.7/site-packages/airflow/example_dags/example_subdag_operator.py
[2022-06-18 06:44:17,654] {processor.py:641} INFO - Processing file /home/airflow/.local/lib/python3.7/site-packages/airflow/example_dags/example_subdag_operator.py for tasks to queue
[2022-06-18 06:44:17,655] {logging_mixin.py:115} INFO - [2022-06-18 06:44:17,655] {dagbag.py:507} INFO - Filling up the DagBag from /home/airflow/.local/lib/python3.7/site-packages/airflow/example_dags/example_subdag_operator.py
[2022-06-18 06:44:17,684] {processor.py:651} INFO - DAG(s) dict_keys(['example_subdag_operator.section-1', 'example_subdag_operator.section-2', 'example_subdag_operator']) retrieved from /home/airflow/.local/lib/python3.7/site-packages/airflow/example_dags/example_subdag_operator.py
[2022-06-18 06:44:17,714] {logging_mixin.py:115} INFO - [2022-06-18 06:44:17,714] {dag.py:2379} INFO - Sync 3 DAGs
[2022-06-18 06:44:17,739] {logging_mixin.py:115} INFO - [2022-06-18 06:44:17,739] {dag.py:2931} INFO - Setting next_dagrun for example_subdag_operator to 2022-01-01T00:00:00+00:00, run_after=2022-01-01T00:00:00+00:00
[2022-06-18 06:44:17,739] {logging_mixin.py:115} INFO - [2022-06-18 06:44:17,739] {dag.py:2931} INFO - Setting next_dagrun for example_subdag_operator.section-1 to None, run_after=None
[2022-06-18 06:44:17,739] {logging_mixin.py:115} INFO - [2022-06-18 06:44:17,739] {dag.py:2931} INFO - Setting next_dagrun for example_subdag_operator.section-2 to None, run_after=None
[2022-06-18 06:44:17,746] {logging_mixin.py:115} INFO - [2022-06-18 06:44:17,746] {dag.py:2379} INFO - Sync 2 DAGs
[2022-06-18 06:44:17,752] {logging_mixin.py:115} INFO - [2022-06-18 06:44:17,752] {dag.py:2931} INFO - Setting next_dagrun for example_subdag_operator.section-1 to None, run_after=None
[2022-06-18 06:44:17,752] {logging_mixin.py:115} INFO - [2022-06-18 06:44:17,752] {dag.py:2931} INFO - Setting next_dagrun for example_subdag_operator.section-2 to None, run_after=None
[2022-06-18 06:44:17,769] {processor.py:161} INFO - Processing /home/airflow/.local/lib/python3.7/site-packages/airflow/example_dags/example_subdag_operator.py took 0.120 seconds
[2022-06-18 06:44:48,102] {processor.py:153} INFO - Started process (PID=669) to work on /home/airflow/.local/lib/python3.7/site-packages/airflow/example_dags/example_subdag_operator.py
[2022-06-18 06:44:48,106] {processor.py:641} INFO - Processing file /home/airflow/.local/lib/python3.7/site-packages/airflow/example_dags/example_subdag_operator.py for tasks to queue
[2022-06-18 06:44:48,107] {logging_mixin.py:115} INFO - [2022-06-18 06:44:48,107] {dagbag.py:507} INFO - Filling up the DagBag from /home/airflow/.local/lib/python3.7/site-packages/airflow/example_dags/example_subdag_operator.py
[2022-06-18 06:44:48,137] {processor.py:651} INFO - DAG(s) dict_keys(['example_subdag_operator.section-1', 'example_subdag_operator.section-2', 'example_subdag_operator']) retrieved from /home/airflow/.local/lib/python3.7/site-packages/airflow/example_dags/example_subdag_operator.py
[2022-06-18 06:44:48,168] {logging_mixin.py:115} INFO - [2022-06-18 06:44:48,168] {dag.py:2379} INFO - Sync 3 DAGs
[2022-06-18 06:44:48,191] {logging_mixin.py:115} INFO - [2022-06-18 06:44:48,191] {dag.py:2931} INFO - Setting next_dagrun for example_subdag_operator to 2022-01-01T00:00:00+00:00, run_after=2022-01-01T00:00:00+00:00
[2022-06-18 06:44:48,191] {logging_mixin.py:115} INFO - [2022-06-18 06:44:48,191] {dag.py:2931} INFO - Setting next_dagrun for example_subdag_operator.section-1 to None, run_after=None
[2022-06-18 06:44:48,192] {logging_mixin.py:115} INFO - [2022-06-18 06:44:48,192] {dag.py:2931} INFO - Setting next_dagrun for example_subdag_operator.section-2 to None, run_after=None
[2022-06-18 06:44:48,197] {logging_mixin.py:115} INFO - [2022-06-18 06:44:48,197] {dag.py:2379} INFO - Sync 2 DAGs
[2022-06-18 06:44:48,203] {logging_mixin.py:115} INFO - [2022-06-18 06:44:48,203] {dag.py:2931} INFO - Setting next_dagrun for example_subdag_operator.section-1 to None, run_after=None
[2022-06-18 06:44:48,203] {logging_mixin.py:115} INFO - [2022-06-18 06:44:48,203] {dag.py:2931} INFO - Setting next_dagrun for example_subdag_operator.section-2 to None, run_after=None
[2022-06-18 06:44:48,257] {processor.py:161} INFO - Processing /home/airflow/.local/lib/python3.7/site-packages/airflow/example_dags/example_subdag_operator.py took 0.159 seconds
[2022-06-18 06:45:18,803] {processor.py:153} INFO - Started process (PID=732) to work on /home/airflow/.local/lib/python3.7/site-packages/airflow/example_dags/example_subdag_operator.py
[2022-06-18 06:45:18,804] {processor.py:641} INFO - Processing file /home/airflow/.local/lib/python3.7/site-packages/airflow/example_dags/example_subdag_operator.py for tasks to queue
[2022-06-18 06:45:18,804] {logging_mixin.py:115} INFO - [2022-06-18 06:45:18,804] {dagbag.py:507} INFO - Filling up the DagBag from /home/airflow/.local/lib/python3.7/site-packages/airflow/example_dags/example_subdag_operator.py
[2022-06-18 06:45:18,836] {processor.py:651} INFO - DAG(s) dict_keys(['example_subdag_operator.section-1', 'example_subdag_operator.section-2', 'example_subdag_operator']) retrieved from /home/airflow/.local/lib/python3.7/site-packages/airflow/example_dags/example_subdag_operator.py
[2022-06-18 06:45:18,870] {logging_mixin.py:115} INFO - [2022-06-18 06:45:18,870] {dag.py:2379} INFO - Sync 3 DAGs
[2022-06-18 06:45:18,892] {logging_mixin.py:115} INFO - [2022-06-18 06:45:18,892] {dag.py:2931} INFO - Setting next_dagrun for example_subdag_operator to 2022-01-01T00:00:00+00:00, run_after=2022-01-01T00:00:00+00:00
[2022-06-18 06:45:18,892] {logging_mixin.py:115} INFO - [2022-06-18 06:45:18,892] {dag.py:2931} INFO - Setting next_dagrun for example_subdag_operator.section-1 to None, run_after=None
[2022-06-18 06:45:18,893] {logging_mixin.py:115} INFO - [2022-06-18 06:45:18,892] {dag.py:2931} INFO - Setting next_dagrun for example_subdag_operator.section-2 to None, run_after=None
[2022-06-18 06:45:18,898] {logging_mixin.py:115} INFO - [2022-06-18 06:45:18,898] {dag.py:2379} INFO - Sync 2 DAGs
[2022-06-18 06:45:18,904] {logging_mixin.py:115} INFO - [2022-06-18 06:45:18,904] {dag.py:2931} INFO - Setting next_dagrun for example_subdag_operator.section-1 to None, run_after=None
[2022-06-18 06:45:18,904] {logging_mixin.py:115} INFO - [2022-06-18 06:45:18,904] {dag.py:2931} INFO - Setting next_dagrun for example_subdag_operator.section-2 to None, run_after=None
[2022-06-18 06:45:18,919] {processor.py:161} INFO - Processing /home/airflow/.local/lib/python3.7/site-packages/airflow/example_dags/example_subdag_operator.py took 0.119 seconds
[2022-06-18 06:45:49,516] {processor.py:153} INFO - Started process (PID=786) to work on /home/airflow/.local/lib/python3.7/site-packages/airflow/example_dags/example_subdag_operator.py
[2022-06-18 06:45:49,516] {processor.py:641} INFO - Processing file /home/airflow/.local/lib/python3.7/site-packages/airflow/example_dags/example_subdag_operator.py for tasks to queue
[2022-06-18 06:45:49,517] {logging_mixin.py:115} INFO - [2022-06-18 06:45:49,517] {dagbag.py:507} INFO - Filling up the DagBag from /home/airflow/.local/lib/python3.7/site-packages/airflow/example_dags/example_subdag_operator.py
[2022-06-18 06:45:49,541] {processor.py:651} INFO - DAG(s) dict_keys(['example_subdag_operator.section-1', 'example_subdag_operator.section-2', 'example_subdag_operator']) retrieved from /home/airflow/.local/lib/python3.7/site-packages/airflow/example_dags/example_subdag_operator.py
[2022-06-18 06:45:49,569] {logging_mixin.py:115} INFO - [2022-06-18 06:45:49,569] {dag.py:2379} INFO - Sync 3 DAGs
[2022-06-18 06:45:49,599] {logging_mixin.py:115} INFO - [2022-06-18 06:45:49,599] {dag.py:2931} INFO - Setting next_dagrun for example_subdag_operator to 2022-01-01T00:00:00+00:00, run_after=2022-01-01T00:00:00+00:00
[2022-06-18 06:45:49,599] {logging_mixin.py:115} INFO - [2022-06-18 06:45:49,599] {dag.py:2931} INFO - Setting next_dagrun for example_subdag_operator.section-1 to None, run_after=None
[2022-06-18 06:45:49,600] {logging_mixin.py:115} INFO - [2022-06-18 06:45:49,600] {dag.py:2931} INFO - Setting next_dagrun for example_subdag_operator.section-2 to None, run_after=None
[2022-06-18 06:45:49,605] {logging_mixin.py:115} INFO - [2022-06-18 06:45:49,605] {dag.py:2379} INFO - Sync 2 DAGs
[2022-06-18 06:45:49,610] {logging_mixin.py:115} INFO - [2022-06-18 06:45:49,610] {dag.py:2931} INFO - Setting next_dagrun for example_subdag_operator.section-1 to None, run_after=None
[2022-06-18 06:45:49,610] {logging_mixin.py:115} INFO - [2022-06-18 06:45:49,610] {dag.py:2931} INFO - Setting next_dagrun for example_subdag_operator.section-2 to None, run_after=None
[2022-06-18 06:45:49,624] {processor.py:161} INFO - Processing /home/airflow/.local/lib/python3.7/site-packages/airflow/example_dags/example_subdag_operator.py took 0.110 seconds
[2022-06-18 06:46:19,896] {processor.py:153} INFO - Started process (PID=849) to work on /home/airflow/.local/lib/python3.7/site-packages/airflow/example_dags/example_subdag_operator.py
[2022-06-18 06:46:19,896] {processor.py:641} INFO - Processing file /home/airflow/.local/lib/python3.7/site-packages/airflow/example_dags/example_subdag_operator.py for tasks to queue
[2022-06-18 06:46:19,897] {logging_mixin.py:115} INFO - [2022-06-18 06:46:19,897] {dagbag.py:507} INFO - Filling up the DagBag from /home/airflow/.local/lib/python3.7/site-packages/airflow/example_dags/example_subdag_operator.py
[2022-06-18 06:46:19,919] {processor.py:651} INFO - DAG(s) dict_keys(['example_subdag_operator.section-1', 'example_subdag_operator.section-2', 'example_subdag_operator']) retrieved from /home/airflow/.local/lib/python3.7/site-packages/airflow/example_dags/example_subdag_operator.py
[2022-06-18 06:46:19,947] {logging_mixin.py:115} INFO - [2022-06-18 06:46:19,947] {dag.py:2379} INFO - Sync 3 DAGs
[2022-06-18 06:46:19,968] {logging_mixin.py:115} INFO - [2022-06-18 06:46:19,968] {dag.py:2931} INFO - Setting next_dagrun for example_subdag_operator to 2022-01-01T00:00:00+00:00, run_after=2022-01-01T00:00:00+00:00
[2022-06-18 06:46:19,968] {logging_mixin.py:115} INFO - [2022-06-18 06:46:19,968] {dag.py:2931} INFO - Setting next_dagrun for example_subdag_operator.section-1 to None, run_after=None
[2022-06-18 06:46:19,968] {logging_mixin.py:115} INFO - [2022-06-18 06:46:19,968] {dag.py:2931} INFO - Setting next_dagrun for example_subdag_operator.section-2 to None, run_after=None
[2022-06-18 06:46:19,974] {logging_mixin.py:115} INFO - [2022-06-18 06:46:19,974] {dag.py:2379} INFO - Sync 2 DAGs
[2022-06-18 06:46:19,979] {logging_mixin.py:115} INFO - [2022-06-18 06:46:19,979] {dag.py:2931} INFO - Setting next_dagrun for example_subdag_operator.section-1 to None, run_after=None
[2022-06-18 06:46:19,979] {logging_mixin.py:115} INFO - [2022-06-18 06:46:19,979] {dag.py:2931} INFO - Setting next_dagrun for example_subdag_operator.section-2 to None, run_after=None
[2022-06-18 06:46:19,992] {processor.py:161} INFO - Processing /home/airflow/.local/lib/python3.7/site-packages/airflow/example_dags/example_subdag_operator.py took 0.100 seconds
                                                                                                                                                                                                                                                                                                                                                                                                                                                                                                                                                                                                                                                                                                                                                                                                                                                                                                                                                                                                                                                                                                                                                                 