[2022-06-18 06:01:18,263] {processor.py:153} INFO - Started process (PID=57) to work on /home/airflow/.local/lib/python3.7/site-packages/airflow/example_dags/example_python_operator.py
[2022-06-18 06:01:18,263] {processor.py:641} INFO - Processing file /home/airflow/.local/lib/python3.7/site-packages/airflow/example_dags/example_python_operator.py for tasks to queue
[2022-06-18 06:01:18,264] {logging_mixin.py:115} INFO - [2022-06-18 06:01:18,264] {dagbag.py:507} INFO - Filling up the DagBag from /home/airflow/.local/lib/python3.7/site-packages/airflow/example_dags/example_python_operator.py
[2022-06-18 06:01:18,283] {processor.py:651} INFO - DAG(s) dict_keys(['example_python_operator']) retrieved from /home/airflow/.local/lib/python3.7/site-packages/airflow/example_dags/example_python_operator.py
[2022-06-18 06:01:18,456] {logging_mixin.py:115} INFO - [2022-06-18 06:01:18,455] {dag.py:2379} INFO - Sync 1 DAGs
[2022-06-18 06:01:18,474] {logging_mixin.py:115} INFO - [2022-06-18 06:01:18,474] {dag.py:2931} INFO - Setting next_dagrun for example_python_operator to None, run_after=None
[2022-06-18 06:01:18,584] {processor.py:161} INFO - Processing /home/airflow/.local/lib/python3.7/site-packages/airflow/example_dags/example_python_operator.py took 0.324 seconds
[2022-06-18 06:01:49,404] {processor.py:153} INFO - Started process (PID=111) to work on /home/airflow/.local/lib/python3.7/site-packages/airflow/example_dags/example_python_operator.py
[2022-06-18 06:01:49,422] {processor.py:641} INFO - Processing file /home/airflow/.local/lib/python3.7/site-packages/airflow/example_dags/example_python_operator.py for tasks to queue
[2022-06-18 06:01:49,423] {logging_mixin.py:115} INFO - [2022-06-18 06:01:49,423] {dagbag.py:507} INFO - Filling up the DagBag from /home/airflow/.local/lib/python3.7/site-packages/airflow/example_dags/example_python_operator.py
[2022-06-18 06:01:49,444] {processor.py:651} INFO - DAG(s) dict_keys(['example_python_operator']) retrieved from /home/airflow/.local/lib/python3.7/site-packages/airflow/example_dags/example_python_operator.py
[2022-06-18 06:01:49,475] {logging_mixin.py:115} INFO - [2022-06-18 06:01:49,475] {dag.py:2379} INFO - Sync 1 DAGs
[2022-06-18 06:01:49,594] {logging_mixin.py:115} INFO - [2022-06-18 06:01:49,593] {dag.py:2931} INFO - Setting next_dagrun for example_python_operator to None, run_after=None
[2022-06-18 06:01:49,699] {processor.py:161} INFO - Processing /home/airflow/.local/lib/python3.7/site-packages/airflow/example_dags/example_python_operator.py took 0.298 seconds
[2022-06-18 06:02:20,444] {processor.py:153} INFO - Started process (PID=175) to work on /home/airflow/.local/lib/python3.7/site-packages/airflow/example_dags/example_python_operator.py
[2022-06-18 06:02:20,445] {processor.py:641} INFO - Processing file /home/airflow/.local/lib/python3.7/site-packages/airflow/example_dags/example_python_operator.py for tasks to queue
[2022-06-18 06:02:20,446] {logging_mixin.py:115} INFO - [2022-06-18 06:02:20,445] {dagbag.py:507} INFO - Filling up the DagBag from /home/airflow/.local/lib/python3.7/site-packages/airflow/example_dags/example_python_operator.py
[2022-06-18 06:02:20,462] {processor.py:651} INFO - DAG(s) dict_keys(['example_python_operator']) retrieved from /home/airflow/.local/lib/python3.7/site-packages/airflow/example_dags/example_python_operator.py
[2022-06-18 06:02:20,489] {logging_mixin.py:115} INFO - [2022-06-18 06:02:20,489] {dag.py:2379} INFO - Sync 1 DAGs
[2022-06-18 06:02:20,614] {logging_mixin.py:115} INFO - [2022-06-18 06:02:20,614] {dag.py:2931} INFO - Setting next_dagrun for example_python_operator to None, run_after=None
[2022-06-18 06:02:20,627] {processor.py:161} INFO - Processing /home/airflow/.local/lib/python3.7/site-packages/airflow/example_dags/example_python_operator.py took 0.188 seconds
[2022-06-18 06:02:50,846] {processor.py:153} INFO - Started process (PID=237) to work on /home/airflow/.local/lib/python3.7/site-packages/airflow/example_dags/example_python_operator.py
[2022-06-18 06:02:50,866] {processor.py:641} INFO - Processing file /home/airflow/.local/lib/python3.7/site-packages/airflow/example_dags/example_python_operator.py for tasks to queue
[2022-06-18 06:02:50,867] {logging_mixin.py:115} INFO - [2022-06-18 06:02:50,867] {dagbag.py:507} INFO - Filling up the DagBag from /home/airflow/.local/lib/python3.7/site-packages/airflow/example_dags/example_python_operator.py
[2022-06-18 06:02:50,888] {processor.py:651} INFO - DAG(s) dict_keys(['example_python_operator']) retrieved from /home/airflow/.local/lib/python3.7/site-packages/airflow/example_dags/example_python_operator.py
[2022-06-18 06:02:50,918] {logging_mixin.py:115} INFO - [2022-06-18 06:02:50,918] {dag.py:2379} INFO - Sync 1 DAGs
[2022-06-18 06:02:51,022] {logging_mixin.py:115} INFO - [2022-06-18 06:02:51,022] {dag.py:2931} INFO - Setting next_dagrun for example_python_operator to None, run_after=None
[2022-06-18 06:02:51,046] {processor.py:161} INFO - Processing /home/airflow/.local/lib/python3.7/site-packages/airflow/example_dags/example_python_operator.py took 0.204 seconds
[2022-06-18 06:03:21,146] {processor.py:153} INFO - Started process (PID=291) to work on /home/airflow/.local/lib/python3.7/site-packages/airflow/example_dags/example_python_operator.py
[2022-06-18 06:03:21,146] {processor.py:641} INFO - Processing file /home/airflow/.local/lib/python3.7/site-packages/airflow/example_dags/example_python_operator.py for tasks to queue
[2022-06-18 06:03:21,147] {logging_mixin.py:115} INFO - [2022-06-18 06:03:21,147] {dagbag.py:507} INFO - Filling up the DagBag from /home/airflow/.local/lib/python3.7/site-packages/airflow/example_dags/example_python_operator.py
[2022-06-18 06:03:21,162] {processor.py:651} INFO - DAG(s) dict_keys(['example_python_operator']) retrieved from /home/airflow/.local/lib/python3.7/site-packages/airflow/example_dags/example_python_operator.py
[2022-06-18 06:03:21,189] {logging_mixin.py:115} INFO - [2022-06-18 06:03:21,189] {dag.py:2379} INFO - Sync 1 DAGs
[2022-06-18 06:03:21,312] {logging_mixin.py:115} INFO - [2022-06-18 06:03:21,312] {dag.py:2931} INFO - Setting next_dagrun for example_python_operator to None, run_after=None
[2022-06-18 06:03:21,337] {processor.py:161} INFO - Processing /home/airflow/.local/lib/python3.7/site-packages/airflow/example_dags/example_python_operator.py took 0.195 seconds
[2022-06-18 06:03:51,470] {processor.py:153} INFO - Started process (PID=354) to work on /home/airflow/.local/lib/python3.7/site-packages/airflow/example_dags/example_python_operator.py
[2022-06-18 06:03:51,471] {processor.py:641} INFO - Processing file /home/airflow/.local/lib/python3.7/site-packages/airflow/example_dags/example_python_operator.py for tasks to queue
[2022-06-18 06:03:51,471] {logging_mixin.py:115} INFO - [2022-06-18 06:03:51,471] {dagbag.py:507} INFO - Filling up the DagBag from /home/airflow/.local/lib/python3.7/site-packages/airflow/example_dags/example_python_operator.py
[2022-06-18 06:03:51,489] {processor.py:651} INFO - DAG(s) dict_keys(['example_python_operator']) retrieved from /home/airflow/.local/lib/python3.7/site-packages/airflow/example_dags/example_python_operator.py
[2022-06-18 06:03:51,511] {logging_mixin.py:115} INFO - [2022-06-18 06:03:51,511] {dag.py:2379} INFO - Sync 1 DAGs
[2022-06-18 06:03:51,614] {logging_mixin.py:115} INFO - [2022-06-18 06:03:51,614] {dag.py:2931} INFO - Setting next_dagrun for example_python_operator to None, run_after=None
[2022-06-18 06:03:51,628] {processor.py:161} INFO - Processing /home/airflow/.local/lib/python3.7/site-packages/airflow/example_dags/example_python_operator.py took 0.160 seconds
[2022-06-18 06:04:21,818] {processor.py:153} INFO - Started process (PID=418) to work on /home/airflow/.local/lib/python3.7/site-packages/airflow/example_dags/example_python_operator.py
[2022-06-18 06:04:21,818] {processor.py:641} INFO - Processing file /home/airflow/.local/lib/python3.7/site-packages/airflow/example_dags/example_python_operator.py for tasks to queue
[2022-06-18 06:04:21,819] {logging_mixin.py:115} INFO - [2022-06-18 06:04:21,819] {dagbag.py:507} INFO - Filling up the DagBag from /home/airflow/.local/lib/python3.7/site-packages/airflow/example_dags/example_python_operator.py
[2022-06-18 06:04:21,832] {processor.py:651} INFO - DAG(s) dict_keys(['example_python_operator']) retrieved from /home/airflow/.local/lib/python3.7/site-packages/airflow/example_dags/example_python_operator.py
[2022-06-18 06:04:21,858] {logging_mixin.py:115} INFO - [2022-06-18 06:04:21,858] {dag.py:2379} INFO - Sync 1 DAGs
[2022-06-18 06:04:21,962] {logging_mixin.py:115} INFO - [2022-06-18 06:04:21,962] {dag.py:2931} INFO - Setting next_dagrun for example_python_operator to None, run_after=None
[2022-06-18 06:04:21,979] {processor.py:161} INFO - Processing /home/airflow/.local/lib/python3.7/site-packages/airflow/example_dags/example_python_operator.py took 0.165 seconds
[2022-06-18 06:04:52,665] {processor.py:153} INFO - Started process (PID=472) to work on /home/airflow/.local/lib/python3.7/site-packages/airflow/example_dags/example_python_operator.py
[2022-06-18 06:04:52,665] {processor.py:641} INFO - Processing file /home/airflow/.local/lib/python3.7/site-packages/airflow/example_dags/example_python_operator.py for tasks to queue
[2022-06-18 06:04:52,665] {logging_mixin.py:115} INFO - [2022-06-18 06:04:52,665] {dagbag.py:507} INFO - Filling up the DagBag from /home/airflow/.local/lib/python3.7/site-packages/airflow/example_dags/example_python_operator.py
[2022-06-18 06:04:52,684] {processor.py:651} INFO - DAG(s) dict_keys(['example_python_operator']) retrieved from /home/airflow/.local/lib/python3.7/site-packages/airflow/example_dags/example_python_operator.py
[2022-06-18 06:04:52,705] {logging_mixin.py:115} INFO - [2022-06-18 06:04:52,705] {dag.py:2379} INFO - Sync 1 DAGs
[2022-06-18 06:04:52,823] {logging_mixin.py:115} INFO - [2022-06-18 06:04:52,823] {dag.py:2931} INFO - Setting next_dagrun for example_python_operator to None, run_after=None
[2022-06-18 06:04:52,838] {processor.py:161} INFO - Processing /home/airflow/.local/lib/python3.7/site-packages/airflow/example_dags/example_python_operator.py took 0.176 seconds
[2022-06-18 06:05:22,871] {processor.py:153} INFO - Started process (PID=534) to work on /home/airflow/.local/lib/python3.7/site-packages/airflow/example_dags/example_python_operator.py
[2022-06-18 06:05:22,872] {processor.py:641} INFO - Processing file /home/airflow/.local/lib/python3.7/site-packages/airflow/example_dags/example_python_operator.py for tasks to queue
[2022-06-18 06:05:22,873] {logging_mixin.py:115} INFO - [2022-06-18 06:05:22,873] {dagbag.py:507} INFO - Filling up the DagBag from /home/airflow/.local/lib/python3.7/site-packages/airflow/example_dags/example_python_operator.py
[2022-06-18 06:05:22,888] {processor.py:651} INFO - DAG(s) dict_keys(['example_python_operator']) retrieved from /home/airflow/.local/lib/python3.7/site-packages/airflow/example_dags/example_python_operator.py
[2022-06-18 06:05:22,916] {logging_mixin.py:115} INFO - [2022-06-18 06:05:22,916] {dag.py:2379} INFO - Sync 1 DAGs
[2022-06-18 06:05:23,033] {logging_mixin.py:115} INFO - [2022-06-18 06:05:23,033] {dag.py:2931} INFO - Setting next_dagrun for example_python_operator to None, run_after=None
[2022-06-18 06:05:23,058] {processor.py:161} INFO - Processing /home/airflow/.local/lib/python3.7/site-packages/airflow/example_dags/example_python_operator.py took 0.191 seconds
[2022-06-18 06:05:53,649] {processor.py:153} INFO - Started process (PID=598) to work on /home/airflow/.local/lib/python3.7/site-packages/airflow/example_dags/example_python_operator.py
[2022-06-18 06:05:53,661] {processor.py:641} INFO - Processing file /home/airflow/.local/lib/python3.7/site-packages/airflow/example_dags/example_python_operator.py for tasks to queue
[2022-06-18 06:05:53,680] {logging_mixin.py:115} INFO - [2022-06-18 06:05:53,680] {dagbag.py:507} INFO - Filling up the DagBag from /home/airflow/.local/lib/python3.7/site-packages/airflow/example_dags/example_python_operator.py
[2022-06-18 06:05:53,699] {processor.py:651} INFO - DAG(s) dict_keys(['example_python_operator']) retrieved from /home/airflow/.local/lib/python3.7/site-packages/airflow/example_dags/example_python_operator.py
[2022-06-18 06:05:53,727] {logging_mixin.py:115} INFO - [2022-06-18 06:05:53,727] {dag.py:2379} INFO - Sync 1 DAGs
[2022-06-18 06:05:53,832] {logging_mixin.py:115} INFO - [2022-06-18 06:05:53,832] {dag.py:2931} INFO - Setting next_dagrun for example_python_operator to None, run_after=None
[2022-06-18 06:05:53,856] {processor.py:161} INFO - Processing /home/airflow/.local/lib/python3.7/site-packages/airflow/example_dags/example_python_operator.py took 0.208 seconds
[2022-06-18 06:06:24,077] {processor.py:153} INFO - Started process (PID=652) to work on /home/airflow/.local/lib/python3.7/site-packages/airflow/example_dags/example_python_operator.py
[2022-06-18 06:06:24,088] {processor.py:641} INFO - Processing file /home/airflow/.local/lib/python3.7/site-packages/airflow/example_dags/example_python_operator.py for tasks to queue
[2022-06-18 06:06:24,088] {logging_mixin.py:115} INFO - [2022-06-18 06:06:24,088] {dagbag.py:507} INFO - Filling up the DagBag from /home/airflow/.local/lib/python3.7/site-packages/airflow/example_dags/example_python_operator.py
[2022-06-18 06:06:24,108] {processor.py:651} INFO - DAG(s) dict_keys(['example_python_operator']) retrieved from /home/airflow/.local/lib/python3.7/site-packages/airflow/example_dags/example_python_operator.py
[2022-06-18 06:06:24,130] {logging_mixin.py:115} INFO - [2022-06-18 06:06:24,130] {dag.py:2379} INFO - Sync 1 DAGs
[2022-06-18 06:06:24,252] {logging_mixin.py:115} INFO - [2022-06-18 06:06:24,251] {dag.py:2931} INFO - Setting next_dagrun for example_python_operator to None, run_after=None
[2022-06-18 06:06:24,272] {processor.py:161} INFO - Processing /home/airflow/.local/lib/python3.7/site-packages/airflow/example_dags/example_python_operator.py took 0.198 seconds
[2022-06-18 06:39:39,379] {processor.py:153} INFO - Started process (PID=51) to work on /home/airflow/.local/lib/python3.7/site-packages/airflow/example_dags/example_python_operator.py
[2022-06-18 06:39:39,380] {processor.py:641} INFO - Processing file /home/airflow/.local/lib/python3.7/site-packages/airflow/example_dags/example_python_operator.py for tasks to queue
[2022-06-18 06:39:39,381] {logging_mixin.py:115} INFO - [2022-06-18 06:39:39,381] {dagbag.py:507} INFO - Filling up the DagBag from /home/airflow/.local/lib/python3.7/site-packages/airflow/example_dags/example_python_operator.py
[2022-06-18 06:39:39,401] {processor.py:651} INFO - DAG(s) dict_keys(['example_python_operator']) retrieved from /home/airflow/.local/lib/python3.7/site-packages/airflow/example_dags/example_python_operator.py
[2022-06-18 06:39:39,428] {logging_mixin.py:115} INFO - [2022-06-18 06:39:39,427] {dag.py:2379} INFO - Sync 1 DAGs
[2022-06-18 06:39:39,453] {logging_mixin.py:115} INFO - [2022-06-18 06:39:39,453] {dag.py:2931} INFO - Setting next_dagrun for example_python_operator to None, run_after=None
[2022-06-18 06:39:39,467] {processor.py:161} INFO - Processing /home/airflow/.local/lib/python3.7/site-packages/airflow/example_dags/example_python_operator.py took 0.092 seconds
[2022-06-18 06:40:10,005] {processor.py:153} INFO - Started process (PID=116) to work on /home/airflow/.local/lib/python3.7/site-packages/airflow/example_dags/example_python_operator.py
[2022-06-18 06:40:10,005] {processor.py:641} INFO - Processing file /home/airflow/.local/lib/python3.7/site-packages/airflow/example_dags/example_python_operator.py for tasks to queue
[2022-06-18 06:40:10,005] {logging_mixin.py:115} INFO - [2022-06-18 06:40:10,005] {dagbag.py:507} INFO - Filling up the DagBag from /home/airflow/.local/lib/python3.7/site-packages/airflow/example_dags/example_python_operator.py
[2022-06-18 06:40:10,023] {processor.py:651} INFO - DAG(s) dict_keys(['example_python_operator']) retrieved from /home/airflow/.local/lib/python3.7/site-packages/airflow/example_dags/example_python_operator.py
[2022-06-18 06:40:10,047] {logging_mixin.py:115} INFO - [2022-06-18 06:40:10,047] {dag.py:2379} INFO - Sync 1 DAGs
[2022-06-18 06:40:10,069] {logging_mixin.py:115} INFO - [2022-06-18 06:40:10,069] {dag.py:2931} INFO - Setting next_dagrun for example_python_operator to None, run_after=None
[2022-06-18 06:40:10,096] {processor.py:161} INFO - Processing /home/airflow/.local/lib/python3.7/site-packages/airflow/example_dags/example_python_operator.py took 0.094 seconds
[2022-06-18 06:40:40,682] {processor.py:153} INFO - Started process (PID=179) to work on /home/airflow/.local/lib/python3.7/site-packages/airflow/example_dags/example_python_operator.py
[2022-06-18 06:40:40,693] {processor.py:641} INFO - Processing file /home/airflow/.local/lib/python3.7/site-packages/airflow/example_dags/example_python_operator.py for tasks to queue
[2022-06-18 06:40:40,693] {logging_mixin.py:115} INFO - [2022-06-18 06:40:40,693] {dagbag.py:507} INFO - Filling up the DagBag from /home/airflow/.local/lib/python3.7/site-packages/airflow/example_dags/example_python_operator.py
[2022-06-18 06:40:40,719] {processor.py:651} INFO - DAG(s) dict_keys(['example_python_operator']) retrieved from /home/airflow/.local/lib/python3.7/site-packages/airflow/example_dags/example_python_operator.py
[2022-06-18 06:40:40,742] {logging_mixin.py:115} INFO - [2022-06-18 06:40:40,742] {dag.py:2379} INFO - Sync 1 DAGs
[2022-06-18 06:40:40,768] {logging_mixin.py:115} INFO - [2022-06-18 06:40:40,768] {dag.py:2931} INFO - Setting next_dagrun for example_python_operator to None, run_after=None
[2022-06-18 06:40:40,792] {processor.py:161} INFO - Processing /home/airflow/.local/lib/python3.7/site-packages/airflow/example_dags/example_python_operator.py took 0.114 seconds
[2022-06-18 06:41:11,502] {processor.py:153} INFO - Started process (PID=234) to work on /home/airflow/.local/lib/python3.7/site-packages/airflow/example_dags/example_python_operator.py
[2022-06-18 06:41:11,503] {processor.py:641} INFO - Processing file /home/airflow/.local/lib/python3.7/site-packages/airflow/example_dags/example_python_operator.py for tasks to queue
[2022-06-18 06:41:11,504] {logging_mixin.py:115} INFO - [2022-06-18 06:41:11,503] {dagbag.py:507} INFO - Filling up the DagBag from /home/airflow/.local/lib/python3.7/site-packages/airflow/example_dags/example_python_operator.py
[2022-06-18 06:41:11,521] {processor.py:651} INFO - DAG(s) dict_keys(['example_python_operator']) retrieved from /home/airflow/.local/lib/python3.7/site-packages/airflow/example_dags/example_python_operator.py
[2022-06-18 06:41:11,549] {logging_mixin.py:115} INFO - [2022-06-18 06:41:11,549] {dag.py:2379} INFO - Sync 1 DAGs
[2022-06-18 06:41:11,577] {logging_mixin.py:115} INFO - [2022-06-18 06:41:11,577] {dag.py:2931} INFO - Setting next_dagrun for example_python_operator to None, run_after=None
[2022-06-18 06:41:11,592] {processor.py:161} INFO - Processing /home/airflow/.local/lib/python3.7/site-packages/airflow/example_dags/example_python_operator.py took 0.094 seconds
[2022-06-18 06:41:42,581] {processor.py:153} INFO - Started process (PID=297) to work on /home/airflow/.local/lib/python3.7/site-packages/airflow/example_dags/example_python_operator.py
[2022-06-18 06:41:42,592] {processor.py:641} INFO - Processing file /home/airflow/.local/lib/python3.7/site-packages/airflow/example_dags/example_python_operator.py for tasks to queue
[2022-06-18 06:41:42,593] {logging_mixin.py:115} INFO - [2022-06-18 06:41:42,593] {dagbag.py:507} INFO - Filling up the DagBag from /home/airflow/.local/lib/python3.7/site-packages/airflow/example_dags/example_python_operator.py
[2022-06-18 06:41:42,613] {processor.py:651} INFO - DAG(s) dict_keys(['example_python_operator']) retrieved from /home/airflow/.local/lib/python3.7/site-packages/airflow/example_dags/example_python_operator.py
[2022-06-18 06:41:42,637] {logging_mixin.py:115} INFO - [2022-06-18 06:41:42,637] {dag.py:2379} INFO - Sync 1 DAGs
[2022-06-18 06:41:42,658] {logging_mixin.py:115} INFO - [2022-06-18 06:41:42,658] {dag.py:2931} INFO - Setting next_dagrun for example_python_operator to None, run_after=None
[2022-06-18 06:41:42,687] {processor.py:161} INFO - Processing /home/airflow/.local/lib/python3.7/site-packages/airflow/example_dags/example_python_operator.py took 0.108 seconds
[2022-06-18 06:42:13,394] {processor.py:153} INFO - Started process (PID=360) to work on /home/airflow/.local/lib/python3.7/site-packages/airflow/example_dags/example_python_operator.py
[2022-06-18 06:42:13,395] {processor.py:641} INFO - Processing file /home/airflow/.local/lib/python3.7/site-packages/airflow/example_dags/example_python_operator.py for tasks to queue
[2022-06-18 06:42:13,395] {logging_mixin.py:115} INFO - [2022-06-18 06:42:13,395] {dagbag.py:507} INFO - Filling up the DagBag from /home/airflow/.local/lib/python3.7/site-packages/airflow/example_dags/example_python_operator.py
[2022-06-18 06:42:13,415] {processor.py:651} INFO - DAG(s) dict_keys(['example_python_operator']) retrieved from /home/airflow/.local/lib/python3.7/site-packages/airflow/example_dags/example_python_operator.py
[2022-06-18 06:42:13,438] {logging_mixin.py:115} INFO - [2022-06-18 06:42:13,438] {dag.py:2379} INFO - Sync 1 DAGs
[2022-06-18 06:42:13,462] {logging_mixin.py:115} INFO - [2022-06-18 06:42:13,462] {dag.py:2931} INFO - Setting next_dagrun for example_python_operator to None, run_after=None
[2022-06-18 06:42:13,474] {processor.py:161} INFO - Processing /home/airflow/.local/lib/python3.7/site-packages/airflow/example_dags/example_python_operator.py took 0.083 seconds
[2022-06-18 06:42:44,056] {processor.py:153} INFO - Started process (PID=413) to work on /home/airflow/.local/lib/python3.7/site-packages/airflow/example_dags/example_python_operator.py
[2022-06-18 06:42:44,057] {processor.py:641} INFO - Processing file /home/airflow/.local/lib/python3.7/site-packages/airflow/example_dags/example_python_operator.py for tasks to queue
[2022-06-18 06:42:44,058] {logging_mixin.py:115} INFO - [2022-06-18 06:42:44,057] {dagbag.py:507} INFO - Filling up the DagBag from /home/airflow/.local/lib/python3.7/site-packages/airflow/example_dags/example_python_operator.py
[2022-06-18 06:42:44,076] {processor.py:651} INFO - DAG(s) dict_keys(['example_python_operator']) retrieved from /home/airflow/.local/lib/python3.7/site-packages/airflow/example_dags/example_python_operator.py
[2022-06-18 06:42:44,105] {logging_mixin.py:115} INFO - [2022-06-18 06:42:44,104] {dag.py:2379} INFO - Sync 1 DAGs
[2022-06-18 06:42:44,129] {logging_mixin.py:115} INFO - [2022-06-18 06:42:44,129] {dag.py:2931} INFO - Setting next_dagrun for example_python_operator to None, run_after=None
[2022-06-18 06:42:44,154] {processor.py:161} INFO - Processing /home/airflow/.local/lib/python3.7/site-packages/airflow/example_dags/example_python_operator.py took 0.101 seconds
[2022-06-18 06:43:14,394] {processor.py:153} INFO - Started process (PID=475) to work on /home/airflow/.local/lib/python3.7/site-packages/airflow/example_dags/example_python_operator.py
[2022-06-18 06:43:14,403] {processor.py:641} INFO - Processing file /home/airflow/.local/lib/python3.7/site-packages/airflow/example_dags/example_python_operator.py for tasks to queue
[2022-06-18 06:43:14,403] {logging_mixin.py:115} INFO - [2022-06-18 06:43:14,403] {dagbag.py:507} INFO - Filling up the DagBag from /home/airflow/.local/lib/python3.7/site-packages/airflow/example_dags/example_python_operator.py
[2022-06-18 06:43:14,426] {processor.py:651} INFO - DAG(s) dict_keys(['example_python_operator']) retrieved from /home/airflow/.local/lib/python3.7/site-packages/airflow/example_dags/example_python_operator.py
[2022-06-18 06:43:14,455] {logging_mixin.py:115} INFO - [2022-06-18 06:43:14,455] {dag.py:2379} INFO - Sync 1 DAGs
[2022-06-18 06:43:14,478] {logging_mixin.py:115} INFO - [2022-06-18 06:43:14,478] {dag.py:2931} INFO - Setting next_dagrun for example_python_operator to None, run_after=None
[2022-06-18 06:43:14,505] {processor.py:161} INFO - Processing /home/airflow/.local/lib/python3.7/site-packages/airflow/example_dags/example_python_operator.py took 0.115 seconds
[2022-06-18 06:43:45,650] {processor.py:153} INFO - Started process (PID=538) to work on /home/airflow/.local/lib/python3.7/site-packages/airflow/example_dags/example_python_operator.py
[2022-06-18 06:43:45,651] {processor.py:641} INFO - Processing file /home/airflow/.local/lib/python3.7/site-packages/airflow/example_dags/example_python_operator.py for tasks to queue
[2022-06-18 06:43:45,651] {logging_mixin.py:115} INFO - [2022-06-18 06:43:45,651] {dagbag.py:507} INFO - Filling up the DagBag from /home/airflow/.local/lib/python3.7/site-packages/airflow/example_dags/example_python_operator.py
[2022-06-18 06:43:45,669] {processor.py:651} INFO - DAG(s) dict_keys(['example_python_operator']) retrieved from /home/airflow/.local/lib/python3.7/site-packages/airflow/example_dags/example_python_operator.py
[2022-06-18 06:43:45,690] {logging_mixin.py:115} INFO - [2022-06-18 06:43:45,690] {dag.py:2379} INFO - Sync 1 DAGs
[2022-06-18 06:43:45,713] {logging_mixin.py:115} INFO - [2022-06-18 06:43:45,713] {dag.py:2931} INFO - Setting next_dagrun for example_python_operator to None, run_after=None
[2022-06-18 06:43:45,724] {processor.py:161} INFO - Processing /home/airflow/.local/lib/python3.7/site-packages/airflow/example_dags/example_python_operator.py took 0.076 seconds
[2022-06-18 06:44:16,467] {processor.py:153} INFO - Started process (PID=594) to work on /home/airflow/.local/lib/python3.7/site-packages/airflow/example_dags/example_python_operator.py
[2022-06-18 06:44:16,557] {processor.py:641} INFO - Processing file /home/airflow/.local/lib/python3.7/site-packages/airflow/example_dags/example_python_operator.py for tasks to queue
[2022-06-18 06:44:16,558] {logging_mixin.py:115} INFO - [2022-06-18 06:44:16,557] {dagbag.py:507} INFO - Filling up the DagBag from /home/airflow/.local/lib/python3.7/site-packages/airflow/example_dags/example_python_operator.py
[2022-06-18 06:44:16,585] {processor.py:651} INFO - DAG(s) dict_keys(['example_python_operator']) retrieved from /home/airflow/.local/lib/python3.7/site-packages/airflow/example_dags/example_python_operator.py
[2022-06-18 06:44:16,615] {logging_mixin.py:115} INFO - [2022-06-18 06:44:16,615] {dag.py:2379} INFO - Sync 1 DAGs
[2022-06-18 06:44:16,646] {logging_mixin.py:115} INFO - [2022-06-18 06:44:16,646] {dag.py:2931} INFO - Setting next_dagrun for example_python_operator to None, run_after=None
[2022-06-18 06:44:16,695] {processor.py:161} INFO - Processing /home/airflow/.local/lib/python3.7/site-packages/airflow/example_dags/example_python_operator.py took 0.231 seconds
[2022-06-18 06:44:47,156] {processor.py:153} INFO - Started process (PID=657) to work on /home/airflow/.local/lib/python3.7/site-packages/airflow/example_dags/example_python_operator.py
[2022-06-18 06:44:47,157] {processor.py:641} INFO - Processing file /home/airflow/.local/lib/python3.7/site-packages/airflow/example_dags/example_python_operator.py for tasks to queue
[2022-06-18 06:44:47,157] {logging_mixin.py:115} INFO - [2022-06-18 06:44:47,157] {dagbag.py:507} INFO - Filling up the DagBag from /home/airflow/.local/lib/python3.7/site-packages/airflow/example_dags/example_python_operator.py
[2022-06-18 06:44:47,171] {processor.py:651} INFO - DAG(s) dict_keys(['example_python_operator']) retrieved from /home/airflow/.local/lib/python3.7/site-packages/airflow/example_dags/example_python_operator.py
[2022-06-18 06:44:47,194] {logging_mixin.py:115} INFO - [2022-06-18 06:44:47,193] {dag.py:2379} INFO - Sync 1 DAGs
[2022-06-18 06:44:47,224] {logging_mixin.py:115} INFO - [2022-06-18 06:44:47,224] {dag.py:2931} INFO - Setting next_dagrun for example_python_operator to None, run_after=None
[2022-06-18 06:44:47,251] {processor.py:161} INFO - Processing /home/airflow/.local/lib/python3.7/site-packages/airflow/example_dags/example_python_operator.py took 0.099 seconds
[2022-06-18 06:45:17,705] {processor.py:153} INFO - Started process (PID=710) to work on /home/airflow/.local/lib/python3.7/site-packages/airflow/example_dags/example_python_operator.py
[2022-06-18 06:45:17,706] {processor.py:641} INFO - Processing file /home/airflow/.local/lib/python3.7/site-packages/airflow/example_dags/example_python_operator.py for tasks to queue
[2022-06-18 06:45:17,706] {logging_mixin.py:115} INFO - [2022-06-18 06:45:17,706] {dagbag.py:507} INFO - Filling up the DagBag from /home/airflow/.local/lib/python3.7/site-packages/airflow/example_dags/example_python_operator.py
[2022-06-18 06:45:17,724] {processor.py:651} INFO - DAG(s) dict_keys(['example_python_operator']) retrieved from /home/airflow/.local/lib/python3.7/site-packages/airflow/example_dags/example_python_operator.py
[2022-06-18 06:45:17,749] {logging_mixin.py:115} INFO - [2022-06-18 06:45:17,749] {dag.py:2379} INFO - Sync 1 DAGs
[2022-06-18 06:45:17,772] {logging_mixin.py:115} INFO - [2022-06-18 06:45:17,772] {dag.py:2931} INFO - Setting next_dagrun for example_python_operator to None, run_after=None
[2022-06-18 06:45:17,919] {processor.py:161} INFO - Processing /home/airflow/.local/lib/python3.7/site-packages/airflow/example_dags/example_python_operator.py took 0.216 seconds
[2022-06-18 06:45:48,622] {processor.py:153} INFO - Started process (PID=774) to work on /home/airflow/.local/lib/python3.7/site-packages/airflow/example_dags/example_python_operator.py
[2022-06-18 06:45:48,622] {processor.py:641} INFO - Processing file /home/airflow/.local/lib/python3.7/site-packages/airflow/example_dags/example_python_operator.py for tasks to queue
[2022-06-18 06:45:48,622] {logging_mixin.py:115} INFO - [2022-06-18 06:45:48,622] {dagbag.py:507} INFO - Filling up the DagBag from /home/airflow/.local/lib/python3.7/site-packages/airflow/example_dags/example_python_operator.py
[2022-06-18 06:45:48,638] {processor.py:651} INFO - DAG(s) dict_keys(['example_python_operator']) retrieved from /home/airflow/.local/lib/python3.7/site-packages/airflow/example_dags/example_python_operator.py
[2022-06-18 06:45:48,663] {logging_mixin.py:115} INFO - [2022-06-18 06:45:48,663] {dag.py:2379} INFO - Sync 1 DAGs
[2022-06-18 06:45:48,686] {logging_mixin.py:115} INFO - [2022-06-18 06:45:48,686] {dag.py:2931} INFO - Setting next_dagrun for example_python_operator to None, run_after=None
[2022-06-18 06:45:48,698] {processor.py:161} INFO - Processing /home/airflow/.local/lib/python3.7/site-packages/airflow/example_dags/example_python_operator.py took 0.079 seconds
[2022-06-18 06:46:18,823] {processor.py:153} INFO - Started process (PID=835) to work on /home/airflow/.local/lib/python3.7/site-packages/airflow/example_dags/example_python_operator.py
[2022-06-18 06:46:18,837] {processor.py:641} INFO - Processing file /home/airflow/.local/lib/python3.7/site-packages/airflow/example_dags/example_python_operator.py for tasks to queue
[2022-06-18 06:46:18,837] {logging_mixin.py:115} INFO - [2022-06-18 06:46:18,837] {dagbag.py:507} INFO - Filling up the DagBag from /home/airflow/.local/lib/python3.7/site-packages/airflow/example_dags/example_python_operator.py
[2022-06-18 06:46:18,855] {processor.py:651} INFO - DAG(s) dict_keys(['example_python_operator']) retrieved from /home/airflow/.local/lib/python3.7/site-packages/airflow/example_dags/example_python_operator.py
[2022-06-18 06:46:18,878] {logging_mixin.py:115} INFO - [2022-06-18 06:46:18,878] {dag.py:2379} INFO - Sync 1 DAGs
[2022-06-18 06:46:18,899] {logging_mixin.py:115} INFO - [2022-06-18 06:46:18,899] {dag.py:2931} INFO - Setting next_dagrun for example_python_operator to None, run_after=None
[2022-06-18 06:46:18,927] {processor.py:161} INFO - Processing /home/airflow/.local/lib/python3.7/site-packages/airflow/example_dags/example_python_operator.py took 0.107 seconds
[2022-06-18 06:46:49,123] {processor.py:153} INFO - Started process (PID=889) to work on /home/airflow/.local/lib/python3.7/site-packages/airflow/example_dags/example_python_operator.py
[2022-06-18 06:46:49,124] {processor.py:641} INFO - Processing file /home/airflow/.local/lib/python3.7/site-packages/airflow/example_dags/example_python_operator.py for tasks to queue
[2022-06-18 06:46:49,125] {logging_mixin.py:115} INFO - [2022-06-18 06:46:49,125] {dagbag.py:507} INFO - Filling up the DagBag from /home/airflow/.local/lib/python3.7/site-packages/airflow/example_dags/example_python_operator.py
[2022-06-18 06:46:49,139] {processor.py:651} INFO - DAG(s) dict_keys(['example_python_operator']) retrieved from /home/airflow/.local/lib/python3.7/site-packages/airflow/example_dags/example_python_operator.py
[2022-06-18 06:46:49,160] {logging_mixin.py:115} INFO - [2022-06-18 06:46:49,160] {dag.py:2379} INFO - Sync 1 DAGs
[2022-06-18 06:46:49,178] {logging_mixin.py:115} INFO - [2022-06-18 06:46:49,178] {dag.py:2931} INFO - Setting next_dagrun for example_python_operator to None, run_after=None
[2022-06-18 06:46:49,199] {processor.py:161} INFO - Processing /home/airflow/.local/lib/python3.7/site-packages/airflow/example_dags/example_python_operator.py took 0.079 seconds
