[2022-06-18 06:01:17,183] {processor.py:153} INFO - Started process (PID=54) to work on /home/airflow/.local/lib/python3.7/site-packages/airflow/example_dags/example_latest_only.py
[2022-06-18 06:01:17,183] {processor.py:641} INFO - Processing file /home/airflow/.local/lib/python3.7/site-packages/airflow/example_dags/example_latest_only.py for tasks to queue
[2022-06-18 06:01:17,183] {logging_mixin.py:115} INFO - [2022-06-18 06:01:17,183] {dagbag.py:507} INFO - Filling up the DagBag from /home/airflow/.local/lib/python3.7/site-packages/airflow/example_dags/example_latest_only.py
[2022-06-18 06:01:17,201] {processor.py:651} INFO - DAG(s) dict_keys(['latest_only']) retrieved from /home/airflow/.local/lib/python3.7/site-packages/airflow/example_dags/example_latest_only.py
[2022-06-18 06:01:17,472] {logging_mixin.py:115} INFO - [2022-06-18 06:01:17,472] {dag.py:2379} INFO - Sync 1 DAGs
[2022-06-18 06:01:17,496] {logging_mixin.py:115} INFO - [2022-06-18 06:01:17,495] {dag.py:2931} INFO - Setting next_dagrun for latest_only to 2022-06-18T02:01:17.495745+00:00, run_after=2022-06-18T06:01:17.495745+00:00
[2022-06-18 06:01:17,606] {processor.py:161} INFO - Processing /home/airflow/.local/lib/python3.7/site-packages/airflow/example_dags/example_latest_only.py took 0.426 seconds
[2022-06-18 06:01:47,992] {processor.py:153} INFO - Started process (PID=107) to work on /home/airflow/.local/lib/python3.7/site-packages/airflow/example_dags/example_latest_only.py
[2022-06-18 06:01:48,016] {processor.py:641} INFO - Processing file /home/airflow/.local/lib/python3.7/site-packages/airflow/example_dags/example_latest_only.py for tasks to queue
[2022-06-18 06:01:48,017] {logging_mixin.py:115} INFO - [2022-06-18 06:01:48,017] {dagbag.py:507} INFO - Filling up the DagBag from /home/airflow/.local/lib/python3.7/site-packages/airflow/example_dags/example_latest_only.py
[2022-06-18 06:01:48,021] {processor.py:651} INFO - DAG(s) dict_keys(['latest_only']) retrieved from /home/airflow/.local/lib/python3.7/site-packages/airflow/example_dags/example_latest_only.py
[2022-06-18 06:01:48,054] {logging_mixin.py:115} INFO - [2022-06-18 06:01:48,054] {dag.py:2379} INFO - Sync 1 DAGs
[2022-06-18 06:01:48,081] {logging_mixin.py:115} INFO - [2022-06-18 06:01:48,081] {dag.py:2931} INFO - Setting next_dagrun for latest_only to 2022-06-18T02:01:48.081327+00:00, run_after=2022-06-18T06:01:48.081327+00:00
[2022-06-18 06:01:48,104] {processor.py:161} INFO - Processing /home/airflow/.local/lib/python3.7/site-packages/airflow/example_dags/example_latest_only.py took 0.113 seconds
[2022-06-18 06:02:19,042] {processor.py:153} INFO - Started process (PID=171) to work on /home/airflow/.local/lib/python3.7/site-packages/airflow/example_dags/example_latest_only.py
[2022-06-18 06:02:19,042] {processor.py:641} INFO - Processing file /home/airflow/.local/lib/python3.7/site-packages/airflow/example_dags/example_latest_only.py for tasks to queue
[2022-06-18 06:02:19,043] {logging_mixin.py:115} INFO - [2022-06-18 06:02:19,043] {dagbag.py:507} INFO - Filling up the DagBag from /home/airflow/.local/lib/python3.7/site-packages/airflow/example_dags/example_latest_only.py
[2022-06-18 06:02:19,046] {processor.py:651} INFO - DAG(s) dict_keys(['latest_only']) retrieved from /home/airflow/.local/lib/python3.7/site-packages/airflow/example_dags/example_latest_only.py
[2022-06-18 06:02:19,068] {logging_mixin.py:115} INFO - [2022-06-18 06:02:19,068] {dag.py:2379} INFO - Sync 1 DAGs
[2022-06-18 06:02:19,091] {logging_mixin.py:115} INFO - [2022-06-18 06:02:19,091] {dag.py:2931} INFO - Setting next_dagrun for latest_only to 2022-06-18T02:02:19.091658+00:00, run_after=2022-06-18T06:02:19.091658+00:00
[2022-06-18 06:02:19,114] {processor.py:161} INFO - Processing /home/airflow/.local/lib/python3.7/site-packages/airflow/example_dags/example_latest_only.py took 0.077 seconds
[2022-06-18 06:02:49,418] {processor.py:153} INFO - Started process (PID=234) to work on /home/airflow/.local/lib/python3.7/site-packages/airflow/example_dags/example_latest_only.py
[2022-06-18 06:02:49,449] {processor.py:641} INFO - Processing file /home/airflow/.local/lib/python3.7/site-packages/airflow/example_dags/example_latest_only.py for tasks to queue
[2022-06-18 06:02:49,456] {logging_mixin.py:115} INFO - [2022-06-18 06:02:49,455] {dagbag.py:507} INFO - Filling up the DagBag from /home/airflow/.local/lib/python3.7/site-packages/airflow/example_dags/example_latest_only.py
[2022-06-18 06:02:49,463] {processor.py:651} INFO - DAG(s) dict_keys(['latest_only']) retrieved from /home/airflow/.local/lib/python3.7/site-packages/airflow/example_dags/example_latest_only.py
[2022-06-18 06:02:49,489] {logging_mixin.py:115} INFO - [2022-06-18 06:02:49,489] {dag.py:2379} INFO - Sync 1 DAGs
[2022-06-18 06:02:49,511] {logging_mixin.py:115} INFO - [2022-06-18 06:02:49,511] {dag.py:2931} INFO - Setting next_dagrun for latest_only to 2022-06-18T02:02:49.511255+00:00, run_after=2022-06-18T06:02:49.511255+00:00
[2022-06-18 06:02:49,564] {processor.py:161} INFO - Processing /home/airflow/.local/lib/python3.7/site-packages/airflow/example_dags/example_latest_only.py took 0.150 seconds
[2022-06-18 06:03:20,024] {processor.py:153} INFO - Started process (PID=289) to work on /home/airflow/.local/lib/python3.7/site-packages/airflow/example_dags/example_latest_only.py
[2022-06-18 06:03:20,025] {processor.py:641} INFO - Processing file /home/airflow/.local/lib/python3.7/site-packages/airflow/example_dags/example_latest_only.py for tasks to queue
[2022-06-18 06:03:20,025] {logging_mixin.py:115} INFO - [2022-06-18 06:03:20,025] {dagbag.py:507} INFO - Filling up the DagBag from /home/airflow/.local/lib/python3.7/site-packages/airflow/example_dags/example_latest_only.py
[2022-06-18 06:03:20,029] {processor.py:651} INFO - DAG(s) dict_keys(['latest_only']) retrieved from /home/airflow/.local/lib/python3.7/site-packages/airflow/example_dags/example_latest_only.py
[2022-06-18 06:03:20,056] {logging_mixin.py:115} INFO - [2022-06-18 06:03:20,056] {dag.py:2379} INFO - Sync 1 DAGs
[2022-06-18 06:03:20,092] {logging_mixin.py:115} INFO - [2022-06-18 06:03:20,092] {dag.py:2931} INFO - Setting next_dagrun for latest_only to 2022-06-18T02:03:20.092229+00:00, run_after=2022-06-18T06:03:20.092229+00:00
[2022-06-18 06:03:20,114] {processor.py:161} INFO - Processing /home/airflow/.local/lib/python3.7/site-packages/airflow/example_dags/example_latest_only.py took 0.093 seconds
[2022-06-18 06:03:50,336] {processor.py:153} INFO - Started process (PID=352) to work on /home/airflow/.local/lib/python3.7/site-packages/airflow/example_dags/example_latest_only.py
[2022-06-18 06:03:50,352] {processor.py:641} INFO - Processing file /home/airflow/.local/lib/python3.7/site-packages/airflow/example_dags/example_latest_only.py for tasks to queue
[2022-06-18 06:03:50,353] {logging_mixin.py:115} INFO - [2022-06-18 06:03:50,353] {dagbag.py:507} INFO - Filling up the DagBag from /home/airflow/.local/lib/python3.7/site-packages/airflow/example_dags/example_latest_only.py
[2022-06-18 06:03:50,360] {processor.py:651} INFO - DAG(s) dict_keys(['latest_only']) retrieved from /home/airflow/.local/lib/python3.7/site-packages/airflow/example_dags/example_latest_only.py
[2022-06-18 06:03:50,387] {logging_mixin.py:115} INFO - [2022-06-18 06:03:50,387] {dag.py:2379} INFO - Sync 1 DAGs
[2022-06-18 06:03:50,420] {logging_mixin.py:115} INFO - [2022-06-18 06:03:50,420] {dag.py:2931} INFO - Setting next_dagrun for latest_only to 2022-06-18T02:03:50.419925+00:00, run_after=2022-06-18T06:03:50.419925+00:00
[2022-06-18 06:03:50,455] {processor.py:161} INFO - Processing /home/airflow/.local/lib/python3.7/site-packages/airflow/example_dags/example_latest_only.py took 0.122 seconds
[2022-06-18 06:04:20,727] {processor.py:153} INFO - Started process (PID=416) to work on /home/airflow/.local/lib/python3.7/site-packages/airflow/example_dags/example_latest_only.py
[2022-06-18 06:04:20,727] {processor.py:641} INFO - Processing file /home/airflow/.local/lib/python3.7/site-packages/airflow/example_dags/example_latest_only.py for tasks to queue
[2022-06-18 06:04:20,728] {logging_mixin.py:115} INFO - [2022-06-18 06:04:20,728] {dagbag.py:507} INFO - Filling up the DagBag from /home/airflow/.local/lib/python3.7/site-packages/airflow/example_dags/example_latest_only.py
[2022-06-18 06:04:20,731] {processor.py:651} INFO - DAG(s) dict_keys(['latest_only']) retrieved from /home/airflow/.local/lib/python3.7/site-packages/airflow/example_dags/example_latest_only.py
[2022-06-18 06:04:20,755] {logging_mixin.py:115} INFO - [2022-06-18 06:04:20,755] {dag.py:2379} INFO - Sync 1 DAGs
[2022-06-18 06:04:20,780] {logging_mixin.py:115} INFO - [2022-06-18 06:04:20,780] {dag.py:2931} INFO - Setting next_dagrun for latest_only to 2022-06-18T02:04:20.780108+00:00, run_after=2022-06-18T06:04:20.780108+00:00
[2022-06-18 06:04:20,793] {processor.py:161} INFO - Processing /home/airflow/.local/lib/python3.7/site-packages/airflow/example_dags/example_latest_only.py took 0.070 seconds
[2022-06-18 06:04:51,479] {processor.py:153} INFO - Started process (PID=470) to work on /home/airflow/.local/lib/python3.7/site-packages/airflow/example_dags/example_latest_only.py
[2022-06-18 06:04:51,487] {processor.py:641} INFO - Processing file /home/airflow/.local/lib/python3.7/site-packages/airflow/example_dags/example_latest_only.py for tasks to queue
[2022-06-18 06:04:51,487] {logging_mixin.py:115} INFO - [2022-06-18 06:04:51,487] {dagbag.py:507} INFO - Filling up the DagBag from /home/airflow/.local/lib/python3.7/site-packages/airflow/example_dags/example_latest_only.py
[2022-06-18 06:04:51,491] {processor.py:651} INFO - DAG(s) dict_keys(['latest_only']) retrieved from /home/airflow/.local/lib/python3.7/site-packages/airflow/example_dags/example_latest_only.py
[2022-06-18 06:04:51,515] {logging_mixin.py:115} INFO - [2022-06-18 06:04:51,515] {dag.py:2379} INFO - Sync 1 DAGs
[2022-06-18 06:04:51,540] {logging_mixin.py:115} INFO - [2022-06-18 06:04:51,540] {dag.py:2931} INFO - Setting next_dagrun for latest_only to 2022-06-18T02:04:51.540404+00:00, run_after=2022-06-18T06:04:51.540404+00:00
[2022-06-18 06:04:51,640] {processor.py:161} INFO - Processing /home/airflow/.local/lib/python3.7/site-packages/airflow/example_dags/example_latest_only.py took 0.166 seconds
[2022-06-18 06:05:21,775] {processor.py:153} INFO - Started process (PID=533) to work on /home/airflow/.local/lib/python3.7/site-packages/airflow/example_dags/example_latest_only.py
[2022-06-18 06:05:21,776] {processor.py:641} INFO - Processing file /home/airflow/.local/lib/python3.7/site-packages/airflow/example_dags/example_latest_only.py for tasks to queue
[2022-06-18 06:05:21,777] {logging_mixin.py:115} INFO - [2022-06-18 06:05:21,777] {dagbag.py:507} INFO - Filling up the DagBag from /home/airflow/.local/lib/python3.7/site-packages/airflow/example_dags/example_latest_only.py
[2022-06-18 06:05:21,781] {processor.py:651} INFO - DAG(s) dict_keys(['latest_only']) retrieved from /home/airflow/.local/lib/python3.7/site-packages/airflow/example_dags/example_latest_only.py
[2022-06-18 06:05:21,806] {logging_mixin.py:115} INFO - [2022-06-18 06:05:21,806] {dag.py:2379} INFO - Sync 1 DAGs
[2022-06-18 06:05:21,831] {logging_mixin.py:115} INFO - [2022-06-18 06:05:21,831] {dag.py:2931} INFO - Setting next_dagrun for latest_only to 2022-06-18T02:05:21.831157+00:00, run_after=2022-06-18T06:05:21.831157+00:00
[2022-06-18 06:05:21,845] {processor.py:161} INFO - Processing /home/airflow/.local/lib/python3.7/site-packages/airflow/example_dags/example_latest_only.py took 0.074 seconds
[2022-06-18 06:05:52,518] {processor.py:153} INFO - Started process (PID=596) to work on /home/airflow/.local/lib/python3.7/site-packages/airflow/example_dags/example_latest_only.py
[2022-06-18 06:05:52,536] {processor.py:641} INFO - Processing file /home/airflow/.local/lib/python3.7/site-packages/airflow/example_dags/example_latest_only.py for tasks to queue
[2022-06-18 06:05:52,537] {logging_mixin.py:115} INFO - [2022-06-18 06:05:52,537] {dagbag.py:507} INFO - Filling up the DagBag from /home/airflow/.local/lib/python3.7/site-packages/airflow/example_dags/example_latest_only.py
[2022-06-18 06:05:52,543] {processor.py:651} INFO - DAG(s) dict_keys(['latest_only']) retrieved from /home/airflow/.local/lib/python3.7/site-packages/airflow/example_dags/example_latest_only.py
[2022-06-18 06:05:52,567] {logging_mixin.py:115} INFO - [2022-06-18 06:05:52,567] {dag.py:2379} INFO - Sync 1 DAGs
[2022-06-18 06:05:52,594] {logging_mixin.py:115} INFO - [2022-06-18 06:05:52,594] {dag.py:2931} INFO - Setting next_dagrun for latest_only to 2022-06-18T02:05:52.593978+00:00, run_after=2022-06-18T06:05:52.593978+00:00
[2022-06-18 06:05:52,625] {processor.py:161} INFO - Processing /home/airflow/.local/lib/python3.7/site-packages/airflow/example_dags/example_latest_only.py took 0.111 seconds
[2022-06-18 06:06:22,849] {processor.py:153} INFO - Started process (PID=650) to work on /home/airflow/.local/lib/python3.7/site-packages/airflow/example_dags/example_latest_only.py
[2022-06-18 06:06:22,855] {processor.py:641} INFO - Processing file /home/airflow/.local/lib/python3.7/site-packages/airflow/example_dags/example_latest_only.py for tasks to queue
[2022-06-18 06:06:22,856] {logging_mixin.py:115} INFO - [2022-06-18 06:06:22,856] {dagbag.py:507} INFO - Filling up the DagBag from /home/airflow/.local/lib/python3.7/site-packages/airflow/example_dags/example_latest_only.py
[2022-06-18 06:06:22,859] {processor.py:651} INFO - DAG(s) dict_keys(['latest_only']) retrieved from /home/airflow/.local/lib/python3.7/site-packages/airflow/example_dags/example_latest_only.py
[2022-06-18 06:06:22,885] {logging_mixin.py:115} INFO - [2022-06-18 06:06:22,884] {dag.py:2379} INFO - Sync 1 DAGs
[2022-06-18 06:06:22,910] {logging_mixin.py:115} INFO - [2022-06-18 06:06:22,910] {dag.py:2931} INFO - Setting next_dagrun for latest_only to 2022-06-18T02:06:22.909797+00:00, run_after=2022-06-18T06:06:22.909797+00:00
[2022-06-18 06:06:23,043] {processor.py:161} INFO - Processing /home/airflow/.local/lib/python3.7/site-packages/airflow/example_dags/example_latest_only.py took 0.198 seconds
[2022-06-18 06:39:38,968] {processor.py:153} INFO - Started process (PID=44) to work on /home/airflow/.local/lib/python3.7/site-packages/airflow/example_dags/example_latest_only.py
[2022-06-18 06:39:38,969] {processor.py:641} INFO - Processing file /home/airflow/.local/lib/python3.7/site-packages/airflow/example_dags/example_latest_only.py for tasks to queue
[2022-06-18 06:39:38,969] {logging_mixin.py:115} INFO - [2022-06-18 06:39:38,969] {dagbag.py:507} INFO - Filling up the DagBag from /home/airflow/.local/lib/python3.7/site-packages/airflow/example_dags/example_latest_only.py
[2022-06-18 06:39:38,978] {processor.py:651} INFO - DAG(s) dict_keys(['latest_only']) retrieved from /home/airflow/.local/lib/python3.7/site-packages/airflow/example_dags/example_latest_only.py
[2022-06-18 06:39:39,003] {logging_mixin.py:115} INFO - [2022-06-18 06:39:39,003] {dag.py:2379} INFO - Sync 1 DAGs
[2022-06-18 06:39:39,049] {logging_mixin.py:115} INFO - [2022-06-18 06:39:39,049] {dag.py:2931} INFO - Setting next_dagrun for latest_only to 2022-06-18T02:39:39.048678+00:00, run_after=2022-06-18T06:39:39.048678+00:00
[2022-06-18 06:39:39,075] {processor.py:161} INFO - Processing /home/airflow/.local/lib/python3.7/site-packages/airflow/example_dags/example_latest_only.py took 0.110 seconds
[2022-06-18 06:40:09,636] {processor.py:153} INFO - Started process (PID=113) to work on /home/airflow/.local/lib/python3.7/site-packages/airflow/example_dags/example_latest_only.py
[2022-06-18 06:40:09,647] {processor.py:641} INFO - Processing file /home/airflow/.local/lib/python3.7/site-packages/airflow/example_dags/example_latest_only.py for tasks to queue
[2022-06-18 06:40:09,648] {logging_mixin.py:115} INFO - [2022-06-18 06:40:09,648] {dagbag.py:507} INFO - Filling up the DagBag from /home/airflow/.local/lib/python3.7/site-packages/airflow/example_dags/example_latest_only.py
[2022-06-18 06:40:09,659] {processor.py:651} INFO - DAG(s) dict_keys(['latest_only']) retrieved from /home/airflow/.local/lib/python3.7/site-packages/airflow/example_dags/example_latest_only.py
[2022-06-18 06:40:09,690] {logging_mixin.py:115} INFO - [2022-06-18 06:40:09,690] {dag.py:2379} INFO - Sync 1 DAGs
[2022-06-18 06:40:09,717] {logging_mixin.py:115} INFO - [2022-06-18 06:40:09,717] {dag.py:2931} INFO - Setting next_dagrun for latest_only to 2022-06-18T02:40:09.717622+00:00, run_after=2022-06-18T06:40:09.717622+00:00
[2022-06-18 06:40:09,746] {processor.py:161} INFO - Processing /home/airflow/.local/lib/python3.7/site-packages/airflow/example_dags/example_latest_only.py took 0.113 seconds
[2022-06-18 06:40:40,262] {processor.py:153} INFO - Started process (PID=176) to work on /home/airflow/.local/lib/python3.7/site-packages/airflow/example_dags/example_latest_only.py
[2022-06-18 06:40:40,276] {processor.py:641} INFO - Processing file /home/airflow/.local/lib/python3.7/site-packages/airflow/example_dags/example_latest_only.py for tasks to queue
[2022-06-18 06:40:40,277] {logging_mixin.py:115} INFO - [2022-06-18 06:40:40,277] {dagbag.py:507} INFO - Filling up the DagBag from /home/airflow/.local/lib/python3.7/site-packages/airflow/example_dags/example_latest_only.py
[2022-06-18 06:40:40,286] {processor.py:651} INFO - DAG(s) dict_keys(['latest_only']) retrieved from /home/airflow/.local/lib/python3.7/site-packages/airflow/example_dags/example_latest_only.py
[2022-06-18 06:40:40,312] {logging_mixin.py:115} INFO - [2022-06-18 06:40:40,312] {dag.py:2379} INFO - Sync 1 DAGs
[2022-06-18 06:40:40,338] {logging_mixin.py:115} INFO - [2022-06-18 06:40:40,338] {dag.py:2931} INFO - Setting next_dagrun for latest_only to 2022-06-18T02:40:40.338069+00:00, run_after=2022-06-18T06:40:40.338069+00:00
[2022-06-18 06:40:40,362] {processor.py:161} INFO - Processing /home/airflow/.local/lib/python3.7/site-packages/airflow/example_dags/example_latest_only.py took 0.104 seconds
[2022-06-18 06:41:11,063] {processor.py:153} INFO - Started process (PID=231) to work on /home/airflow/.local/lib/python3.7/site-packages/airflow/example_dags/example_latest_only.py
[2022-06-18 06:41:11,063] {processor.py:641} INFO - Processing file /home/airflow/.local/lib/python3.7/site-packages/airflow/example_dags/example_latest_only.py for tasks to queue
[2022-06-18 06:41:11,063] {logging_mixin.py:115} INFO - [2022-06-18 06:41:11,063] {dagbag.py:507} INFO - Filling up the DagBag from /home/airflow/.local/lib/python3.7/site-packages/airflow/example_dags/example_latest_only.py
[2022-06-18 06:41:11,069] {processor.py:651} INFO - DAG(s) dict_keys(['latest_only']) retrieved from /home/airflow/.local/lib/python3.7/site-packages/airflow/example_dags/example_latest_only.py
[2022-06-18 06:41:11,099] {logging_mixin.py:115} INFO - [2022-06-18 06:41:11,099] {dag.py:2379} INFO - Sync 1 DAGs
[2022-06-18 06:41:11,123] {logging_mixin.py:115} INFO - [2022-06-18 06:41:11,122] {dag.py:2931} INFO - Setting next_dagrun for latest_only to 2022-06-18T02:41:11.122694+00:00, run_after=2022-06-18T06:41:11.122694+00:00
[2022-06-18 06:41:11,199] {processor.py:161} INFO - Processing /home/airflow/.local/lib/python3.7/site-packages/airflow/example_dags/example_latest_only.py took 0.138 seconds
[2022-06-18 06:41:41,238] {processor.py:153} INFO - Started process (PID=293) to work on /home/airflow/.local/lib/python3.7/site-packages/airflow/example_dags/example_latest_only.py
[2022-06-18 06:41:41,259] {processor.py:641} INFO - Processing file /home/airflow/.local/lib/python3.7/site-packages/airflow/example_dags/example_latest_only.py for tasks to queue
[2022-06-18 06:41:41,259] {logging_mixin.py:115} INFO - [2022-06-18 06:41:41,259] {dagbag.py:507} INFO - Filling up the DagBag from /home/airflow/.local/lib/python3.7/site-packages/airflow/example_dags/example_latest_only.py
[2022-06-18 06:41:41,270] {processor.py:651} INFO - DAG(s) dict_keys(['latest_only']) retrieved from /home/airflow/.local/lib/python3.7/site-packages/airflow/example_dags/example_latest_only.py
[2022-06-18 06:41:41,295] {logging_mixin.py:115} INFO - [2022-06-18 06:41:41,295] {dag.py:2379} INFO - Sync 1 DAGs
[2022-06-18 06:41:41,320] {logging_mixin.py:115} INFO - [2022-06-18 06:41:41,320] {dag.py:2931} INFO - Setting next_dagrun for latest_only to 2022-06-18T02:41:41.320083+00:00, run_after=2022-06-18T06:41:41.320083+00:00
[2022-06-18 06:41:41,333] {processor.py:161} INFO - Processing /home/airflow/.local/lib/python3.7/site-packages/airflow/example_dags/example_latest_only.py took 0.099 seconds
[2022-06-18 06:42:12,001] {processor.py:153} INFO - Started process (PID=347) to work on /home/airflow/.local/lib/python3.7/site-packages/airflow/example_dags/example_latest_only.py
[2022-06-18 06:42:12,013] {processor.py:641} INFO - Processing file /home/airflow/.local/lib/python3.7/site-packages/airflow/example_dags/example_latest_only.py for tasks to queue
[2022-06-18 06:42:12,013] {logging_mixin.py:115} INFO - [2022-06-18 06:42:12,013] {dagbag.py:507} INFO - Filling up the DagBag from /home/airflow/.local/lib/python3.7/site-packages/airflow/example_dags/example_latest_only.py
[2022-06-18 06:42:12,021] {processor.py:651} INFO - DAG(s) dict_keys(['latest_only']) retrieved from /home/airflow/.local/lib/python3.7/site-packages/airflow/example_dags/example_latest_only.py
[2022-06-18 06:42:12,049] {logging_mixin.py:115} INFO - [2022-06-18 06:42:12,049] {dag.py:2379} INFO - Sync 1 DAGs
[2022-06-18 06:42:12,070] {logging_mixin.py:115} INFO - [2022-06-18 06:42:12,070] {dag.py:2931} INFO - Setting next_dagrun for latest_only to 2022-06-18T02:42:12.070304+00:00, run_after=2022-06-18T06:42:12.070304+00:00
[2022-06-18 06:42:12,095] {processor.py:161} INFO - Processing /home/airflow/.local/lib/python3.7/site-packages/airflow/example_dags/example_latest_only.py took 0.097 seconds
[2022-06-18 06:42:42,843] {processor.py:153} INFO - Started process (PID=410) to work on /home/airflow/.local/lib/python3.7/site-packages/airflow/example_dags/example_latest_only.py
[2022-06-18 06:42:42,846] {processor.py:641} INFO - Processing file /home/airflow/.local/lib/python3.7/site-packages/airflow/example_dags/example_latest_only.py for tasks to queue
[2022-06-18 06:42:42,846] {logging_mixin.py:115} INFO - [2022-06-18 06:42:42,846] {dagbag.py:507} INFO - Filling up the DagBag from /home/airflow/.local/lib/python3.7/site-packages/airflow/example_dags/example_latest_only.py
[2022-06-18 06:42:42,852] {processor.py:651} INFO - DAG(s) dict_keys(['latest_only']) retrieved from /home/airflow/.local/lib/python3.7/site-packages/airflow/example_dags/example_latest_only.py
[2022-06-18 06:42:42,881] {logging_mixin.py:115} INFO - [2022-06-18 06:42:42,881] {dag.py:2379} INFO - Sync 1 DAGs
[2022-06-18 06:42:42,904] {logging_mixin.py:115} INFO - [2022-06-18 06:42:42,904] {dag.py:2931} INFO - Setting next_dagrun for latest_only to 2022-06-18T02:42:42.904115+00:00, run_after=2022-06-18T06:42:42.904115+00:00
[2022-06-18 06:42:42,932] {processor.py:161} INFO - Processing /home/airflow/.local/lib/python3.7/site-packages/airflow/example_dags/example_latest_only.py took 0.093 seconds
[2022-06-18 06:43:13,266] {processor.py:153} INFO - Started process (PID=473) to work on /home/airflow/.local/lib/python3.7/site-packages/airflow/example_dags/example_latest_only.py
[2022-06-18 06:43:13,279] {processor.py:641} INFO - Processing file /home/airflow/.local/lib/python3.7/site-packages/airflow/example_dags/example_latest_only.py for tasks to queue
[2022-06-18 06:43:13,280] {logging_mixin.py:115} INFO - [2022-06-18 06:43:13,280] {dagbag.py:507} INFO - Filling up the DagBag from /home/airflow/.local/lib/python3.7/site-packages/airflow/example_dags/example_latest_only.py
[2022-06-18 06:43:13,289] {processor.py:651} INFO - DAG(s) dict_keys(['latest_only']) retrieved from /home/airflow/.local/lib/python3.7/site-packages/airflow/example_dags/example_latest_only.py
[2022-06-18 06:43:13,312] {logging_mixin.py:115} INFO - [2022-06-18 06:43:13,311] {dag.py:2379} INFO - Sync 1 DAGs
[2022-06-18 06:43:13,334] {logging_mixin.py:115} INFO - [2022-06-18 06:43:13,334] {dag.py:2931} INFO - Setting next_dagrun for latest_only to 2022-06-18T02:43:13.334286+00:00, run_after=2022-06-18T06:43:13.334286+00:00
[2022-06-18 06:43:13,363] {processor.py:161} INFO - Processing /home/airflow/.local/lib/python3.7/site-packages/airflow/example_dags/example_latest_only.py took 0.101 seconds
[2022-06-18 06:43:44,179] {processor.py:153} INFO - Started process (PID=527) to work on /home/airflow/.local/lib/python3.7/site-packages/airflow/example_dags/example_latest_only.py
[2022-06-18 06:43:44,262] {processor.py:641} INFO - Processing file /home/airflow/.local/lib/python3.7/site-packages/airflow/example_dags/example_latest_only.py for tasks to queue
[2022-06-18 06:43:44,263] {logging_mixin.py:115} INFO - [2022-06-18 06:43:44,263] {dagbag.py:507} INFO - Filling up the DagBag from /home/airflow/.local/lib/python3.7/site-packages/airflow/example_dags/example_latest_only.py
[2022-06-18 06:43:44,273] {processor.py:651} INFO - DAG(s) dict_keys(['latest_only']) retrieved from /home/airflow/.local/lib/python3.7/site-packages/airflow/example_dags/example_latest_only.py
[2022-06-18 06:43:44,302] {logging_mixin.py:115} INFO - [2022-06-18 06:43:44,302] {dag.py:2379} INFO - Sync 1 DAGs
[2022-06-18 06:43:44,327] {logging_mixin.py:115} INFO - [2022-06-18 06:43:44,327] {dag.py:2931} INFO - Setting next_dagrun for latest_only to 2022-06-18T02:43:44.326826+00:00, run_after=2022-06-18T06:43:44.326826+00:00
[2022-06-18 06:43:44,352] {processor.py:161} INFO - Processing /home/airflow/.local/lib/python3.7/site-packages/airflow/example_dags/example_latest_only.py took 0.176 seconds
[2022-06-18 06:44:15,082] {processor.py:153} INFO - Started process (PID=590) to work on /home/airflow/.local/lib/python3.7/site-packages/airflow/example_dags/example_latest_only.py
[2022-06-18 06:44:15,098] {processor.py:641} INFO - Processing file /home/airflow/.local/lib/python3.7/site-packages/airflow/example_dags/example_latest_only.py for tasks to queue
[2022-06-18 06:44:15,098] {logging_mixin.py:115} INFO - [2022-06-18 06:44:15,098] {dagbag.py:507} INFO - Filling up the DagBag from /home/airflow/.local/lib/python3.7/site-packages/airflow/example_dags/example_latest_only.py
[2022-06-18 06:44:15,105] {processor.py:651} INFO - DAG(s) dict_keys(['latest_only']) retrieved from /home/airflow/.local/lib/python3.7/site-packages/airflow/example_dags/example_latest_only.py
[2022-06-18 06:44:15,132] {logging_mixin.py:115} INFO - [2022-06-18 06:44:15,132] {dag.py:2379} INFO - Sync 1 DAGs
[2022-06-18 06:44:15,154] {logging_mixin.py:115} INFO - [2022-06-18 06:44:15,154] {dag.py:2931} INFO - Setting next_dagrun for latest_only to 2022-06-18T02:44:15.154347+00:00, run_after=2022-06-18T06:44:15.154347+00:00
[2022-06-18 06:44:15,192] {processor.py:161} INFO - Processing /home/airflow/.local/lib/python3.7/site-packages/airflow/example_dags/example_latest_only.py took 0.114 seconds
[2022-06-18 06:44:45,775] {processor.py:153} INFO - Started process (PID=653) to work on /home/airflow/.local/lib/python3.7/site-packages/airflow/example_dags/example_latest_only.py
[2022-06-18 06:44:45,789] {processor.py:641} INFO - Processing file /home/airflow/.local/lib/python3.7/site-packages/airflow/example_dags/example_latest_only.py for tasks to queue
[2022-06-18 06:44:45,790] {logging_mixin.py:115} INFO - [2022-06-18 06:44:45,790] {dagbag.py:507} INFO - Filling up the DagBag from /home/airflow/.local/lib/python3.7/site-packages/airflow/example_dags/example_latest_only.py
[2022-06-18 06:44:45,797] {processor.py:651} INFO - DAG(s) dict_keys(['latest_only']) retrieved from /home/airflow/.local/lib/python3.7/site-packages/airflow/example_dags/example_latest_only.py
[2022-06-18 06:44:45,818] {logging_mixin.py:115} INFO - [2022-06-18 06:44:45,818] {dag.py:2379} INFO - Sync 1 DAGs
[2022-06-18 06:44:45,839] {logging_mixin.py:115} INFO - [2022-06-18 06:44:45,839] {dag.py:2931} INFO - Setting next_dagrun for latest_only to 2022-06-18T02:44:45.839310+00:00, run_after=2022-06-18T06:44:45.839310+00:00
[2022-06-18 06:44:45,866] {processor.py:161} INFO - Processing /home/airflow/.local/lib/python3.7/site-packages/airflow/example_dags/example_latest_only.py took 0.094 seconds
[2022-06-18 06:45:16,341] {processor.py:153} INFO - Started process (PID=707) to work on /home/airflow/.local/lib/python3.7/site-packages/airflow/example_dags/example_latest_only.py
[2022-06-18 06:45:16,422] {processor.py:641} INFO - Processing file /home/airflow/.local/lib/python3.7/site-packages/airflow/example_dags/example_latest_only.py for tasks to queue
[2022-06-18 06:45:16,423] {logging_mixin.py:115} INFO - [2022-06-18 06:45:16,423] {dagbag.py:507} INFO - Filling up the DagBag from /home/airflow/.local/lib/python3.7/site-packages/airflow/example_dags/example_latest_only.py
[2022-06-18 06:45:16,431] {processor.py:651} INFO - DAG(s) dict_keys(['latest_only']) retrieved from /home/airflow/.local/lib/python3.7/site-packages/airflow/example_dags/example_latest_only.py
[2022-06-18 06:45:16,463] {logging_mixin.py:115} INFO - [2022-06-18 06:45:16,463] {dag.py:2379} INFO - Sync 1 DAGs
[2022-06-18 06:45:16,487] {logging_mixin.py:115} INFO - [2022-06-18 06:45:16,486] {dag.py:2931} INFO - Setting next_dagrun for latest_only to 2022-06-18T02:45:16.486749+00:00, run_after=2022-06-18T06:45:16.486749+00:00
[2022-06-18 06:45:16,499] {processor.py:161} INFO - Processing /home/airflow/.local/lib/python3.7/site-packages/airflow/example_dags/example_latest_only.py took 0.162 seconds
[2022-06-18 06:45:47,251] {processor.py:153} INFO - Started process (PID=770) to work on /home/airflow/.local/lib/python3.7/site-packages/airflow/example_dags/example_latest_only.py
[2022-06-18 06:45:47,262] {processor.py:641} INFO - Processing file /home/airflow/.local/lib/python3.7/site-packages/airflow/example_dags/example_latest_only.py for tasks to queue
[2022-06-18 06:45:47,263] {logging_mixin.py:115} INFO - [2022-06-18 06:45:47,263] {dagbag.py:507} INFO - Filling up the DagBag from /home/airflow/.local/lib/python3.7/site-packages/airflow/example_dags/example_latest_only.py
[2022-06-18 06:45:47,266] {processor.py:651} INFO - DAG(s) dict_keys(['latest_only']) retrieved from /home/airflow/.local/lib/python3.7/site-packages/airflow/example_dags/example_latest_only.py
[2022-06-18 06:45:47,293] {logging_mixin.py:115} INFO - [2022-06-18 06:45:47,293] {dag.py:2379} INFO - Sync 1 DAGs
[2022-06-18 06:45:47,314] {logging_mixin.py:115} INFO - [2022-06-18 06:45:47,313] {dag.py:2931} INFO - Setting next_dagrun for latest_only to 2022-06-18T02:45:47.313728+00:00, run_after=2022-06-18T06:45:47.313728+00:00
[2022-06-18 06:45:47,354] {processor.py:161} INFO - Processing /home/airflow/.local/lib/python3.7/site-packages/airflow/example_dags/example_latest_only.py took 0.107 seconds
[2022-06-18 06:46:17,696] {processor.py:153} INFO - Started process (PID=833) to work on /home/airflow/.local/lib/python3.7/site-packages/airflow/example_dags/example_latest_only.py
[2022-06-18 06:46:17,712] {processor.py:641} INFO - Processing file /home/airflow/.local/lib/python3.7/site-packages/airflow/example_dags/example_latest_only.py for tasks to queue
[2022-06-18 06:46:17,713] {logging_mixin.py:115} INFO - [2022-06-18 06:46:17,713] {dagbag.py:507} INFO - Filling up the DagBag from /home/airflow/.local/lib/python3.7/site-packages/airflow/example_dags/example_latest_only.py
[2022-06-18 06:46:17,720] {processor.py:651} INFO - DAG(s) dict_keys(['latest_only']) retrieved from /home/airflow/.local/lib/python3.7/site-packages/airflow/example_dags/example_latest_only.py
[2022-06-18 06:46:17,745] {logging_mixin.py:115} INFO - [2022-06-18 06:46:17,745] {dag.py:2379} INFO - Sync 1 DAGs
[2022-06-18 06:46:17,766] {logging_mixin.py:115} INFO - [2022-06-18 06:46:17,766] {dag.py:2931} INFO - Setting next_dagrun for latest_only to 2022-06-18T02:46:17.765985+00:00, run_after=2022-06-18T06:46:17.765985+00:00
[2022-06-18 06:46:17,792] {processor.py:161} INFO - Processing /home/airflow/.local/lib/python3.7/site-packages/airflow/example_dags/example_latest_only.py took 0.100 seconds
[2022-06-18 06:46:47,986] {processor.py:153} INFO - Started process (PID=887) to work on /home/airflow/.local/lib/python3.7/site-packages/airflow/example_dags/example_latest_only.py
[2022-06-18 06:46:48,004] {processor.py:641} INFO - Processing file /home/airflow/.local/lib/python3.7/site-packages/airflow/example_dags/example_latest_only.py for tasks to queue
[2022-06-18 06:46:48,005] {logging_mixin.py:115} INFO - [2022-06-18 06:46:48,005] {dagbag.py:507} INFO - Filling up the DagBag from /home/airflow/.local/lib/python3.7/site-packages/airflow/example_dags/example_latest_only.py
[2022-06-18 06:46:48,012] {processor.py:651} INFO - DAG(s) dict_keys(['latest_only']) retrieved from /home/airflow/.local/lib/python3.7/site-packages/airflow/example_dags/example_latest_only.py
[2022-06-18 06:46:48,043] {logging_mixin.py:115} INFO - [2022-06-18 06:46:48,043] {dag.py:2379} INFO - Sync 1 DAGs
[2022-06-18 06:46:48,065] {logging_mixin.py:115} INFO - [2022-06-18 06:46:48,065] {dag.py:2931} INFO - Setting next_dagrun for latest_only to 2022-06-18T02:46:48.064812+00:00, run_after=2022-06-18T06:46:48.064812+00:00
[2022-06-18 06:46:48,098] {processor.py:161} INFO - Processing /home/airflow/.local/lib/python3.7/site-packages/airflow/example_dags/example_latest_only.py took 0.116 seconds
