[2022-07-11 22:19:30,019] {taskinstance.py:1159} INFO - Dependencies all met for <TaskInstance: Stream_Satellite_TLE.load_data manual__2022-07-11T22:19:24.861701+00:00 [queued]>
[2022-07-11 22:19:30,029] {taskinstance.py:1159} INFO - Dependencies all met for <TaskInstance: Stream_Satellite_TLE.load_data manual__2022-07-11T22:19:24.861701+00:00 [queued]>
[2022-07-11 22:19:30,029] {taskinstance.py:1356} INFO - 
--------------------------------------------------------------------------------
[2022-07-11 22:19:30,029] {taskinstance.py:1357} INFO - Starting attempt 1 of 2
[2022-07-11 22:19:30,029] {taskinstance.py:1358} INFO - 
--------------------------------------------------------------------------------
[2022-07-11 22:19:30,044] {taskinstance.py:1377} INFO - Executing <Task(PythonOperator): load_data> on 2022-07-11 22:19:24.861701+00:00
[2022-07-11 22:19:30,049] {standard_task_runner.py:52} INFO - Started process 2129 to run task
[2022-07-11 22:19:30,052] {standard_task_runner.py:79} INFO - Running: ['***', 'tasks', 'run', 'Stream_Satellite_TLE', 'load_data', 'manual__2022-07-11T22:19:24.861701+00:00', '--job-id', '498', '--raw', '--subdir', 'DAGS_FOLDER/streamTLE.py', '--cfg-path', '/tmp/tmp4kzba1n9', '--error-file', '/tmp/tmptuo24d_o']
[2022-07-11 22:19:30,053] {standard_task_runner.py:80} INFO - Job 498: Subtask load_data
[2022-07-11 22:19:30,117] {task_command.py:370} INFO - Running <TaskInstance: Stream_Satellite_TLE.load_data manual__2022-07-11T22:19:24.861701+00:00 [running]> on host 3c0196e07a8e
[2022-07-11 22:19:30,270] {taskinstance.py:1571} INFO - Exporting the following env vars:
AIRFLOW_CTX_DAG_OWNER=***
AIRFLOW_CTX_DAG_ID=Stream_Satellite_TLE
AIRFLOW_CTX_TASK_ID=load_data
AIRFLOW_CTX_EXECUTION_DATE=2022-07-11T22:19:24.861701+00:00
AIRFLOW_CTX_TRY_NUMBER=1
AIRFLOW_CTX_DAG_RUN_ID=manual__2022-07-11T22:19:24.861701+00:00
[2022-07-11 22:19:30,358] {python.py:173} INFO - Done. Returned value was: None
[2022-07-11 22:19:30,380] {taskinstance.py:1400} INFO - Marking task as SUCCESS. dag_id=Stream_Satellite_TLE, task_id=load_data, execution_date=20220711T221924, start_date=20220711T221930, end_date=20220711T221930
[2022-07-11 22:19:30,423] {local_task_job.py:156} INFO - Task exited with return code 0
[2022-07-11 22:19:30,478] {local_task_job.py:273} INFO - 0 downstream tasks scheduled from follow-on schedule check
