[2022-07-11 21:58:33,470] {taskinstance.py:1159} INFO - Dependencies all met for <TaskInstance: Stream_Satellite_TLE.load_data scheduled__2022-07-04T00:00:00+00:00 [queued]>
[2022-07-11 21:58:33,494] {taskinstance.py:1159} INFO - Dependencies all met for <TaskInstance: Stream_Satellite_TLE.load_data scheduled__2022-07-04T00:00:00+00:00 [queued]>
[2022-07-11 21:58:33,496] {taskinstance.py:1356} INFO - 
--------------------------------------------------------------------------------
[2022-07-11 21:58:33,496] {taskinstance.py:1357} INFO - Starting attempt 1 of 2
[2022-07-11 21:58:33,496] {taskinstance.py:1358} INFO - 
--------------------------------------------------------------------------------
[2022-07-11 21:58:33,538] {taskinstance.py:1377} INFO - Executing <Task(PythonOperator): load_data> on 2022-07-04 00:00:00+00:00
[2022-07-11 21:58:33,546] {standard_task_runner.py:52} INFO - Started process 822 to run task
[2022-07-11 21:58:33,554] {standard_task_runner.py:79} INFO - Running: ['***', 'tasks', 'run', 'Stream_Satellite_TLE', 'load_data', 'scheduled__2022-07-04T00:00:00+00:00', '--job-id', '467', '--raw', '--subdir', 'DAGS_FOLDER/streamTLE.py', '--cfg-path', '/tmp/tmpx4c0q4sj', '--error-file', '/tmp/tmp9j62qbok']
[2022-07-11 21:58:33,559] {standard_task_runner.py:80} INFO - Job 467: Subtask load_data
[2022-07-11 21:58:33,661] {task_command.py:370} INFO - Running <TaskInstance: Stream_Satellite_TLE.load_data scheduled__2022-07-04T00:00:00+00:00 [running]> on host 3c0196e07a8e
[2022-07-11 21:58:33,857] {taskinstance.py:1571} INFO - Exporting the following env vars:
AIRFLOW_CTX_DAG_OWNER=***
AIRFLOW_CTX_DAG_ID=Stream_Satellite_TLE
AIRFLOW_CTX_TASK_ID=load_data
AIRFLOW_CTX_EXECUTION_DATE=2022-07-04T00:00:00+00:00
AIRFLOW_CTX_TRY_NUMBER=1
AIRFLOW_CTX_DAG_RUN_ID=scheduled__2022-07-04T00:00:00+00:00
[2022-07-11 21:58:33,858] {logging_mixin.py:115} INFO - Hello
[2022-07-11 21:58:33,858] {python.py:173} INFO - Done. Returned value was: None
[2022-07-11 21:58:33,881] {taskinstance.py:1400} INFO - Marking task as SUCCESS. dag_id=Stream_Satellite_TLE, task_id=load_data, execution_date=20220704T000000, start_date=20220711T215833, end_date=20220711T215833
[2022-07-11 21:58:33,945] {local_task_job.py:156} INFO - Task exited with return code 0
[2022-07-11 21:58:34,047] {local_task_job.py:273} INFO - 0 downstream tasks scheduled from follow-on schedule check
