[2022-06-23 01:17:32,544] {processor.py:153} INFO - Started process (PID=115) to work on /home/airflow/.local/lib/python3.7/site-packages/airflow/example_dags/example_branch_day_of_week_operator.py
[2022-06-23 01:17:32,545] {processor.py:641} INFO - Processing file /home/airflow/.local/lib/python3.7/site-packages/airflow/example_dags/example_branch_day_of_week_operator.py for tasks to queue
[2022-06-23 01:17:32,545] {logging_mixin.py:115} INFO - [2022-06-23 01:17:32,545] {dagbag.py:507} INFO - Filling up the DagBag from /home/airflow/.local/lib/python3.7/site-packages/airflow/example_dags/example_branch_day_of_week_operator.py
[2022-06-23 01:17:32,593] {processor.py:651} INFO - DAG(s) dict_keys(['example_weekday_branch_operator']) retrieved from /home/airflow/.local/lib/python3.7/site-packages/airflow/example_dags/example_branch_day_of_week_operator.py
[2022-06-23 01:17:32,613] {logging_mixin.py:115} INFO - [2022-06-23 01:17:32,613] {dag.py:2379} INFO - Sync 1 DAGs
[2022-06-23 01:17:32,635] {logging_mixin.py:115} INFO - [2022-06-23 01:17:32,635] {dag.py:2931} INFO - Setting next_dagrun for example_weekday_branch_operator to 2022-06-22T00:00:00+00:00, run_after=2022-06-23T00:00:00+00:00
[2022-06-23 01:17:32,667] {processor.py:161} INFO - Processing /home/airflow/.local/lib/python3.7/site-packages/airflow/example_dags/example_branch_day_of_week_operator.py took 0.124 seconds
[2022-06-23 01:18:03,499] {processor.py:153} INFO - Started process (PID=178) to work on /home/airflow/.local/lib/python3.7/site-packages/airflow/example_dags/example_branch_day_of_week_operator.py
[2022-06-23 01:18:03,499] {processor.py:641} INFO - Processing file /home/airflow/.local/lib/python3.7/site-packages/airflow/example_dags/example_branch_day_of_week_operator.py for tasks to queue
[2022-06-23 01:18:03,500] {logging_mixin.py:115} INFO - [2022-06-23 01:18:03,500] {dagbag.py:507} INFO - Filling up the DagBag from /home/airflow/.local/lib/python3.7/site-packages/airflow/example_dags/example_branch_day_of_week_operator.py
[2022-06-23 01:18:03,507] {processor.py:651} INFO - DAG(s) dict_keys(['example_weekday_branch_operator']) retrieved from /home/airflow/.local/lib/python3.7/site-packages/airflow/example_dags/example_branch_day_of_week_operator.py
[2022-06-23 01:18:03,530] {logging_mixin.py:115} INFO - [2022-06-23 01:18:03,530] {dag.py:2379} INFO - Sync 1 DAGs
[2022-06-23 01:18:03,558] {logging_mixin.py:115} INFO - [2022-06-23 01:18:03,558] {dag.py:2931} INFO - Setting next_dagrun for example_weekday_branch_operator to 2022-06-22T00:00:00+00:00, run_after=2022-06-23T00:00:00+00:00
[2022-06-23 01:18:03,575] {processor.py:161} INFO - Processing /home/airflow/.local/lib/python3.7/site-packages/airflow/example_dags/example_branch_day_of_week_operator.py took 0.080 seconds
[2022-06-23 23:30:25,096] {processor.py:153} INFO - Started process (PID=82) to work on /home/airflow/.local/lib/python3.7/site-packages/airflow/example_dags/example_branch_day_of_week_operator.py
[2022-06-23 23:30:25,129] {processor.py:641} INFO - Processing file /home/airflow/.local/lib/python3.7/site-packages/airflow/example_dags/example_branch_day_of_week_operator.py for tasks to queue
[2022-06-23 23:30:25,130] {logging_mixin.py:115} INFO - [2022-06-23 23:30:25,130] {dagbag.py:507} INFO - Filling up the DagBag from /home/airflow/.local/lib/python3.7/site-packages/airflow/example_dags/example_branch_day_of_week_operator.py
[2022-06-23 23:30:25,140] {processor.py:651} INFO - DAG(s) dict_keys(['example_weekday_branch_operator']) retrieved from /home/airflow/.local/lib/python3.7/site-packages/airflow/example_dags/example_branch_day_of_week_operator.py
[2022-06-23 23:30:25,309] {logging_mixin.py:115} INFO - [2022-06-23 23:30:25,309] {dag.py:2379} INFO - Sync 1 DAGs
[2022-06-23 23:30:25,331] {logging_mixin.py:115} INFO - [2022-06-23 23:30:25,331] {dag.py:2931} INFO - Setting next_dagrun for example_weekday_branch_operator to 2022-06-22T00:00:00+00:00, run_after=2022-06-23T00:00:00+00:00
[2022-06-23 23:30:25,428] {processor.py:161} INFO - Processing /home/airflow/.local/lib/python3.7/site-packages/airflow/example_dags/example_branch_day_of_week_operator.py took 0.334 seconds
[2022-06-23 23:30:56,020] {processor.py:153} INFO - Started process (PID=145) to work on /home/airflow/.local/lib/python3.7/site-packages/airflow/example_dags/example_branch_day_of_week_operator.py
[2022-06-23 23:30:56,032] {processor.py:641} INFO - Processing file /home/airflow/.local/lib/python3.7/site-packages/airflow/example_dags/example_branch_day_of_week_operator.py for tasks to queue
[2022-06-23 23:30:56,033] {logging_mixin.py:115} INFO - [2022-06-23 23:30:56,033] {dagbag.py:507} INFO - Filling up the DagBag from /home/airflow/.local/lib/python3.7/site-packages/airflow/example_dags/example_branch_day_of_week_operator.py
[2022-06-23 23:30:56,044] {processor.py:651} INFO - DAG(s) dict_keys(['example_weekday_branch_operator']) retrieved from /home/airflow/.local/lib/python3.7/site-packages/airflow/example_dags/example_branch_day_of_week_operator.py
[2022-06-23 23:30:56,070] {logging_mixin.py:115} INFO - [2022-06-23 23:30:56,070] {dag.py:2379} INFO - Sync 1 DAGs
[2022-06-23 23:30:56,093] {logging_mixin.py:115} INFO - [2022-06-23 23:30:56,092] {dag.py:2931} INFO - Setting next_dagrun for example_weekday_branch_operator to 2022-06-22T00:00:00+00:00, run_after=2022-06-23T00:00:00+00:00
[2022-06-23 23:30:56,126] {processor.py:161} INFO - Processing /home/airflow/.local/lib/python3.7/site-packages/airflow/example_dags/example_branch_day_of_week_operator.py took 0.107 seconds
[2022-06-23 23:31:26,554] {processor.py:153} INFO - Started process (PID=201) to work on /home/airflow/.local/lib/python3.7/site-packages/airflow/example_dags/example_branch_day_of_week_operator.py
[2022-06-23 23:31:26,565] {processor.py:641} INFO - Processing file /home/airflow/.local/lib/python3.7/site-packages/airflow/example_dags/example_branch_day_of_week_operator.py for tasks to queue
[2022-06-23 23:31:26,566] {logging_mixin.py:115} INFO - [2022-06-23 23:31:26,566] {dagbag.py:507} INFO - Filling up the DagBag from /home/airflow/.local/lib/python3.7/site-packages/airflow/example_dags/example_branch_day_of_week_operator.py
[2022-06-23 23:31:26,574] {processor.py:651} INFO - DAG(s) dict_keys(['example_weekday_branch_operator']) retrieved from /home/airflow/.local/lib/python3.7/site-packages/airflow/example_dags/example_branch_day_of_week_operator.py
[2022-06-23 23:31:26,595] {logging_mixin.py:115} INFO - [2022-06-23 23:31:26,595] {dag.py:2379} INFO - Sync 1 DAGs
[2022-06-23 23:31:26,622] {logging_mixin.py:115} INFO - [2022-06-23 23:31:26,622] {dag.py:2931} INFO - Setting next_dagrun for example_weekday_branch_operator to 2022-06-22T00:00:00+00:00, run_after=2022-06-23T00:00:00+00:00
[2022-06-23 23:31:26,651] {processor.py:161} INFO - Processing /home/airflow/.local/lib/python3.7/site-packages/airflow/example_dags/example_branch_day_of_week_operator.py took 0.101 seconds
[2022-06-23 23:31:56,842] {processor.py:153} INFO - Started process (PID=264) to work on /home/airflow/.local/lib/python3.7/site-packages/airflow/example_dags/example_branch_day_of_week_operator.py
[2022-06-23 23:31:56,842] {processor.py:641} INFO - Processing file /home/airflow/.local/lib/python3.7/site-packages/airflow/example_dags/example_branch_day_of_week_operator.py for tasks to queue
[2022-06-23 23:31:56,843] {logging_mixin.py:115} INFO - [2022-06-23 23:31:56,843] {dagbag.py:507} INFO - Filling up the DagBag from /home/airflow/.local/lib/python3.7/site-packages/airflow/example_dags/example_branch_day_of_week_operator.py
[2022-06-23 23:31:56,851] {processor.py:651} INFO - DAG(s) dict_keys(['example_weekday_branch_operator']) retrieved from /home/airflow/.local/lib/python3.7/site-packages/airflow/example_dags/example_branch_day_of_week_operator.py
[2022-06-23 23:31:56,876] {logging_mixin.py:115} INFO - [2022-06-23 23:31:56,875] {dag.py:2379} INFO - Sync 1 DAGs
[2022-06-23 23:31:56,900] {logging_mixin.py:115} INFO - [2022-06-23 23:31:56,900] {dag.py:2931} INFO - Setting next_dagrun for example_weekday_branch_operator to 2022-06-22T00:00:00+00:00, run_after=2022-06-23T00:00:00+00:00
[2022-06-23 23:31:56,914] {processor.py:161} INFO - Processing /home/airflow/.local/lib/python3.7/site-packages/airflow/example_dags/example_branch_day_of_week_operator.py took 0.076 seconds
[2022-06-23 23:32:27,042] {processor.py:153} INFO - Started process (PID=327) to work on /home/airflow/.local/lib/python3.7/site-packages/airflow/example_dags/example_branch_day_of_week_operator.py
[2022-06-23 23:32:27,042] {processor.py:641} INFO - Processing file /home/airflow/.local/lib/python3.7/site-packages/airflow/example_dags/example_branch_day_of_week_operator.py for tasks to queue
[2022-06-23 23:32:27,043] {logging_mixin.py:115} INFO - [2022-06-23 23:32:27,043] {dagbag.py:507} INFO - Filling up the DagBag from /home/airflow/.local/lib/python3.7/site-packages/airflow/example_dags/example_branch_day_of_week_operator.py
[2022-06-23 23:32:27,050] {processor.py:651} INFO - DAG(s) dict_keys(['example_weekday_branch_operator']) retrieved from /home/airflow/.local/lib/python3.7/site-packages/airflow/example_dags/example_branch_day_of_week_operator.py
[2022-06-23 23:32:27,070] {logging_mixin.py:115} INFO - [2022-06-23 23:32:27,070] {dag.py:2379} INFO - Sync 1 DAGs
[2022-06-23 23:32:27,093] {logging_mixin.py:115} INFO - [2022-06-23 23:32:27,093] {dag.py:2931} INFO - Setting next_dagrun for example_weekday_branch_operator to 2022-06-22T00:00:00+00:00, run_after=2022-06-23T00:00:00+00:00
[2022-06-23 23:32:27,109] {processor.py:161} INFO - Processing /home/airflow/.local/lib/python3.7/site-packages/airflow/example_dags/example_branch_day_of_week_operator.py took 0.069 seconds
[2022-06-23 23:32:57,453] {processor.py:153} INFO - Started process (PID=381) to work on /home/airflow/.local/lib/python3.7/site-packages/airflow/example_dags/example_branch_day_of_week_operator.py
[2022-06-23 23:32:57,464] {processor.py:641} INFO - Processing file /home/airflow/.local/lib/python3.7/site-packages/airflow/example_dags/example_branch_day_of_week_operator.py for tasks to queue
[2022-06-23 23:32:57,464] {logging_mixin.py:115} INFO - [2022-06-23 23:32:57,464] {dagbag.py:507} INFO - Filling up the DagBag from /home/airflow/.local/lib/python3.7/site-packages/airflow/example_dags/example_branch_day_of_week_operator.py
[2022-06-23 23:32:57,472] {processor.py:651} INFO - DAG(s) dict_keys(['example_weekday_branch_operator']) retrieved from /home/airflow/.local/lib/python3.7/site-packages/airflow/example_dags/example_branch_day_of_week_operator.py
[2022-06-23 23:32:57,498] {logging_mixin.py:115} INFO - [2022-06-23 23:32:57,498] {dag.py:2379} INFO - Sync 1 DAGs
[2022-06-23 23:32:57,524] {logging_mixin.py:115} INFO - [2022-06-23 23:32:57,524] {dag.py:2931} INFO - Setting next_dagrun for example_weekday_branch_operator to 2022-06-22T00:00:00+00:00, run_after=2022-06-23T00:00:00+00:00
[2022-06-23 23:32:57,542] {processor.py:161} INFO - Processing /home/airflow/.local/lib/python3.7/site-packages/airflow/example_dags/example_branch_day_of_week_operator.py took 0.092 seconds
[2022-06-23 23:33:27,964] {processor.py:153} INFO - Started process (PID=444) to work on /home/airflow/.local/lib/python3.7/site-packages/airflow/example_dags/example_branch_day_of_week_operator.py
[2022-06-23 23:33:27,980] {processor.py:641} INFO - Processing file /home/airflow/.local/lib/python3.7/site-packages/airflow/example_dags/example_branch_day_of_week_operator.py for tasks to queue
[2022-06-23 23:33:27,981] {logging_mixin.py:115} INFO - [2022-06-23 23:33:27,981] {dagbag.py:507} INFO - Filling up the DagBag from /home/airflow/.local/lib/python3.7/site-packages/airflow/example_dags/example_branch_day_of_week_operator.py
[2022-06-23 23:33:27,992] {processor.py:651} INFO - DAG(s) dict_keys(['example_weekday_branch_operator']) retrieved from /home/airflow/.local/lib/python3.7/site-packages/airflow/example_dags/example_branch_day_of_week_operator.py
[2022-06-23 23:33:28,017] {logging_mixin.py:115} INFO - [2022-06-23 23:33:28,017] {dag.py:2379} INFO - Sync 1 DAGs
[2022-06-23 23:33:28,044] {logging_mixin.py:115} INFO - [2022-06-23 23:33:28,044] {dag.py:2931} INFO - Setting next_dagrun for example_weekday_branch_operator to 2022-06-22T00:00:00+00:00, run_after=2022-06-23T00:00:00+00:00
[2022-06-23 23:33:28,060] {processor.py:161} INFO - Processing /home/airflow/.local/lib/python3.7/site-packages/airflow/example_dags/example_branch_day_of_week_operator.py took 0.101 seconds
[2022-06-23 23:33:59,147] {processor.py:153} INFO - Started process (PID=508) to work on /home/airflow/.local/lib/python3.7/site-packages/airflow/example_dags/example_branch_day_of_week_operator.py
[2022-06-23 23:33:59,148] {processor.py:641} INFO - Processing file /home/airflow/.local/lib/python3.7/site-packages/airflow/example_dags/example_branch_day_of_week_operator.py for tasks to queue
[2022-06-23 23:33:59,149] {logging_mixin.py:115} INFO - [2022-06-23 23:33:59,149] {dagbag.py:507} INFO - Filling up the DagBag from /home/airflow/.local/lib/python3.7/site-packages/airflow/example_dags/example_branch_day_of_week_operator.py
[2022-06-23 23:33:59,156] {processor.py:651} INFO - DAG(s) dict_keys(['example_weekday_branch_operator']) retrieved from /home/airflow/.local/lib/python3.7/site-packages/airflow/example_dags/example_branch_day_of_week_operator.py
[2022-06-23 23:33:59,178] {logging_mixin.py:115} INFO - [2022-06-23 23:33:59,178] {dag.py:2379} INFO - Sync 1 DAGs
[2022-06-23 23:33:59,204] {logging_mixin.py:115} INFO - [2022-06-23 23:33:59,204] {dag.py:2931} INFO - Setting next_dagrun for example_weekday_branch_operator to 2022-06-22T00:00:00+00:00, run_after=2022-06-23T00:00:00+00:00
[2022-06-23 23:33:59,215] {processor.py:161} INFO - Processing /home/airflow/.local/lib/python3.7/site-packages/airflow/example_dags/example_branch_day_of_week_operator.py took 0.072 seconds
[2022-06-23 23:34:29,698] {processor.py:153} INFO - Started process (PID=564) to work on /home/airflow/.local/lib/python3.7/site-packages/airflow/example_dags/example_branch_day_of_week_operator.py
[2022-06-23 23:34:29,699] {processor.py:641} INFO - Processing file /home/airflow/.local/lib/python3.7/site-packages/airflow/example_dags/example_branch_day_of_week_operator.py for tasks to queue
[2022-06-23 23:34:29,700] {logging_mixin.py:115} INFO - [2022-06-23 23:34:29,699] {dagbag.py:507} INFO - Filling up the DagBag from /home/airflow/.local/lib/python3.7/site-packages/airflow/example_dags/example_branch_day_of_week_operator.py
[2022-06-23 23:34:29,710] {processor.py:651} INFO - DAG(s) dict_keys(['example_weekday_branch_operator']) retrieved from /home/airflow/.local/lib/python3.7/site-packages/airflow/example_dags/example_branch_day_of_week_operator.py
[2022-06-23 23:34:29,739] {logging_mixin.py:115} INFO - [2022-06-23 23:34:29,739] {dag.py:2379} INFO - Sync 1 DAGs
[2022-06-23 23:34:29,769] {logging_mixin.py:115} INFO - [2022-06-23 23:34:29,768] {dag.py:2931} INFO - Setting next_dagrun for example_weekday_branch_operator to 2022-06-22T00:00:00+00:00, run_after=2022-06-23T00:00:00+00:00
[2022-06-23 23:34:29,781] {processor.py:161} INFO - Processing /home/airflow/.local/lib/python3.7/site-packages/airflow/example_dags/example_branch_day_of_week_operator.py took 0.088 seconds
[2022-06-23 23:35:00,054] {processor.py:153} INFO - Started process (PID=627) to work on /home/airflow/.local/lib/python3.7/site-packages/airflow/example_dags/example_branch_day_of_week_operator.py
[2022-06-23 23:35:00,055] {processor.py:641} INFO - Processing file /home/airflow/.local/lib/python3.7/site-packages/airflow/example_dags/example_branch_day_of_week_operator.py for tasks to queue
[2022-06-23 23:35:00,056] {logging_mixin.py:115} INFO - [2022-06-23 23:35:00,056] {dagbag.py:507} INFO - Filling up the DagBag from /home/airflow/.local/lib/python3.7/site-packages/airflow/example_dags/example_branch_day_of_week_operator.py
[2022-06-23 23:35:00,063] {processor.py:651} INFO - DAG(s) dict_keys(['example_weekday_branch_operator']) retrieved from /home/airflow/.local/lib/python3.7/site-packages/airflow/example_dags/example_branch_day_of_week_operator.py
[2022-06-23 23:35:00,083] {logging_mixin.py:115} INFO - [2022-06-23 23:35:00,083] {dag.py:2379} INFO - Sync 1 DAGs
[2022-06-23 23:35:00,105] {logging_mixin.py:115} INFO - [2022-06-23 23:35:00,105] {dag.py:2931} INFO - Setting next_dagrun for example_weekday_branch_operator to 2022-06-22T00:00:00+00:00, run_after=2022-06-23T00:00:00+00:00
[2022-06-23 23:35:00,116] {processor.py:161} INFO - Processing /home/airflow/.local/lib/python3.7/site-packages/airflow/example_dags/example_branch_day_of_week_operator.py took 0.065 seconds
[2022-06-23 23:35:30,627] {processor.py:153} INFO - Started process (PID=690) to work on /home/airflow/.local/lib/python3.7/site-packages/airflow/example_dags/example_branch_day_of_week_operator.py
[2022-06-23 23:35:30,627] {processor.py:641} INFO - Processing file /home/airflow/.local/lib/python3.7/site-packages/airflow/example_dags/example_branch_day_of_week_operator.py for tasks to queue
[2022-06-23 23:35:30,627] {logging_mixin.py:115} INFO - [2022-06-23 23:35:30,627] {dagbag.py:507} INFO - Filling up the DagBag from /home/airflow/.local/lib/python3.7/site-packages/airflow/example_dags/example_branch_day_of_week_operator.py
[2022-06-23 23:35:30,637] {processor.py:651} INFO - DAG(s) dict_keys(['example_weekday_branch_operator']) retrieved from /home/airflow/.local/lib/python3.7/site-packages/airflow/example_dags/example_branch_day_of_week_operator.py
[2022-06-23 23:35:30,655] {logging_mixin.py:115} INFO - [2022-06-23 23:35:30,655] {dag.py:2379} INFO - Sync 1 DAGs
[2022-06-23 23:35:30,683] {logging_mixin.py:115} INFO - [2022-06-23 23:35:30,683] {dag.py:2931} INFO - Setting next_dagrun for example_weekday_branch_operator to 2022-06-22T00:00:00+00:00, run_after=2022-06-23T00:00:00+00:00
[2022-06-23 23:35:30,786] {processor.py:161} INFO - Processing /home/airflow/.local/lib/python3.7/site-packages/airflow/example_dags/example_branch_day_of_week_operator.py took 0.161 seconds
[2022-06-23 23:36:00,985] {processor.py:153} INFO - Started process (PID=745) to work on /home/airflow/.local/lib/python3.7/site-packages/airflow/example_dags/example_branch_day_of_week_operator.py
[2022-06-23 23:36:00,986] {processor.py:641} INFO - Processing file /home/airflow/.local/lib/python3.7/site-packages/airflow/example_dags/example_branch_day_of_week_operator.py for tasks to queue
[2022-06-23 23:36:00,986] {logging_mixin.py:115} INFO - [2022-06-23 23:36:00,986] {dagbag.py:507} INFO - Filling up the DagBag from /home/airflow/.local/lib/python3.7/site-packages/airflow/example_dags/example_branch_day_of_week_operator.py
[2022-06-23 23:36:00,992] {processor.py:651} INFO - DAG(s) dict_keys(['example_weekday_branch_operator']) retrieved from /home/airflow/.local/lib/python3.7/site-packages/airflow/example_dags/example_branch_day_of_week_operator.py
[2022-06-23 23:36:01,019] {logging_mixin.py:115} INFO - [2022-06-23 23:36:01,019] {dag.py:2379} INFO - Sync 1 DAGs
[2022-06-23 23:36:01,045] {logging_mixin.py:115} INFO - [2022-06-23 23:36:01,044] {dag.py:2931} INFO - Setting next_dagrun for example_weekday_branch_operator to 2022-06-22T00:00:00+00:00, run_after=2022-06-23T00:00:00+00:00
[2022-06-23 23:36:01,150] {processor.py:161} INFO - Processing /home/airflow/.local/lib/python3.7/site-packages/airflow/example_dags/example_branch_day_of_week_operator.py took 0.166 seconds
[2022-06-23 23:36:31,580] {processor.py:153} INFO - Started process (PID=807) to work on /home/airflow/.local/lib/python3.7/site-packages/airflow/example_dags/example_branch_day_of_week_operator.py
[2022-06-23 23:36:31,581] {processor.py:641} INFO - Processing file /home/airflow/.local/lib/python3.7/site-packages/airflow/example_dags/example_branch_day_of_week_operator.py for tasks to queue
[2022-06-23 23:36:31,581] {logging_mixin.py:115} INFO - [2022-06-23 23:36:31,581] {dagbag.py:507} INFO - Filling up the DagBag from /home/airflow/.local/lib/python3.7/site-packages/airflow/example_dags/example_branch_day_of_week_operator.py
[2022-06-23 23:36:31,591] {processor.py:651} INFO - DAG(s) dict_keys(['example_weekday_branch_operator']) retrieved from /home/airflow/.local/lib/python3.7/site-packages/airflow/example_dags/example_branch_day_of_week_operator.py
[2022-06-23 23:36:31,613] {logging_mixin.py:115} INFO - [2022-06-23 23:36:31,612] {dag.py:2379} INFO - Sync 1 DAGs
[2022-06-23 23:36:31,636] {logging_mixin.py:115} INFO - [2022-06-23 23:36:31,636] {dag.py:2931} INFO - Setting next_dagrun for example_weekday_branch_operator to 2022-06-22T00:00:00+00:00, run_after=2022-06-23T00:00:00+00:00
[2022-06-23 23:36:31,725] {processor.py:161} INFO - Processing /home/airflow/.local/lib/python3.7/site-packages/airflow/example_dags/example_branch_day_of_week_operator.py took 0.148 seconds
[2022-06-23 23:37:02,078] {processor.py:153} INFO - Started process (PID=868) to work on /home/airflow/.local/lib/python3.7/site-packages/airflow/example_dags/example_branch_day_of_week_operator.py
[2022-06-23 23:37:02,078] {processor.py:641} INFO - Processing file /home/airflow/.local/lib/python3.7/site-packages/airflow/example_dags/example_branch_day_of_week_operator.py for tasks to queue
[2022-06-23 23:37:02,079] {logging_mixin.py:115} INFO - [2022-06-23 23:37:02,079] {dagbag.py:507} INFO - Filling up the DagBag from /home/airflow/.local/lib/python3.7/site-packages/airflow/example_dags/example_branch_day_of_week_operator.py
[2022-06-23 23:37:02,085] {processor.py:651} INFO - DAG(s) dict_keys(['example_weekday_branch_operator']) retrieved from /home/airflow/.local/lib/python3.7/site-packages/airflow/example_dags/example_branch_day_of_week_operator.py
[2022-06-23 23:37:02,108] {logging_mixin.py:115} INFO - [2022-06-23 23:37:02,108] {dag.py:2379} INFO - Sync 1 DAGs
[2022-06-23 23:37:02,137] {logging_mixin.py:115} INFO - [2022-06-23 23:37:02,137] {dag.py:2931} INFO - Setting next_dagrun for example_weekday_branch_operator to 2022-06-22T00:00:00+00:00, run_after=2022-06-23T00:00:00+00:00
[2022-06-23 23:37:02,251] {processor.py:161} INFO - Processing /home/airflow/.local/lib/python3.7/site-packages/airflow/example_dags/example_branch_day_of_week_operator.py took 0.175 seconds
[2022-06-23 23:37:32,571] {processor.py:153} INFO - Started process (PID=924) to work on /home/airflow/.local/lib/python3.7/site-packages/airflow/example_dags/example_branch_day_of_week_operator.py
[2022-06-23 23:37:32,572] {processor.py:641} INFO - Processing file /home/airflow/.local/lib/python3.7/site-packages/airflow/example_dags/example_branch_day_of_week_operator.py for tasks to queue
[2022-06-23 23:37:32,573] {logging_mixin.py:115} INFO - [2022-06-23 23:37:32,572] {dagbag.py:507} INFO - Filling up the DagBag from /home/airflow/.local/lib/python3.7/site-packages/airflow/example_dags/example_branch_day_of_week_operator.py
[2022-06-23 23:37:32,578] {processor.py:651} INFO - DAG(s) dict_keys(['example_weekday_branch_operator']) retrieved from /home/airflow/.local/lib/python3.7/site-packages/airflow/example_dags/example_branch_day_of_week_operator.py
[2022-06-23 23:37:32,604] {logging_mixin.py:115} INFO - [2022-06-23 23:37:32,604] {dag.py:2379} INFO - Sync 1 DAGs
[2022-06-23 23:37:32,628] {logging_mixin.py:115} INFO - [2022-06-23 23:37:32,628] {dag.py:2931} INFO - Setting next_dagrun for example_weekday_branch_operator to 2022-06-22T00:00:00+00:00, run_after=2022-06-23T00:00:00+00:00
[2022-06-23 23:37:32,715] {processor.py:161} INFO - Processing /home/airflow/.local/lib/python3.7/site-packages/airflow/example_dags/example_branch_day_of_week_operator.py took 0.148 seconds
[2022-06-23 23:38:03,352] {processor.py:153} INFO - Started process (PID=989) to work on /home/airflow/.local/lib/python3.7/site-packages/airflow/example_dags/example_branch_day_of_week_operator.py
[2022-06-23 23:38:03,353] {processor.py:641} INFO - Processing file /home/airflow/.local/lib/python3.7/site-packages/airflow/example_dags/example_branch_day_of_week_operator.py for tasks to queue
[2022-06-23 23:38:03,354] {logging_mixin.py:115} INFO - [2022-06-23 23:38:03,354] {dagbag.py:507} INFO - Filling up the DagBag from /home/airflow/.local/lib/python3.7/site-packages/airflow/example_dags/example_branch_day_of_week_operator.py
[2022-06-23 23:38:03,363] {processor.py:651} INFO - DAG(s) dict_keys(['example_weekday_branch_operator']) retrieved from /home/airflow/.local/lib/python3.7/site-packages/airflow/example_dags/example_branch_day_of_week_operator.py
[2022-06-23 23:38:03,386] {logging_mixin.py:115} INFO - [2022-06-23 23:38:03,386] {dag.py:2379} INFO - Sync 1 DAGs
[2022-06-23 23:38:03,412] {logging_mixin.py:115} INFO - [2022-06-23 23:38:03,412] {dag.py:2931} INFO - Setting next_dagrun for example_weekday_branch_operator to 2022-06-22T00:00:00+00:00, run_after=2022-06-23T00:00:00+00:00
[2022-06-23 23:38:03,515] {processor.py:161} INFO - Processing /home/airflow/.local/lib/python3.7/site-packages/airflow/example_dags/example_branch_day_of_week_operator.py took 0.168 seconds
[2022-06-23 23:38:33,678] {processor.py:153} INFO - Started process (PID=1043) to work on /home/airflow/.local/lib/python3.7/site-packages/airflow/example_dags/example_branch_day_of_week_operator.py
[2022-06-23 23:38:33,678] {processor.py:641} INFO - Processing file /home/airflow/.local/lib/python3.7/site-packages/airflow/example_dags/example_branch_day_of_week_operator.py for tasks to queue
[2022-06-23 23:38:33,679] {logging_mixin.py:115} INFO - [2022-06-23 23:38:33,679] {dagbag.py:507} INFO - Filling up the DagBag from /home/airflow/.local/lib/python3.7/site-packages/airflow/example_dags/example_branch_day_of_week_operator.py
[2022-06-23 23:38:33,686] {processor.py:651} INFO - DAG(s) dict_keys(['example_weekday_branch_operator']) retrieved from /home/airflow/.local/lib/python3.7/site-packages/airflow/example_dags/example_branch_day_of_week_operator.py
[2022-06-23 23:38:33,707] {logging_mixin.py:115} INFO - [2022-06-23 23:38:33,707] {dag.py:2379} INFO - Sync 1 DAGs
[2022-06-23 23:38:33,730] {logging_mixin.py:115} INFO - [2022-06-23 23:38:33,730] {dag.py:2931} INFO - Setting next_dagrun for example_weekday_branch_operator to 2022-06-22T00:00:00+00:00, run_after=2022-06-23T00:00:00+00:00
[2022-06-23 23:38:33,823] {processor.py:161} INFO - Processing /home/airflow/.local/lib/python3.7/site-packages/airflow/example_dags/example_branch_day_of_week_operator.py took 0.149 seconds
[2022-06-23 23:39:03,951] {processor.py:153} INFO - Started process (PID=1107) to work on /home/airflow/.local/lib/python3.7/site-packages/airflow/example_dags/example_branch_day_of_week_operator.py
[2022-06-23 23:39:03,951] {processor.py:641} INFO - Processing file /home/airflow/.local/lib/python3.7/site-packages/airflow/example_dags/example_branch_day_of_week_operator.py for tasks to queue
[2022-06-23 23:39:03,951] {logging_mixin.py:115} INFO - [2022-06-23 23:39:03,951] {dagbag.py:507} INFO - Filling up the DagBag from /home/airflow/.local/lib/python3.7/site-packages/airflow/example_dags/example_branch_day_of_week_operator.py
[2022-06-23 23:39:03,961] {processor.py:651} INFO - DAG(s) dict_keys(['example_weekday_branch_operator']) retrieved from /home/airflow/.local/lib/python3.7/site-packages/airflow/example_dags/example_branch_day_of_week_operator.py
[2022-06-23 23:39:03,983] {logging_mixin.py:115} INFO - [2022-06-23 23:39:03,983] {dag.py:2379} INFO - Sync 1 DAGs
[2022-06-23 23:39:04,009] {logging_mixin.py:115} INFO - [2022-06-23 23:39:04,009] {dag.py:2931} INFO - Setting next_dagrun for example_weekday_branch_operator to 2022-06-22T00:00:00+00:00, run_after=2022-06-23T00:00:00+00:00
[2022-06-23 23:39:04,114] {processor.py:161} INFO - Processing /home/airflow/.local/lib/python3.7/site-packages/airflow/example_dags/example_branch_day_of_week_operator.py took 0.165 seconds
[2022-06-23 23:39:34,710] {processor.py:153} INFO - Started process (PID=1172) to work on /home/airflow/.local/lib/python3.7/site-packages/airflow/example_dags/example_branch_day_of_week_operator.py
[2022-06-23 23:39:34,710] {processor.py:641} INFO - Processing file /home/airflow/.local/lib/python3.7/site-packages/airflow/example_dags/example_branch_day_of_week_operator.py for tasks to queue
[2022-06-23 23:39:34,711] {logging_mixin.py:115} INFO - [2022-06-23 23:39:34,711] {dagbag.py:507} INFO - Filling up the DagBag from /home/airflow/.local/lib/python3.7/site-packages/airflow/example_dags/example_branch_day_of_week_operator.py
[2022-06-23 23:39:34,719] {processor.py:651} INFO - DAG(s) dict_keys(['example_weekday_branch_operator']) retrieved from /home/airflow/.local/lib/python3.7/site-packages/airflow/example_dags/example_branch_day_of_week_operator.py
[2022-06-23 23:39:34,739] {logging_mixin.py:115} INFO - [2022-06-23 23:39:34,739] {dag.py:2379} INFO - Sync 1 DAGs
[2022-06-23 23:39:34,771] {logging_mixin.py:115} INFO - [2022-06-23 23:39:34,771] {dag.py:2931} INFO - Setting next_dagrun for example_weekday_branch_operator to 2022-06-22T00:00:00+00:00, run_after=2022-06-23T00:00:00+00:00
[2022-06-23 23:39:34,891] {processor.py:161} INFO - Processing /home/airflow/.local/lib/python3.7/site-packages/airflow/example_dags/example_branch_day_of_week_operator.py took 0.185 seconds
[2022-06-23 23:40:05,178] {processor.py:153} INFO - Started process (PID=1227) to work on /home/airflow/.local/lib/python3.7/site-packages/airflow/example_dags/example_branch_day_of_week_operator.py
[2022-06-23 23:40:05,178] {processor.py:641} INFO - Processing file /home/airflow/.local/lib/python3.7/site-packages/airflow/example_dags/example_branch_day_of_week_operator.py for tasks to queue
[2022-06-23 23:40:05,179] {logging_mixin.py:115} INFO - [2022-06-23 23:40:05,179] {dagbag.py:507} INFO - Filling up the DagBag from /home/airflow/.local/lib/python3.7/site-packages/airflow/example_dags/example_branch_day_of_week_operator.py
[2022-06-23 23:40:05,185] {processor.py:651} INFO - DAG(s) dict_keys(['example_weekday_branch_operator']) retrieved from /home/airflow/.local/lib/python3.7/site-packages/airflow/example_dags/example_branch_day_of_week_operator.py
[2022-06-23 23:40:05,209] {logging_mixin.py:115} INFO - [2022-06-23 23:40:05,209] {dag.py:2379} INFO - Sync 1 DAGs
[2022-06-23 23:40:05,232] {logging_mixin.py:115} INFO - [2022-06-23 23:40:05,232] {dag.py:2931} INFO - Setting next_dagrun for example_weekday_branch_operator to 2022-06-22T00:00:00+00:00, run_after=2022-06-23T00:00:00+00:00
[2022-06-23 23:40:05,352] {processor.py:161} INFO - Processing /home/airflow/.local/lib/python3.7/site-packages/airflow/example_dags/example_branch_day_of_week_operator.py took 0.176 seconds
[2022-06-23 23:40:35,856] {processor.py:153} INFO - Started process (PID=1290) to work on /home/airflow/.local/lib/python3.7/site-packages/airflow/example_dags/example_branch_day_of_week_operator.py
[2022-06-23 23:40:35,857] {processor.py:641} INFO - Processing file /home/airflow/.local/lib/python3.7/site-packages/airflow/example_dags/example_branch_day_of_week_operator.py for tasks to queue
[2022-06-23 23:40:35,857] {logging_mixin.py:115} INFO - [2022-06-23 23:40:35,857] {dagbag.py:507} INFO - Filling up the DagBag from /home/airflow/.local/lib/python3.7/site-packages/airflow/example_dags/example_branch_day_of_week_operator.py
[2022-06-23 23:40:35,863] {processor.py:651} INFO - DAG(s) dict_keys(['example_weekday_branch_operator']) retrieved from /home/airflow/.local/lib/python3.7/site-packages/airflow/example_dags/example_branch_day_of_week_operator.py
[2022-06-23 23:40:35,890] {logging_mixin.py:115} INFO - [2022-06-23 23:40:35,890] {dag.py:2379} INFO - Sync 1 DAGs
[2022-06-23 23:40:36,017] {logging_mixin.py:115} INFO - [2022-06-23 23:40:36,017] {dag.py:2931} INFO - Setting next_dagrun for example_weekday_branch_operator to 2022-06-22T00:00:00+00:00, run_after=2022-06-23T00:00:00+00:00
[2022-06-23 23:40:36,036] {processor.py:161} INFO - Processing /home/airflow/.local/lib/python3.7/site-packages/airflow/example_dags/example_branch_day_of_week_operator.py took 0.183 seconds
[2022-06-23 23:41:06,758] {processor.py:153} INFO - Started process (PID=1353) to work on /home/airflow/.local/lib/python3.7/site-packages/airflow/example_dags/example_branch_day_of_week_operator.py
[2022-06-23 23:41:06,759] {processor.py:641} INFO - Processing file /home/airflow/.local/lib/python3.7/site-packages/airflow/example_dags/example_branch_day_of_week_operator.py for tasks to queue
[2022-06-23 23:41:06,759] {logging_mixin.py:115} INFO - [2022-06-23 23:41:06,759] {dagbag.py:507} INFO - Filling up the DagBag from /home/airflow/.local/lib/python3.7/site-packages/airflow/example_dags/example_branch_day_of_week_operator.py
[2022-06-23 23:41:06,765] {processor.py:651} INFO - DAG(s) dict_keys(['example_weekday_branch_operator']) retrieved from /home/airflow/.local/lib/python3.7/site-packages/airflow/example_dags/example_branch_day_of_week_operator.py
[2022-06-23 23:41:06,786] {logging_mixin.py:115} INFO - [2022-06-23 23:41:06,786] {dag.py:2379} INFO - Sync 1 DAGs
[2022-06-23 23:41:06,908] {logging_mixin.py:115} INFO - [2022-06-23 23:41:06,908] {dag.py:2931} INFO - Setting next_dagrun for example_weekday_branch_operator to 2022-06-22T00:00:00+00:00, run_after=2022-06-23T00:00:00+00:00
[2022-06-23 23:41:06,953] {processor.py:161} INFO - Processing /home/airflow/.local/lib/python3.7/site-packages/airflow/example_dags/example_branch_day_of_week_operator.py took 0.197 seconds
[2022-06-23 23:41:37,291] {processor.py:153} INFO - Started process (PID=1407) to work on /home/airflow/.local/lib/python3.7/site-packages/airflow/example_dags/example_branch_day_of_week_operator.py
[2022-06-23 23:41:37,296] {processor.py:641} INFO - Processing file /home/airflow/.local/lib/python3.7/site-packages/airflow/example_dags/example_branch_day_of_week_operator.py for tasks to queue
[2022-06-23 23:41:37,296] {logging_mixin.py:115} INFO - [2022-06-23 23:41:37,296] {dagbag.py:507} INFO - Filling up the DagBag from /home/airflow/.local/lib/python3.7/site-packages/airflow/example_dags/example_branch_day_of_week_operator.py
[2022-06-23 23:41:37,301] {processor.py:651} INFO - DAG(s) dict_keys(['example_weekday_branch_operator']) retrieved from /home/airflow/.local/lib/python3.7/site-packages/airflow/example_dags/example_branch_day_of_week_operator.py
[2022-06-23 23:41:37,323] {logging_mixin.py:115} INFO - [2022-06-23 23:41:37,323] {dag.py:2379} INFO - Sync 1 DAGs
[2022-06-23 23:41:37,437] {logging_mixin.py:115} INFO - [2022-06-23 23:41:37,437] {dag.py:2931} INFO - Setting next_dagrun for example_weekday_branch_operator to 2022-06-22T00:00:00+00:00, run_after=2022-06-23T00:00:00+00:00
[2022-06-23 23:41:37,463] {processor.py:161} INFO - Processing /home/airflow/.local/lib/python3.7/site-packages/airflow/example_dags/example_branch_day_of_week_operator.py took 0.175 seconds
[2022-06-23 23:42:07,785] {processor.py:153} INFO - Started process (PID=1470) to work on /home/airflow/.local/lib/python3.7/site-packages/airflow/example_dags/example_branch_day_of_week_operator.py
[2022-06-23 23:42:07,795] {processor.py:641} INFO - Processing file /home/airflow/.local/lib/python3.7/site-packages/airflow/example_dags/example_branch_day_of_week_operator.py for tasks to queue
[2022-06-23 23:42:07,796] {logging_mixin.py:115} INFO - [2022-06-23 23:42:07,796] {dagbag.py:507} INFO - Filling up the DagBag from /home/airflow/.local/lib/python3.7/site-packages/airflow/example_dags/example_branch_day_of_week_operator.py
[2022-06-23 23:42:07,805] {processor.py:651} INFO - DAG(s) dict_keys(['example_weekday_branch_operator']) retrieved from /home/airflow/.local/lib/python3.7/site-packages/airflow/example_dags/example_branch_day_of_week_operator.py
[2022-06-23 23:42:07,830] {logging_mixin.py:115} INFO - [2022-06-23 23:42:07,830] {dag.py:2379} INFO - Sync 1 DAGs
[2022-06-23 23:42:07,959] {logging_mixin.py:115} INFO - [2022-06-23 23:42:07,959] {dag.py:2931} INFO - Setting next_dagrun for example_weekday_branch_operator to 2022-06-22T00:00:00+00:00, run_after=2022-06-23T00:00:00+00:00
[2022-06-23 23:42:07,994] {processor.py:161} INFO - Processing /home/airflow/.local/lib/python3.7/site-packages/airflow/example_dags/example_branch_day_of_week_operator.py took 0.213 seconds
[2022-06-23 23:42:38,400] {processor.py:153} INFO - Started process (PID=1533) to work on /home/airflow/.local/lib/python3.7/site-packages/airflow/example_dags/example_branch_day_of_week_operator.py
[2022-06-23 23:42:38,401] {processor.py:641} INFO - Processing file /home/airflow/.local/lib/python3.7/site-packages/airflow/example_dags/example_branch_day_of_week_operator.py for tasks to queue
[2022-06-23 23:42:38,401] {logging_mixin.py:115} INFO - [2022-06-23 23:42:38,401] {dagbag.py:507} INFO - Filling up the DagBag from /home/airflow/.local/lib/python3.7/site-packages/airflow/example_dags/example_branch_day_of_week_operator.py
[2022-06-23 23:42:38,412] {processor.py:651} INFO - DAG(s) dict_keys(['example_weekday_branch_operator']) retrieved from /home/airflow/.local/lib/python3.7/site-packages/airflow/example_dags/example_branch_day_of_week_operator.py
[2022-06-23 23:42:38,436] {logging_mixin.py:115} INFO - [2022-06-23 23:42:38,436] {dag.py:2379} INFO - Sync 1 DAGs
[2022-06-23 23:42:38,540] {logging_mixin.py:115} INFO - [2022-06-23 23:42:38,539] {dag.py:2931} INFO - Setting next_dagrun for example_weekday_branch_operator to 2022-06-22T00:00:00+00:00, run_after=2022-06-23T00:00:00+00:00
[2022-06-23 23:42:38,550] {processor.py:161} INFO - Processing /home/airflow/.local/lib/python3.7/site-packages/airflow/example_dags/example_branch_day_of_week_operator.py took 0.151 seconds
[2022-06-23 23:43:09,085] {processor.py:153} INFO - Started process (PID=1587) to work on /home/airflow/.local/lib/python3.7/site-packages/airflow/example_dags/example_branch_day_of_week_operator.py
[2022-06-23 23:43:09,085] {processor.py:641} INFO - Processing file /home/airflow/.local/lib/python3.7/site-packages/airflow/example_dags/example_branch_day_of_week_operator.py for tasks to queue
[2022-06-23 23:43:09,085] {logging_mixin.py:115} INFO - [2022-06-23 23:43:09,085] {dagbag.py:507} INFO - Filling up the DagBag from /home/airflow/.local/lib/python3.7/site-packages/airflow/example_dags/example_branch_day_of_week_operator.py
[2022-06-23 23:43:09,091] {processor.py:651} INFO - DAG(s) dict_keys(['example_weekday_branch_operator']) retrieved from /home/airflow/.local/lib/python3.7/site-packages/airflow/example_dags/example_branch_day_of_week_operator.py
[2022-06-23 23:43:09,118] {logging_mixin.py:115} INFO - [2022-06-23 23:43:09,118] {dag.py:2379} INFO - Sync 1 DAGs
[2022-06-23 23:43:09,244] {logging_mixin.py:115} INFO - [2022-06-23 23:43:09,244] {dag.py:2931} INFO - Setting next_dagrun for example_weekday_branch_operator to 2022-06-22T00:00:00+00:00, run_after=2022-06-23T00:00:00+00:00
[2022-06-23 23:43:09,258] {processor.py:161} INFO - Processing /home/airflow/.local/lib/python3.7/site-packages/airflow/example_dags/example_branch_day_of_week_operator.py took 0.176 seconds
[2022-06-23 23:43:39,765] {processor.py:153} INFO - Started process (PID=1650) to work on /home/airflow/.local/lib/python3.7/site-packages/airflow/example_dags/example_branch_day_of_week_operator.py
[2022-06-23 23:43:39,766] {processor.py:641} INFO - Processing file /home/airflow/.local/lib/python3.7/site-packages/airflow/example_dags/example_branch_day_of_week_operator.py for tasks to queue
[2022-06-23 23:43:39,766] {logging_mixin.py:115} INFO - [2022-06-23 23:43:39,766] {dagbag.py:507} INFO - Filling up the DagBag from /home/airflow/.local/lib/python3.7/site-packages/airflow/example_dags/example_branch_day_of_week_operator.py
[2022-06-23 23:43:39,772] {processor.py:651} INFO - DAG(s) dict_keys(['example_weekday_branch_operator']) retrieved from /home/airflow/.local/lib/python3.7/site-packages/airflow/example_dags/example_branch_day_of_week_operator.py
[2022-06-23 23:43:39,794] {logging_mixin.py:115} INFO - [2022-06-23 23:43:39,794] {dag.py:2379} INFO - Sync 1 DAGs
[2022-06-23 23:43:39,907] {logging_mixin.py:115} INFO - [2022-06-23 23:43:39,907] {dag.py:2931} INFO - Setting next_dagrun for example_weekday_branch_operator to 2022-06-22T00:00:00+00:00, run_after=2022-06-23T00:00:00+00:00
[2022-06-23 23:43:39,926] {processor.py:161} INFO - Processing /home/airflow/.local/lib/python3.7/site-packages/airflow/example_dags/example_branch_day_of_week_operator.py took 0.165 seconds
[2022-06-23 23:44:10,132] {processor.py:153} INFO - Started process (PID=1713) to work on /home/airflow/.local/lib/python3.7/site-packages/airflow/example_dags/example_branch_day_of_week_operator.py
[2022-06-23 23:44:10,132] {processor.py:641} INFO - Processing file /home/airflow/.local/lib/python3.7/site-packages/airflow/example_dags/example_branch_day_of_week_operator.py for tasks to queue
[2022-06-23 23:44:10,133] {logging_mixin.py:115} INFO - [2022-06-23 23:44:10,133] {dagbag.py:507} INFO - Filling up the DagBag from /home/airflow/.local/lib/python3.7/site-packages/airflow/example_dags/example_branch_day_of_week_operator.py
[2022-06-23 23:44:10,142] {processor.py:651} INFO - DAG(s) dict_keys(['example_weekday_branch_operator']) retrieved from /home/airflow/.local/lib/python3.7/site-packages/airflow/example_dags/example_branch_day_of_week_operator.py
[2022-06-23 23:44:10,173] {logging_mixin.py:115} INFO - [2022-06-23 23:44:10,173] {dag.py:2379} INFO - Sync 1 DAGs
[2022-06-23 23:44:10,287] {logging_mixin.py:115} INFO - [2022-06-23 23:44:10,287] {dag.py:2931} INFO - Setting next_dagrun for example_weekday_branch_operator to 2022-06-22T00:00:00+00:00, run_after=2022-06-23T00:00:00+00:00
[2022-06-23 23:44:10,300] {processor.py:161} INFO - Processing /home/airflow/.local/lib/python3.7/site-packages/airflow/example_dags/example_branch_day_of_week_operator.py took 0.172 seconds
[2022-06-23 23:44:40,608] {processor.py:153} INFO - Started process (PID=1768) to work on /home/airflow/.local/lib/python3.7/site-packages/airflow/example_dags/example_branch_day_of_week_operator.py
[2022-06-23 23:44:40,609] {processor.py:641} INFO - Processing file /home/airflow/.local/lib/python3.7/site-packages/airflow/example_dags/example_branch_day_of_week_operator.py for tasks to queue
[2022-06-23 23:44:40,610] {logging_mixin.py:115} INFO - [2022-06-23 23:44:40,610] {dagbag.py:507} INFO - Filling up the DagBag from /home/airflow/.local/lib/python3.7/site-packages/airflow/example_dags/example_branch_day_of_week_operator.py
[2022-06-23 23:44:40,616] {processor.py:651} INFO - DAG(s) dict_keys(['example_weekday_branch_operator']) retrieved from /home/airflow/.local/lib/python3.7/site-packages/airflow/example_dags/example_branch_day_of_week_operator.py
[2022-06-23 23:44:40,646] {logging_mixin.py:115} INFO - [2022-06-23 23:44:40,646] {dag.py:2379} INFO - Sync 1 DAGs
[2022-06-23 23:44:40,764] {logging_mixin.py:115} INFO - [2022-06-23 23:44:40,764] {dag.py:2931} INFO - Setting next_dagrun for example_weekday_branch_operator to 2022-06-22T00:00:00+00:00, run_after=2022-06-23T00:00:00+00:00
[2022-06-23 23:44:40,775] {processor.py:161} INFO - Processing /home/airflow/.local/lib/python3.7/site-packages/airflow/example_dags/example_branch_day_of_week_operator.py took 0.172 seconds
[2022-06-23 23:45:11,073] {processor.py:153} INFO - Started process (PID=1832) to work on /home/airflow/.local/lib/python3.7/site-packages/airflow/example_dags/example_branch_day_of_week_operator.py
[2022-06-23 23:45:11,073] {processor.py:641} INFO - Processing file /home/airflow/.local/lib/python3.7/site-packages/airflow/example_dags/example_branch_day_of_week_operator.py for tasks to queue
[2022-06-23 23:45:11,074] {logging_mixin.py:115} INFO - [2022-06-23 23:45:11,074] {dagbag.py:507} INFO - Filling up the DagBag from /home/airflow/.local/lib/python3.7/site-packages/airflow/example_dags/example_branch_day_of_week_operator.py
[2022-06-23 23:45:11,081] {processor.py:651} INFO - DAG(s) dict_keys(['example_weekday_branch_operator']) retrieved from /home/airflow/.local/lib/python3.7/site-packages/airflow/example_dags/example_branch_day_of_week_operator.py
[2022-06-23 23:45:11,106] {logging_mixin.py:115} INFO - [2022-06-23 23:45:11,106] {dag.py:2379} INFO - Sync 1 DAGs
[2022-06-23 23:45:11,214] {logging_mixin.py:115} INFO - [2022-06-23 23:45:11,214] {dag.py:2931} INFO - Setting next_dagrun for example_weekday_branch_operator to 2022-06-22T00:00:00+00:00, run_after=2022-06-23T00:00:00+00:00
[2022-06-23 23:45:11,226] {processor.py:161} INFO - Processing /home/airflow/.local/lib/python3.7/site-packages/airflow/example_dags/example_branch_day_of_week_operator.py took 0.154 seconds
                                                                                                                                                                                                                                                                                                                                                                                   