[2022-06-23 01:17:29,418] {processor.py:153} INFO - Started process (PID=95) to work on /home/airflow/.local/lib/python3.7/site-packages/airflow/example_dags/example_nested_branch_dag.py
[2022-06-23 01:17:29,419] {processor.py:641} INFO - Processing file /home/airflow/.local/lib/python3.7/site-packages/airflow/example_dags/example_nested_branch_dag.py for tasks to queue
[2022-06-23 01:17:29,420] {logging_mixin.py:115} INFO - [2022-06-23 01:17:29,419] {dagbag.py:507} INFO - Filling up the DagBag from /home/airflow/.local/lib/python3.7/site-packages/airflow/example_dags/example_nested_branch_dag.py
[2022-06-23 01:17:29,430] {processor.py:651} INFO - DAG(s) dict_keys(['example_nested_branch_dag']) retrieved from /home/airflow/.local/lib/python3.7/site-packages/airflow/example_dags/example_nested_branch_dag.py
[2022-06-23 01:17:29,458] {logging_mixin.py:115} INFO - [2022-06-23 01:17:29,458] {dag.py:2379} INFO - Sync 1 DAGs
[2022-06-23 01:17:29,489] {logging_mixin.py:115} INFO - [2022-06-23 01:17:29,489] {dag.py:2931} INFO - Setting next_dagrun for example_nested_branch_dag to 2022-06-22T00:00:00+00:00, run_after=2022-06-23T00:00:00+00:00
[2022-06-23 01:17:29,532] {processor.py:161} INFO - Processing /home/airflow/.local/lib/python3.7/site-packages/airflow/example_dags/example_nested_branch_dag.py took 0.118 seconds
[2022-06-23 01:17:59,965] {processor.py:153} INFO - Started process (PID=155) to work on /home/airflow/.local/lib/python3.7/site-packages/airflow/example_dags/example_nested_branch_dag.py
[2022-06-23 01:17:59,982] {processor.py:641} INFO - Processing file /home/airflow/.local/lib/python3.7/site-packages/airflow/example_dags/example_nested_branch_dag.py for tasks to queue
[2022-06-23 01:17:59,983] {logging_mixin.py:115} INFO - [2022-06-23 01:17:59,983] {dagbag.py:507} INFO - Filling up the DagBag from /home/airflow/.local/lib/python3.7/site-packages/airflow/example_dags/example_nested_branch_dag.py
[2022-06-23 01:17:59,996] {processor.py:651} INFO - DAG(s) dict_keys(['example_nested_branch_dag']) retrieved from /home/airflow/.local/lib/python3.7/site-packages/airflow/example_dags/example_nested_branch_dag.py
[2022-06-23 01:18:00,027] {logging_mixin.py:115} INFO - [2022-06-23 01:18:00,027] {dag.py:2379} INFO - Sync 1 DAGs
[2022-06-23 01:18:00,057] {logging_mixin.py:115} INFO - [2022-06-23 01:18:00,056] {dag.py:2931} INFO - Setting next_dagrun for example_nested_branch_dag to 2022-06-22T00:00:00+00:00, run_after=2022-06-23T00:00:00+00:00
[2022-06-23 01:18:00,077] {processor.py:161} INFO - Processing /home/airflow/.local/lib/python3.7/site-packages/airflow/example_dags/example_nested_branch_dag.py took 0.114 seconds
[2022-06-23 23:30:21,650] {processor.py:153} INFO - Started process (PID=59) to work on /home/airflow/.local/lib/python3.7/site-packages/airflow/example_dags/example_nested_branch_dag.py
[2022-06-23 23:30:21,665] {processor.py:641} INFO - Processing file /home/airflow/.local/lib/python3.7/site-packages/airflow/example_dags/example_nested_branch_dag.py for tasks to queue
[2022-06-23 23:30:21,665] {logging_mixin.py:115} INFO - [2022-06-23 23:30:21,665] {dagbag.py:507} INFO - Filling up the DagBag from /home/airflow/.local/lib/python3.7/site-packages/airflow/example_dags/example_nested_branch_dag.py
[2022-06-23 23:30:21,676] {processor.py:651} INFO - DAG(s) dict_keys(['example_nested_branch_dag']) retrieved from /home/airflow/.local/lib/python3.7/site-packages/airflow/example_dags/example_nested_branch_dag.py
[2022-06-23 23:30:21,868] {logging_mixin.py:115} INFO - [2022-06-23 23:30:21,868] {dag.py:2379} INFO - Sync 1 DAGs
[2022-06-23 23:30:21,897] {logging_mixin.py:115} INFO - [2022-06-23 23:30:21,897] {dag.py:2931} INFO - Setting next_dagrun for example_nested_branch_dag to 2022-06-22T00:00:00+00:00, run_after=2022-06-23T00:00:00+00:00
[2022-06-23 23:30:21,960] {processor.py:161} INFO - Processing /home/airflow/.local/lib/python3.7/site-packages/airflow/example_dags/example_nested_branch_dag.py took 0.313 seconds
[2022-06-23 23:30:52,192] {processor.py:153} INFO - Started process (PID=117) to work on /home/airflow/.local/lib/python3.7/site-packages/airflow/example_dags/example_nested_branch_dag.py
[2022-06-23 23:30:52,206] {processor.py:641} INFO - Processing file /home/airflow/.local/lib/python3.7/site-packages/airflow/example_dags/example_nested_branch_dag.py for tasks to queue
[2022-06-23 23:30:52,207] {logging_mixin.py:115} INFO - [2022-06-23 23:30:52,207] {dagbag.py:507} INFO - Filling up the DagBag from /home/airflow/.local/lib/python3.7/site-packages/airflow/example_dags/example_nested_branch_dag.py
[2022-06-23 23:30:52,221] {processor.py:651} INFO - DAG(s) dict_keys(['example_nested_branch_dag']) retrieved from /home/airflow/.local/lib/python3.7/site-packages/airflow/example_dags/example_nested_branch_dag.py
[2022-06-23 23:30:52,247] {logging_mixin.py:115} INFO - [2022-06-23 23:30:52,247] {dag.py:2379} INFO - Sync 1 DAGs
[2022-06-23 23:30:52,271] {logging_mixin.py:115} INFO - [2022-06-23 23:30:52,271] {dag.py:2931} INFO - Setting next_dagrun for example_nested_branch_dag to 2022-06-22T00:00:00+00:00, run_after=2022-06-23T00:00:00+00:00
[2022-06-23 23:30:52,373] {processor.py:161} INFO - Processing /home/airflow/.local/lib/python3.7/site-packages/airflow/example_dags/example_nested_branch_dag.py took 0.183 seconds
[2022-06-23 23:31:22,569] {processor.py:153} INFO - Started process (PID=179) to work on /home/airflow/.local/lib/python3.7/site-packages/airflow/example_dags/example_nested_branch_dag.py
[2022-06-23 23:31:22,578] {processor.py:641} INFO - Processing file /home/airflow/.local/lib/python3.7/site-packages/airflow/example_dags/example_nested_branch_dag.py for tasks to queue
[2022-06-23 23:31:22,579] {logging_mixin.py:115} INFO - [2022-06-23 23:31:22,579] {dagbag.py:507} INFO - Filling up the DagBag from /home/airflow/.local/lib/python3.7/site-packages/airflow/example_dags/example_nested_branch_dag.py
[2022-06-23 23:31:22,588] {processor.py:651} INFO - DAG(s) dict_keys(['example_nested_branch_dag']) retrieved from /home/airflow/.local/lib/python3.7/site-packages/airflow/example_dags/example_nested_branch_dag.py
[2022-06-23 23:31:22,611] {logging_mixin.py:115} INFO - [2022-06-23 23:31:22,611] {dag.py:2379} INFO - Sync 1 DAGs
[2022-06-23 23:31:22,638] {logging_mixin.py:115} INFO - [2022-06-23 23:31:22,638] {dag.py:2931} INFO - Setting next_dagrun for example_nested_branch_dag to 2022-06-22T00:00:00+00:00, run_after=2022-06-23T00:00:00+00:00
[2022-06-23 23:31:22,750] {processor.py:161} INFO - Processing /home/airflow/.local/lib/python3.7/site-packages/airflow/example_dags/example_nested_branch_dag.py took 0.184 seconds
[2022-06-23 23:31:52,831] {processor.py:153} INFO - Started process (PID=243) to work on /home/airflow/.local/lib/python3.7/site-packages/airflow/example_dags/example_nested_branch_dag.py
[2022-06-23 23:31:52,832] {processor.py:641} INFO - Processing file /home/airflow/.local/lib/python3.7/site-packages/airflow/example_dags/example_nested_branch_dag.py for tasks to queue
[2022-06-23 23:31:52,833] {logging_mixin.py:115} INFO - [2022-06-23 23:31:52,832] {dagbag.py:507} INFO - Filling up the DagBag from /home/airflow/.local/lib/python3.7/site-packages/airflow/example_dags/example_nested_branch_dag.py
[2022-06-23 23:31:52,841] {processor.py:651} INFO - DAG(s) dict_keys(['example_nested_branch_dag']) retrieved from /home/airflow/.local/lib/python3.7/site-packages/airflow/example_dags/example_nested_branch_dag.py
[2022-06-23 23:31:52,862] {logging_mixin.py:115} INFO - [2022-06-23 23:31:52,862] {dag.py:2379} INFO - Sync 1 DAGs
[2022-06-23 23:31:52,885] {logging_mixin.py:115} INFO - [2022-06-23 23:31:52,885] {dag.py:2931} INFO - Setting next_dagrun for example_nested_branch_dag to 2022-06-22T00:00:00+00:00, run_after=2022-06-23T00:00:00+00:00
[2022-06-23 23:31:52,972] {processor.py:161} INFO - Processing /home/airflow/.local/lib/python3.7/site-packages/airflow/example_dags/example_nested_branch_dag.py took 0.145 seconds
[2022-06-23 23:32:23,113] {processor.py:153} INFO - Started process (PID=299) to work on /home/airflow/.local/lib/python3.7/site-packages/airflow/example_dags/example_nested_branch_dag.py
[2022-06-23 23:32:23,119] {processor.py:641} INFO - Processing file /home/airflow/.local/lib/python3.7/site-packages/airflow/example_dags/example_nested_branch_dag.py for tasks to queue
[2022-06-23 23:32:23,120] {logging_mixin.py:115} INFO - [2022-06-23 23:32:23,120] {dagbag.py:507} INFO - Filling up the DagBag from /home/airflow/.local/lib/python3.7/site-packages/airflow/example_dags/example_nested_branch_dag.py
[2022-06-23 23:32:23,127] {processor.py:651} INFO - DAG(s) dict_keys(['example_nested_branch_dag']) retrieved from /home/airflow/.local/lib/python3.7/site-packages/airflow/example_dags/example_nested_branch_dag.py
[2022-06-23 23:32:23,154] {logging_mixin.py:115} INFO - [2022-06-23 23:32:23,154] {dag.py:2379} INFO - Sync 1 DAGs
[2022-06-23 23:32:23,181] {logging_mixin.py:115} INFO - [2022-06-23 23:32:23,181] {dag.py:2931} INFO - Setting next_dagrun for example_nested_branch_dag to 2022-06-22T00:00:00+00:00, run_after=2022-06-23T00:00:00+00:00
[2022-06-23 23:32:23,283] {processor.py:161} INFO - Processing /home/airflow/.local/lib/python3.7/site-packages/airflow/example_dags/example_nested_branch_dag.py took 0.173 seconds
[2022-06-23 23:32:53,327] {processor.py:153} INFO - Started process (PID=362) to work on /home/airflow/.local/lib/python3.7/site-packages/airflow/example_dags/example_nested_branch_dag.py
[2022-06-23 23:32:53,328] {processor.py:641} INFO - Processing file /home/airflow/.local/lib/python3.7/site-packages/airflow/example_dags/example_nested_branch_dag.py for tasks to queue
[2022-06-23 23:32:53,328] {logging_mixin.py:115} INFO - [2022-06-23 23:32:53,328] {dagbag.py:507} INFO - Filling up the DagBag from /home/airflow/.local/lib/python3.7/site-packages/airflow/example_dags/example_nested_branch_dag.py
[2022-06-23 23:32:53,338] {processor.py:651} INFO - DAG(s) dict_keys(['example_nested_branch_dag']) retrieved from /home/airflow/.local/lib/python3.7/site-packages/airflow/example_dags/example_nested_branch_dag.py
[2022-06-23 23:32:53,370] {logging_mixin.py:115} INFO - [2022-06-23 23:32:53,370] {dag.py:2379} INFO - Sync 1 DAGs
[2022-06-23 23:32:53,403] {logging_mixin.py:115} INFO - [2022-06-23 23:32:53,402] {dag.py:2931} INFO - Setting next_dagrun for example_nested_branch_dag to 2022-06-22T00:00:00+00:00, run_after=2022-06-23T00:00:00+00:00
[2022-06-23 23:32:53,514] {processor.py:161} INFO - Processing /home/airflow/.local/lib/python3.7/site-packages/airflow/example_dags/example_nested_branch_dag.py took 0.189 seconds
[2022-06-23 23:33:23,779] {processor.py:153} INFO - Started process (PID=425) to work on /home/airflow/.local/lib/python3.7/site-packages/airflow/example_dags/example_nested_branch_dag.py
[2022-06-23 23:33:23,795] {processor.py:641} INFO - Processing file /home/airflow/.local/lib/python3.7/site-packages/airflow/example_dags/example_nested_branch_dag.py for tasks to queue
[2022-06-23 23:33:23,795] {logging_mixin.py:115} INFO - [2022-06-23 23:33:23,795] {dagbag.py:507} INFO - Filling up the DagBag from /home/airflow/.local/lib/python3.7/site-packages/airflow/example_dags/example_nested_branch_dag.py
[2022-06-23 23:33:23,803] {processor.py:651} INFO - DAG(s) dict_keys(['example_nested_branch_dag']) retrieved from /home/airflow/.local/lib/python3.7/site-packages/airflow/example_dags/example_nested_branch_dag.py
[2022-06-23 23:33:23,826] {logging_mixin.py:115} INFO - [2022-06-23 23:33:23,826] {dag.py:2379} INFO - Sync 1 DAGs
[2022-06-23 23:33:23,854] {logging_mixin.py:115} INFO - [2022-06-23 23:33:23,854] {dag.py:2931} INFO - Setting next_dagrun for example_nested_branch_dag to 2022-06-22T00:00:00+00:00, run_after=2022-06-23T00:00:00+00:00
[2022-06-23 23:33:23,959] {processor.py:161} INFO - Processing /home/airflow/.local/lib/python3.7/site-packages/airflow/example_dags/example_nested_branch_dag.py took 0.181 seconds
[2022-06-23 23:33:54,418] {processor.py:153} INFO - Started process (PID=480) to work on /home/airflow/.local/lib/python3.7/site-packages/airflow/example_dags/example_nested_branch_dag.py
[2022-06-23 23:33:54,453] {processor.py:641} INFO - Processing file /home/airflow/.local/lib/python3.7/site-packages/airflow/example_dags/example_nested_branch_dag.py for tasks to queue
[2022-06-23 23:33:54,454] {logging_mixin.py:115} INFO - [2022-06-23 23:33:54,453] {dagbag.py:507} INFO - Filling up the DagBag from /home/airflow/.local/lib/python3.7/site-packages/airflow/example_dags/example_nested_branch_dag.py
[2022-06-23 23:33:54,466] {processor.py:651} INFO - DAG(s) dict_keys(['example_nested_branch_dag']) retrieved from /home/airflow/.local/lib/python3.7/site-packages/airflow/example_dags/example_nested_branch_dag.py
[2022-06-23 23:33:54,495] {logging_mixin.py:115} INFO - [2022-06-23 23:33:54,495] {dag.py:2379} INFO - Sync 1 DAGs
[2022-06-23 23:33:54,519] {logging_mixin.py:115} INFO - [2022-06-23 23:33:54,519] {dag.py:2931} INFO - Setting next_dagrun for example_nested_branch_dag to 2022-06-22T00:00:00+00:00, run_after=2022-06-23T00:00:00+00:00
[2022-06-23 23:33:54,626] {processor.py:161} INFO - Processing /home/airflow/.local/lib/python3.7/site-packages/airflow/example_dags/example_nested_branch_dag.py took 0.212 seconds
[2022-06-23 23:34:24,727] {processor.py:153} INFO - Started process (PID=543) to work on /home/airflow/.local/lib/python3.7/site-packages/airflow/example_dags/example_nested_branch_dag.py
[2022-06-23 23:34:24,727] {processor.py:641} INFO - Processing file /home/airflow/.local/lib/python3.7/site-packages/airflow/example_dags/example_nested_branch_dag.py for tasks to queue
[2022-06-23 23:34:24,727] {logging_mixin.py:115} INFO - [2022-06-23 23:34:24,727] {dagbag.py:507} INFO - Filling up the DagBag from /home/airflow/.local/lib/python3.7/site-packages/airflow/example_dags/example_nested_branch_dag.py
[2022-06-23 23:34:24,735] {processor.py:651} INFO - DAG(s) dict_keys(['example_nested_branch_dag']) retrieved from /home/airflow/.local/lib/python3.7/site-packages/airflow/example_dags/example_nested_branch_dag.py
[2022-06-23 23:34:24,764] {logging_mixin.py:115} INFO - [2022-06-23 23:34:24,763] {dag.py:2379} INFO - Sync 1 DAGs
[2022-06-23 23:34:24,789] {logging_mixin.py:115} INFO - [2022-06-23 23:34:24,789] {dag.py:2931} INFO - Setting next_dagrun for example_nested_branch_dag to 2022-06-22T00:00:00+00:00, run_after=2022-06-23T00:00:00+00:00
[2022-06-23 23:34:24,881] {processor.py:161} INFO - Processing /home/airflow/.local/lib/python3.7/site-packages/airflow/example_dags/example_nested_branch_dag.py took 0.156 seconds
[2022-06-23 23:34:54,958] {processor.py:153} INFO - Started process (PID=597) to work on /home/airflow/.local/lib/python3.7/site-packages/airflow/example_dags/example_nested_branch_dag.py
[2022-06-23 23:34:54,958] {processor.py:641} INFO - Processing file /home/airflow/.local/lib/python3.7/site-packages/airflow/example_dags/example_nested_branch_dag.py for tasks to queue
[2022-06-23 23:34:54,959] {logging_mixin.py:115} INFO - [2022-06-23 23:34:54,959] {dagbag.py:507} INFO - Filling up the DagBag from /home/airflow/.local/lib/python3.7/site-packages/airflow/example_dags/example_nested_branch_dag.py
[2022-06-23 23:34:54,966] {processor.py:651} INFO - DAG(s) dict_keys(['example_nested_branch_dag']) retrieved from /home/airflow/.local/lib/python3.7/site-packages/airflow/example_dags/example_nested_branch_dag.py
[2022-06-23 23:34:54,992] {logging_mixin.py:115} INFO - [2022-06-23 23:34:54,992] {dag.py:2379} INFO - Sync 1 DAGs
[2022-06-23 23:34:55,015] {logging_mixin.py:115} INFO - [2022-06-23 23:34:55,015] {dag.py:2931} INFO - Setting next_dagrun for example_nested_branch_dag to 2022-06-22T00:00:00+00:00, run_after=2022-06-23T00:00:00+00:00
[2022-06-23 23:34:55,245] {processor.py:161} INFO - Processing /home/airflow/.local/lib/python3.7/site-packages/airflow/example_dags/example_nested_branch_dag.py took 0.291 seconds
[2022-06-23 23:35:26,212] {processor.py:153} INFO - Started process (PID=662) to work on /home/airflow/.local/lib/python3.7/site-packages/airflow/example_dags/example_nested_branch_dag.py
[2022-06-23 23:35:26,213] {processor.py:641} INFO - Processing file /home/airflow/.local/lib/python3.7/site-packages/airflow/example_dags/example_nested_branch_dag.py for tasks to queue
[2022-06-23 23:35:26,214] {logging_mixin.py:115} INFO - [2022-06-23 23:35:26,214] {dagbag.py:507} INFO - Filling up the DagBag from /home/airflow/.local/lib/python3.7/site-packages/airflow/example_dags/example_nested_branch_dag.py
[2022-06-23 23:35:26,221] {processor.py:651} INFO - DAG(s) dict_keys(['example_nested_branch_dag']) retrieved from /home/airflow/.local/lib/python3.7/site-packages/airflow/example_dags/example_nested_branch_dag.py
[2022-06-23 23:35:26,240] {logging_mixin.py:115} INFO - [2022-06-23 23:35:26,240] {dag.py:2379} INFO - Sync 1 DAGs
[2022-06-23 23:35:26,346] {logging_mixin.py:115} INFO - [2022-06-23 23:35:26,345] {dag.py:2931} INFO - Setting next_dagrun for example_nested_branch_dag to 2022-06-22T00:00:00+00:00, run_after=2022-06-23T00:00:00+00:00
[2022-06-23 23:35:26,361] {processor.py:161} INFO - Processing /home/airflow/.local/lib/python3.7/site-packages/airflow/example_dags/example_nested_branch_dag.py took 0.153 seconds
[2022-06-23 23:35:57,001] {processor.py:153} INFO - Started process (PID=725) to work on /home/airflow/.local/lib/python3.7/site-packages/airflow/example_dags/example_nested_branch_dag.py
[2022-06-23 23:35:57,010] {processor.py:641} INFO - Processing file /home/airflow/.local/lib/python3.7/site-packages/airflow/example_dags/example_nested_branch_dag.py for tasks to queue
[2022-06-23 23:35:57,011] {logging_mixin.py:115} INFO - [2022-06-23 23:35:57,011] {dagbag.py:507} INFO - Filling up the DagBag from /home/airflow/.local/lib/python3.7/site-packages/airflow/example_dags/example_nested_branch_dag.py
[2022-06-23 23:35:57,021] {processor.py:651} INFO - DAG(s) dict_keys(['example_nested_branch_dag']) retrieved from /home/airflow/.local/lib/python3.7/site-packages/airflow/example_dags/example_nested_branch_dag.py
[2022-06-23 23:35:57,050] {logging_mixin.py:115} INFO - [2022-06-23 23:35:57,050] {dag.py:2379} INFO - Sync 1 DAGs
[2022-06-23 23:35:57,153] {logging_mixin.py:115} INFO - [2022-06-23 23:35:57,153] {dag.py:2931} INFO - Setting next_dagrun for example_nested_branch_dag to 2022-06-22T00:00:00+00:00, run_after=2022-06-23T00:00:00+00:00
[2022-06-23 23:35:57,178] {processor.py:161} INFO - Processing /home/airflow/.local/lib/python3.7/site-packages/airflow/example_dags/example_nested_branch_dag.py took 0.182 seconds
[2022-06-23 23:36:27,367] {processor.py:153} INFO - Started process (PID=779) to work on /home/airflow/.local/lib/python3.7/site-packages/airflow/example_dags/example_nested_branch_dag.py
[2022-06-23 23:36:27,371] {processor.py:641} INFO - Processing file /home/airflow/.local/lib/python3.7/site-packages/airflow/example_dags/example_nested_branch_dag.py for tasks to queue
[2022-06-23 23:36:27,372] {logging_mixin.py:115} INFO - [2022-06-23 23:36:27,372] {dagbag.py:507} INFO - Filling up the DagBag from /home/airflow/.local/lib/python3.7/site-packages/airflow/example_dags/example_nested_branch_dag.py
[2022-06-23 23:36:27,379] {processor.py:651} INFO - DAG(s) dict_keys(['example_nested_branch_dag']) retrieved from /home/airflow/.local/lib/python3.7/site-packages/airflow/example_dags/example_nested_branch_dag.py
[2022-06-23 23:36:27,406] {logging_mixin.py:115} INFO - [2022-06-23 23:36:27,406] {dag.py:2379} INFO - Sync 1 DAGs
[2022-06-23 23:36:27,527] {logging_mixin.py:115} INFO - [2022-06-23 23:36:27,527] {dag.py:2931} INFO - Setting next_dagrun for example_nested_branch_dag to 2022-06-22T00:00:00+00:00, run_after=2022-06-23T00:00:00+00:00
[2022-06-23 23:36:27,561] {processor.py:161} INFO - Processing /home/airflow/.local/lib/python3.7/site-packages/airflow/example_dags/example_nested_branch_dag.py took 0.198 seconds
[2022-06-23 23:36:57,830] {processor.py:153} INFO - Started process (PID=842) to work on /home/airflow/.local/lib/python3.7/site-packages/airflow/example_dags/example_nested_branch_dag.py
[2022-06-23 23:36:57,842] {processor.py:641} INFO - Processing file /home/airflow/.local/lib/python3.7/site-packages/airflow/example_dags/example_nested_branch_dag.py for tasks to queue
[2022-06-23 23:36:57,843] {logging_mixin.py:115} INFO - [2022-06-23 23:36:57,843] {dagbag.py:507} INFO - Filling up the DagBag from /home/airflow/.local/lib/python3.7/site-packages/airflow/example_dags/example_nested_branch_dag.py
[2022-06-23 23:36:57,850] {processor.py:651} INFO - DAG(s) dict_keys(['example_nested_branch_dag']) retrieved from /home/airflow/.local/lib/python3.7/site-packages/airflow/example_dags/example_nested_branch_dag.py
[2022-06-23 23:36:57,880] {logging_mixin.py:115} INFO - [2022-06-23 23:36:57,880] {dag.py:2379} INFO - Sync 1 DAGs
[2022-06-23 23:36:58,005] {logging_mixin.py:115} INFO - [2022-06-23 23:36:58,005] {dag.py:2931} INFO - Setting next_dagrun for example_nested_branch_dag to 2022-06-22T00:00:00+00:00, run_after=2022-06-23T00:00:00+00:00
[2022-06-23 23:36:58,076] {processor.py:161} INFO - Processing /home/airflow/.local/lib/python3.7/site-packages/airflow/example_dags/example_nested_branch_dag.py took 0.248 seconds
[2022-06-23 23:37:28,741] {processor.py:153} INFO - Started process (PID=905) to work on /home/airflow/.local/lib/python3.7/site-packages/airflow/example_dags/example_nested_branch_dag.py
[2022-06-23 23:37:28,742] {processor.py:641} INFO - Processing file /home/airflow/.local/lib/python3.7/site-packages/airflow/example_dags/example_nested_branch_dag.py for tasks to queue
[2022-06-23 23:37:28,742] {logging_mixin.py:115} INFO - [2022-06-23 23:37:28,742] {dagbag.py:507} INFO - Filling up the DagBag from /home/airflow/.local/lib/python3.7/site-packages/airflow/example_dags/example_nested_branch_dag.py
[2022-06-23 23:37:28,753] {processor.py:651} INFO - DAG(s) dict_keys(['example_nested_branch_dag']) retrieved from /home/airflow/.local/lib/python3.7/site-packages/airflow/example_dags/example_nested_branch_dag.py
[2022-06-23 23:37:28,779] {logging_mixin.py:115} INFO - [2022-06-23 23:37:28,779] {dag.py:2379} INFO - Sync 1 DAGs
[2022-06-23 23:37:28,897] {logging_mixin.py:115} INFO - [2022-06-23 23:37:28,897] {dag.py:2931} INFO - Setting next_dagrun for example_nested_branch_dag to 2022-06-22T00:00:00+00:00, run_after=2022-06-23T00:00:00+00:00
[2022-06-23 23:37:28,926] {processor.py:161} INFO - Processing /home/airflow/.local/lib/python3.7/site-packages/airflow/example_dags/example_nested_branch_dag.py took 0.189 seconds
[2022-06-23 23:37:59,019] {processor.py:153} INFO - Started process (PID=960) to work on /home/airflow/.local/lib/python3.7/site-packages/airflow/example_dags/example_nested_branch_dag.py
[2022-06-23 23:37:59,019] {processor.py:641} INFO - Processing file /home/airflow/.local/lib/python3.7/site-packages/airflow/example_dags/example_nested_branch_dag.py for tasks to queue
[2022-06-23 23:37:59,020] {logging_mixin.py:115} INFO - [2022-06-23 23:37:59,020] {dagbag.py:507} INFO - Filling up the DagBag from /home/airflow/.local/lib/python3.7/site-packages/airflow/example_dags/example_nested_branch_dag.py
[2022-06-23 23:37:59,031] {processor.py:651} INFO - DAG(s) dict_keys(['example_nested_branch_dag']) retrieved from /home/airflow/.local/lib/python3.7/site-packages/airflow/example_dags/example_nested_branch_dag.py
[2022-06-23 23:37:59,053] {logging_mixin.py:115} INFO - [2022-06-23 23:37:59,053] {dag.py:2379} INFO - Sync 1 DAGs
[2022-06-23 23:37:59,163] {logging_mixin.py:115} INFO - [2022-06-23 23:37:59,163] {dag.py:2931} INFO - Setting next_dagrun for example_nested_branch_dag to 2022-06-22T00:00:00+00:00, run_after=2022-06-23T00:00:00+00:00
[2022-06-23 23:37:59,183] {processor.py:161} INFO - Processing /home/airflow/.local/lib/python3.7/site-packages/airflow/example_dags/example_nested_branch_dag.py took 0.169 seconds
[2022-06-23 23:38:29,611] {processor.py:153} INFO - Started process (PID=1023) to work on /home/airflow/.local/lib/python3.7/site-packages/airflow/example_dags/example_nested_branch_dag.py
[2022-06-23 23:38:29,612] {processor.py:641} INFO - Processing file /home/airflow/.local/lib/python3.7/site-packages/airflow/example_dags/example_nested_branch_dag.py for tasks to queue
[2022-06-23 23:38:29,612] {logging_mixin.py:115} INFO - [2022-06-23 23:38:29,612] {dagbag.py:507} INFO - Filling up the DagBag from /home/airflow/.local/lib/python3.7/site-packages/airflow/example_dags/example_nested_branch_dag.py
[2022-06-23 23:38:29,619] {processor.py:651} INFO - DAG(s) dict_keys(['example_nested_branch_dag']) retrieved from /home/airflow/.local/lib/python3.7/site-packages/airflow/example_dags/example_nested_branch_dag.py
[2022-06-23 23:38:29,643] {logging_mixin.py:115} INFO - [2022-06-23 23:38:29,643] {dag.py:2379} INFO - Sync 1 DAGs
[2022-06-23 23:38:29,749] {logging_mixin.py:115} INFO - [2022-06-23 23:38:29,749] {dag.py:2931} INFO - Setting next_dagrun for example_nested_branch_dag to 2022-06-22T00:00:00+00:00, run_after=2022-06-23T00:00:00+00:00
[2022-06-23 23:38:29,773] {processor.py:161} INFO - Processing /home/airflow/.local/lib/python3.7/site-packages/airflow/example_dags/example_nested_branch_dag.py took 0.165 seconds
[2022-06-23 23:38:59,992] {processor.py:153} INFO - Started process (PID=1087) to work on /home/airflow/.local/lib/python3.7/site-packages/airflow/example_dags/example_nested_branch_dag.py
[2022-06-23 23:38:59,993] {processor.py:641} INFO - Processing file /home/airflow/.local/lib/python3.7/site-packages/airflow/example_dags/example_nested_branch_dag.py for tasks to queue
[2022-06-23 23:38:59,994] {logging_mixin.py:115} INFO - [2022-06-23 23:38:59,993] {dagbag.py:507} INFO - Filling up the DagBag from /home/airflow/.local/lib/python3.7/site-packages/airflow/example_dags/example_nested_branch_dag.py
[2022-06-23 23:39:00,005] {processor.py:651} INFO - DAG(s) dict_keys(['example_nested_branch_dag']) retrieved from /home/airflow/.local/lib/python3.7/site-packages/airflow/example_dags/example_nested_branch_dag.py
[2022-06-23 23:39:00,029] {logging_mixin.py:115} INFO - [2022-06-23 23:39:00,029] {dag.py:2379} INFO - Sync 1 DAGs
[2022-06-23 23:39:00,166] {logging_mixin.py:115} INFO - [2022-06-23 23:39:00,166] {dag.py:2931} INFO - Setting next_dagrun for example_nested_branch_dag to 2022-06-22T00:00:00+00:00, run_after=2022-06-23T00:00:00+00:00
[2022-06-23 23:39:00,210] {processor.py:161} INFO - Processing /home/airflow/.local/lib/python3.7/site-packages/airflow/example_dags/example_nested_branch_dag.py took 0.223 seconds
[2022-06-23 23:39:30,392] {processor.py:153} INFO - Started process (PID=1141) to work on /home/airflow/.local/lib/python3.7/site-packages/airflow/example_dags/example_nested_branch_dag.py
[2022-06-23 23:39:30,392] {processor.py:641} INFO - Processing file /home/airflow/.local/lib/python3.7/site-packages/airflow/example_dags/example_nested_branch_dag.py for tasks to queue
[2022-06-23 23:39:30,393] {logging_mixin.py:115} INFO - [2022-06-23 23:39:30,393] {dagbag.py:507} INFO - Filling up the DagBag from /home/airflow/.local/lib/python3.7/site-packages/airflow/example_dags/example_nested_branch_dag.py
[2022-06-23 23:39:30,402] {processor.py:651} INFO - DAG(s) dict_keys(['example_nested_branch_dag']) retrieved from /home/airflow/.local/lib/python3.7/site-packages/airflow/example_dags/example_nested_branch_dag.py
[2022-06-23 23:39:30,425] {logging_mixin.py:115} INFO - [2022-06-23 23:39:30,425] {dag.py:2379} INFO - Sync 1 DAGs
[2022-06-23 23:39:30,552] {logging_mixin.py:115} INFO - [2022-06-23 23:39:30,552] {dag.py:2931} INFO - Setting next_dagrun for example_nested_branch_dag to 2022-06-22T00:00:00+00:00, run_after=2022-06-23T00:00:00+00:00
[2022-06-23 23:39:30,565] {processor.py:161} INFO - Processing /home/airflow/.local/lib/python3.7/site-packages/airflow/example_dags/example_nested_branch_dag.py took 0.177 seconds
[2022-06-23 23:40:00,827] {processor.py:153} INFO - Started process (PID=1208) to work on /home/airflow/.local/lib/python3.7/site-packages/airflow/example_dags/example_nested_branch_dag.py
[2022-06-23 23:40:00,841] {processor.py:641} INFO - Processing file /home/airflow/.local/lib/python3.7/site-packages/airflow/example_dags/example_nested_branch_dag.py for tasks to queue
[2022-06-23 23:40:00,841] {logging_mixin.py:115} INFO - [2022-06-23 23:40:00,841] {dagbag.py:507} INFO - Filling up the DagBag from /home/airflow/.local/lib/python3.7/site-packages/airflow/example_dags/example_nested_branch_dag.py
[2022-06-23 23:40:00,854] {processor.py:651} INFO - DAG(s) dict_keys(['example_nested_branch_dag']) retrieved from /home/airflow/.local/lib/python3.7/site-packages/airflow/example_dags/example_nested_branch_dag.py
[2022-06-23 23:40:00,881] {logging_mixin.py:115} INFO - [2022-06-23 23:40:00,880] {dag.py:2379} INFO - Sync 1 DAGs
[2022-06-23 23:40:01,003] {logging_mixin.py:115} INFO - [2022-06-23 23:40:01,003] {dag.py:2931} INFO - Setting next_dagrun for example_nested_branch_dag to 2022-06-22T00:00:00+00:00, run_after=2022-06-23T00:00:00+00:00
[2022-06-23 23:40:01,025] {processor.py:161} INFO - Processing /home/airflow/.local/lib/python3.7/site-packages/airflow/example_dags/example_nested_branch_dag.py took 0.203 seconds
[2022-06-23 23:40:31,285] {processor.py:153} INFO - Started process (PID=1271) to work on /home/airflow/.local/lib/python3.7/site-packages/airflow/example_dags/example_nested_branch_dag.py
[2022-06-23 23:40:31,286] {processor.py:641} INFO - Processing file /home/airflow/.local/lib/python3.7/site-packages/airflow/example_dags/example_nested_branch_dag.py for tasks to queue
[2022-06-23 23:40:31,286] {logging_mixin.py:115} INFO - [2022-06-23 23:40:31,286] {dagbag.py:507} INFO - Filling up the DagBag from /home/airflow/.local/lib/python3.7/site-packages/airflow/example_dags/example_nested_branch_dag.py
[2022-06-23 23:40:31,295] {processor.py:651} INFO - DAG(s) dict_keys(['example_nested_branch_dag']) retrieved from /home/airflow/.local/lib/python3.7/site-packages/airflow/example_dags/example_nested_branch_dag.py
[2022-06-23 23:40:31,316] {logging_mixin.py:115} INFO - [2022-06-23 23:40:31,316] {dag.py:2379} INFO - Sync 1 DAGs
[2022-06-23 23:40:31,450] {logging_mixin.py:115} INFO - [2022-06-23 23:40:31,450] {dag.py:2931} INFO - Setting next_dagrun for example_nested_branch_dag to 2022-06-22T00:00:00+00:00, run_after=2022-06-23T00:00:00+00:00
[2022-06-23 23:40:31,470] {processor.py:161} INFO - Processing /home/airflow/.local/lib/python3.7/site-packages/airflow/example_dags/example_nested_branch_dag.py took 0.188 seconds
[2022-06-23 23:41:01,555] {processor.py:153} INFO - Started process (PID=1325) to work on /home/airflow/.local/lib/python3.7/site-packages/airflow/example_dags/example_nested_branch_dag.py
[2022-06-23 23:41:01,556] {processor.py:641} INFO - Processing file /home/airflow/.local/lib/python3.7/site-packages/airflow/example_dags/example_nested_branch_dag.py for tasks to queue
[2022-06-23 23:41:01,556] {logging_mixin.py:115} INFO - [2022-06-23 23:41:01,556] {dagbag.py:507} INFO - Filling up the DagBag from /home/airflow/.local/lib/python3.7/site-packages/airflow/example_dags/example_nested_branch_dag.py
[2022-06-23 23:41:01,564] {processor.py:651} INFO - DAG(s) dict_keys(['example_nested_branch_dag']) retrieved from /home/airflow/.local/lib/python3.7/site-packages/airflow/example_dags/example_nested_branch_dag.py
[2022-06-23 23:41:01,588] {logging_mixin.py:115} INFO - [2022-06-23 23:41:01,588] {dag.py:2379} INFO - Sync 1 DAGs
[2022-06-23 23:41:01,711] {logging_mixin.py:115} INFO - [2022-06-23 23:41:01,711] {dag.py:2931} INFO - Setting next_dagrun for example_nested_branch_dag to 2022-06-22T00:00:00+00:00, run_after=2022-06-23T00:00:00+00:00
[2022-06-23 23:41:01,725] {processor.py:161} INFO - Processing /home/airflow/.local/lib/python3.7/site-packages/airflow/example_dags/example_nested_branch_dag.py took 0.173 seconds
[2022-06-23 23:41:32,206] {processor.py:153} INFO - Started process (PID=1388) to work on /home/airflow/.local/lib/python3.7/site-packages/airflow/example_dags/example_nested_branch_dag.py
[2022-06-23 23:41:32,207] {processor.py:641} INFO - Processing file /home/airflow/.local/lib/python3.7/site-packages/airflow/example_dags/example_nested_branch_dag.py for tasks to queue
[2022-06-23 23:41:32,208] {logging_mixin.py:115} INFO - [2022-06-23 23:41:32,208] {dagbag.py:507} INFO - Filling up the DagBag from /home/airflow/.local/lib/python3.7/site-packages/airflow/example_dags/example_nested_branch_dag.py
[2022-06-23 23:41:32,217] {processor.py:651} INFO - DAG(s) dict_keys(['example_nested_branch_dag']) retrieved from /home/airflow/.local/lib/python3.7/site-packages/airflow/example_dags/example_nested_branch_dag.py
[2022-06-23 23:41:32,241] {logging_mixin.py:115} INFO - [2022-06-23 23:41:32,241] {dag.py:2379} INFO - Sync 1 DAGs
[2022-06-23 23:41:32,356] {logging_mixin.py:115} INFO - [2022-06-23 23:41:32,356] {dag.py:2931} INFO - Setting next_dagrun for example_nested_branch_dag to 2022-06-22T00:00:00+00:00, run_after=2022-06-23T00:00:00+00:00
[2022-06-23 23:41:32,377] {processor.py:161} INFO - Processing /home/airflow/.local/lib/python3.7/site-packages/airflow/example_dags/example_nested_branch_dag.py took 0.174 seconds
[2022-06-23 23:42:02,738] {processor.py:153} INFO - Started process (PID=1451) to work on /home/airflow/.local/lib/python3.7/site-packages/airflow/example_dags/example_nested_branch_dag.py
[2022-06-23 23:42:02,739] {processor.py:641} INFO - Processing file /home/airflow/.local/lib/python3.7/site-packages/airflow/example_dags/example_nested_branch_dag.py for tasks to queue
[2022-06-23 23:42:02,739] {logging_mixin.py:115} INFO - [2022-06-23 23:42:02,739] {dagbag.py:507} INFO - Filling up the DagBag from /home/airflow/.local/lib/python3.7/site-packages/airflow/example_dags/example_nested_branch_dag.py
[2022-06-23 23:42:02,747] {processor.py:651} INFO - DAG(s) dict_keys(['example_nested_branch_dag']) retrieved from /home/airflow/.local/lib/python3.7/site-packages/airflow/example_dags/example_nested_branch_dag.py
[2022-06-23 23:42:02,774] {logging_mixin.py:115} INFO - [2022-06-23 23:42:02,774] {dag.py:2379} INFO - Sync 1 DAGs
[2022-06-23 23:42:02,913] {logging_mixin.py:115} INFO - [2022-06-23 23:42:02,912] {dag.py:2931} INFO - Setting next_dagrun for example_nested_branch_dag to 2022-06-22T00:00:00+00:00, run_after=2022-06-23T00:00:00+00:00
[2022-06-23 23:42:02,935] {processor.py:161} INFO - Processing /home/airflow/.local/lib/python3.7/site-packages/airflow/example_dags/example_nested_branch_dag.py took 0.199 seconds
[2022-06-23 23:42:33,282] {processor.py:153} INFO - Started process (PID=1505) to work on /home/airflow/.local/lib/python3.7/site-packages/airflow/example_dags/example_nested_branch_dag.py
[2022-06-23 23:42:33,282] {processor.py:641} INFO - Processing file /home/airflow/.local/lib/python3.7/site-packages/airflow/example_dags/example_nested_branch_dag.py for tasks to queue
[2022-06-23 23:42:33,283] {logging_mixin.py:115} INFO - [2022-06-23 23:42:33,283] {dagbag.py:507} INFO - Filling up the DagBag from /home/airflow/.local/lib/python3.7/site-packages/airflow/example_dags/example_nested_branch_dag.py
[2022-06-23 23:42:33,292] {processor.py:651} INFO - DAG(s) dict_keys(['example_nested_branch_dag']) retrieved from /home/airflow/.local/lib/python3.7/site-packages/airflow/example_dags/example_nested_branch_dag.py
[2022-06-23 23:42:33,322] {logging_mixin.py:115} INFO - [2022-06-23 23:42:33,322] {dag.py:2379} INFO - Sync 1 DAGs
[2022-06-23 23:42:33,453] {logging_mixin.py:115} INFO - [2022-06-23 23:42:33,453] {dag.py:2931} INFO - Setting next_dagrun for example_nested_branch_dag to 2022-06-22T00:00:00+00:00, run_after=2022-06-23T00:00:00+00:00
[2022-06-23 23:42:33,467] {processor.py:161} INFO - Processing /home/airflow/.local/lib/python3.7/site-packages/airflow/example_dags/example_nested_branch_dag.py took 0.187 seconds
[2022-06-23 23:43:03,931] {processor.py:153} INFO - Started process (PID=1568) to work on /home/airflow/.local/lib/python3.7/site-packages/airflow/example_dags/example_nested_branch_dag.py
[2022-06-23 23:43:03,945] {processor.py:641} INFO - Processing file /home/airflow/.local/lib/python3.7/site-packages/airflow/example_dags/example_nested_branch_dag.py for tasks to queue
[2022-06-23 23:43:03,946] {logging_mixin.py:115} INFO - [2022-06-23 23:43:03,946] {dagbag.py:507} INFO - Filling up the DagBag from /home/airflow/.local/lib/python3.7/site-packages/airflow/example_dags/example_nested_branch_dag.py
[2022-06-23 23:43:03,956] {processor.py:651} INFO - DAG(s) dict_keys(['example_nested_branch_dag']) retrieved from /home/airflow/.local/lib/python3.7/site-packages/airflow/example_dags/example_nested_branch_dag.py
[2022-06-23 23:43:03,985] {logging_mixin.py:115} INFO - [2022-06-23 23:43:03,985] {dag.py:2379} INFO - Sync 1 DAGs
[2022-06-23 23:43:04,100] {logging_mixin.py:115} INFO - [2022-06-23 23:43:04,100] {dag.py:2931} INFO - Setting next_dagrun for example_nested_branch_dag to 2022-06-22T00:00:00+00:00, run_after=2022-06-23T00:00:00+00:00
[2022-06-23 23:43:04,128] {processor.py:161} INFO - Processing /home/airflow/.local/lib/python3.7/site-packages/airflow/example_dags/example_nested_branch_dag.py took 0.201 seconds
[2022-06-23 23:43:34,544] {processor.py:153} INFO - Started process (PID=1622) to work on /home/airflow/.local/lib/python3.7/site-packages/airflow/example_dags/example_nested_branch_dag.py
[2022-06-23 23:43:34,632] {processor.py:641} INFO - Processing file /home/airflow/.local/lib/python3.7/site-packages/airflow/example_dags/example_nested_branch_dag.py for tasks to queue
[2022-06-23 23:43:34,633] {logging_mixin.py:115} INFO - [2022-06-23 23:43:34,633] {dagbag.py:507} INFO - Filling up the DagBag from /home/airflow/.local/lib/python3.7/site-packages/airflow/example_dags/example_nested_branch_dag.py
[2022-06-23 23:43:34,646] {processor.py:651} INFO - DAG(s) dict_keys(['example_nested_branch_dag']) retrieved from /home/airflow/.local/lib/python3.7/site-packages/airflow/example_dags/example_nested_branch_dag.py
[2022-06-23 23:43:34,671] {logging_mixin.py:115} INFO - [2022-06-23 23:43:34,671] {dag.py:2379} INFO - Sync 1 DAGs
[2022-06-23 23:43:34,783] {logging_mixin.py:115} INFO - [2022-06-23 23:43:34,783] {dag.py:2931} INFO - Setting next_dagrun for example_nested_branch_dag to 2022-06-22T00:00:00+00:00, run_after=2022-06-23T00:00:00+00:00
[2022-06-23 23:43:34,817] {processor.py:161} INFO - Processing /home/airflow/.local/lib/python3.7/site-packages/airflow/example_dags/example_nested_branch_dag.py took 0.277 seconds
[2022-06-23 23:44:05,036] {processor.py:153} INFO - Started process (PID=1685) to work on /home/airflow/.local/lib/python3.7/site-packages/airflow/example_dags/example_nested_branch_dag.py
[2022-06-23 23:44:05,046] {processor.py:641} INFO - Processing file /home/airflow/.local/lib/python3.7/site-packages/airflow/example_dags/example_nested_branch_dag.py for tasks to queue
[2022-06-23 23:44:05,047] {logging_mixin.py:115} INFO - [2022-06-23 23:44:05,046] {dagbag.py:507} INFO - Filling up the DagBag from /home/airflow/.local/lib/python3.7/site-packages/airflow/example_dags/example_nested_branch_dag.py
[2022-06-23 23:44:05,055] {processor.py:651} INFO - DAG(s) dict_keys(['example_nested_branch_dag']) retrieved from /home/airflow/.local/lib/python3.7/site-packages/airflow/example_dags/example_nested_branch_dag.py
[2022-06-23 23:44:05,077] {logging_mixin.py:115} INFO - [2022-06-23 23:44:05,077] {dag.py:2379} INFO - Sync 1 DAGs
[2022-06-23 23:44:05,195] {logging_mixin.py:115} INFO - [2022-06-23 23:44:05,195] {dag.py:2931} INFO - Setting next_dagrun for example_nested_branch_dag to 2022-06-22T00:00:00+00:00, run_after=2022-06-23T00:00:00+00:00
[2022-06-23 23:44:05,225] {processor.py:161} INFO - Processing /home/airflow/.local/lib/python3.7/site-packages/airflow/example_dags/example_nested_branch_dag.py took 0.193 seconds
[2022-06-23 23:44:35,623] {processor.py:153} INFO - Started process (PID=1749) to work on /home/airflow/.local/lib/python3.7/site-packages/airflow/example_dags/example_nested_branch_dag.py
[2022-06-23 23:44:35,637] {processor.py:641} INFO - Processing file /home/airflow/.local/lib/python3.7/site-packages/airflow/example_dags/example_nested_branch_dag.py for tasks to queue
[2022-06-23 23:44:35,638] {logging_mixin.py:115} INFO - [2022-06-23 23:44:35,638] {dagbag.py:507} INFO - Filling up the DagBag from /home/airflow/.local/lib/python3.7/site-packages/airflow/example_dags/example_nested_branch_dag.py
[2022-06-23 23:44:35,650] {processor.py:651} INFO - DAG(s) dict_keys(['example_nested_branch_dag']) retrieved from /home/airflow/.local/lib/python3.7/site-packages/airflow/example_dags/example_nested_branch_dag.py
[2022-06-23 23:44:35,680] {logging_mixin.py:115} INFO - [2022-06-23 23:44:35,680] {dag.py:2379} INFO - Sync 1 DAGs
[2022-06-23 23:44:35,784] {logging_mixin.py:115} INFO - [2022-06-23 23:44:35,783] {dag.py:2931} INFO - Setting next_dagrun for example_nested_branch_dag to 2022-06-22T00:00:00+00:00, run_after=2022-06-23T00:00:00+00:00
[2022-06-23 23:44:35,808] {processor.py:161} INFO - Processing /home/airflow/.local/lib/python3.7/site-packages/airflow/example_dags/example_nested_branch_dag.py took 0.190 seconds
[2022-06-23 23:45:05,989] {processor.py:153} INFO - Started process (PID=1804) to work on /home/airflow/.local/lib/python3.7/site-packages/airflow/example_dags/example_nested_branch_dag.py
[2022-06-23 23:45:06,006] {processor.py:641} INFO - Processing file /home/airflow/.local/lib/python3.7/site-packages/airflow/example_dags/example_nested_branch_dag.py for tasks to queue
[2022-06-23 23:45:06,007] {logging_mixin.py:115} INFO - [2022-06-23 23:45:06,007] {dagbag.py:507} INFO - Filling up the DagBag from /home/airflow/.local/lib/python3.7/site-packages/airflow/example_dags/example_nested_branch_dag.py
[2022-06-23 23:45:06,016] {processor.py:651} INFO - DAG(s) dict_keys(['example_nested_branch_dag']) retrieved from /home/airflow/.local/lib/python3.7/site-packages/airflow/example_dags/example_nested_branch_dag.py
[2022-06-23 23:45:06,044] {logging_mixin.py:115} INFO - [2022-06-23 23:45:06,044] {dag.py:2379} INFO - Sync 1 DAGs
[2022-06-23 23:45:06,148] {logging_mixin.py:115} INFO - [2022-06-23 23:45:06,148] {dag.py:2931} INFO - Setting next_dagrun for example_nested_branch_dag to 2022-06-22T00:00:00+00:00, run_after=2022-06-23T00:00:00+00:00
[2022-06-23 23:45:06,179] {processor.py:161} INFO - Processing /home/airflow/.local/lib/python3.7/site-packages/airflow/example_dags/example_nested_branch_dag.py took 0.195 seconds
[2022-06-23 23:45:36,677] {processor.py:153} INFO - Started process (PID=1866) to work on /home/airflow/.local/lib/python3.7/site-packages/airflow/example_dags/example_nested_branch_dag.py
[2022-06-23 23:45:36,677] {processor.py:641} INFO - Processing file /home/airflow/.local/lib/python3.7/site-packages/airflow/example_dags/example_nested_branch_dag.py for tasks to queue
[2022-06-23 23:45:36,678] {logging_mixin.py:115} INFO - [2022-06-23 23:45:36,678] {dagbag.py:507} INFO - Filling up the DagBag from /home/airflow/.local/lib/python3.7/site-packages/airflow/example_dags/example_nested_branch_dag.py
[2022-06-23 23:45:36,686] {processor.py:651} INFO - DAG(s) dict_keys(['example_nested_branch_dag']) retrieved from /home/airflow/.local/lib/python3.7/site-packages/airflow/example_dags/example_nested_branch_dag.py
[2022-06-23 23:45:36,708] {logging_mixin.py:115} INFO - [2022-06-23 23:45:36,708] {dag.py:2379} INFO - Sync 1 DAGs
[2022-06-23 23:45:36,818] {logging_mixin.py:115} INFO - [2022-06-23 23:45:36,818] {dag.py:2931} INFO - Setting next_dagrun for example_nested_branch_dag to 2022-06-22T00:00:00+00:00, run_after=2022-06-23T00:00:00+00:00
[2022-06-23 23:45:36,839] {processor.py:161} INFO - Processing /home/airflow/.local/lib/python3.7/site-packages/airflow/example_dags/example_nested_branch_dag.py took 0.166 seconds
