[2022-06-23 01:17:29,552] {processor.py:153} INFO - Started process (PID=96) to work on /home/airflow/.local/lib/python3.7/site-packages/airflow/example_dags/example_branch_operator.py
[2022-06-23 01:17:29,553] {processor.py:641} INFO - Processing file /home/airflow/.local/lib/python3.7/site-packages/airflow/example_dags/example_branch_operator.py for tasks to queue
[2022-06-23 01:17:29,554] {logging_mixin.py:115} INFO - [2022-06-23 01:17:29,553] {dagbag.py:507} INFO - Filling up the DagBag from /home/airflow/.local/lib/python3.7/site-packages/airflow/example_dags/example_branch_operator.py
[2022-06-23 01:17:29,564] {processor.py:651} INFO - DAG(s) dict_keys(['example_branch_operator']) retrieved from /home/airflow/.local/lib/python3.7/site-packages/airflow/example_dags/example_branch_operator.py
[2022-06-23 01:17:29,592] {logging_mixin.py:115} INFO - [2022-06-23 01:17:29,592] {dag.py:2379} INFO - Sync 1 DAGs
[2022-06-23 01:17:29,615] {logging_mixin.py:115} INFO - [2022-06-23 01:17:29,615] {dag.py:2931} INFO - Setting next_dagrun for example_branch_operator to 2022-06-22T00:00:00+00:00, run_after=2022-06-23T00:00:00+00:00
[2022-06-23 01:17:29,639] {processor.py:161} INFO - Processing /home/airflow/.local/lib/python3.7/site-packages/airflow/example_dags/example_branch_operator.py took 0.090 seconds
[2022-06-23 01:17:59,974] {processor.py:153} INFO - Started process (PID=156) to work on /home/airflow/.local/lib/python3.7/site-packages/airflow/example_dags/example_branch_operator.py
[2022-06-23 01:17:59,990] {processor.py:641} INFO - Processing file /home/airflow/.local/lib/python3.7/site-packages/airflow/example_dags/example_branch_operator.py for tasks to queue
[2022-06-23 01:17:59,990] {logging_mixin.py:115} INFO - [2022-06-23 01:17:59,990] {dagbag.py:507} INFO - Filling up the DagBag from /home/airflow/.local/lib/python3.7/site-packages/airflow/example_dags/example_branch_operator.py
[2022-06-23 01:18:00,005] {processor.py:651} INFO - DAG(s) dict_keys(['example_branch_operator']) retrieved from /home/airflow/.local/lib/python3.7/site-packages/airflow/example_dags/example_branch_operator.py
[2022-06-23 01:18:00,033] {logging_mixin.py:115} INFO - [2022-06-23 01:18:00,033] {dag.py:2379} INFO - Sync 1 DAGs
[2022-06-23 01:18:00,061] {logging_mixin.py:115} INFO - [2022-06-23 01:18:00,061] {dag.py:2931} INFO - Setting next_dagrun for example_branch_operator to 2022-06-22T00:00:00+00:00, run_after=2022-06-23T00:00:00+00:00
[2022-06-23 01:18:00,089] {processor.py:161} INFO - Processing /home/airflow/.local/lib/python3.7/site-packages/airflow/example_dags/example_branch_operator.py took 0.117 seconds
[2022-06-23 23:30:21,981] {processor.py:153} INFO - Started process (PID=60) to work on /home/airflow/.local/lib/python3.7/site-packages/airflow/example_dags/example_branch_operator.py
[2022-06-23 23:30:21,997] {processor.py:641} INFO - Processing file /home/airflow/.local/lib/python3.7/site-packages/airflow/example_dags/example_branch_operator.py for tasks to queue
[2022-06-23 23:30:21,998] {logging_mixin.py:115} INFO - [2022-06-23 23:30:21,998] {dagbag.py:507} INFO - Filling up the DagBag from /home/airflow/.local/lib/python3.7/site-packages/airflow/example_dags/example_branch_operator.py
[2022-06-23 23:30:22,015] {processor.py:651} INFO - DAG(s) dict_keys(['example_branch_operator']) retrieved from /home/airflow/.local/lib/python3.7/site-packages/airflow/example_dags/example_branch_operator.py
[2022-06-23 23:30:22,189] {logging_mixin.py:115} INFO - [2022-06-23 23:30:22,189] {dag.py:2379} INFO - Sync 1 DAGs
[2022-06-23 23:30:22,212] {logging_mixin.py:115} INFO - [2022-06-23 23:30:22,212] {dag.py:2931} INFO - Setting next_dagrun for example_branch_operator to 2022-06-22T00:00:00+00:00, run_after=2022-06-23T00:00:00+00:00
[2022-06-23 23:30:22,471] {processor.py:161} INFO - Processing /home/airflow/.local/lib/python3.7/site-packages/airflow/example_dags/example_branch_operator.py took 0.493 seconds
[2022-06-23 23:30:53,273] {processor.py:153} INFO - Started process (PID=127) to work on /home/airflow/.local/lib/python3.7/site-packages/airflow/example_dags/example_branch_operator.py
[2022-06-23 23:30:53,274] {processor.py:641} INFO - Processing file /home/airflow/.local/lib/python3.7/site-packages/airflow/example_dags/example_branch_operator.py for tasks to queue
[2022-06-23 23:30:53,275] {logging_mixin.py:115} INFO - [2022-06-23 23:30:53,274] {dagbag.py:507} INFO - Filling up the DagBag from /home/airflow/.local/lib/python3.7/site-packages/airflow/example_dags/example_branch_operator.py
[2022-06-23 23:30:53,285] {processor.py:651} INFO - DAG(s) dict_keys(['example_branch_operator']) retrieved from /home/airflow/.local/lib/python3.7/site-packages/airflow/example_dags/example_branch_operator.py
[2022-06-23 23:30:53,307] {logging_mixin.py:115} INFO - [2022-06-23 23:30:53,307] {dag.py:2379} INFO - Sync 1 DAGs
[2022-06-23 23:30:53,331] {logging_mixin.py:115} INFO - [2022-06-23 23:30:53,331] {dag.py:2931} INFO - Setting next_dagrun for example_branch_operator to 2022-06-22T00:00:00+00:00, run_after=2022-06-23T00:00:00+00:00
[2022-06-23 23:30:53,431] {processor.py:161} INFO - Processing /home/airflow/.local/lib/python3.7/site-packages/airflow/example_dags/example_branch_operator.py took 0.163 seconds
[2022-06-23 23:31:23,779] {processor.py:153} INFO - Started process (PID=182) to work on /home/airflow/.local/lib/python3.7/site-packages/airflow/example_dags/example_branch_operator.py
[2022-06-23 23:31:23,780] {processor.py:641} INFO - Processing file /home/airflow/.local/lib/python3.7/site-packages/airflow/example_dags/example_branch_operator.py for tasks to queue
[2022-06-23 23:31:23,781] {logging_mixin.py:115} INFO - [2022-06-23 23:31:23,780] {dagbag.py:507} INFO - Filling up the DagBag from /home/airflow/.local/lib/python3.7/site-packages/airflow/example_dags/example_branch_operator.py
[2022-06-23 23:31:23,790] {processor.py:651} INFO - DAG(s) dict_keys(['example_branch_operator']) retrieved from /home/airflow/.local/lib/python3.7/site-packages/airflow/example_dags/example_branch_operator.py
[2022-06-23 23:31:23,814] {logging_mixin.py:115} INFO - [2022-06-23 23:31:23,814] {dag.py:2379} INFO - Sync 1 DAGs
[2022-06-23 23:31:23,837] {logging_mixin.py:115} INFO - [2022-06-23 23:31:23,837] {dag.py:2931} INFO - Setting next_dagrun for example_branch_operator to 2022-06-22T00:00:00+00:00, run_after=2022-06-23T00:00:00+00:00
[2022-06-23 23:31:23,949] {processor.py:161} INFO - Processing /home/airflow/.local/lib/python3.7/site-packages/airflow/example_dags/example_branch_operator.py took 0.173 seconds
[2022-06-23 23:31:53,994] {processor.py:153} INFO - Started process (PID=244) to work on /home/airflow/.local/lib/python3.7/site-packages/airflow/example_dags/example_branch_operator.py
[2022-06-23 23:31:54,087] {processor.py:641} INFO - Processing file /home/airflow/.local/lib/python3.7/site-packages/airflow/example_dags/example_branch_operator.py for tasks to queue
[2022-06-23 23:31:54,088] {logging_mixin.py:115} INFO - [2022-06-23 23:31:54,088] {dagbag.py:507} INFO - Filling up the DagBag from /home/airflow/.local/lib/python3.7/site-packages/airflow/example_dags/example_branch_operator.py
[2022-06-23 23:31:54,100] {processor.py:651} INFO - DAG(s) dict_keys(['example_branch_operator']) retrieved from /home/airflow/.local/lib/python3.7/site-packages/airflow/example_dags/example_branch_operator.py
[2022-06-23 23:31:54,123] {logging_mixin.py:115} INFO - [2022-06-23 23:31:54,123] {dag.py:2379} INFO - Sync 1 DAGs
[2022-06-23 23:31:54,154] {logging_mixin.py:115} INFO - [2022-06-23 23:31:54,154] {dag.py:2931} INFO - Setting next_dagrun for example_branch_operator to 2022-06-22T00:00:00+00:00, run_after=2022-06-23T00:00:00+00:00
[2022-06-23 23:31:54,249] {processor.py:161} INFO - Processing /home/airflow/.local/lib/python3.7/site-packages/airflow/example_dags/example_branch_operator.py took 0.258 seconds
[2022-06-23 23:32:24,309] {processor.py:153} INFO - Started process (PID=300) to work on /home/airflow/.local/lib/python3.7/site-packages/airflow/example_dags/example_branch_operator.py
[2022-06-23 23:32:24,309] {processor.py:641} INFO - Processing file /home/airflow/.local/lib/python3.7/site-packages/airflow/example_dags/example_branch_operator.py for tasks to queue
[2022-06-23 23:32:24,309] {logging_mixin.py:115} INFO - [2022-06-23 23:32:24,309] {dagbag.py:507} INFO - Filling up the DagBag from /home/airflow/.local/lib/python3.7/site-packages/airflow/example_dags/example_branch_operator.py
[2022-06-23 23:32:24,317] {processor.py:651} INFO - DAG(s) dict_keys(['example_branch_operator']) retrieved from /home/airflow/.local/lib/python3.7/site-packages/airflow/example_dags/example_branch_operator.py
[2022-06-23 23:32:24,344] {logging_mixin.py:115} INFO - [2022-06-23 23:32:24,344] {dag.py:2379} INFO - Sync 1 DAGs
[2022-06-23 23:32:24,368] {logging_mixin.py:115} INFO - [2022-06-23 23:32:24,368] {dag.py:2931} INFO - Setting next_dagrun for example_branch_operator to 2022-06-22T00:00:00+00:00, run_after=2022-06-23T00:00:00+00:00
[2022-06-23 23:32:24,466] {processor.py:161} INFO - Processing /home/airflow/.local/lib/python3.7/site-packages/airflow/example_dags/example_branch_operator.py took 0.160 seconds
[2022-06-23 23:32:54,537] {processor.py:153} INFO - Started process (PID=363) to work on /home/airflow/.local/lib/python3.7/site-packages/airflow/example_dags/example_branch_operator.py
[2022-06-23 23:32:54,538] {processor.py:641} INFO - Processing file /home/airflow/.local/lib/python3.7/site-packages/airflow/example_dags/example_branch_operator.py for tasks to queue
[2022-06-23 23:32:54,539] {logging_mixin.py:115} INFO - [2022-06-23 23:32:54,539] {dagbag.py:507} INFO - Filling up the DagBag from /home/airflow/.local/lib/python3.7/site-packages/airflow/example_dags/example_branch_operator.py
[2022-06-23 23:32:54,546] {processor.py:651} INFO - DAG(s) dict_keys(['example_branch_operator']) retrieved from /home/airflow/.local/lib/python3.7/site-packages/airflow/example_dags/example_branch_operator.py
[2022-06-23 23:32:54,572] {logging_mixin.py:115} INFO - [2022-06-23 23:32:54,572] {dag.py:2379} INFO - Sync 1 DAGs
[2022-06-23 23:32:54,598] {logging_mixin.py:115} INFO - [2022-06-23 23:32:54,598] {dag.py:2931} INFO - Setting next_dagrun for example_branch_operator to 2022-06-22T00:00:00+00:00, run_after=2022-06-23T00:00:00+00:00
[2022-06-23 23:32:54,697] {processor.py:161} INFO - Processing /home/airflow/.local/lib/python3.7/site-packages/airflow/example_dags/example_branch_operator.py took 0.164 seconds
[2022-06-23 23:33:24,956] {processor.py:153} INFO - Started process (PID=426) to work on /home/airflow/.local/lib/python3.7/site-packages/airflow/example_dags/example_branch_operator.py
[2022-06-23 23:33:24,957] {processor.py:641} INFO - Processing file /home/airflow/.local/lib/python3.7/site-packages/airflow/example_dags/example_branch_operator.py for tasks to queue
[2022-06-23 23:33:24,957] {logging_mixin.py:115} INFO - [2022-06-23 23:33:24,957] {dagbag.py:507} INFO - Filling up the DagBag from /home/airflow/.local/lib/python3.7/site-packages/airflow/example_dags/example_branch_operator.py
[2022-06-23 23:33:24,965] {processor.py:651} INFO - DAG(s) dict_keys(['example_branch_operator']) retrieved from /home/airflow/.local/lib/python3.7/site-packages/airflow/example_dags/example_branch_operator.py
[2022-06-23 23:33:24,986] {logging_mixin.py:115} INFO - [2022-06-23 23:33:24,986] {dag.py:2379} INFO - Sync 1 DAGs
[2022-06-23 23:33:25,011] {logging_mixin.py:115} INFO - [2022-06-23 23:33:25,011] {dag.py:2931} INFO - Setting next_dagrun for example_branch_operator to 2022-06-22T00:00:00+00:00, run_after=2022-06-23T00:00:00+00:00
[2022-06-23 23:33:25,137] {processor.py:161} INFO - Processing /home/airflow/.local/lib/python3.7/site-packages/airflow/example_dags/example_branch_operator.py took 0.185 seconds
[2022-06-23 23:33:55,480] {processor.py:153} INFO - Started process (PID=481) to work on /home/airflow/.local/lib/python3.7/site-packages/airflow/example_dags/example_branch_operator.py
[2022-06-23 23:33:55,481] {processor.py:641} INFO - Processing file /home/airflow/.local/lib/python3.7/site-packages/airflow/example_dags/example_branch_operator.py for tasks to queue
[2022-06-23 23:33:55,482] {logging_mixin.py:115} INFO - [2022-06-23 23:33:55,482] {dagbag.py:507} INFO - Filling up the DagBag from /home/airflow/.local/lib/python3.7/site-packages/airflow/example_dags/example_branch_operator.py
[2022-06-23 23:33:55,493] {processor.py:651} INFO - DAG(s) dict_keys(['example_branch_operator']) retrieved from /home/airflow/.local/lib/python3.7/site-packages/airflow/example_dags/example_branch_operator.py
[2022-06-23 23:33:55,522] {logging_mixin.py:115} INFO - [2022-06-23 23:33:55,522] {dag.py:2379} INFO - Sync 1 DAGs
[2022-06-23 23:33:55,546] {logging_mixin.py:115} INFO - [2022-06-23 23:33:55,546] {dag.py:2931} INFO - Setting next_dagrun for example_branch_operator to 2022-06-22T00:00:00+00:00, run_after=2022-06-23T00:00:00+00:00
[2022-06-23 23:33:55,641] {processor.py:161} INFO - Processing /home/airflow/.local/lib/python3.7/site-packages/airflow/example_dags/example_branch_operator.py took 0.165 seconds
[2022-06-23 23:34:25,781] {processor.py:153} INFO - Started process (PID=544) to work on /home/airflow/.local/lib/python3.7/site-packages/airflow/example_dags/example_branch_operator.py
[2022-06-23 23:34:25,781] {processor.py:641} INFO - Processing file /home/airflow/.local/lib/python3.7/site-packages/airflow/example_dags/example_branch_operator.py for tasks to queue
[2022-06-23 23:34:25,782] {logging_mixin.py:115} INFO - [2022-06-23 23:34:25,782] {dagbag.py:507} INFO - Filling up the DagBag from /home/airflow/.local/lib/python3.7/site-packages/airflow/example_dags/example_branch_operator.py
[2022-06-23 23:34:25,793] {processor.py:651} INFO - DAG(s) dict_keys(['example_branch_operator']) retrieved from /home/airflow/.local/lib/python3.7/site-packages/airflow/example_dags/example_branch_operator.py
[2022-06-23 23:34:25,815] {logging_mixin.py:115} INFO - [2022-06-23 23:34:25,814] {dag.py:2379} INFO - Sync 1 DAGs
[2022-06-23 23:34:25,843] {logging_mixin.py:115} INFO - [2022-06-23 23:34:25,843] {dag.py:2931} INFO - Setting next_dagrun for example_branch_operator to 2022-06-22T00:00:00+00:00, run_after=2022-06-23T00:00:00+00:00
[2022-06-23 23:34:25,952] {processor.py:161} INFO - Processing /home/airflow/.local/lib/python3.7/site-packages/airflow/example_dags/example_branch_operator.py took 0.176 seconds
[2022-06-23 23:34:56,236] {processor.py:153} INFO - Started process (PID=607) to work on /home/airflow/.local/lib/python3.7/site-packages/airflow/example_dags/example_branch_operator.py
[2022-06-23 23:34:56,237] {processor.py:641} INFO - Processing file /home/airflow/.local/lib/python3.7/site-packages/airflow/example_dags/example_branch_operator.py for tasks to queue
[2022-06-23 23:34:56,238] {logging_mixin.py:115} INFO - [2022-06-23 23:34:56,238] {dagbag.py:507} INFO - Filling up the DagBag from /home/airflow/.local/lib/python3.7/site-packages/airflow/example_dags/example_branch_operator.py
[2022-06-23 23:34:56,246] {processor.py:651} INFO - DAG(s) dict_keys(['example_branch_operator']) retrieved from /home/airflow/.local/lib/python3.7/site-packages/airflow/example_dags/example_branch_operator.py
[2022-06-23 23:34:56,279] {logging_mixin.py:115} INFO - [2022-06-23 23:34:56,279] {dag.py:2379} INFO - Sync 1 DAGs
[2022-06-23 23:34:56,306] {logging_mixin.py:115} INFO - [2022-06-23 23:34:56,306] {dag.py:2931} INFO - Setting next_dagrun for example_branch_operator to 2022-06-22T00:00:00+00:00, run_after=2022-06-23T00:00:00+00:00
[2022-06-23 23:34:56,420] {processor.py:161} INFO - Processing /home/airflow/.local/lib/python3.7/site-packages/airflow/example_dags/example_branch_operator.py took 0.188 seconds
[2022-06-23 23:35:26,489] {processor.py:153} INFO - Started process (PID=663) to work on /home/airflow/.local/lib/python3.7/site-packages/airflow/example_dags/example_branch_operator.py
[2022-06-23 23:35:26,510] {processor.py:641} INFO - Processing file /home/airflow/.local/lib/python3.7/site-packages/airflow/example_dags/example_branch_operator.py for tasks to queue
[2022-06-23 23:35:26,511] {logging_mixin.py:115} INFO - [2022-06-23 23:35:26,511] {dagbag.py:507} INFO - Filling up the DagBag from /home/airflow/.local/lib/python3.7/site-packages/airflow/example_dags/example_branch_operator.py
[2022-06-23 23:35:26,525] {processor.py:651} INFO - DAG(s) dict_keys(['example_branch_operator']) retrieved from /home/airflow/.local/lib/python3.7/site-packages/airflow/example_dags/example_branch_operator.py
[2022-06-23 23:35:26,547] {logging_mixin.py:115} INFO - [2022-06-23 23:35:26,547] {dag.py:2379} INFO - Sync 1 DAGs
[2022-06-23 23:35:26,666] {logging_mixin.py:115} INFO - [2022-06-23 23:35:26,665] {dag.py:2931} INFO - Setting next_dagrun for example_branch_operator to 2022-06-22T00:00:00+00:00, run_after=2022-06-23T00:00:00+00:00
[2022-06-23 23:35:26,720] {processor.py:161} INFO - Processing /home/airflow/.local/lib/python3.7/site-packages/airflow/example_dags/example_branch_operator.py took 0.233 seconds
[2022-06-23 23:35:57,195] {processor.py:153} INFO - Started process (PID=726) to work on /home/airflow/.local/lib/python3.7/site-packages/airflow/example_dags/example_branch_operator.py
[2022-06-23 23:35:57,196] {processor.py:641} INFO - Processing file /home/airflow/.local/lib/python3.7/site-packages/airflow/example_dags/example_branch_operator.py for tasks to queue
[2022-06-23 23:35:57,196] {logging_mixin.py:115} INFO - [2022-06-23 23:35:57,196] {dagbag.py:507} INFO - Filling up the DagBag from /home/airflow/.local/lib/python3.7/site-packages/airflow/example_dags/example_branch_operator.py
[2022-06-23 23:35:57,205] {processor.py:651} INFO - DAG(s) dict_keys(['example_branch_operator']) retrieved from /home/airflow/.local/lib/python3.7/site-packages/airflow/example_dags/example_branch_operator.py
[2022-06-23 23:35:57,227] {logging_mixin.py:115} INFO - [2022-06-23 23:35:57,227] {dag.py:2379} INFO - Sync 1 DAGs
[2022-06-23 23:35:57,342] {logging_mixin.py:115} INFO - [2022-06-23 23:35:57,341] {dag.py:2931} INFO - Setting next_dagrun for example_branch_operator to 2022-06-22T00:00:00+00:00, run_after=2022-06-23T00:00:00+00:00
[2022-06-23 23:35:57,387] {processor.py:161} INFO - Processing /home/airflow/.local/lib/python3.7/site-packages/airflow/example_dags/example_branch_operator.py took 0.194 seconds
[2022-06-23 23:36:27,581] {processor.py:153} INFO - Started process (PID=787) to work on /home/airflow/.local/lib/python3.7/site-packages/airflow/example_dags/example_branch_operator.py
[2022-06-23 23:36:27,581] {processor.py:641} INFO - Processing file /home/airflow/.local/lib/python3.7/site-packages/airflow/example_dags/example_branch_operator.py for tasks to queue
[2022-06-23 23:36:27,582] {logging_mixin.py:115} INFO - [2022-06-23 23:36:27,582] {dagbag.py:507} INFO - Filling up the DagBag from /home/airflow/.local/lib/python3.7/site-packages/airflow/example_dags/example_branch_operator.py
[2022-06-23 23:36:27,591] {processor.py:651} INFO - DAG(s) dict_keys(['example_branch_operator']) retrieved from /home/airflow/.local/lib/python3.7/site-packages/airflow/example_dags/example_branch_operator.py
[2022-06-23 23:36:27,618] {logging_mixin.py:115} INFO - [2022-06-23 23:36:27,618] {dag.py:2379} INFO - Sync 1 DAGs
[2022-06-23 23:36:27,728] {logging_mixin.py:115} INFO - [2022-06-23 23:36:27,728] {dag.py:2931} INFO - Setting next_dagrun for example_branch_operator to 2022-06-22T00:00:00+00:00, run_after=2022-06-23T00:00:00+00:00
[2022-06-23 23:36:27,741] {processor.py:161} INFO - Processing /home/airflow/.local/lib/python3.7/site-packages/airflow/example_dags/example_branch_operator.py took 0.164 seconds
[2022-06-23 23:36:58,092] {processor.py:153} INFO - Started process (PID=843) to work on /home/airflow/.local/lib/python3.7/site-packages/airflow/example_dags/example_branch_operator.py
[2022-06-23 23:36:58,097] {processor.py:641} INFO - Processing file /home/airflow/.local/lib/python3.7/site-packages/airflow/example_dags/example_branch_operator.py for tasks to queue
[2022-06-23 23:36:58,098] {logging_mixin.py:115} INFO - [2022-06-23 23:36:58,098] {dagbag.py:507} INFO - Filling up the DagBag from /home/airflow/.local/lib/python3.7/site-packages/airflow/example_dags/example_branch_operator.py
[2022-06-23 23:36:58,109] {processor.py:651} INFO - DAG(s) dict_keys(['example_branch_operator']) retrieved from /home/airflow/.local/lib/python3.7/site-packages/airflow/example_dags/example_branch_operator.py
[2022-06-23 23:36:58,133] {logging_mixin.py:115} INFO - [2022-06-23 23:36:58,133] {dag.py:2379} INFO - Sync 1 DAGs
[2022-06-23 23:36:58,267] {logging_mixin.py:115} INFO - [2022-06-23 23:36:58,267] {dag.py:2931} INFO - Setting next_dagrun for example_branch_operator to 2022-06-22T00:00:00+00:00, run_after=2022-06-23T00:00:00+00:00
[2022-06-23 23:36:58,282] {processor.py:161} INFO - Processing /home/airflow/.local/lib/python3.7/site-packages/airflow/example_dags/example_branch_operator.py took 0.192 seconds
[2022-06-23 23:37:28,944] {processor.py:153} INFO - Started process (PID=906) to work on /home/airflow/.local/lib/python3.7/site-packages/airflow/example_dags/example_branch_operator.py
[2022-06-23 23:37:28,945] {processor.py:641} INFO - Processing file /home/airflow/.local/lib/python3.7/site-packages/airflow/example_dags/example_branch_operator.py for tasks to queue
[2022-06-23 23:37:28,946] {logging_mixin.py:115} INFO - [2022-06-23 23:37:28,946] {dagbag.py:507} INFO - Filling up the DagBag from /home/airflow/.local/lib/python3.7/site-packages/airflow/example_dags/example_branch_operator.py
[2022-06-23 23:37:28,954] {processor.py:651} INFO - DAG(s) dict_keys(['example_branch_operator']) retrieved from /home/airflow/.local/lib/python3.7/site-packages/airflow/example_dags/example_branch_operator.py
[2022-06-23 23:37:28,980] {logging_mixin.py:115} INFO - [2022-06-23 23:37:28,980] {dag.py:2379} INFO - Sync 1 DAGs
[2022-06-23 23:37:29,100] {logging_mixin.py:115} INFO - [2022-06-23 23:37:29,100] {dag.py:2931} INFO - Setting next_dagrun for example_branch_operator to 2022-06-22T00:00:00+00:00, run_after=2022-06-23T00:00:00+00:00
[2022-06-23 23:37:29,116] {processor.py:161} INFO - Processing /home/airflow/.local/lib/python3.7/site-packages/airflow/example_dags/example_branch_operator.py took 0.174 seconds
[2022-06-23 23:37:59,206] {processor.py:153} INFO - Started process (PID=961) to work on /home/airflow/.local/lib/python3.7/site-packages/airflow/example_dags/example_branch_operator.py
[2022-06-23 23:37:59,206] {processor.py:641} INFO - Processing file /home/airflow/.local/lib/python3.7/site-packages/airflow/example_dags/example_branch_operator.py for tasks to queue
[2022-06-23 23:37:59,206] {logging_mixin.py:115} INFO - [2022-06-23 23:37:59,206] {dagbag.py:507} INFO - Filling up the DagBag from /home/airflow/.local/lib/python3.7/site-packages/airflow/example_dags/example_branch_operator.py
[2022-06-23 23:37:59,218] {processor.py:651} INFO - DAG(s) dict_keys(['example_branch_operator']) retrieved from /home/airflow/.local/lib/python3.7/site-packages/airflow/example_dags/example_branch_operator.py
[2022-06-23 23:37:59,240] {logging_mixin.py:115} INFO - [2022-06-23 23:37:59,240] {dag.py:2379} INFO - Sync 1 DAGs
[2022-06-23 23:37:59,384] {logging_mixin.py:115} INFO - [2022-06-23 23:37:59,384] {dag.py:2931} INFO - Setting next_dagrun for example_branch_operator to 2022-06-22T00:00:00+00:00, run_after=2022-06-23T00:00:00+00:00
[2022-06-23 23:37:59,400] {processor.py:161} INFO - Processing /home/airflow/.local/lib/python3.7/site-packages/airflow/example_dags/example_branch_operator.py took 0.197 seconds
[2022-06-23 23:38:29,787] {processor.py:153} INFO - Started process (PID=1024) to work on /home/airflow/.local/lib/python3.7/site-packages/airflow/example_dags/example_branch_operator.py
[2022-06-23 23:38:29,788] {processor.py:641} INFO - Processing file /home/airflow/.local/lib/python3.7/site-packages/airflow/example_dags/example_branch_operator.py for tasks to queue
[2022-06-23 23:38:29,788] {logging_mixin.py:115} INFO - [2022-06-23 23:38:29,788] {dagbag.py:507} INFO - Filling up the DagBag from /home/airflow/.local/lib/python3.7/site-packages/airflow/example_dags/example_branch_operator.py
[2022-06-23 23:38:29,795] {processor.py:651} INFO - DAG(s) dict_keys(['example_branch_operator']) retrieved from /home/airflow/.local/lib/python3.7/site-packages/airflow/example_dags/example_branch_operator.py
[2022-06-23 23:38:29,821] {logging_mixin.py:115} INFO - [2022-06-23 23:38:29,821] {dag.py:2379} INFO - Sync 1 DAGs
[2022-06-23 23:38:29,938] {logging_mixin.py:115} INFO - [2022-06-23 23:38:29,938] {dag.py:2931} INFO - Setting next_dagrun for example_branch_operator to 2022-06-22T00:00:00+00:00, run_after=2022-06-23T00:00:00+00:00
[2022-06-23 23:38:29,961] {processor.py:161} INFO - Processing /home/airflow/.local/lib/python3.7/site-packages/airflow/example_dags/example_branch_operator.py took 0.176 seconds
[2022-06-23 23:39:00,233] {processor.py:153} INFO - Started process (PID=1088) to work on /home/airflow/.local/lib/python3.7/site-packages/airflow/example_dags/example_branch_operator.py
[2022-06-23 23:39:00,245] {processor.py:641} INFO - Processing file /home/airflow/.local/lib/python3.7/site-packages/airflow/example_dags/example_branch_operator.py for tasks to queue
[2022-06-23 23:39:00,246] {logging_mixin.py:115} INFO - [2022-06-23 23:39:00,246] {dagbag.py:507} INFO - Filling up the DagBag from /home/airflow/.local/lib/python3.7/site-packages/airflow/example_dags/example_branch_operator.py
[2022-06-23 23:39:00,257] {processor.py:651} INFO - DAG(s) dict_keys(['example_branch_operator']) retrieved from /home/airflow/.local/lib/python3.7/site-packages/airflow/example_dags/example_branch_operator.py
[2022-06-23 23:39:00,286] {logging_mixin.py:115} INFO - [2022-06-23 23:39:00,286] {dag.py:2379} INFO - Sync 1 DAGs
[2022-06-23 23:39:00,398] {logging_mixin.py:115} INFO - [2022-06-23 23:39:00,398] {dag.py:2931} INFO - Setting next_dagrun for example_branch_operator to 2022-06-22T00:00:00+00:00, run_after=2022-06-23T00:00:00+00:00
[2022-06-23 23:39:00,416] {processor.py:161} INFO - Processing /home/airflow/.local/lib/python3.7/site-packages/airflow/example_dags/example_branch_operator.py took 0.186 seconds
[2022-06-23 23:39:30,587] {processor.py:153} INFO - Started process (PID=1142) to work on /home/airflow/.local/lib/python3.7/site-packages/airflow/example_dags/example_branch_operator.py
[2022-06-23 23:39:30,588] {processor.py:641} INFO - Processing file /home/airflow/.local/lib/python3.7/site-packages/airflow/example_dags/example_branch_operator.py for tasks to queue
[2022-06-23 23:39:30,588] {logging_mixin.py:115} INFO - [2022-06-23 23:39:30,588] {dagbag.py:507} INFO - Filling up the DagBag from /home/airflow/.local/lib/python3.7/site-packages/airflow/example_dags/example_branch_operator.py
[2022-06-23 23:39:30,597] {processor.py:651} INFO - DAG(s) dict_keys(['example_branch_operator']) retrieved from /home/airflow/.local/lib/python3.7/site-packages/airflow/example_dags/example_branch_operator.py
[2022-06-23 23:39:30,618] {logging_mixin.py:115} INFO - [2022-06-23 23:39:30,618] {dag.py:2379} INFO - Sync 1 DAGs
[2022-06-23 23:39:30,733] {logging_mixin.py:115} INFO - [2022-06-23 23:39:30,733] {dag.py:2931} INFO - Setting next_dagrun for example_branch_operator to 2022-06-22T00:00:00+00:00, run_after=2022-06-23T00:00:00+00:00
[2022-06-23 23:39:30,747] {processor.py:161} INFO - Processing /home/airflow/.local/lib/python3.7/site-packages/airflow/example_dags/example_branch_operator.py took 0.164 seconds
[2022-06-23 23:40:01,046] {processor.py:153} INFO - Started process (PID=1209) to work on /home/airflow/.local/lib/python3.7/site-packages/airflow/example_dags/example_branch_operator.py
[2022-06-23 23:40:01,051] {processor.py:641} INFO - Processing file /home/airflow/.local/lib/python3.7/site-packages/airflow/example_dags/example_branch_operator.py for tasks to queue
[2022-06-23 23:40:01,051] {logging_mixin.py:115} INFO - [2022-06-23 23:40:01,051] {dagbag.py:507} INFO - Filling up the DagBag from /home/airflow/.local/lib/python3.7/site-packages/airflow/example_dags/example_branch_operator.py
[2022-06-23 23:40:01,060] {processor.py:651} INFO - DAG(s) dict_keys(['example_branch_operator']) retrieved from /home/airflow/.local/lib/python3.7/site-packages/airflow/example_dags/example_branch_operator.py
[2022-06-23 23:40:01,091] {logging_mixin.py:115} INFO - [2022-06-23 23:40:01,091] {dag.py:2379} INFO - Sync 1 DAGs
[2022-06-23 23:40:01,229] {logging_mixin.py:115} INFO - [2022-06-23 23:40:01,229] {dag.py:2931} INFO - Setting next_dagrun for example_branch_operator to 2022-06-22T00:00:00+00:00, run_after=2022-06-23T00:00:00+00:00
[2022-06-23 23:40:01,251] {processor.py:161} INFO - Processing /home/airflow/.local/lib/python3.7/site-packages/airflow/example_dags/example_branch_operator.py took 0.210 seconds
[2022-06-23 23:40:31,497] {processor.py:153} INFO - Started process (PID=1272) to work on /home/airflow/.local/lib/python3.7/site-packages/airflow/example_dags/example_branch_operator.py
[2022-06-23 23:40:31,497] {processor.py:641} INFO - Processing file /home/airflow/.local/lib/python3.7/site-packages/airflow/example_dags/example_branch_operator.py for tasks to queue
[2022-06-23 23:40:31,498] {logging_mixin.py:115} INFO - [2022-06-23 23:40:31,498] {dagbag.py:507} INFO - Filling up the DagBag from /home/airflow/.local/lib/python3.7/site-packages/airflow/example_dags/example_branch_operator.py
[2022-06-23 23:40:31,507] {processor.py:651} INFO - DAG(s) dict_keys(['example_branch_operator']) retrieved from /home/airflow/.local/lib/python3.7/site-packages/airflow/example_dags/example_branch_operator.py
[2022-06-23 23:40:31,541] {logging_mixin.py:115} INFO - [2022-06-23 23:40:31,541] {dag.py:2379} INFO - Sync 1 DAGs
[2022-06-23 23:40:31,669] {logging_mixin.py:115} INFO - [2022-06-23 23:40:31,669] {dag.py:2931} INFO - Setting next_dagrun for example_branch_operator to 2022-06-22T00:00:00+00:00, run_after=2022-06-23T00:00:00+00:00
[2022-06-23 23:40:31,701] {processor.py:161} INFO - Processing /home/airflow/.local/lib/python3.7/site-packages/airflow/example_dags/example_branch_operator.py took 0.208 seconds
[2022-06-23 23:41:01,740] {processor.py:153} INFO - Started process (PID=1326) to work on /home/airflow/.local/lib/python3.7/site-packages/airflow/example_dags/example_branch_operator.py
[2022-06-23 23:41:01,747] {processor.py:641} INFO - Processing file /home/airflow/.local/lib/python3.7/site-packages/airflow/example_dags/example_branch_operator.py for tasks to queue
[2022-06-23 23:41:01,747] {logging_mixin.py:115} INFO - [2022-06-23 23:41:01,747] {dagbag.py:507} INFO - Filling up the DagBag from /home/airflow/.local/lib/python3.7/site-packages/airflow/example_dags/example_branch_operator.py
[2022-06-23 23:41:01,761] {processor.py:651} INFO - DAG(s) dict_keys(['example_branch_operator']) retrieved from /home/airflow/.local/lib/python3.7/site-packages/airflow/example_dags/example_branch_operator.py
[2022-06-23 23:41:01,786] {logging_mixin.py:115} INFO - [2022-06-23 23:41:01,786] {dag.py:2379} INFO - Sync 1 DAGs
[2022-06-23 23:41:01,905] {logging_mixin.py:115} INFO - [2022-06-23 23:41:01,905] {dag.py:2931} INFO - Setting next_dagrun for example_branch_operator to 2022-06-22T00:00:00+00:00, run_after=2022-06-23T00:00:00+00:00
[2022-06-23 23:41:01,916] {processor.py:161} INFO - Processing /home/airflow/.local/lib/python3.7/site-packages/airflow/example_dags/example_branch_operator.py took 0.179 seconds
[2022-06-23 23:41:32,399] {processor.py:153} INFO - Started process (PID=1389) to work on /home/airflow/.local/lib/python3.7/site-packages/airflow/example_dags/example_branch_operator.py
[2022-06-23 23:41:32,400] {processor.py:641} INFO - Processing file /home/airflow/.local/lib/python3.7/site-packages/airflow/example_dags/example_branch_operator.py for tasks to queue
[2022-06-23 23:41:32,400] {logging_mixin.py:115} INFO - [2022-06-23 23:41:32,400] {dagbag.py:507} INFO - Filling up the DagBag from /home/airflow/.local/lib/python3.7/site-packages/airflow/example_dags/example_branch_operator.py
[2022-06-23 23:41:32,408] {processor.py:651} INFO - DAG(s) dict_keys(['example_branch_operator']) retrieved from /home/airflow/.local/lib/python3.7/site-packages/airflow/example_dags/example_branch_operator.py
[2022-06-23 23:41:32,439] {logging_mixin.py:115} INFO - [2022-06-23 23:41:32,439] {dag.py:2379} INFO - Sync 1 DAGs
[2022-06-23 23:41:32,558] {logging_mixin.py:115} INFO - [2022-06-23 23:41:32,558] {dag.py:2931} INFO - Setting next_dagrun for example_branch_operator to 2022-06-22T00:00:00+00:00, run_after=2022-06-23T00:00:00+00:00
[2022-06-23 23:41:32,578] {processor.py:161} INFO - Processing /home/airflow/.local/lib/python3.7/site-packages/airflow/example_dags/example_branch_operator.py took 0.184 seconds
[2022-06-23 23:42:02,960] {processor.py:153} INFO - Started process (PID=1452) to work on /home/airflow/.local/lib/python3.7/site-packages/airflow/example_dags/example_branch_operator.py
[2022-06-23 23:42:02,960] {processor.py:641} INFO - Processing file /home/airflow/.local/lib/python3.7/site-packages/airflow/example_dags/example_branch_operator.py for tasks to queue
[2022-06-23 23:42:02,961] {logging_mixin.py:115} INFO - [2022-06-23 23:42:02,961] {dagbag.py:507} INFO - Filling up the DagBag from /home/airflow/.local/lib/python3.7/site-packages/airflow/example_dags/example_branch_operator.py
[2022-06-23 23:42:02,969] {processor.py:651} INFO - DAG(s) dict_keys(['example_branch_operator']) retrieved from /home/airflow/.local/lib/python3.7/site-packages/airflow/example_dags/example_branch_operator.py
[2022-06-23 23:42:02,998] {logging_mixin.py:115} INFO - [2022-06-23 23:42:02,998] {dag.py:2379} INFO - Sync 1 DAGs
[2022-06-23 23:42:03,117] {logging_mixin.py:115} INFO - [2022-06-23 23:42:03,116] {dag.py:2931} INFO - Setting next_dagrun for example_branch_operator to 2022-06-22T00:00:00+00:00, run_after=2022-06-23T00:00:00+00:00
[2022-06-23 23:42:03,139] {processor.py:161} INFO - Processing /home/airflow/.local/lib/python3.7/site-packages/airflow/example_dags/example_branch_operator.py took 0.183 seconds
[2022-06-23 23:42:33,491] {processor.py:153} INFO - Started process (PID=1506) to work on /home/airflow/.local/lib/python3.7/site-packages/airflow/example_dags/example_branch_operator.py
[2022-06-23 23:42:33,492] {processor.py:641} INFO - Processing file /home/airflow/.local/lib/python3.7/site-packages/airflow/example_dags/example_branch_operator.py for tasks to queue
[2022-06-23 23:42:33,492] {logging_mixin.py:115} INFO - [2022-06-23 23:42:33,492] {dagbag.py:507} INFO - Filling up the DagBag from /home/airflow/.local/lib/python3.7/site-packages/airflow/example_dags/example_branch_operator.py
[2022-06-23 23:42:33,502] {processor.py:651} INFO - DAG(s) dict_keys(['example_branch_operator']) retrieved from /home/airflow/.local/lib/python3.7/site-packages/airflow/example_dags/example_branch_operator.py
[2022-06-23 23:42:33,531] {logging_mixin.py:115} INFO - [2022-06-23 23:42:33,531] {dag.py:2379} INFO - Sync 1 DAGs
[2022-06-23 23:42:33,648] {logging_mixin.py:115} INFO - [2022-06-23 23:42:33,647] {dag.py:2931} INFO - Setting next_dagrun for example_branch_operator to 2022-06-22T00:00:00+00:00, run_after=2022-06-23T00:00:00+00:00
[2022-06-23 23:42:33,705] {processor.py:161} INFO - Processing /home/airflow/.local/lib/python3.7/site-packages/airflow/example_dags/example_branch_operator.py took 0.220 seconds
[2022-06-23 23:43:04,142] {processor.py:153} INFO - Started process (PID=1569) to work on /home/airflow/.local/lib/python3.7/site-packages/airflow/example_dags/example_branch_operator.py
[2022-06-23 23:43:04,142] {processor.py:641} INFO - Processing file /home/airflow/.local/lib/python3.7/site-packages/airflow/example_dags/example_branch_operator.py for tasks to queue
[2022-06-23 23:43:04,142] {logging_mixin.py:115} INFO - [2022-06-23 23:43:04,142] {dagbag.py:507} INFO - Filling up the DagBag from /home/airflow/.local/lib/python3.7/site-packages/airflow/example_dags/example_branch_operator.py
[2022-06-23 23:43:04,151] {processor.py:651} INFO - DAG(s) dict_keys(['example_branch_operator']) retrieved from /home/airflow/.local/lib/python3.7/site-packages/airflow/example_dags/example_branch_operator.py
[2022-06-23 23:43:04,177] {logging_mixin.py:115} INFO - [2022-06-23 23:43:04,177] {dag.py:2379} INFO - Sync 1 DAGs
[2022-06-23 23:43:04,288] {logging_mixin.py:115} INFO - [2022-06-23 23:43:04,288] {dag.py:2931} INFO - Setting next_dagrun for example_branch_operator to 2022-06-22T00:00:00+00:00, run_after=2022-06-23T00:00:00+00:00
[2022-06-23 23:43:04,300] {processor.py:161} INFO - Processing /home/airflow/.local/lib/python3.7/site-packages/airflow/example_dags/example_branch_operator.py took 0.161 seconds
[2022-06-23 23:43:34,835] {processor.py:153} INFO - Started process (PID=1630) to work on /home/airflow/.local/lib/python3.7/site-packages/airflow/example_dags/example_branch_operator.py
[2022-06-23 23:43:34,835] {processor.py:641} INFO - Processing file /home/airflow/.local/lib/python3.7/site-packages/airflow/example_dags/example_branch_operator.py for tasks to queue
[2022-06-23 23:43:34,836] {logging_mixin.py:115} INFO - [2022-06-23 23:43:34,836] {dagbag.py:507} INFO - Filling up the DagBag from /home/airflow/.local/lib/python3.7/site-packages/airflow/example_dags/example_branch_operator.py
[2022-06-23 23:43:34,849] {processor.py:651} INFO - DAG(s) dict_keys(['example_branch_operator']) retrieved from /home/airflow/.local/lib/python3.7/site-packages/airflow/example_dags/example_branch_operator.py
[2022-06-23 23:43:34,876] {logging_mixin.py:115} INFO - [2022-06-23 23:43:34,876] {dag.py:2379} INFO - Sync 1 DAGs
[2022-06-23 23:43:34,991] {logging_mixin.py:115} INFO - [2022-06-23 23:43:34,991] {dag.py:2931} INFO - Setting next_dagrun for example_branch_operator to 2022-06-22T00:00:00+00:00, run_after=2022-06-23T00:00:00+00:00
[2022-06-23 23:43:35,011] {processor.py:161} INFO - Processing /home/airflow/.local/lib/python3.7/site-packages/airflow/example_dags/example_branch_operator.py took 0.180 seconds
[2022-06-23 23:44:05,233] {processor.py:153} INFO - Started process (PID=1686) to work on /home/airflow/.local/lib/python3.7/site-packages/airflow/example_dags/example_branch_operator.py
[2022-06-23 23:44:05,234] {processor.py:641} INFO - Processing file /home/airflow/.local/lib/python3.7/site-packages/airflow/example_dags/example_branch_operator.py for tasks to queue
[2022-06-23 23:44:05,234] {logging_mixin.py:115} INFO - [2022-06-23 23:44:05,234] {dagbag.py:507} INFO - Filling up the DagBag from /home/airflow/.local/lib/python3.7/site-packages/airflow/example_dags/example_branch_operator.py
[2022-06-23 23:44:05,245] {processor.py:651} INFO - DAG(s) dict_keys(['example_branch_operator']) retrieved from /home/airflow/.local/lib/python3.7/site-packages/airflow/example_dags/example_branch_operator.py
[2022-06-23 23:44:05,272] {logging_mixin.py:115} INFO - [2022-06-23 23:44:05,272] {dag.py:2379} INFO - Sync 1 DAGs
[2022-06-23 23:44:05,380] {logging_mixin.py:115} INFO - [2022-06-23 23:44:05,380] {dag.py:2931} INFO - Setting next_dagrun for example_branch_operator to 2022-06-22T00:00:00+00:00, run_after=2022-06-23T00:00:00+00:00
[2022-06-23 23:44:05,392] {processor.py:161} INFO - Processing /home/airflow/.local/lib/python3.7/site-packages/airflow/example_dags/example_branch_operator.py took 0.162 seconds
[2022-06-23 23:44:35,822] {processor.py:153} INFO - Started process (PID=1750) to work on /home/airflow/.local/lib/python3.7/site-packages/airflow/example_dags/example_branch_operator.py
[2022-06-23 23:44:35,822] {processor.py:641} INFO - Processing file /home/airflow/.local/lib/python3.7/site-packages/airflow/example_dags/example_branch_operator.py for tasks to queue
[2022-06-23 23:44:35,823] {logging_mixin.py:115} INFO - [2022-06-23 23:44:35,823] {dagbag.py:507} INFO - Filling up the DagBag from /home/airflow/.local/lib/python3.7/site-packages/airflow/example_dags/example_branch_operator.py
[2022-06-23 23:44:35,832] {processor.py:651} INFO - DAG(s) dict_keys(['example_branch_operator']) retrieved from /home/airflow/.local/lib/python3.7/site-packages/airflow/example_dags/example_branch_operator.py
[2022-06-23 23:44:35,857] {logging_mixin.py:115} INFO - [2022-06-23 23:44:35,857] {dag.py:2379} INFO - Sync 1 DAGs
[2022-06-23 23:44:35,969] {logging_mixin.py:115} INFO - [2022-06-23 23:44:35,969] {dag.py:2931} INFO - Setting next_dagrun for example_branch_operator to 2022-06-22T00:00:00+00:00, run_after=2022-06-23T00:00:00+00:00
[2022-06-23 23:44:35,985] {processor.py:161} INFO - Processing /home/airflow/.local/lib/python3.7/site-packages/airflow/example_dags/example_branch_operator.py took 0.165 seconds
[2022-06-23 23:45:06,190] {processor.py:153} INFO - Started process (PID=1805) to work on /home/airflow/.local/lib/python3.7/site-packages/airflow/example_dags/example_branch_operator.py
[2022-06-23 23:45:06,204] {processor.py:641} INFO - Processing file /home/airflow/.local/lib/python3.7/site-packages/airflow/example_dags/example_branch_operator.py for tasks to queue
[2022-06-23 23:45:06,204] {logging_mixin.py:115} INFO - [2022-06-23 23:45:06,204] {dagbag.py:507} INFO - Filling up the DagBag from /home/airflow/.local/lib/python3.7/site-packages/airflow/example_dags/example_branch_operator.py
[2022-06-23 23:45:06,221] {processor.py:651} INFO - DAG(s) dict_keys(['example_branch_operator']) retrieved from /home/airflow/.local/lib/python3.7/site-packages/airflow/example_dags/example_branch_operator.py
[2022-06-23 23:45:06,250] {logging_mixin.py:115} INFO - [2022-06-23 23:45:06,250] {dag.py:2379} INFO - Sync 1 DAGs
[2022-06-23 23:45:06,385] {logging_mixin.py:115} INFO - [2022-06-23 23:45:06,385] {dag.py:2931} INFO - Setting next_dagrun for example_branch_operator to 2022-06-22T00:00:00+00:00, run_after=2022-06-23T00:00:00+00:00
[2022-06-23 23:45:06,466] {processor.py:161} INFO - Processing /home/airflow/.local/lib/python3.7/site-packages/airflow/example_dags/example_branch_operator.py took 0.280 seconds
[2022-06-23 23:45:36,860] {processor.py:153} INFO - Started process (PID=1867) to work on /home/airflow/.local/lib/python3.7/site-packages/airflow/example_dags/example_branch_operator.py
[2022-06-23 23:45:36,861] {processor.py:641} INFO - Processing file /home/airflow/.local/lib/python3.7/site-packages/airflow/example_dags/example_branch_operator.py for tasks to queue
[2022-06-23 23:45:36,862] {logging_mixin.py:115} INFO - [2022-06-23 23:45:36,861] {dagbag.py:507} INFO - Filling up the DagBag from /home/airflow/.local/lib/python3.7/site-packages/airflow/example_dags/example_branch_operator.py
[2022-06-23 23:45:36,870] {processor.py:651} INFO - DAG(s) dict_keys(['example_branch_operator']) retrieved from /home/airflow/.local/lib/python3.7/site-packages/airflow/example_dags/example_branch_operator.py
[2022-06-23 23:45:36,903] {logging_mixin.py:115} INFO - [2022-06-23 23:45:36,903] {dag.py:2379} INFO - Sync 1 DAGs
[2022-06-23 23:45:37,010] {logging_mixin.py:115} INFO - [2022-06-23 23:45:37,010] {dag.py:2931} INFO - Setting next_dagrun for example_branch_operator to 2022-06-22T00:00:00+00:00, run_after=2022-06-23T00:00:00+00:00
[2022-06-23 23:45:37,026] {processor.py:161} INFO - Processing /home/airflow/.local/lib/python3.7/site-packages/airflow/example_dags/example_branch_operator.py took 0.170 seconds
