[2022-06-23 01:17:29,660] {processor.py:153} INFO - Started process (PID=97) to work on /home/airflow/.local/lib/python3.7/site-packages/airflow/example_dags/example_local_kubernetes_executor.py
[2022-06-23 01:17:29,661] {processor.py:641} INFO - Processing file /home/airflow/.local/lib/python3.7/site-packages/airflow/example_dags/example_local_kubernetes_executor.py for tasks to queue
[2022-06-23 01:17:29,661] {logging_mixin.py:115} INFO - [2022-06-23 01:17:29,661] {dagbag.py:507} INFO - Filling up the DagBag from /home/airflow/.local/lib/python3.7/site-packages/airflow/example_dags/example_local_kubernetes_executor.py
[2022-06-23 01:17:29,677] {processor.py:651} INFO - DAG(s) dict_keys(['example_local_kubernetes_executor']) retrieved from /home/airflow/.local/lib/python3.7/site-packages/airflow/example_dags/example_local_kubernetes_executor.py
[2022-06-23 01:17:29,697] {logging_mixin.py:115} INFO - [2022-06-23 01:17:29,697] {dag.py:2379} INFO - Sync 1 DAGs
[2022-06-23 01:17:29,719] {logging_mixin.py:115} INFO - [2022-06-23 01:17:29,719] {dag.py:2931} INFO - Setting next_dagrun for example_local_kubernetes_executor to None, run_after=None
[2022-06-23 01:17:29,758] {processor.py:161} INFO - Processing /home/airflow/.local/lib/python3.7/site-packages/airflow/example_dags/example_local_kubernetes_executor.py took 0.103 seconds
[2022-06-23 01:18:00,100] {processor.py:153} INFO - Started process (PID=159) to work on /home/airflow/.local/lib/python3.7/site-packages/airflow/example_dags/example_local_kubernetes_executor.py
[2022-06-23 01:18:00,101] {processor.py:641} INFO - Processing file /home/airflow/.local/lib/python3.7/site-packages/airflow/example_dags/example_local_kubernetes_executor.py for tasks to queue
[2022-06-23 01:18:00,101] {logging_mixin.py:115} INFO - [2022-06-23 01:18:00,101] {dagbag.py:507} INFO - Filling up the DagBag from /home/airflow/.local/lib/python3.7/site-packages/airflow/example_dags/example_local_kubernetes_executor.py
[2022-06-23 01:18:00,119] {processor.py:651} INFO - DAG(s) dict_keys(['example_local_kubernetes_executor']) retrieved from /home/airflow/.local/lib/python3.7/site-packages/airflow/example_dags/example_local_kubernetes_executor.py
[2022-06-23 01:18:00,141] {logging_mixin.py:115} INFO - [2022-06-23 01:18:00,141] {dag.py:2379} INFO - Sync 1 DAGs
[2022-06-23 01:18:00,163] {logging_mixin.py:115} INFO - [2022-06-23 01:18:00,163] {dag.py:2931} INFO - Setting next_dagrun for example_local_kubernetes_executor to None, run_after=None
[2022-06-23 01:18:00,176] {processor.py:161} INFO - Processing /home/airflow/.local/lib/python3.7/site-packages/airflow/example_dags/example_local_kubernetes_executor.py took 0.080 seconds
[2022-06-23 23:30:21,988] {processor.py:153} INFO - Started process (PID=61) to work on /home/airflow/.local/lib/python3.7/site-packages/airflow/example_dags/example_local_kubernetes_executor.py
[2022-06-23 23:30:21,997] {processor.py:641} INFO - Processing file /home/airflow/.local/lib/python3.7/site-packages/airflow/example_dags/example_local_kubernetes_executor.py for tasks to queue
[2022-06-23 23:30:21,998] {logging_mixin.py:115} INFO - [2022-06-23 23:30:21,998] {dagbag.py:507} INFO - Filling up the DagBag from /home/airflow/.local/lib/python3.7/site-packages/airflow/example_dags/example_local_kubernetes_executor.py
[2022-06-23 23:30:22,017] {processor.py:651} INFO - DAG(s) dict_keys(['example_local_kubernetes_executor']) retrieved from /home/airflow/.local/lib/python3.7/site-packages/airflow/example_dags/example_local_kubernetes_executor.py
[2022-06-23 23:30:22,179] {logging_mixin.py:115} INFO - [2022-06-23 23:30:22,179] {dag.py:2379} INFO - Sync 1 DAGs
[2022-06-23 23:30:22,196] {logging_mixin.py:115} INFO - [2022-06-23 23:30:22,196] {dag.py:2931} INFO - Setting next_dagrun for example_local_kubernetes_executor to None, run_after=None
[2022-06-23 23:30:22,404] {processor.py:161} INFO - Processing /home/airflow/.local/lib/python3.7/site-packages/airflow/example_dags/example_local_kubernetes_executor.py took 0.421 seconds
[2022-06-23 23:30:53,278] {processor.py:153} INFO - Started process (PID=128) to work on /home/airflow/.local/lib/python3.7/site-packages/airflow/example_dags/example_local_kubernetes_executor.py
[2022-06-23 23:30:53,278] {processor.py:641} INFO - Processing file /home/airflow/.local/lib/python3.7/site-packages/airflow/example_dags/example_local_kubernetes_executor.py for tasks to queue
[2022-06-23 23:30:53,279] {logging_mixin.py:115} INFO - [2022-06-23 23:30:53,279] {dagbag.py:507} INFO - Filling up the DagBag from /home/airflow/.local/lib/python3.7/site-packages/airflow/example_dags/example_local_kubernetes_executor.py
[2022-06-23 23:30:53,292] {processor.py:651} INFO - DAG(s) dict_keys(['example_local_kubernetes_executor']) retrieved from /home/airflow/.local/lib/python3.7/site-packages/airflow/example_dags/example_local_kubernetes_executor.py
[2022-06-23 23:30:53,311] {logging_mixin.py:115} INFO - [2022-06-23 23:30:53,311] {dag.py:2379} INFO - Sync 1 DAGs
[2022-06-23 23:30:53,421] {logging_mixin.py:115} INFO - [2022-06-23 23:30:53,421] {dag.py:2931} INFO - Setting next_dagrun for example_local_kubernetes_executor to None, run_after=None
[2022-06-23 23:30:53,443] {processor.py:161} INFO - Processing /home/airflow/.local/lib/python3.7/site-packages/airflow/example_dags/example_local_kubernetes_executor.py took 0.170 seconds
[2022-06-23 23:31:23,967] {processor.py:153} INFO - Started process (PID=183) to work on /home/airflow/.local/lib/python3.7/site-packages/airflow/example_dags/example_local_kubernetes_executor.py
[2022-06-23 23:31:23,968] {processor.py:641} INFO - Processing file /home/airflow/.local/lib/python3.7/site-packages/airflow/example_dags/example_local_kubernetes_executor.py for tasks to queue
[2022-06-23 23:31:23,968] {logging_mixin.py:115} INFO - [2022-06-23 23:31:23,968] {dagbag.py:507} INFO - Filling up the DagBag from /home/airflow/.local/lib/python3.7/site-packages/airflow/example_dags/example_local_kubernetes_executor.py
[2022-06-23 23:31:23,981] {processor.py:651} INFO - DAG(s) dict_keys(['example_local_kubernetes_executor']) retrieved from /home/airflow/.local/lib/python3.7/site-packages/airflow/example_dags/example_local_kubernetes_executor.py
[2022-06-23 23:31:24,008] {logging_mixin.py:115} INFO - [2022-06-23 23:31:24,008] {dag.py:2379} INFO - Sync 1 DAGs
[2022-06-23 23:31:24,121] {logging_mixin.py:115} INFO - [2022-06-23 23:31:24,121] {dag.py:2931} INFO - Setting next_dagrun for example_local_kubernetes_executor to None, run_after=None
[2022-06-23 23:31:24,142] {processor.py:161} INFO - Processing /home/airflow/.local/lib/python3.7/site-packages/airflow/example_dags/example_local_kubernetes_executor.py took 0.177 seconds
[2022-06-23 23:31:54,268] {processor.py:153} INFO - Started process (PID=245) to work on /home/airflow/.local/lib/python3.7/site-packages/airflow/example_dags/example_local_kubernetes_executor.py
[2022-06-23 23:31:54,269] {processor.py:641} INFO - Processing file /home/airflow/.local/lib/python3.7/site-packages/airflow/example_dags/example_local_kubernetes_executor.py for tasks to queue
[2022-06-23 23:31:54,270] {logging_mixin.py:115} INFO - [2022-06-23 23:31:54,269] {dagbag.py:507} INFO - Filling up the DagBag from /home/airflow/.local/lib/python3.7/site-packages/airflow/example_dags/example_local_kubernetes_executor.py
[2022-06-23 23:31:54,285] {processor.py:651} INFO - DAG(s) dict_keys(['example_local_kubernetes_executor']) retrieved from /home/airflow/.local/lib/python3.7/site-packages/airflow/example_dags/example_local_kubernetes_executor.py
[2022-06-23 23:31:54,304] {logging_mixin.py:115} INFO - [2022-06-23 23:31:54,304] {dag.py:2379} INFO - Sync 1 DAGs
[2022-06-23 23:31:54,408] {logging_mixin.py:115} INFO - [2022-06-23 23:31:54,408] {dag.py:2931} INFO - Setting next_dagrun for example_local_kubernetes_executor to None, run_after=None
[2022-06-23 23:31:54,431] {processor.py:161} INFO - Processing /home/airflow/.local/lib/python3.7/site-packages/airflow/example_dags/example_local_kubernetes_executor.py took 0.167 seconds
[2022-06-23 23:32:24,485] {processor.py:153} INFO - Started process (PID=301) to work on /home/airflow/.local/lib/python3.7/site-packages/airflow/example_dags/example_local_kubernetes_executor.py
[2022-06-23 23:32:24,485] {processor.py:641} INFO - Processing file /home/airflow/.local/lib/python3.7/site-packages/airflow/example_dags/example_local_kubernetes_executor.py for tasks to queue
[2022-06-23 23:32:24,485] {logging_mixin.py:115} INFO - [2022-06-23 23:32:24,485] {dagbag.py:507} INFO - Filling up the DagBag from /home/airflow/.local/lib/python3.7/site-packages/airflow/example_dags/example_local_kubernetes_executor.py
[2022-06-23 23:32:24,501] {processor.py:651} INFO - DAG(s) dict_keys(['example_local_kubernetes_executor']) retrieved from /home/airflow/.local/lib/python3.7/site-packages/airflow/example_dags/example_local_kubernetes_executor.py
[2022-06-23 23:32:24,526] {logging_mixin.py:115} INFO - [2022-06-23 23:32:24,526] {dag.py:2379} INFO - Sync 1 DAGs
[2022-06-23 23:32:24,626] {logging_mixin.py:115} INFO - [2022-06-23 23:32:24,626] {dag.py:2931} INFO - Setting next_dagrun for example_local_kubernetes_executor to None, run_after=None
[2022-06-23 23:32:24,651] {processor.py:161} INFO - Processing /home/airflow/.local/lib/python3.7/site-packages/airflow/example_dags/example_local_kubernetes_executor.py took 0.168 seconds
[2022-06-23 23:32:54,714] {processor.py:153} INFO - Started process (PID=364) to work on /home/airflow/.local/lib/python3.7/site-packages/airflow/example_dags/example_local_kubernetes_executor.py
[2022-06-23 23:32:54,715] {processor.py:641} INFO - Processing file /home/airflow/.local/lib/python3.7/site-packages/airflow/example_dags/example_local_kubernetes_executor.py for tasks to queue
[2022-06-23 23:32:54,715] {logging_mixin.py:115} INFO - [2022-06-23 23:32:54,715] {dagbag.py:507} INFO - Filling up the DagBag from /home/airflow/.local/lib/python3.7/site-packages/airflow/example_dags/example_local_kubernetes_executor.py
[2022-06-23 23:32:54,730] {processor.py:651} INFO - DAG(s) dict_keys(['example_local_kubernetes_executor']) retrieved from /home/airflow/.local/lib/python3.7/site-packages/airflow/example_dags/example_local_kubernetes_executor.py
[2022-06-23 23:32:54,757] {logging_mixin.py:115} INFO - [2022-06-23 23:32:54,757] {dag.py:2379} INFO - Sync 1 DAGs
[2022-06-23 23:32:54,873] {logging_mixin.py:115} INFO - [2022-06-23 23:32:54,873] {dag.py:2931} INFO - Setting next_dagrun for example_local_kubernetes_executor to None, run_after=None
[2022-06-23 23:32:54,898] {processor.py:161} INFO - Processing /home/airflow/.local/lib/python3.7/site-packages/airflow/example_dags/example_local_kubernetes_executor.py took 0.188 seconds
[2022-06-23 23:33:24,963] {processor.py:153} INFO - Started process (PID=427) to work on /home/airflow/.local/lib/python3.7/site-packages/airflow/example_dags/example_local_kubernetes_executor.py
[2022-06-23 23:33:24,963] {processor.py:641} INFO - Processing file /home/airflow/.local/lib/python3.7/site-packages/airflow/example_dags/example_local_kubernetes_executor.py for tasks to queue
[2022-06-23 23:33:24,964] {logging_mixin.py:115} INFO - [2022-06-23 23:33:24,964] {dagbag.py:507} INFO - Filling up the DagBag from /home/airflow/.local/lib/python3.7/site-packages/airflow/example_dags/example_local_kubernetes_executor.py
[2022-06-23 23:33:24,981] {processor.py:651} INFO - DAG(s) dict_keys(['example_local_kubernetes_executor']) retrieved from /home/airflow/.local/lib/python3.7/site-packages/airflow/example_dags/example_local_kubernetes_executor.py
[2022-06-23 23:33:25,009] {logging_mixin.py:115} INFO - [2022-06-23 23:33:25,009] {dag.py:2379} INFO - Sync 1 DAGs
[2022-06-23 23:33:25,128] {logging_mixin.py:115} INFO - [2022-06-23 23:33:25,127] {dag.py:2931} INFO - Setting next_dagrun for example_local_kubernetes_executor to None, run_after=None
[2022-06-23 23:33:25,152] {processor.py:161} INFO - Processing /home/airflow/.local/lib/python3.7/site-packages/airflow/example_dags/example_local_kubernetes_executor.py took 0.193 seconds
[2022-06-23 23:33:55,486] {processor.py:153} INFO - Started process (PID=482) to work on /home/airflow/.local/lib/python3.7/site-packages/airflow/example_dags/example_local_kubernetes_executor.py
[2022-06-23 23:33:55,487] {processor.py:641} INFO - Processing file /home/airflow/.local/lib/python3.7/site-packages/airflow/example_dags/example_local_kubernetes_executor.py for tasks to queue
[2022-06-23 23:33:55,488] {logging_mixin.py:115} INFO - [2022-06-23 23:33:55,487] {dagbag.py:507} INFO - Filling up the DagBag from /home/airflow/.local/lib/python3.7/site-packages/airflow/example_dags/example_local_kubernetes_executor.py
[2022-06-23 23:33:55,501] {processor.py:651} INFO - DAG(s) dict_keys(['example_local_kubernetes_executor']) retrieved from /home/airflow/.local/lib/python3.7/site-packages/airflow/example_dags/example_local_kubernetes_executor.py
[2022-06-23 23:33:55,526] {logging_mixin.py:115} INFO - [2022-06-23 23:33:55,526] {dag.py:2379} INFO - Sync 1 DAGs
[2022-06-23 23:33:55,633] {logging_mixin.py:115} INFO - [2022-06-23 23:33:55,633] {dag.py:2931} INFO - Setting next_dagrun for example_local_kubernetes_executor to None, run_after=None
[2022-06-23 23:33:55,648] {processor.py:161} INFO - Processing /home/airflow/.local/lib/python3.7/site-packages/airflow/example_dags/example_local_kubernetes_executor.py took 0.166 seconds
[2022-06-23 23:34:25,787] {processor.py:153} INFO - Started process (PID=545) to work on /home/airflow/.local/lib/python3.7/site-packages/airflow/example_dags/example_local_kubernetes_executor.py
[2022-06-23 23:34:25,787] {processor.py:641} INFO - Processing file /home/airflow/.local/lib/python3.7/site-packages/airflow/example_dags/example_local_kubernetes_executor.py for tasks to queue
[2022-06-23 23:34:25,788] {logging_mixin.py:115} INFO - [2022-06-23 23:34:25,788] {dagbag.py:507} INFO - Filling up the DagBag from /home/airflow/.local/lib/python3.7/site-packages/airflow/example_dags/example_local_kubernetes_executor.py
[2022-06-23 23:34:25,800] {processor.py:651} INFO - DAG(s) dict_keys(['example_local_kubernetes_executor']) retrieved from /home/airflow/.local/lib/python3.7/site-packages/airflow/example_dags/example_local_kubernetes_executor.py
[2022-06-23 23:34:25,820] {logging_mixin.py:115} INFO - [2022-06-23 23:34:25,820] {dag.py:2379} INFO - Sync 1 DAGs
[2022-06-23 23:34:25,925] {logging_mixin.py:115} INFO - [2022-06-23 23:34:25,925] {dag.py:2931} INFO - Setting next_dagrun for example_local_kubernetes_executor to None, run_after=None
[2022-06-23 23:34:25,961] {processor.py:161} INFO - Processing /home/airflow/.local/lib/python3.7/site-packages/airflow/example_dags/example_local_kubernetes_executor.py took 0.179 seconds
[2022-06-23 23:34:56,241] {processor.py:153} INFO - Started process (PID=608) to work on /home/airflow/.local/lib/python3.7/site-packages/airflow/example_dags/example_local_kubernetes_executor.py
[2022-06-23 23:34:56,241] {processor.py:641} INFO - Processing file /home/airflow/.local/lib/python3.7/site-packages/airflow/example_dags/example_local_kubernetes_executor.py for tasks to queue
[2022-06-23 23:34:56,241] {logging_mixin.py:115} INFO - [2022-06-23 23:34:56,241] {dagbag.py:507} INFO - Filling up the DagBag from /home/airflow/.local/lib/python3.7/site-packages/airflow/example_dags/example_local_kubernetes_executor.py
[2022-06-23 23:34:56,254] {processor.py:651} INFO - DAG(s) dict_keys(['example_local_kubernetes_executor']) retrieved from /home/airflow/.local/lib/python3.7/site-packages/airflow/example_dags/example_local_kubernetes_executor.py
[2022-06-23 23:34:56,272] {logging_mixin.py:115} INFO - [2022-06-23 23:34:56,272] {dag.py:2379} INFO - Sync 1 DAGs
[2022-06-23 23:34:56,382] {logging_mixin.py:115} INFO - [2022-06-23 23:34:56,381] {dag.py:2931} INFO - Setting next_dagrun for example_local_kubernetes_executor to None, run_after=None
[2022-06-23 23:34:56,411] {processor.py:161} INFO - Processing /home/airflow/.local/lib/python3.7/site-packages/airflow/example_dags/example_local_kubernetes_executor.py took 0.173 seconds
[2022-06-23 23:35:26,496] {processor.py:153} INFO - Started process (PID=664) to work on /home/airflow/.local/lib/python3.7/site-packages/airflow/example_dags/example_local_kubernetes_executor.py
[2022-06-23 23:35:26,510] {processor.py:641} INFO - Processing file /home/airflow/.local/lib/python3.7/site-packages/airflow/example_dags/example_local_kubernetes_executor.py for tasks to queue
[2022-06-23 23:35:26,511] {logging_mixin.py:115} INFO - [2022-06-23 23:35:26,511] {dagbag.py:507} INFO - Filling up the DagBag from /home/airflow/.local/lib/python3.7/site-packages/airflow/example_dags/example_local_kubernetes_executor.py
[2022-06-23 23:35:26,528] {processor.py:651} INFO - DAG(s) dict_keys(['example_local_kubernetes_executor']) retrieved from /home/airflow/.local/lib/python3.7/site-packages/airflow/example_dags/example_local_kubernetes_executor.py
[2022-06-23 23:35:26,556] {logging_mixin.py:115} INFO - [2022-06-23 23:35:26,556] {dag.py:2379} INFO - Sync 1 DAGs
[2022-06-23 23:35:26,681] {logging_mixin.py:115} INFO - [2022-06-23 23:35:26,681] {dag.py:2931} INFO - Setting next_dagrun for example_local_kubernetes_executor to None, run_after=None
[2022-06-23 23:35:26,763] {processor.py:161} INFO - Processing /home/airflow/.local/lib/python3.7/site-packages/airflow/example_dags/example_local_kubernetes_executor.py took 0.270 seconds
[2022-06-23 23:35:57,237] {processor.py:153} INFO - Started process (PID=727) to work on /home/airflow/.local/lib/python3.7/site-packages/airflow/example_dags/example_local_kubernetes_executor.py
[2022-06-23 23:35:57,237] {processor.py:641} INFO - Processing file /home/airflow/.local/lib/python3.7/site-packages/airflow/example_dags/example_local_kubernetes_executor.py for tasks to queue
[2022-06-23 23:35:57,238] {logging_mixin.py:115} INFO - [2022-06-23 23:35:57,238] {dagbag.py:507} INFO - Filling up the DagBag from /home/airflow/.local/lib/python3.7/site-packages/airflow/example_dags/example_local_kubernetes_executor.py
[2022-06-23 23:35:57,251] {processor.py:651} INFO - DAG(s) dict_keys(['example_local_kubernetes_executor']) retrieved from /home/airflow/.local/lib/python3.7/site-packages/airflow/example_dags/example_local_kubernetes_executor.py
[2022-06-23 23:35:57,270] {logging_mixin.py:115} INFO - [2022-06-23 23:35:57,270] {dag.py:2379} INFO - Sync 1 DAGs
[2022-06-23 23:35:57,380] {logging_mixin.py:115} INFO - [2022-06-23 23:35:57,380] {dag.py:2931} INFO - Setting next_dagrun for example_local_kubernetes_executor to None, run_after=None
[2022-06-23 23:35:57,402] {processor.py:161} INFO - Processing /home/airflow/.local/lib/python3.7/site-packages/airflow/example_dags/example_local_kubernetes_executor.py took 0.167 seconds
[2022-06-23 23:36:27,623] {processor.py:153} INFO - Started process (PID=788) to work on /home/airflow/.local/lib/python3.7/site-packages/airflow/example_dags/example_local_kubernetes_executor.py
[2022-06-23 23:36:27,624] {processor.py:641} INFO - Processing file /home/airflow/.local/lib/python3.7/site-packages/airflow/example_dags/example_local_kubernetes_executor.py for tasks to queue
[2022-06-23 23:36:27,624] {logging_mixin.py:115} INFO - [2022-06-23 23:36:27,624] {dagbag.py:507} INFO - Filling up the DagBag from /home/airflow/.local/lib/python3.7/site-packages/airflow/example_dags/example_local_kubernetes_executor.py
[2022-06-23 23:36:27,636] {processor.py:651} INFO - DAG(s) dict_keys(['example_local_kubernetes_executor']) retrieved from /home/airflow/.local/lib/python3.7/site-packages/airflow/example_dags/example_local_kubernetes_executor.py
[2022-06-23 23:36:27,661] {logging_mixin.py:115} INFO - [2022-06-23 23:36:27,661] {dag.py:2379} INFO - Sync 1 DAGs
[2022-06-23 23:36:27,789] {logging_mixin.py:115} INFO - [2022-06-23 23:36:27,789] {dag.py:2931} INFO - Setting next_dagrun for example_local_kubernetes_executor to None, run_after=None
[2022-06-23 23:36:27,809] {processor.py:161} INFO - Processing /home/airflow/.local/lib/python3.7/site-packages/airflow/example_dags/example_local_kubernetes_executor.py took 0.189 seconds
[2022-06-23 23:36:58,147] {processor.py:153} INFO - Started process (PID=844) to work on /home/airflow/.local/lib/python3.7/site-packages/airflow/example_dags/example_local_kubernetes_executor.py
[2022-06-23 23:36:58,147] {processor.py:641} INFO - Processing file /home/airflow/.local/lib/python3.7/site-packages/airflow/example_dags/example_local_kubernetes_executor.py for tasks to queue
[2022-06-23 23:36:58,148] {logging_mixin.py:115} INFO - [2022-06-23 23:36:58,148] {dagbag.py:507} INFO - Filling up the DagBag from /home/airflow/.local/lib/python3.7/site-packages/airflow/example_dags/example_local_kubernetes_executor.py
[2022-06-23 23:36:58,165] {processor.py:651} INFO - DAG(s) dict_keys(['example_local_kubernetes_executor']) retrieved from /home/airflow/.local/lib/python3.7/site-packages/airflow/example_dags/example_local_kubernetes_executor.py
[2022-06-23 23:36:58,192] {logging_mixin.py:115} INFO - [2022-06-23 23:36:58,192] {dag.py:2379} INFO - Sync 1 DAGs
[2022-06-23 23:36:58,300] {logging_mixin.py:115} INFO - [2022-06-23 23:36:58,300] {dag.py:2931} INFO - Setting next_dagrun for example_local_kubernetes_executor to None, run_after=None
[2022-06-23 23:36:58,316] {processor.py:161} INFO - Processing /home/airflow/.local/lib/python3.7/site-packages/airflow/example_dags/example_local_kubernetes_executor.py took 0.172 seconds
[2022-06-23 23:37:28,967] {processor.py:153} INFO - Started process (PID=907) to work on /home/airflow/.local/lib/python3.7/site-packages/airflow/example_dags/example_local_kubernetes_executor.py
[2022-06-23 23:37:28,968] {processor.py:641} INFO - Processing file /home/airflow/.local/lib/python3.7/site-packages/airflow/example_dags/example_local_kubernetes_executor.py for tasks to queue
[2022-06-23 23:37:28,969] {logging_mixin.py:115} INFO - [2022-06-23 23:37:28,969] {dagbag.py:507} INFO - Filling up the DagBag from /home/airflow/.local/lib/python3.7/site-packages/airflow/example_dags/example_local_kubernetes_executor.py
[2022-06-23 23:37:28,986] {processor.py:651} INFO - DAG(s) dict_keys(['example_local_kubernetes_executor']) retrieved from /home/airflow/.local/lib/python3.7/site-packages/airflow/example_dags/example_local_kubernetes_executor.py
[2022-06-23 23:37:29,011] {logging_mixin.py:115} INFO - [2022-06-23 23:37:29,010] {dag.py:2379} INFO - Sync 1 DAGs
[2022-06-23 23:37:29,118] {logging_mixin.py:115} INFO - [2022-06-23 23:37:29,118] {dag.py:2931} INFO - Setting next_dagrun for example_local_kubernetes_executor to None, run_after=None
[2022-06-23 23:37:29,136] {processor.py:161} INFO - Processing /home/airflow/.local/lib/python3.7/site-packages/airflow/example_dags/example_local_kubernetes_executor.py took 0.173 seconds
[2022-06-23 23:37:59,258] {processor.py:153} INFO - Started process (PID=962) to work on /home/airflow/.local/lib/python3.7/site-packages/airflow/example_dags/example_local_kubernetes_executor.py
[2022-06-23 23:37:59,259] {processor.py:641} INFO - Processing file /home/airflow/.local/lib/python3.7/site-packages/airflow/example_dags/example_local_kubernetes_executor.py for tasks to queue
[2022-06-23 23:37:59,259] {logging_mixin.py:115} INFO - [2022-06-23 23:37:59,259] {dagbag.py:507} INFO - Filling up the DagBag from /home/airflow/.local/lib/python3.7/site-packages/airflow/example_dags/example_local_kubernetes_executor.py
[2022-06-23 23:37:59,271] {processor.py:651} INFO - DAG(s) dict_keys(['example_local_kubernetes_executor']) retrieved from /home/airflow/.local/lib/python3.7/site-packages/airflow/example_dags/example_local_kubernetes_executor.py
[2022-06-23 23:37:59,298] {logging_mixin.py:115} INFO - [2022-06-23 23:37:59,298] {dag.py:2379} INFO - Sync 1 DAGs
[2022-06-23 23:37:59,437] {logging_mixin.py:115} INFO - [2022-06-23 23:37:59,437] {dag.py:2931} INFO - Setting next_dagrun for example_local_kubernetes_executor to None, run_after=None
[2022-06-23 23:37:59,448] {processor.py:161} INFO - Processing /home/airflow/.local/lib/python3.7/site-packages/airflow/example_dags/example_local_kubernetes_executor.py took 0.193 seconds
[2022-06-23 23:38:29,806] {processor.py:153} INFO - Started process (PID=1025) to work on /home/airflow/.local/lib/python3.7/site-packages/airflow/example_dags/example_local_kubernetes_executor.py
[2022-06-23 23:38:29,806] {processor.py:641} INFO - Processing file /home/airflow/.local/lib/python3.7/site-packages/airflow/example_dags/example_local_kubernetes_executor.py for tasks to queue
[2022-06-23 23:38:29,807] {logging_mixin.py:115} INFO - [2022-06-23 23:38:29,807] {dagbag.py:507} INFO - Filling up the DagBag from /home/airflow/.local/lib/python3.7/site-packages/airflow/example_dags/example_local_kubernetes_executor.py
[2022-06-23 23:38:29,825] {processor.py:651} INFO - DAG(s) dict_keys(['example_local_kubernetes_executor']) retrieved from /home/airflow/.local/lib/python3.7/site-packages/airflow/example_dags/example_local_kubernetes_executor.py
[2022-06-23 23:38:29,849] {logging_mixin.py:115} INFO - [2022-06-23 23:38:29,849] {dag.py:2379} INFO - Sync 1 DAGs
[2022-06-23 23:38:29,952] {logging_mixin.py:115} INFO - [2022-06-23 23:38:29,952] {dag.py:2931} INFO - Setting next_dagrun for example_local_kubernetes_executor to None, run_after=None
[2022-06-23 23:38:29,965] {processor.py:161} INFO - Processing /home/airflow/.local/lib/python3.7/site-packages/airflow/example_dags/example_local_kubernetes_executor.py took 0.164 seconds
[2022-06-23 23:39:00,275] {processor.py:153} INFO - Started process (PID=1089) to work on /home/airflow/.local/lib/python3.7/site-packages/airflow/example_dags/example_local_kubernetes_executor.py
[2022-06-23 23:39:00,276] {processor.py:641} INFO - Processing file /home/airflow/.local/lib/python3.7/site-packages/airflow/example_dags/example_local_kubernetes_executor.py for tasks to queue
[2022-06-23 23:39:00,276] {logging_mixin.py:115} INFO - [2022-06-23 23:39:00,276] {dagbag.py:507} INFO - Filling up the DagBag from /home/airflow/.local/lib/python3.7/site-packages/airflow/example_dags/example_local_kubernetes_executor.py
[2022-06-23 23:39:00,294] {processor.py:651} INFO - DAG(s) dict_keys(['example_local_kubernetes_executor']) retrieved from /home/airflow/.local/lib/python3.7/site-packages/airflow/example_dags/example_local_kubernetes_executor.py
[2022-06-23 23:39:00,322] {logging_mixin.py:115} INFO - [2022-06-23 23:39:00,322] {dag.py:2379} INFO - Sync 1 DAGs
[2022-06-23 23:39:00,428] {logging_mixin.py:115} INFO - [2022-06-23 23:39:00,428] {dag.py:2931} INFO - Setting next_dagrun for example_local_kubernetes_executor to None, run_after=None
[2022-06-23 23:39:00,439] {processor.py:161} INFO - Processing /home/airflow/.local/lib/python3.7/site-packages/airflow/example_dags/example_local_kubernetes_executor.py took 0.168 seconds
[2022-06-23 23:39:30,652] {processor.py:153} INFO - Started process (PID=1143) to work on /home/airflow/.local/lib/python3.7/site-packages/airflow/example_dags/example_local_kubernetes_executor.py
[2022-06-23 23:39:30,652] {processor.py:641} INFO - Processing file /home/airflow/.local/lib/python3.7/site-packages/airflow/example_dags/example_local_kubernetes_executor.py for tasks to queue
[2022-06-23 23:39:30,652] {logging_mixin.py:115} INFO - [2022-06-23 23:39:30,652] {dagbag.py:507} INFO - Filling up the DagBag from /home/airflow/.local/lib/python3.7/site-packages/airflow/example_dags/example_local_kubernetes_executor.py
[2022-06-23 23:39:30,665] {processor.py:651} INFO - DAG(s) dict_keys(['example_local_kubernetes_executor']) retrieved from /home/airflow/.local/lib/python3.7/site-packages/airflow/example_dags/example_local_kubernetes_executor.py
[2022-06-23 23:39:30,686] {logging_mixin.py:115} INFO - [2022-06-23 23:39:30,686] {dag.py:2379} INFO - Sync 1 DAGs
[2022-06-23 23:39:30,791] {logging_mixin.py:115} INFO - [2022-06-23 23:39:30,791] {dag.py:2931} INFO - Setting next_dagrun for example_local_kubernetes_executor to None, run_after=None
[2022-06-23 23:39:30,810] {processor.py:161} INFO - Processing /home/airflow/.local/lib/python3.7/site-packages/airflow/example_dags/example_local_kubernetes_executor.py took 0.162 seconds
[2022-06-23 23:40:01,107] {processor.py:153} INFO - Started process (PID=1210) to work on /home/airflow/.local/lib/python3.7/site-packages/airflow/example_dags/example_local_kubernetes_executor.py
[2022-06-23 23:40:01,107] {processor.py:641} INFO - Processing file /home/airflow/.local/lib/python3.7/site-packages/airflow/example_dags/example_local_kubernetes_executor.py for tasks to queue
[2022-06-23 23:40:01,108] {logging_mixin.py:115} INFO - [2022-06-23 23:40:01,108] {dagbag.py:507} INFO - Filling up the DagBag from /home/airflow/.local/lib/python3.7/site-packages/airflow/example_dags/example_local_kubernetes_executor.py
[2022-06-23 23:40:01,122] {processor.py:651} INFO - DAG(s) dict_keys(['example_local_kubernetes_executor']) retrieved from /home/airflow/.local/lib/python3.7/site-packages/airflow/example_dags/example_local_kubernetes_executor.py
[2022-06-23 23:40:01,152] {logging_mixin.py:115} INFO - [2022-06-23 23:40:01,152] {dag.py:2379} INFO - Sync 1 DAGs
[2022-06-23 23:40:01,264] {logging_mixin.py:115} INFO - [2022-06-23 23:40:01,264] {dag.py:2931} INFO - Setting next_dagrun for example_local_kubernetes_executor to None, run_after=None
[2022-06-23 23:40:01,281] {processor.py:161} INFO - Processing /home/airflow/.local/lib/python3.7/site-packages/airflow/example_dags/example_local_kubernetes_executor.py took 0.176 seconds
[2022-06-23 23:40:31,540] {processor.py:153} INFO - Started process (PID=1273) to work on /home/airflow/.local/lib/python3.7/site-packages/airflow/example_dags/example_local_kubernetes_executor.py
[2022-06-23 23:40:31,562] {processor.py:641} INFO - Processing file /home/airflow/.local/lib/python3.7/site-packages/airflow/example_dags/example_local_kubernetes_executor.py for tasks to queue
[2022-06-23 23:40:31,563] {logging_mixin.py:115} INFO - [2022-06-23 23:40:31,563] {dagbag.py:507} INFO - Filling up the DagBag from /home/airflow/.local/lib/python3.7/site-packages/airflow/example_dags/example_local_kubernetes_executor.py
[2022-06-23 23:40:31,585] {processor.py:651} INFO - DAG(s) dict_keys(['example_local_kubernetes_executor']) retrieved from /home/airflow/.local/lib/python3.7/site-packages/airflow/example_dags/example_local_kubernetes_executor.py
[2022-06-23 23:40:31,609] {logging_mixin.py:115} INFO - [2022-06-23 23:40:31,609] {dag.py:2379} INFO - Sync 1 DAGs
[2022-06-23 23:40:31,731] {logging_mixin.py:115} INFO - [2022-06-23 23:40:31,731] {dag.py:2931} INFO - Setting next_dagrun for example_local_kubernetes_executor to None, run_after=None
[2022-06-23 23:40:31,743] {processor.py:161} INFO - Processing /home/airflow/.local/lib/python3.7/site-packages/airflow/example_dags/example_local_kubernetes_executor.py took 0.205 seconds
[2022-06-23 23:41:01,773] {processor.py:153} INFO - Started process (PID=1327) to work on /home/airflow/.local/lib/python3.7/site-packages/airflow/example_dags/example_local_kubernetes_executor.py
[2022-06-23 23:41:01,774] {processor.py:641} INFO - Processing file /home/airflow/.local/lib/python3.7/site-packages/airflow/example_dags/example_local_kubernetes_executor.py for tasks to queue
[2022-06-23 23:41:01,775] {logging_mixin.py:115} INFO - [2022-06-23 23:41:01,775] {dagbag.py:507} INFO - Filling up the DagBag from /home/airflow/.local/lib/python3.7/site-packages/airflow/example_dags/example_local_kubernetes_executor.py
[2022-06-23 23:41:01,799] {processor.py:651} INFO - DAG(s) dict_keys(['example_local_kubernetes_executor']) retrieved from /home/airflow/.local/lib/python3.7/site-packages/airflow/example_dags/example_local_kubernetes_executor.py
[2022-06-23 23:41:01,825] {logging_mixin.py:115} INFO - [2022-06-23 23:41:01,825] {dag.py:2379} INFO - Sync 1 DAGs
[2022-06-23 23:41:01,927] {logging_mixin.py:115} INFO - [2022-06-23 23:41:01,926] {dag.py:2931} INFO - Setting next_dagrun for example_local_kubernetes_executor to None, run_after=None
[2022-06-23 23:41:01,943] {processor.py:161} INFO - Processing /home/airflow/.local/lib/python3.7/site-packages/airflow/example_dags/example_local_kubernetes_executor.py took 0.173 seconds
[2022-06-23 23:41:32,471] {processor.py:153} INFO - Started process (PID=1390) to work on /home/airflow/.local/lib/python3.7/site-packages/airflow/example_dags/example_local_kubernetes_executor.py
[2022-06-23 23:41:32,472] {processor.py:641} INFO - Processing file /home/airflow/.local/lib/python3.7/site-packages/airflow/example_dags/example_local_kubernetes_executor.py for tasks to queue
[2022-06-23 23:41:32,472] {logging_mixin.py:115} INFO - [2022-06-23 23:41:32,472] {dagbag.py:507} INFO - Filling up the DagBag from /home/airflow/.local/lib/python3.7/site-packages/airflow/example_dags/example_local_kubernetes_executor.py
[2022-06-23 23:41:32,484] {processor.py:651} INFO - DAG(s) dict_keys(['example_local_kubernetes_executor']) retrieved from /home/airflow/.local/lib/python3.7/site-packages/airflow/example_dags/example_local_kubernetes_executor.py
[2022-06-23 23:41:32,510] {logging_mixin.py:115} INFO - [2022-06-23 23:41:32,510] {dag.py:2379} INFO - Sync 1 DAGs
[2022-06-23 23:41:32,622] {logging_mixin.py:115} INFO - [2022-06-23 23:41:32,622] {dag.py:2931} INFO - Setting next_dagrun for example_local_kubernetes_executor to None, run_after=None
[2022-06-23 23:41:32,645] {processor.py:161} INFO - Processing /home/airflow/.local/lib/python3.7/site-packages/airflow/example_dags/example_local_kubernetes_executor.py took 0.176 seconds
[2022-06-23 23:42:02,969] {processor.py:153} INFO - Started process (PID=1453) to work on /home/airflow/.local/lib/python3.7/site-packages/airflow/example_dags/example_local_kubernetes_executor.py
[2022-06-23 23:42:02,969] {processor.py:641} INFO - Processing file /home/airflow/.local/lib/python3.7/site-packages/airflow/example_dags/example_local_kubernetes_executor.py for tasks to queue
[2022-06-23 23:42:02,970] {logging_mixin.py:115} INFO - [2022-06-23 23:42:02,970] {dagbag.py:507} INFO - Filling up the DagBag from /home/airflow/.local/lib/python3.7/site-packages/airflow/example_dags/example_local_kubernetes_executor.py
[2022-06-23 23:42:02,984] {processor.py:651} INFO - DAG(s) dict_keys(['example_local_kubernetes_executor']) retrieved from /home/airflow/.local/lib/python3.7/site-packages/airflow/example_dags/example_local_kubernetes_executor.py
[2022-06-23 23:42:03,008] {logging_mixin.py:115} INFO - [2022-06-23 23:42:03,008] {dag.py:2379} INFO - Sync 1 DAGs
[2022-06-23 23:42:03,134] {logging_mixin.py:115} INFO - [2022-06-23 23:42:03,134] {dag.py:2931} INFO - Setting next_dagrun for example_local_kubernetes_executor to None, run_after=None
[2022-06-23 23:42:03,150] {processor.py:161} INFO - Processing /home/airflow/.local/lib/python3.7/site-packages/airflow/example_dags/example_local_kubernetes_executor.py took 0.186 seconds
[2022-06-23 23:42:33,583] {processor.py:153} INFO - Started process (PID=1507) to work on /home/airflow/.local/lib/python3.7/site-packages/airflow/example_dags/example_local_kubernetes_executor.py
[2022-06-23 23:42:33,599] {processor.py:641} INFO - Processing file /home/airflow/.local/lib/python3.7/site-packages/airflow/example_dags/example_local_kubernetes_executor.py for tasks to queue
[2022-06-23 23:42:33,600] {logging_mixin.py:115} INFO - [2022-06-23 23:42:33,600] {dagbag.py:507} INFO - Filling up the DagBag from /home/airflow/.local/lib/python3.7/site-packages/airflow/example_dags/example_local_kubernetes_executor.py
[2022-06-23 23:42:33,621] {processor.py:651} INFO - DAG(s) dict_keys(['example_local_kubernetes_executor']) retrieved from /home/airflow/.local/lib/python3.7/site-packages/airflow/example_dags/example_local_kubernetes_executor.py
[2022-06-23 23:42:33,649] {logging_mixin.py:115} INFO - [2022-06-23 23:42:33,649] {dag.py:2379} INFO - Sync 1 DAGs
[2022-06-23 23:42:33,751] {logging_mixin.py:115} INFO - [2022-06-23 23:42:33,751] {dag.py:2931} INFO - Setting next_dagrun for example_local_kubernetes_executor to None, run_after=None
[2022-06-23 23:42:33,776] {processor.py:161} INFO - Processing /home/airflow/.local/lib/python3.7/site-packages/airflow/example_dags/example_local_kubernetes_executor.py took 0.196 seconds
[2022-06-23 23:43:04,158] {processor.py:153} INFO - Started process (PID=1570) to work on /home/airflow/.local/lib/python3.7/site-packages/airflow/example_dags/example_local_kubernetes_executor.py
[2022-06-23 23:43:04,159] {processor.py:641} INFO - Processing file /home/airflow/.local/lib/python3.7/site-packages/airflow/example_dags/example_local_kubernetes_executor.py for tasks to queue
[2022-06-23 23:43:04,159] {logging_mixin.py:115} INFO - [2022-06-23 23:43:04,159] {dagbag.py:507} INFO - Filling up the DagBag from /home/airflow/.local/lib/python3.7/site-packages/airflow/example_dags/example_local_kubernetes_executor.py
[2022-06-23 23:43:04,174] {processor.py:651} INFO - DAG(s) dict_keys(['example_local_kubernetes_executor']) retrieved from /home/airflow/.local/lib/python3.7/site-packages/airflow/example_dags/example_local_kubernetes_executor.py
[2022-06-23 23:43:04,204] {logging_mixin.py:115} INFO - [2022-06-23 23:43:04,204] {dag.py:2379} INFO - Sync 1 DAGs
[2022-06-23 23:43:04,306] {logging_mixin.py:115} INFO - [2022-06-23 23:43:04,306] {dag.py:2931} INFO - Setting next_dagrun for example_local_kubernetes_executor to None, run_after=None
[2022-06-23 23:43:04,318] {processor.py:161} INFO - Processing /home/airflow/.local/lib/python3.7/site-packages/airflow/example_dags/example_local_kubernetes_executor.py took 0.164 seconds
[2022-06-23 23:43:34,909] {processor.py:153} INFO - Started process (PID=1633) to work on /home/airflow/.local/lib/python3.7/site-packages/airflow/example_dags/example_local_kubernetes_executor.py
[2022-06-23 23:43:34,909] {processor.py:641} INFO - Processing file /home/airflow/.local/lib/python3.7/site-packages/airflow/example_dags/example_local_kubernetes_executor.py for tasks to queue
[2022-06-23 23:43:34,909] {logging_mixin.py:115} INFO - [2022-06-23 23:43:34,909] {dagbag.py:507} INFO - Filling up the DagBag from /home/airflow/.local/lib/python3.7/site-packages/airflow/example_dags/example_local_kubernetes_executor.py
[2022-06-23 23:43:34,923] {processor.py:651} INFO - DAG(s) dict_keys(['example_local_kubernetes_executor']) retrieved from /home/airflow/.local/lib/python3.7/site-packages/airflow/example_dags/example_local_kubernetes_executor.py
[2022-06-23 23:43:34,951] {logging_mixin.py:115} INFO - [2022-06-23 23:43:34,950] {dag.py:2379} INFO - Sync 1 DAGs
[2022-06-23 23:43:35,052] {logging_mixin.py:115} INFO - [2022-06-23 23:43:35,052] {dag.py:2931} INFO - Setting next_dagrun for example_local_kubernetes_executor to None, run_after=None
[2022-06-23 23:43:35,068] {processor.py:161} INFO - Processing /home/airflow/.local/lib/python3.7/site-packages/airflow/example_dags/example_local_kubernetes_executor.py took 0.163 seconds
[2022-06-23 23:44:05,242] {processor.py:153} INFO - Started process (PID=1687) to work on /home/airflow/.local/lib/python3.7/site-packages/airflow/example_dags/example_local_kubernetes_executor.py
[2022-06-23 23:44:05,243] {processor.py:641} INFO - Processing file /home/airflow/.local/lib/python3.7/site-packages/airflow/example_dags/example_local_kubernetes_executor.py for tasks to queue
[2022-06-23 23:44:05,243] {logging_mixin.py:115} INFO - [2022-06-23 23:44:05,243] {dagbag.py:507} INFO - Filling up the DagBag from /home/airflow/.local/lib/python3.7/site-packages/airflow/example_dags/example_local_kubernetes_executor.py
[2022-06-23 23:44:05,261] {processor.py:651} INFO - DAG(s) dict_keys(['example_local_kubernetes_executor']) retrieved from /home/airflow/.local/lib/python3.7/site-packages/airflow/example_dags/example_local_kubernetes_executor.py
[2022-06-23 23:44:05,281] {logging_mixin.py:115} INFO - [2022-06-23 23:44:05,281] {dag.py:2379} INFO - Sync 1 DAGs
[2022-06-23 23:44:05,397] {logging_mixin.py:115} INFO - [2022-06-23 23:44:05,397] {dag.py:2931} INFO - Setting next_dagrun for example_local_kubernetes_executor to None, run_after=None
[2022-06-23 23:44:05,408] {processor.py:161} INFO - Processing /home/airflow/.local/lib/python3.7/site-packages/airflow/example_dags/example_local_kubernetes_executor.py took 0.168 seconds
[2022-06-23 23:44:35,879] {processor.py:153} INFO - Started process (PID=1751) to work on /home/airflow/.local/lib/python3.7/site-packages/airflow/example_dags/example_local_kubernetes_executor.py
[2022-06-23 23:44:35,879] {processor.py:641} INFO - Processing file /home/airflow/.local/lib/python3.7/site-packages/airflow/example_dags/example_local_kubernetes_executor.py for tasks to queue
[2022-06-23 23:44:35,880] {logging_mixin.py:115} INFO - [2022-06-23 23:44:35,880] {dagbag.py:507} INFO - Filling up the DagBag from /home/airflow/.local/lib/python3.7/site-packages/airflow/example_dags/example_local_kubernetes_executor.py
[2022-06-23 23:44:35,896] {processor.py:651} INFO - DAG(s) dict_keys(['example_local_kubernetes_executor']) retrieved from /home/airflow/.local/lib/python3.7/site-packages/airflow/example_dags/example_local_kubernetes_executor.py
[2022-06-23 23:44:35,923] {logging_mixin.py:115} INFO - [2022-06-23 23:44:35,923] {dag.py:2379} INFO - Sync 1 DAGs
[2022-06-23 23:44:36,021] {logging_mixin.py:115} INFO - [2022-06-23 23:44:36,021] {dag.py:2931} INFO - Setting next_dagrun for example_local_kubernetes_executor to None, run_after=None
[2022-06-23 23:44:36,034] {processor.py:161} INFO - Processing /home/airflow/.local/lib/python3.7/site-packages/airflow/example_dags/example_local_kubernetes_executor.py took 0.160 seconds
[2022-06-23 23:45:06,195] {processor.py:153} INFO - Started process (PID=1806) to work on /home/airflow/.local/lib/python3.7/site-packages/airflow/example_dags/example_local_kubernetes_executor.py
[2022-06-23 23:45:06,204] {processor.py:641} INFO - Processing file /home/airflow/.local/lib/python3.7/site-packages/airflow/example_dags/example_local_kubernetes_executor.py for tasks to queue
[2022-06-23 23:45:06,204] {logging_mixin.py:115} INFO - [2022-06-23 23:45:06,204] {dagbag.py:507} INFO - Filling up the DagBag from /home/airflow/.local/lib/python3.7/site-packages/airflow/example_dags/example_local_kubernetes_executor.py
[2022-06-23 23:45:06,227] {processor.py:651} INFO - DAG(s) dict_keys(['example_local_kubernetes_executor']) retrieved from /home/airflow/.local/lib/python3.7/site-packages/airflow/example_dags/example_local_kubernetes_executor.py
[2022-06-23 23:45:06,250] {logging_mixin.py:115} INFO - [2022-06-23 23:45:06,250] {dag.py:2379} INFO - Sync 1 DAGs
[2022-06-23 23:45:06,374] {logging_mixin.py:115} INFO - [2022-06-23 23:45:06,374] {dag.py:2931} INFO - Setting next_dagrun for example_local_kubernetes_executor to None, run_after=None
[2022-06-23 23:45:06,441] {processor.py:161} INFO - Processing /home/airflow/.local/lib/python3.7/site-packages/airflow/example_dags/example_local_kubernetes_executor.py took 0.248 seconds
[2022-06-23 23:45:36,928] {processor.py:153} INFO - Started process (PID=1868) to work on /home/airflow/.local/lib/python3.7/site-packages/airflow/example_dags/example_local_kubernetes_executor.py
[2022-06-23 23:45:36,929] {processor.py:641} INFO - Processing file /home/airflow/.local/lib/python3.7/site-packages/airflow/example_dags/example_local_kubernetes_executor.py for tasks to queue
[2022-06-23 23:45:36,929] {logging_mixin.py:115} INFO - [2022-06-23 23:45:36,929] {dagbag.py:507} INFO - Filling up the DagBag from /home/airflow/.local/lib/python3.7/site-packages/airflow/example_dags/example_local_kubernetes_executor.py
[2022-06-23 23:45:36,943] {processor.py:651} INFO - DAG(s) dict_keys(['example_local_kubernetes_executor']) retrieved from /home/airflow/.local/lib/python3.7/site-packages/airflow/example_dags/example_local_kubernetes_executor.py
[2022-06-23 23:45:36,965] {logging_mixin.py:115} INFO - [2022-06-23 23:45:36,965] {dag.py:2379} INFO - Sync 1 DAGs
[2022-06-23 23:45:37,072] {logging_mixin.py:115} INFO - [2022-06-23 23:45:37,072] {dag.py:2931} INFO - Setting next_dagrun for example_local_kubernetes_executor to None, run_after=None
[2022-06-23 23:45:37,087] {processor.py:161} INFO - Processing /home/airflow/.local/lib/python3.7/site-packages/airflow/example_dags/example_local_kubernetes_executor.py took 0.163 seconds
