[2022-06-23 01:17:30,200] {processor.py:153} INFO - Started process (PID=100) to work on /home/airflow/.local/lib/python3.7/site-packages/airflow/example_dags/example_branch_labels.py
[2022-06-23 01:17:30,201] {processor.py:641} INFO - Processing file /home/airflow/.local/lib/python3.7/site-packages/airflow/example_dags/example_branch_labels.py for tasks to queue
[2022-06-23 01:17:30,201] {logging_mixin.py:115} INFO - [2022-06-23 01:17:30,201] {dagbag.py:507} INFO - Filling up the DagBag from /home/airflow/.local/lib/python3.7/site-packages/airflow/example_dags/example_branch_labels.py
[2022-06-23 01:17:30,211] {processor.py:651} INFO - DAG(s) dict_keys(['example_branch_labels']) retrieved from /home/airflow/.local/lib/python3.7/site-packages/airflow/example_dags/example_branch_labels.py
[2022-06-23 01:17:30,240] {logging_mixin.py:115} INFO - [2022-06-23 01:17:30,240] {dag.py:2379} INFO - Sync 1 DAGs
[2022-06-23 01:17:30,267] {logging_mixin.py:115} INFO - [2022-06-23 01:17:30,267] {dag.py:2931} INFO - Setting next_dagrun for example_branch_labels to 2022-06-22T00:00:00+00:00, run_after=2022-06-23T00:00:00+00:00
[2022-06-23 01:17:30,299] {processor.py:161} INFO - Processing /home/airflow/.local/lib/python3.7/site-packages/airflow/example_dags/example_branch_labels.py took 0.102 seconds
[2022-06-23 01:18:00,357] {processor.py:153} INFO - Started process (PID=162) to work on /home/airflow/.local/lib/python3.7/site-packages/airflow/example_dags/example_branch_labels.py
[2022-06-23 01:18:00,375] {processor.py:641} INFO - Processing file /home/airflow/.local/lib/python3.7/site-packages/airflow/example_dags/example_branch_labels.py for tasks to queue
[2022-06-23 01:18:00,376] {logging_mixin.py:115} INFO - [2022-06-23 01:18:00,376] {dagbag.py:507} INFO - Filling up the DagBag from /home/airflow/.local/lib/python3.7/site-packages/airflow/example_dags/example_branch_labels.py
[2022-06-23 01:18:00,392] {processor.py:651} INFO - DAG(s) dict_keys(['example_branch_labels']) retrieved from /home/airflow/.local/lib/python3.7/site-packages/airflow/example_dags/example_branch_labels.py
[2022-06-23 01:18:00,417] {logging_mixin.py:115} INFO - [2022-06-23 01:18:00,417] {dag.py:2379} INFO - Sync 1 DAGs
[2022-06-23 01:18:00,439] {logging_mixin.py:115} INFO - [2022-06-23 01:18:00,439] {dag.py:2931} INFO - Setting next_dagrun for example_branch_labels to 2022-06-22T00:00:00+00:00, run_after=2022-06-23T00:00:00+00:00
[2022-06-23 01:18:00,485] {processor.py:161} INFO - Processing /home/airflow/.local/lib/python3.7/site-packages/airflow/example_dags/example_branch_labels.py took 0.131 seconds
[2022-06-23 23:30:22,700] {processor.py:153} INFO - Started process (PID=64) to work on /home/airflow/.local/lib/python3.7/site-packages/airflow/example_dags/example_branch_labels.py
[2022-06-23 23:30:22,716] {processor.py:641} INFO - Processing file /home/airflow/.local/lib/python3.7/site-packages/airflow/example_dags/example_branch_labels.py for tasks to queue
[2022-06-23 23:30:22,717] {logging_mixin.py:115} INFO - [2022-06-23 23:30:22,717] {dagbag.py:507} INFO - Filling up the DagBag from /home/airflow/.local/lib/python3.7/site-packages/airflow/example_dags/example_branch_labels.py
[2022-06-23 23:30:22,724] {processor.py:651} INFO - DAG(s) dict_keys(['example_branch_labels']) retrieved from /home/airflow/.local/lib/python3.7/site-packages/airflow/example_dags/example_branch_labels.py
[2022-06-23 23:30:22,892] {logging_mixin.py:115} INFO - [2022-06-23 23:30:22,892] {dag.py:2379} INFO - Sync 1 DAGs
[2022-06-23 23:30:22,919] {logging_mixin.py:115} INFO - [2022-06-23 23:30:22,919] {dag.py:2931} INFO - Setting next_dagrun for example_branch_labels to 2022-06-22T00:00:00+00:00, run_after=2022-06-23T00:00:00+00:00
[2022-06-23 23:30:22,952] {processor.py:161} INFO - Processing /home/airflow/.local/lib/python3.7/site-packages/airflow/example_dags/example_branch_labels.py took 0.255 seconds
[2022-06-23 23:30:53,548] {processor.py:153} INFO - Started process (PID=131) to work on /home/airflow/.local/lib/python3.7/site-packages/airflow/example_dags/example_branch_labels.py
[2022-06-23 23:30:53,548] {processor.py:641} INFO - Processing file /home/airflow/.local/lib/python3.7/site-packages/airflow/example_dags/example_branch_labels.py for tasks to queue
[2022-06-23 23:30:53,549] {logging_mixin.py:115} INFO - [2022-06-23 23:30:53,549] {dagbag.py:507} INFO - Filling up the DagBag from /home/airflow/.local/lib/python3.7/site-packages/airflow/example_dags/example_branch_labels.py
[2022-06-23 23:30:53,560] {processor.py:651} INFO - DAG(s) dict_keys(['example_branch_labels']) retrieved from /home/airflow/.local/lib/python3.7/site-packages/airflow/example_dags/example_branch_labels.py
[2022-06-23 23:30:53,580] {logging_mixin.py:115} INFO - [2022-06-23 23:30:53,580] {dag.py:2379} INFO - Sync 1 DAGs
[2022-06-23 23:30:53,611] {logging_mixin.py:115} INFO - [2022-06-23 23:30:53,611] {dag.py:2931} INFO - Setting next_dagrun for example_branch_labels to 2022-06-22T00:00:00+00:00, run_after=2022-06-23T00:00:00+00:00
[2022-06-23 23:30:53,625] {processor.py:161} INFO - Processing /home/airflow/.local/lib/python3.7/site-packages/airflow/example_dags/example_branch_labels.py took 0.079 seconds
[2022-06-23 23:31:24,290] {processor.py:153} INFO - Started process (PID=187) to work on /home/airflow/.local/lib/python3.7/site-packages/airflow/example_dags/example_branch_labels.py
[2022-06-23 23:31:24,290] {processor.py:641} INFO - Processing file /home/airflow/.local/lib/python3.7/site-packages/airflow/example_dags/example_branch_labels.py for tasks to queue
[2022-06-23 23:31:24,291] {logging_mixin.py:115} INFO - [2022-06-23 23:31:24,291] {dagbag.py:507} INFO - Filling up the DagBag from /home/airflow/.local/lib/python3.7/site-packages/airflow/example_dags/example_branch_labels.py
[2022-06-23 23:31:24,300] {processor.py:651} INFO - DAG(s) dict_keys(['example_branch_labels']) retrieved from /home/airflow/.local/lib/python3.7/site-packages/airflow/example_dags/example_branch_labels.py
[2022-06-23 23:31:24,327] {logging_mixin.py:115} INFO - [2022-06-23 23:31:24,326] {dag.py:2379} INFO - Sync 1 DAGs
[2022-06-23 23:31:24,354] {logging_mixin.py:115} INFO - [2022-06-23 23:31:24,354] {dag.py:2931} INFO - Setting next_dagrun for example_branch_labels to 2022-06-22T00:00:00+00:00, run_after=2022-06-23T00:00:00+00:00
[2022-06-23 23:31:24,375] {processor.py:161} INFO - Processing /home/airflow/.local/lib/python3.7/site-packages/airflow/example_dags/example_branch_labels.py took 0.089 seconds
[2022-06-23 23:31:54,450] {processor.py:153} INFO - Started process (PID=248) to work on /home/airflow/.local/lib/python3.7/site-packages/airflow/example_dags/example_branch_labels.py
[2022-06-23 23:31:54,451] {processor.py:641} INFO - Processing file /home/airflow/.local/lib/python3.7/site-packages/airflow/example_dags/example_branch_labels.py for tasks to queue
[2022-06-23 23:31:54,451] {logging_mixin.py:115} INFO - [2022-06-23 23:31:54,451] {dagbag.py:507} INFO - Filling up the DagBag from /home/airflow/.local/lib/python3.7/site-packages/airflow/example_dags/example_branch_labels.py
[2022-06-23 23:31:54,462] {processor.py:651} INFO - DAG(s) dict_keys(['example_branch_labels']) retrieved from /home/airflow/.local/lib/python3.7/site-packages/airflow/example_dags/example_branch_labels.py
[2022-06-23 23:31:54,488] {logging_mixin.py:115} INFO - [2022-06-23 23:31:54,488] {dag.py:2379} INFO - Sync 1 DAGs
[2022-06-23 23:31:54,514] {logging_mixin.py:115} INFO - [2022-06-23 23:31:54,514] {dag.py:2931} INFO - Setting next_dagrun for example_branch_labels to 2022-06-22T00:00:00+00:00, run_after=2022-06-23T00:00:00+00:00
[2022-06-23 23:31:54,531] {processor.py:161} INFO - Processing /home/airflow/.local/lib/python3.7/site-packages/airflow/example_dags/example_branch_labels.py took 0.084 seconds
[2022-06-23 23:32:24,587] {processor.py:153} INFO - Started process (PID=303) to work on /home/airflow/.local/lib/python3.7/site-packages/airflow/example_dags/example_branch_labels.py
[2022-06-23 23:32:24,596] {processor.py:641} INFO - Processing file /home/airflow/.local/lib/python3.7/site-packages/airflow/example_dags/example_branch_labels.py for tasks to queue
[2022-06-23 23:32:24,596] {logging_mixin.py:115} INFO - [2022-06-23 23:32:24,596] {dagbag.py:507} INFO - Filling up the DagBag from /home/airflow/.local/lib/python3.7/site-packages/airflow/example_dags/example_branch_labels.py
[2022-06-23 23:32:24,600] {processor.py:651} INFO - DAG(s) dict_keys(['example_branch_labels']) retrieved from /home/airflow/.local/lib/python3.7/site-packages/airflow/example_dags/example_branch_labels.py
[2022-06-23 23:32:24,621] {logging_mixin.py:115} INFO - [2022-06-23 23:32:24,621] {dag.py:2379} INFO - Sync 1 DAGs
[2022-06-23 23:32:24,644] {logging_mixin.py:115} INFO - [2022-06-23 23:32:24,644] {dag.py:2931} INFO - Setting next_dagrun for example_branch_labels to 2022-06-22T00:00:00+00:00, run_after=2022-06-23T00:00:00+00:00
[2022-06-23 23:32:24,657] {processor.py:161} INFO - Processing /home/airflow/.local/lib/python3.7/site-packages/airflow/example_dags/example_branch_labels.py took 0.074 seconds
[2022-06-23 23:32:54,840] {processor.py:153} INFO - Started process (PID=366) to work on /home/airflow/.local/lib/python3.7/site-packages/airflow/example_dags/example_branch_labels.py
[2022-06-23 23:32:54,842] {processor.py:641} INFO - Processing file /home/airflow/.local/lib/python3.7/site-packages/airflow/example_dags/example_branch_labels.py for tasks to queue
[2022-06-23 23:32:54,842] {logging_mixin.py:115} INFO - [2022-06-23 23:32:54,842] {dagbag.py:507} INFO - Filling up the DagBag from /home/airflow/.local/lib/python3.7/site-packages/airflow/example_dags/example_branch_labels.py
[2022-06-23 23:32:54,847] {processor.py:651} INFO - DAG(s) dict_keys(['example_branch_labels']) retrieved from /home/airflow/.local/lib/python3.7/site-packages/airflow/example_dags/example_branch_labels.py
[2022-06-23 23:32:54,876] {logging_mixin.py:115} INFO - [2022-06-23 23:32:54,876] {dag.py:2379} INFO - Sync 1 DAGs
[2022-06-23 23:32:54,908] {logging_mixin.py:115} INFO - [2022-06-23 23:32:54,908] {dag.py:2931} INFO - Setting next_dagrun for example_branch_labels to 2022-06-22T00:00:00+00:00, run_after=2022-06-23T00:00:00+00:00
[2022-06-23 23:32:54,923] {processor.py:161} INFO - Processing /home/airflow/.local/lib/python3.7/site-packages/airflow/example_dags/example_branch_labels.py took 0.088 seconds
[2022-06-23 23:33:25,173] {processor.py:153} INFO - Started process (PID=429) to work on /home/airflow/.local/lib/python3.7/site-packages/airflow/example_dags/example_branch_labels.py
[2022-06-23 23:33:25,173] {processor.py:641} INFO - Processing file /home/airflow/.local/lib/python3.7/site-packages/airflow/example_dags/example_branch_labels.py for tasks to queue
[2022-06-23 23:33:25,173] {logging_mixin.py:115} INFO - [2022-06-23 23:33:25,173] {dagbag.py:507} INFO - Filling up the DagBag from /home/airflow/.local/lib/python3.7/site-packages/airflow/example_dags/example_branch_labels.py
[2022-06-23 23:33:25,178] {processor.py:651} INFO - DAG(s) dict_keys(['example_branch_labels']) retrieved from /home/airflow/.local/lib/python3.7/site-packages/airflow/example_dags/example_branch_labels.py
[2022-06-23 23:33:25,203] {logging_mixin.py:115} INFO - [2022-06-23 23:33:25,203] {dag.py:2379} INFO - Sync 1 DAGs
[2022-06-23 23:33:25,229] {logging_mixin.py:115} INFO - [2022-06-23 23:33:25,229] {dag.py:2931} INFO - Setting next_dagrun for example_branch_labels to 2022-06-22T00:00:00+00:00, run_after=2022-06-23T00:00:00+00:00
[2022-06-23 23:33:25,240] {processor.py:161} INFO - Processing /home/airflow/.local/lib/python3.7/site-packages/airflow/example_dags/example_branch_labels.py took 0.070 seconds
[2022-06-23 23:33:55,671] {processor.py:153} INFO - Started process (PID=484) to work on /home/airflow/.local/lib/python3.7/site-packages/airflow/example_dags/example_branch_labels.py
[2022-06-23 23:33:55,672] {processor.py:641} INFO - Processing file /home/airflow/.local/lib/python3.7/site-packages/airflow/example_dags/example_branch_labels.py for tasks to queue
[2022-06-23 23:33:55,672] {logging_mixin.py:115} INFO - [2022-06-23 23:33:55,672] {dagbag.py:507} INFO - Filling up the DagBag from /home/airflow/.local/lib/python3.7/site-packages/airflow/example_dags/example_branch_labels.py
[2022-06-23 23:33:55,678] {processor.py:651} INFO - DAG(s) dict_keys(['example_branch_labels']) retrieved from /home/airflow/.local/lib/python3.7/site-packages/airflow/example_dags/example_branch_labels.py
[2022-06-23 23:33:55,708] {logging_mixin.py:115} INFO - [2022-06-23 23:33:55,708] {dag.py:2379} INFO - Sync 1 DAGs
[2022-06-23 23:33:55,741] {logging_mixin.py:115} INFO - [2022-06-23 23:33:55,741] {dag.py:2931} INFO - Setting next_dagrun for example_branch_labels to 2022-06-22T00:00:00+00:00, run_after=2022-06-23T00:00:00+00:00
[2022-06-23 23:33:55,758] {processor.py:161} INFO - Processing /home/airflow/.local/lib/python3.7/site-packages/airflow/example_dags/example_branch_labels.py took 0.091 seconds
[2022-06-23 23:34:25,980] {processor.py:153} INFO - Started process (PID=547) to work on /home/airflow/.local/lib/python3.7/site-packages/airflow/example_dags/example_branch_labels.py
[2022-06-23 23:34:25,980] {processor.py:641} INFO - Processing file /home/airflow/.local/lib/python3.7/site-packages/airflow/example_dags/example_branch_labels.py for tasks to queue
[2022-06-23 23:34:25,981] {logging_mixin.py:115} INFO - [2022-06-23 23:34:25,981] {dagbag.py:507} INFO - Filling up the DagBag from /home/airflow/.local/lib/python3.7/site-packages/airflow/example_dags/example_branch_labels.py
[2022-06-23 23:34:25,986] {processor.py:651} INFO - DAG(s) dict_keys(['example_branch_labels']) retrieved from /home/airflow/.local/lib/python3.7/site-packages/airflow/example_dags/example_branch_labels.py
[2022-06-23 23:34:26,011] {logging_mixin.py:115} INFO - [2022-06-23 23:34:26,011] {dag.py:2379} INFO - Sync 1 DAGs
[2022-06-23 23:34:26,033] {logging_mixin.py:115} INFO - [2022-06-23 23:34:26,033] {dag.py:2931} INFO - Setting next_dagrun for example_branch_labels to 2022-06-22T00:00:00+00:00, run_after=2022-06-23T00:00:00+00:00
[2022-06-23 23:34:26,052] {processor.py:161} INFO - Processing /home/airflow/.local/lib/python3.7/site-packages/airflow/example_dags/example_branch_labels.py took 0.076 seconds
[2022-06-23 23:34:56,441] {processor.py:153} INFO - Started process (PID=610) to work on /home/airflow/.local/lib/python3.7/site-packages/airflow/example_dags/example_branch_labels.py
[2022-06-23 23:34:56,442] {processor.py:641} INFO - Processing file /home/airflow/.local/lib/python3.7/site-packages/airflow/example_dags/example_branch_labels.py for tasks to queue
[2022-06-23 23:34:56,443] {logging_mixin.py:115} INFO - [2022-06-23 23:34:56,442] {dagbag.py:507} INFO - Filling up the DagBag from /home/airflow/.local/lib/python3.7/site-packages/airflow/example_dags/example_branch_labels.py
[2022-06-23 23:34:56,448] {processor.py:651} INFO - DAG(s) dict_keys(['example_branch_labels']) retrieved from /home/airflow/.local/lib/python3.7/site-packages/airflow/example_dags/example_branch_labels.py
[2022-06-23 23:34:56,470] {logging_mixin.py:115} INFO - [2022-06-23 23:34:56,470] {dag.py:2379} INFO - Sync 1 DAGs
[2022-06-23 23:34:56,493] {logging_mixin.py:115} INFO - [2022-06-23 23:34:56,493] {dag.py:2931} INFO - Setting next_dagrun for example_branch_labels to 2022-06-22T00:00:00+00:00, run_after=2022-06-23T00:00:00+00:00
[2022-06-23 23:34:56,519] {processor.py:161} INFO - Processing /home/airflow/.local/lib/python3.7/site-packages/airflow/example_dags/example_branch_labels.py took 0.082 seconds
[2022-06-23 23:35:26,783] {processor.py:153} INFO - Started process (PID=666) to work on /home/airflow/.local/lib/python3.7/site-packages/airflow/example_dags/example_branch_labels.py
[2022-06-23 23:35:26,783] {processor.py:641} INFO - Processing file /home/airflow/.local/lib/python3.7/site-packages/airflow/example_dags/example_branch_labels.py for tasks to queue
[2022-06-23 23:35:26,784] {logging_mixin.py:115} INFO - [2022-06-23 23:35:26,784] {dagbag.py:507} INFO - Filling up the DagBag from /home/airflow/.local/lib/python3.7/site-packages/airflow/example_dags/example_branch_labels.py
[2022-06-23 23:35:26,790] {processor.py:651} INFO - DAG(s) dict_keys(['example_branch_labels']) retrieved from /home/airflow/.local/lib/python3.7/site-packages/airflow/example_dags/example_branch_labels.py
[2022-06-23 23:35:26,814] {logging_mixin.py:115} INFO - [2022-06-23 23:35:26,814] {dag.py:2379} INFO - Sync 1 DAGs
[2022-06-23 23:35:26,838] {logging_mixin.py:115} INFO - [2022-06-23 23:35:26,838] {dag.py:2931} INFO - Setting next_dagrun for example_branch_labels to 2022-06-22T00:00:00+00:00, run_after=2022-06-23T00:00:00+00:00
[2022-06-23 23:35:26,850] {processor.py:161} INFO - Processing /home/airflow/.local/lib/python3.7/site-packages/airflow/example_dags/example_branch_labels.py took 0.071 seconds
[2022-06-23 23:35:57,425] {processor.py:153} INFO - Started process (PID=729) to work on /home/airflow/.local/lib/python3.7/site-packages/airflow/example_dags/example_branch_labels.py
[2022-06-23 23:35:57,426] {processor.py:641} INFO - Processing file /home/airflow/.local/lib/python3.7/site-packages/airflow/example_dags/example_branch_labels.py for tasks to queue
[2022-06-23 23:35:57,427] {logging_mixin.py:115} INFO - [2022-06-23 23:35:57,426] {dagbag.py:507} INFO - Filling up the DagBag from /home/airflow/.local/lib/python3.7/site-packages/airflow/example_dags/example_branch_labels.py
[2022-06-23 23:35:57,433] {processor.py:651} INFO - DAG(s) dict_keys(['example_branch_labels']) retrieved from /home/airflow/.local/lib/python3.7/site-packages/airflow/example_dags/example_branch_labels.py
[2022-06-23 23:35:57,464] {logging_mixin.py:115} INFO - [2022-06-23 23:35:57,464] {dag.py:2379} INFO - Sync 1 DAGs
[2022-06-23 23:35:57,489] {logging_mixin.py:115} INFO - [2022-06-23 23:35:57,489] {dag.py:2931} INFO - Setting next_dagrun for example_branch_labels to 2022-06-22T00:00:00+00:00, run_after=2022-06-23T00:00:00+00:00
[2022-06-23 23:35:57,499] {processor.py:161} INFO - Processing /home/airflow/.local/lib/python3.7/site-packages/airflow/example_dags/example_branch_labels.py took 0.079 seconds
[2022-06-23 23:36:27,767] {processor.py:153} INFO - Started process (PID=791) to work on /home/airflow/.local/lib/python3.7/site-packages/airflow/example_dags/example_branch_labels.py
[2022-06-23 23:36:27,768] {processor.py:641} INFO - Processing file /home/airflow/.local/lib/python3.7/site-packages/airflow/example_dags/example_branch_labels.py for tasks to queue
[2022-06-23 23:36:27,769] {logging_mixin.py:115} INFO - [2022-06-23 23:36:27,769] {dagbag.py:507} INFO - Filling up the DagBag from /home/airflow/.local/lib/python3.7/site-packages/airflow/example_dags/example_branch_labels.py
[2022-06-23 23:36:27,776] {processor.py:651} INFO - DAG(s) dict_keys(['example_branch_labels']) retrieved from /home/airflow/.local/lib/python3.7/site-packages/airflow/example_dags/example_branch_labels.py
[2022-06-23 23:36:27,802] {logging_mixin.py:115} INFO - [2022-06-23 23:36:27,802] {dag.py:2379} INFO - Sync 1 DAGs
[2022-06-23 23:36:27,838] {logging_mixin.py:115} INFO - [2022-06-23 23:36:27,838] {dag.py:2931} INFO - Setting next_dagrun for example_branch_labels to 2022-06-22T00:00:00+00:00, run_after=2022-06-23T00:00:00+00:00
[2022-06-23 23:36:27,858] {processor.py:161} INFO - Processing /home/airflow/.local/lib/python3.7/site-packages/airflow/example_dags/example_branch_labels.py took 0.096 seconds
[2022-06-23 23:36:58,334] {processor.py:153} INFO - Started process (PID=846) to work on /home/airflow/.local/lib/python3.7/site-packages/airflow/example_dags/example_branch_labels.py
[2022-06-23 23:36:58,491] {processor.py:641} INFO - Processing file /home/airflow/.local/lib/python3.7/site-packages/airflow/example_dags/example_branch_labels.py for tasks to queue
[2022-06-23 23:36:58,492] {logging_mixin.py:115} INFO - [2022-06-23 23:36:58,492] {dagbag.py:507} INFO - Filling up the DagBag from /home/airflow/.local/lib/python3.7/site-packages/airflow/example_dags/example_branch_labels.py
[2022-06-23 23:36:58,503] {processor.py:651} INFO - DAG(s) dict_keys(['example_branch_labels']) retrieved from /home/airflow/.local/lib/python3.7/site-packages/airflow/example_dags/example_branch_labels.py
[2022-06-23 23:36:58,526] {logging_mixin.py:115} INFO - [2022-06-23 23:36:58,526] {dag.py:2379} INFO - Sync 1 DAGs
[2022-06-23 23:36:58,551] {logging_mixin.py:115} INFO - [2022-06-23 23:36:58,551] {dag.py:2931} INFO - Setting next_dagrun for example_branch_labels to 2022-06-22T00:00:00+00:00, run_after=2022-06-23T00:00:00+00:00
[2022-06-23 23:36:58,598] {processor.py:161} INFO - Processing /home/airflow/.local/lib/python3.7/site-packages/airflow/example_dags/example_branch_labels.py took 0.267 seconds
[2022-06-23 23:37:29,153] {processor.py:153} INFO - Started process (PID=909) to work on /home/airflow/.local/lib/python3.7/site-packages/airflow/example_dags/example_branch_labels.py
[2022-06-23 23:37:29,154] {processor.py:641} INFO - Processing file /home/airflow/.local/lib/python3.7/site-packages/airflow/example_dags/example_branch_labels.py for tasks to queue
[2022-06-23 23:37:29,154] {logging_mixin.py:115} INFO - [2022-06-23 23:37:29,154] {dagbag.py:507} INFO - Filling up the DagBag from /home/airflow/.local/lib/python3.7/site-packages/airflow/example_dags/example_branch_labels.py
[2022-06-23 23:37:29,164] {processor.py:651} INFO - DAG(s) dict_keys(['example_branch_labels']) retrieved from /home/airflow/.local/lib/python3.7/site-packages/airflow/example_dags/example_branch_labels.py
[2022-06-23 23:37:29,193] {logging_mixin.py:115} INFO - [2022-06-23 23:37:29,193] {dag.py:2379} INFO - Sync 1 DAGs
[2022-06-23 23:37:29,220] {logging_mixin.py:115} INFO - [2022-06-23 23:37:29,220] {dag.py:2931} INFO - Setting next_dagrun for example_branch_labels to 2022-06-22T00:00:00+00:00, run_after=2022-06-23T00:00:00+00:00
[2022-06-23 23:37:29,293] {processor.py:161} INFO - Processing /home/airflow/.local/lib/python3.7/site-packages/airflow/example_dags/example_branch_labels.py took 0.142 seconds
[2022-06-23 23:37:59,466] {processor.py:153} INFO - Started process (PID=964) to work on /home/airflow/.local/lib/python3.7/site-packages/airflow/example_dags/example_branch_labels.py
[2022-06-23 23:37:59,467] {processor.py:641} INFO - Processing file /home/airflow/.local/lib/python3.7/site-packages/airflow/example_dags/example_branch_labels.py for tasks to queue
[2022-06-23 23:37:59,468] {logging_mixin.py:115} INFO - [2022-06-23 23:37:59,468] {dagbag.py:507} INFO - Filling up the DagBag from /home/airflow/.local/lib/python3.7/site-packages/airflow/example_dags/example_branch_labels.py
[2022-06-23 23:37:59,477] {processor.py:651} INFO - DAG(s) dict_keys(['example_branch_labels']) retrieved from /home/airflow/.local/lib/python3.7/site-packages/airflow/example_dags/example_branch_labels.py
[2022-06-23 23:37:59,502] {logging_mixin.py:115} INFO - [2022-06-23 23:37:59,502] {dag.py:2379} INFO - Sync 1 DAGs
[2022-06-23 23:37:59,540] {logging_mixin.py:115} INFO - [2022-06-23 23:37:59,540] {dag.py:2931} INFO - Setting next_dagrun for example_branch_labels to 2022-06-22T00:00:00+00:00, run_after=2022-06-23T00:00:00+00:00
[2022-06-23 23:37:59,559] {processor.py:161} INFO - Processing /home/airflow/.local/lib/python3.7/site-packages/airflow/example_dags/example_branch_labels.py took 0.097 seconds
[2022-06-23 23:38:29,982] {processor.py:153} INFO - Started process (PID=1026) to work on /home/airflow/.local/lib/python3.7/site-packages/airflow/example_dags/example_branch_labels.py
[2022-06-23 23:38:29,982] {processor.py:641} INFO - Processing file /home/airflow/.local/lib/python3.7/site-packages/airflow/example_dags/example_branch_labels.py for tasks to queue
[2022-06-23 23:38:29,983] {logging_mixin.py:115} INFO - [2022-06-23 23:38:29,983] {dagbag.py:507} INFO - Filling up the DagBag from /home/airflow/.local/lib/python3.7/site-packages/airflow/example_dags/example_branch_labels.py
[2022-06-23 23:38:29,987] {processor.py:651} INFO - DAG(s) dict_keys(['example_branch_labels']) retrieved from /home/airflow/.local/lib/python3.7/site-packages/airflow/example_dags/example_branch_labels.py
[2022-06-23 23:38:30,013] {logging_mixin.py:115} INFO - [2022-06-23 23:38:30,013] {dag.py:2379} INFO - Sync 1 DAGs
[2022-06-23 23:38:30,042] {logging_mixin.py:115} INFO - [2022-06-23 23:38:30,042] {dag.py:2931} INFO - Setting next_dagrun for example_branch_labels to 2022-06-22T00:00:00+00:00, run_after=2022-06-23T00:00:00+00:00
[2022-06-23 23:38:30,078] {processor.py:161} INFO - Processing /home/airflow/.local/lib/python3.7/site-packages/airflow/example_dags/example_branch_labels.py took 0.099 seconds
[2022-06-23 23:39:00,438] {processor.py:153} INFO - Started process (PID=1090) to work on /home/airflow/.local/lib/python3.7/site-packages/airflow/example_dags/example_branch_labels.py
[2022-06-23 23:39:00,438] {processor.py:641} INFO - Processing file /home/airflow/.local/lib/python3.7/site-packages/airflow/example_dags/example_branch_labels.py for tasks to queue
[2022-06-23 23:39:00,439] {logging_mixin.py:115} INFO - [2022-06-23 23:39:00,439] {dagbag.py:507} INFO - Filling up the DagBag from /home/airflow/.local/lib/python3.7/site-packages/airflow/example_dags/example_branch_labels.py
[2022-06-23 23:39:00,444] {processor.py:651} INFO - DAG(s) dict_keys(['example_branch_labels']) retrieved from /home/airflow/.local/lib/python3.7/site-packages/airflow/example_dags/example_branch_labels.py
[2022-06-23 23:39:00,472] {logging_mixin.py:115} INFO - [2022-06-23 23:39:00,472] {dag.py:2379} INFO - Sync 1 DAGs
[2022-06-23 23:39:00,497] {logging_mixin.py:115} INFO - [2022-06-23 23:39:00,497] {dag.py:2931} INFO - Setting next_dagrun for example_branch_labels to 2022-06-22T00:00:00+00:00, run_after=2022-06-23T00:00:00+00:00
[2022-06-23 23:39:00,518] {processor.py:161} INFO - Processing /home/airflow/.local/lib/python3.7/site-packages/airflow/example_dags/example_branch_labels.py took 0.084 seconds
[2022-06-23 23:39:30,764] {processor.py:153} INFO - Started process (PID=1144) to work on /home/airflow/.local/lib/python3.7/site-packages/airflow/example_dags/example_branch_labels.py
[2022-06-23 23:39:30,765] {processor.py:641} INFO - Processing file /home/airflow/.local/lib/python3.7/site-packages/airflow/example_dags/example_branch_labels.py for tasks to queue
[2022-06-23 23:39:30,765] {logging_mixin.py:115} INFO - [2022-06-23 23:39:30,765] {dagbag.py:507} INFO - Filling up the DagBag from /home/airflow/.local/lib/python3.7/site-packages/airflow/example_dags/example_branch_labels.py
[2022-06-23 23:39:30,769] {processor.py:651} INFO - DAG(s) dict_keys(['example_branch_labels']) retrieved from /home/airflow/.local/lib/python3.7/site-packages/airflow/example_dags/example_branch_labels.py
[2022-06-23 23:39:30,794] {logging_mixin.py:115} INFO - [2022-06-23 23:39:30,793] {dag.py:2379} INFO - Sync 1 DAGs
[2022-06-23 23:39:30,824] {logging_mixin.py:115} INFO - [2022-06-23 23:39:30,824] {dag.py:2931} INFO - Setting next_dagrun for example_branch_labels to 2022-06-22T00:00:00+00:00, run_after=2022-06-23T00:00:00+00:00
[2022-06-23 23:39:30,841] {processor.py:161} INFO - Processing /home/airflow/.local/lib/python3.7/site-packages/airflow/example_dags/example_branch_labels.py took 0.078 seconds
[2022-06-23 23:40:01,307] {processor.py:153} INFO - Started process (PID=1212) to work on /home/airflow/.local/lib/python3.7/site-packages/airflow/example_dags/example_branch_labels.py
[2022-06-23 23:40:01,308] {processor.py:641} INFO - Processing file /home/airflow/.local/lib/python3.7/site-packages/airflow/example_dags/example_branch_labels.py for tasks to queue
[2022-06-23 23:40:01,308] {logging_mixin.py:115} INFO - [2022-06-23 23:40:01,308] {dagbag.py:507} INFO - Filling up the DagBag from /home/airflow/.local/lib/python3.7/site-packages/airflow/example_dags/example_branch_labels.py
[2022-06-23 23:40:01,313] {processor.py:651} INFO - DAG(s) dict_keys(['example_branch_labels']) retrieved from /home/airflow/.local/lib/python3.7/site-packages/airflow/example_dags/example_branch_labels.py
[2022-06-23 23:40:01,339] {logging_mixin.py:115} INFO - [2022-06-23 23:40:01,339] {dag.py:2379} INFO - Sync 1 DAGs
[2022-06-23 23:40:01,365] {logging_mixin.py:115} INFO - [2022-06-23 23:40:01,365] {dag.py:2931} INFO - Setting next_dagrun for example_branch_labels to 2022-06-22T00:00:00+00:00, run_after=2022-06-23T00:00:00+00:00
[2022-06-23 23:40:01,382] {processor.py:161} INFO - Processing /home/airflow/.local/lib/python3.7/site-packages/airflow/example_dags/example_branch_labels.py took 0.079 seconds
[2022-06-23 23:40:31,758] {processor.py:153} INFO - Started process (PID=1275) to work on /home/airflow/.local/lib/python3.7/site-packages/airflow/example_dags/example_branch_labels.py
[2022-06-23 23:40:31,759] {processor.py:641} INFO - Processing file /home/airflow/.local/lib/python3.7/site-packages/airflow/example_dags/example_branch_labels.py for tasks to queue
[2022-06-23 23:40:31,759] {logging_mixin.py:115} INFO - [2022-06-23 23:40:31,759] {dagbag.py:507} INFO - Filling up the DagBag from /home/airflow/.local/lib/python3.7/site-packages/airflow/example_dags/example_branch_labels.py
[2022-06-23 23:40:31,764] {processor.py:651} INFO - DAG(s) dict_keys(['example_branch_labels']) retrieved from /home/airflow/.local/lib/python3.7/site-packages/airflow/example_dags/example_branch_labels.py
[2022-06-23 23:40:31,792] {logging_mixin.py:115} INFO - [2022-06-23 23:40:31,792] {dag.py:2379} INFO - Sync 1 DAGs
[2022-06-23 23:40:31,934] {logging_mixin.py:115} INFO - [2022-06-23 23:40:31,934] {dag.py:2931} INFO - Setting next_dagrun for example_branch_labels to 2022-06-22T00:00:00+00:00, run_after=2022-06-23T00:00:00+00:00
[2022-06-23 23:40:31,952] {processor.py:161} INFO - Processing /home/airflow/.local/lib/python3.7/site-packages/airflow/example_dags/example_branch_labels.py took 0.196 seconds
[2022-06-23 23:41:02,150] {processor.py:153} INFO - Started process (PID=1329) to work on /home/airflow/.local/lib/python3.7/site-packages/airflow/example_dags/example_branch_labels.py
[2022-06-23 23:41:02,151] {processor.py:641} INFO - Processing file /home/airflow/.local/lib/python3.7/site-packages/airflow/example_dags/example_branch_labels.py for tasks to queue
[2022-06-23 23:41:02,152] {logging_mixin.py:115} INFO - [2022-06-23 23:41:02,152] {dagbag.py:507} INFO - Filling up the DagBag from /home/airflow/.local/lib/python3.7/site-packages/airflow/example_dags/example_branch_labels.py
[2022-06-23 23:41:02,161] {processor.py:651} INFO - DAG(s) dict_keys(['example_branch_labels']) retrieved from /home/airflow/.local/lib/python3.7/site-packages/airflow/example_dags/example_branch_labels.py
[2022-06-23 23:41:02,192] {logging_mixin.py:115} INFO - [2022-06-23 23:41:02,191] {dag.py:2379} INFO - Sync 1 DAGs
[2022-06-23 23:41:02,303] {logging_mixin.py:115} INFO - [2022-06-23 23:41:02,303] {dag.py:2931} INFO - Setting next_dagrun for example_branch_labels to 2022-06-22T00:00:00+00:00, run_after=2022-06-23T00:00:00+00:00
[2022-06-23 23:41:02,321] {processor.py:161} INFO - Processing /home/airflow/.local/lib/python3.7/site-packages/airflow/example_dags/example_branch_labels.py took 0.175 seconds
[2022-06-23 23:41:32,666] {processor.py:153} INFO - Started process (PID=1392) to work on /home/airflow/.local/lib/python3.7/site-packages/airflow/example_dags/example_branch_labels.py
[2022-06-23 23:41:32,666] {processor.py:641} INFO - Processing file /home/airflow/.local/lib/python3.7/site-packages/airflow/example_dags/example_branch_labels.py for tasks to queue
[2022-06-23 23:41:32,666] {logging_mixin.py:115} INFO - [2022-06-23 23:41:32,666] {dagbag.py:507} INFO - Filling up the DagBag from /home/airflow/.local/lib/python3.7/site-packages/airflow/example_dags/example_branch_labels.py
[2022-06-23 23:41:32,671] {processor.py:651} INFO - DAG(s) dict_keys(['example_branch_labels']) retrieved from /home/airflow/.local/lib/python3.7/site-packages/airflow/example_dags/example_branch_labels.py
[2022-06-23 23:41:32,699] {logging_mixin.py:115} INFO - [2022-06-23 23:41:32,699] {dag.py:2379} INFO - Sync 1 DAGs
[2022-06-23 23:41:32,812] {logging_mixin.py:115} INFO - [2022-06-23 23:41:32,811] {dag.py:2931} INFO - Setting next_dagrun for example_branch_labels to 2022-06-22T00:00:00+00:00, run_after=2022-06-23T00:00:00+00:00
[2022-06-23 23:41:32,827] {processor.py:161} INFO - Processing /home/airflow/.local/lib/python3.7/site-packages/airflow/example_dags/example_branch_labels.py took 0.164 seconds
[2022-06-23 23:42:03,172] {processor.py:153} INFO - Started process (PID=1455) to work on /home/airflow/.local/lib/python3.7/site-packages/airflow/example_dags/example_branch_labels.py
[2022-06-23 23:42:03,186] {processor.py:641} INFO - Processing file /home/airflow/.local/lib/python3.7/site-packages/airflow/example_dags/example_branch_labels.py for tasks to queue
[2022-06-23 23:42:03,186] {logging_mixin.py:115} INFO - [2022-06-23 23:42:03,186] {dagbag.py:507} INFO - Filling up the DagBag from /home/airflow/.local/lib/python3.7/site-packages/airflow/example_dags/example_branch_labels.py
[2022-06-23 23:42:03,194] {processor.py:651} INFO - DAG(s) dict_keys(['example_branch_labels']) retrieved from /home/airflow/.local/lib/python3.7/site-packages/airflow/example_dags/example_branch_labels.py
[2022-06-23 23:42:03,219] {logging_mixin.py:115} INFO - [2022-06-23 23:42:03,218] {dag.py:2379} INFO - Sync 1 DAGs
[2022-06-23 23:42:03,331] {logging_mixin.py:115} INFO - [2022-06-23 23:42:03,331] {dag.py:2931} INFO - Setting next_dagrun for example_branch_labels to 2022-06-22T00:00:00+00:00, run_after=2022-06-23T00:00:00+00:00
[2022-06-23 23:42:03,342] {processor.py:161} INFO - Processing /home/airflow/.local/lib/python3.7/site-packages/airflow/example_dags/example_branch_labels.py took 0.175 seconds
[2022-06-23 23:42:33,797] {processor.py:153} INFO - Started process (PID=1509) to work on /home/airflow/.local/lib/python3.7/site-packages/airflow/example_dags/example_branch_labels.py
[2022-06-23 23:42:33,797] {processor.py:641} INFO - Processing file /home/airflow/.local/lib/python3.7/site-packages/airflow/example_dags/example_branch_labels.py for tasks to queue
[2022-06-23 23:42:33,798] {logging_mixin.py:115} INFO - [2022-06-23 23:42:33,798] {dagbag.py:507} INFO - Filling up the DagBag from /home/airflow/.local/lib/python3.7/site-packages/airflow/example_dags/example_branch_labels.py
[2022-06-23 23:42:33,803] {processor.py:651} INFO - DAG(s) dict_keys(['example_branch_labels']) retrieved from /home/airflow/.local/lib/python3.7/site-packages/airflow/example_dags/example_branch_labels.py
[2022-06-23 23:42:33,831] {logging_mixin.py:115} INFO - [2022-06-23 23:42:33,831] {dag.py:2379} INFO - Sync 1 DAGs
[2022-06-23 23:42:33,952] {logging_mixin.py:115} INFO - [2022-06-23 23:42:33,952] {dag.py:2931} INFO - Setting next_dagrun for example_branch_labels to 2022-06-22T00:00:00+00:00, run_after=2022-06-23T00:00:00+00:00
[2022-06-23 23:42:33,968] {processor.py:161} INFO - Processing /home/airflow/.local/lib/python3.7/site-packages/airflow/example_dags/example_branch_labels.py took 0.176 seconds
[2022-06-23 23:43:04,332] {processor.py:153} INFO - Started process (PID=1572) to work on /home/airflow/.local/lib/python3.7/site-packages/airflow/example_dags/example_branch_labels.py
[2022-06-23 23:43:04,332] {processor.py:641} INFO - Processing file /home/airflow/.local/lib/python3.7/site-packages/airflow/example_dags/example_branch_labels.py for tasks to queue
[2022-06-23 23:43:04,332] {logging_mixin.py:115} INFO - [2022-06-23 23:43:04,332] {dagbag.py:507} INFO - Filling up the DagBag from /home/airflow/.local/lib/python3.7/site-packages/airflow/example_dags/example_branch_labels.py
[2022-06-23 23:43:04,337] {processor.py:651} INFO - DAG(s) dict_keys(['example_branch_labels']) retrieved from /home/airflow/.local/lib/python3.7/site-packages/airflow/example_dags/example_branch_labels.py
[2022-06-23 23:43:04,363] {logging_mixin.py:115} INFO - [2022-06-23 23:43:04,363] {dag.py:2379} INFO - Sync 1 DAGs
[2022-06-23 23:43:04,482] {logging_mixin.py:115} INFO - [2022-06-23 23:43:04,482] {dag.py:2931} INFO - Setting next_dagrun for example_branch_labels to 2022-06-22T00:00:00+00:00, run_after=2022-06-23T00:00:00+00:00
[2022-06-23 23:43:04,704] {processor.py:161} INFO - Processing /home/airflow/.local/lib/python3.7/site-packages/airflow/example_dags/example_branch_labels.py took 0.374 seconds
[2022-06-23 23:43:35,091] {processor.py:153} INFO - Started process (PID=1635) to work on /home/airflow/.local/lib/python3.7/site-packages/airflow/example_dags/example_branch_labels.py
[2022-06-23 23:43:35,092] {processor.py:641} INFO - Processing file /home/airflow/.local/lib/python3.7/site-packages/airflow/example_dags/example_branch_labels.py for tasks to queue
[2022-06-23 23:43:35,092] {logging_mixin.py:115} INFO - [2022-06-23 23:43:35,092] {dagbag.py:507} INFO - Filling up the DagBag from /home/airflow/.local/lib/python3.7/site-packages/airflow/example_dags/example_branch_labels.py
[2022-06-23 23:43:35,097] {processor.py:651} INFO - DAG(s) dict_keys(['example_branch_labels']) retrieved from /home/airflow/.local/lib/python3.7/site-packages/airflow/example_dags/example_branch_labels.py
[2022-06-23 23:43:35,127] {logging_mixin.py:115} INFO - [2022-06-23 23:43:35,127] {dag.py:2379} INFO - Sync 1 DAGs
[2022-06-23 23:43:35,247] {logging_mixin.py:115} INFO - [2022-06-23 23:43:35,247] {dag.py:2931} INFO - Setting next_dagrun for example_branch_labels to 2022-06-22T00:00:00+00:00, run_after=2022-06-23T00:00:00+00:00
[2022-06-23 23:43:35,259] {processor.py:161} INFO - Processing /home/airflow/.local/lib/python3.7/site-packages/airflow/example_dags/example_branch_labels.py took 0.172 seconds
[2022-06-23 23:44:05,423] {processor.py:153} INFO - Started process (PID=1689) to work on /home/airflow/.local/lib/python3.7/site-packages/airflow/example_dags/example_branch_labels.py
[2022-06-23 23:44:05,423] {processor.py:641} INFO - Processing file /home/airflow/.local/lib/python3.7/site-packages/airflow/example_dags/example_branch_labels.py for tasks to queue
[2022-06-23 23:44:05,424] {logging_mixin.py:115} INFO - [2022-06-23 23:44:05,424] {dagbag.py:507} INFO - Filling up the DagBag from /home/airflow/.local/lib/python3.7/site-packages/airflow/example_dags/example_branch_labels.py
[2022-06-23 23:44:05,428] {processor.py:651} INFO - DAG(s) dict_keys(['example_branch_labels']) retrieved from /home/airflow/.local/lib/python3.7/site-packages/airflow/example_dags/example_branch_labels.py
[2022-06-23 23:44:05,456] {logging_mixin.py:115} INFO - [2022-06-23 23:44:05,456] {dag.py:2379} INFO - Sync 1 DAGs
[2022-06-23 23:44:05,563] {logging_mixin.py:115} INFO - [2022-06-23 23:44:05,563] {dag.py:2931} INFO - Setting next_dagrun for example_branch_labels to 2022-06-22T00:00:00+00:00, run_after=2022-06-23T00:00:00+00:00
[2022-06-23 23:44:05,578] {processor.py:161} INFO - Processing /home/airflow/.local/lib/python3.7/site-packages/airflow/example_dags/example_branch_labels.py took 0.157 seconds
[2022-06-23 23:44:36,057] {processor.py:153} INFO - Started process (PID=1753) to work on /home/airflow/.local/lib/python3.7/site-packages/airflow/example_dags/example_branch_labels.py
[2022-06-23 23:44:36,057] {processor.py:641} INFO - Processing file /home/airflow/.local/lib/python3.7/site-packages/airflow/example_dags/example_branch_labels.py for tasks to queue
[2022-06-23 23:44:36,058] {logging_mixin.py:115} INFO - [2022-06-23 23:44:36,058] {dagbag.py:507} INFO - Filling up the DagBag from /home/airflow/.local/lib/python3.7/site-packages/airflow/example_dags/example_branch_labels.py
[2022-06-23 23:44:36,062] {processor.py:651} INFO - DAG(s) dict_keys(['example_branch_labels']) retrieved from /home/airflow/.local/lib/python3.7/site-packages/airflow/example_dags/example_branch_labels.py
[2022-06-23 23:44:36,087] {logging_mixin.py:115} INFO - [2022-06-23 23:44:36,087] {dag.py:2379} INFO - Sync 1 DAGs
[2022-06-23 23:44:36,196] {logging_mixin.py:115} INFO - [2022-06-23 23:44:36,196] {dag.py:2931} INFO - Setting next_dagrun for example_branch_labels to 2022-06-22T00:00:00+00:00, run_after=2022-06-23T00:00:00+00:00
[2022-06-23 23:44:36,208] {processor.py:161} INFO - Processing /home/airflow/.local/lib/python3.7/site-packages/airflow/example_dags/example_branch_labels.py took 0.156 seconds
[2022-06-23 23:45:06,657] {processor.py:153} INFO - Started process (PID=1808) to work on /home/airflow/.local/lib/python3.7/site-packages/airflow/example_dags/example_branch_labels.py
[2022-06-23 23:45:06,658] {processor.py:641} INFO - Processing file /home/airflow/.local/lib/python3.7/site-packages/airflow/example_dags/example_branch_labels.py for tasks to queue
[2022-06-23 23:45:06,659] {logging_mixin.py:115} INFO - [2022-06-23 23:45:06,659] {dagbag.py:507} INFO - Filling up the DagBag from /home/airflow/.local/lib/python3.7/site-packages/airflow/example_dags/example_branch_labels.py
[2022-06-23 23:45:06,666] {processor.py:651} INFO - DAG(s) dict_keys(['example_branch_labels']) retrieved from /home/airflow/.local/lib/python3.7/site-packages/airflow/example_dags/example_branch_labels.py
[2022-06-23 23:45:06,692] {logging_mixin.py:115} INFO - [2022-06-23 23:45:06,692] {dag.py:2379} INFO - Sync 1 DAGs
[2022-06-23 23:45:06,810] {logging_mixin.py:115} INFO - [2022-06-23 23:45:06,810] {dag.py:2931} INFO - Setting next_dagrun for example_branch_labels to 2022-06-22T00:00:00+00:00, run_after=2022-06-23T00:00:00+00:00
[2022-06-23 23:45:06,829] {processor.py:161} INFO - Processing /home/airflow/.local/lib/python3.7/site-packages/airflow/example_dags/example_branch_labels.py took 0.175 seconds
[2022-06-23 23:45:37,107] {processor.py:153} INFO - Started process (PID=1870) to work on /home/airflow/.local/lib/python3.7/site-packages/airflow/example_dags/example_branch_labels.py
[2022-06-23 23:45:37,107] {processor.py:641} INFO - Processing file /home/airflow/.local/lib/python3.7/site-packages/airflow/example_dags/example_branch_labels.py for tasks to queue
[2022-06-23 23:45:37,107] {logging_mixin.py:115} INFO - [2022-06-23 23:45:37,107] {dagbag.py:507} INFO - Filling up the DagBag from /home/airflow/.local/lib/python3.7/site-packages/airflow/example_dags/example_branch_labels.py
[2022-06-23 23:45:37,113] {processor.py:651} INFO - DAG(s) dict_keys(['example_branch_labels']) retrieved from /home/airflow/.local/lib/python3.7/site-packages/airflow/example_dags/example_branch_labels.py
[2022-06-23 23:45:37,144] {logging_mixin.py:115} INFO - [2022-06-23 23:45:37,144] {dag.py:2379} INFO - Sync 1 DAGs
[2022-06-23 23:45:37,248] {logging_mixin.py:115} INFO - [2022-06-23 23:45:37,248] {dag.py:2931} INFO - Setting next_dagrun for example_branch_labels to 2022-06-22T00:00:00+00:00, run_after=2022-06-23T00:00:00+00:00
[2022-06-23 23:45:37,264] {processor.py:161} INFO - Processing /home/airflow/.local/lib/python3.7/site-packages/airflow/example_dags/example_branch_labels.py took 0.160 seconds
