[2022-06-23 01:17:26,982] {processor.py:153} INFO - Started process (PID=89) to work on /home/airflow/.local/lib/python3.7/site-packages/airflow/example_dags/example_external_task_marker_dag.py
[2022-06-23 01:17:26,983] {processor.py:641} INFO - Processing file /home/airflow/.local/lib/python3.7/site-packages/airflow/example_dags/example_external_task_marker_dag.py for tasks to queue
[2022-06-23 01:17:26,983] {logging_mixin.py:115} INFO - [2022-06-23 01:17:26,983] {dagbag.py:507} INFO - Filling up the DagBag from /home/airflow/.local/lib/python3.7/site-packages/airflow/example_dags/example_external_task_marker_dag.py
[2022-06-23 01:17:26,989] {processor.py:651} INFO - DAG(s) dict_keys(['example_external_task_marker_parent', 'example_external_task_marker_child']) retrieved from /home/airflow/.local/lib/python3.7/site-packages/airflow/example_dags/example_external_task_marker_dag.py
[2022-06-23 01:17:27,096] {logging_mixin.py:115} INFO - [2022-06-23 01:17:27,096] {dag.py:2379} INFO - Sync 2 DAGs
[2022-06-23 01:17:27,463] {logging_mixin.py:115} INFO - [2022-06-23 01:17:27,463] {dag.py:2931} INFO - Setting next_dagrun for example_external_task_marker_child to None, run_after=None
[2022-06-23 01:17:27,464] {logging_mixin.py:115} INFO - [2022-06-23 01:17:27,464] {dag.py:2931} INFO - Setting next_dagrun for example_external_task_marker_parent to None, run_after=None
[2022-06-23 01:17:27,509] {processor.py:161} INFO - Processing /home/airflow/.local/lib/python3.7/site-packages/airflow/example_dags/example_external_task_marker_dag.py took 0.528 seconds
[2022-06-23 01:17:58,358] {processor.py:153} INFO - Started process (PID=142) to work on /home/airflow/.local/lib/python3.7/site-packages/airflow/example_dags/example_external_task_marker_dag.py
[2022-06-23 01:17:58,373] {processor.py:641} INFO - Processing file /home/airflow/.local/lib/python3.7/site-packages/airflow/example_dags/example_external_task_marker_dag.py for tasks to queue
[2022-06-23 01:17:58,374] {logging_mixin.py:115} INFO - [2022-06-23 01:17:58,373] {dagbag.py:507} INFO - Filling up the DagBag from /home/airflow/.local/lib/python3.7/site-packages/airflow/example_dags/example_external_task_marker_dag.py
[2022-06-23 01:17:58,383] {processor.py:651} INFO - DAG(s) dict_keys(['example_external_task_marker_parent', 'example_external_task_marker_child']) retrieved from /home/airflow/.local/lib/python3.7/site-packages/airflow/example_dags/example_external_task_marker_dag.py
[2022-06-23 01:17:58,418] {logging_mixin.py:115} INFO - [2022-06-23 01:17:58,418] {dag.py:2379} INFO - Sync 2 DAGs
[2022-06-23 01:17:58,438] {logging_mixin.py:115} INFO - [2022-06-23 01:17:58,438] {dag.py:2931} INFO - Setting next_dagrun for example_external_task_marker_child to None, run_after=None
[2022-06-23 01:17:58,438] {logging_mixin.py:115} INFO - [2022-06-23 01:17:58,438] {dag.py:2931} INFO - Setting next_dagrun for example_external_task_marker_parent to None, run_after=None
[2022-06-23 01:17:58,462] {processor.py:161} INFO - Processing /home/airflow/.local/lib/python3.7/site-packages/airflow/example_dags/example_external_task_marker_dag.py took 0.108 seconds
[2022-06-23 23:30:18,244] {processor.py:153} INFO - Started process (PID=52) to work on /home/airflow/.local/lib/python3.7/site-packages/airflow/example_dags/example_external_task_marker_dag.py
[2022-06-23 23:30:18,297] {processor.py:641} INFO - Processing file /home/airflow/.local/lib/python3.7/site-packages/airflow/example_dags/example_external_task_marker_dag.py for tasks to queue
[2022-06-23 23:30:18,298] {logging_mixin.py:115} INFO - [2022-06-23 23:30:18,298] {dagbag.py:507} INFO - Filling up the DagBag from /home/airflow/.local/lib/python3.7/site-packages/airflow/example_dags/example_external_task_marker_dag.py
[2022-06-23 23:30:18,305] {processor.py:651} INFO - DAG(s) dict_keys(['example_external_task_marker_parent', 'example_external_task_marker_child']) retrieved from /home/airflow/.local/lib/python3.7/site-packages/airflow/example_dags/example_external_task_marker_dag.py
[2022-06-23 23:30:18,476] {logging_mixin.py:115} INFO - [2022-06-23 23:30:18,476] {dag.py:2379} INFO - Sync 2 DAGs
[2022-06-23 23:30:18,497] {logging_mixin.py:115} INFO - [2022-06-23 23:30:18,497] {dag.py:2931} INFO - Setting next_dagrun for example_external_task_marker_child to None, run_after=None
[2022-06-23 23:30:18,497] {logging_mixin.py:115} INFO - [2022-06-23 23:30:18,497] {dag.py:2931} INFO - Setting next_dagrun for example_external_task_marker_parent to None, run_after=None
[2022-06-23 23:30:18,957] {processor.py:161} INFO - Processing /home/airflow/.local/lib/python3.7/site-packages/airflow/example_dags/example_external_task_marker_dag.py took 0.716 seconds
[2022-06-23 23:30:49,397] {processor.py:153} INFO - Started process (PID=109) to work on /home/airflow/.local/lib/python3.7/site-packages/airflow/example_dags/example_external_task_marker_dag.py
[2022-06-23 23:30:49,412] {processor.py:641} INFO - Processing file /home/airflow/.local/lib/python3.7/site-packages/airflow/example_dags/example_external_task_marker_dag.py for tasks to queue
[2022-06-23 23:30:49,413] {logging_mixin.py:115} INFO - [2022-06-23 23:30:49,412] {dagbag.py:507} INFO - Filling up the DagBag from /home/airflow/.local/lib/python3.7/site-packages/airflow/example_dags/example_external_task_marker_dag.py
[2022-06-23 23:30:49,419] {processor.py:651} INFO - DAG(s) dict_keys(['example_external_task_marker_parent', 'example_external_task_marker_child']) retrieved from /home/airflow/.local/lib/python3.7/site-packages/airflow/example_dags/example_external_task_marker_dag.py
[2022-06-23 23:30:49,465] {logging_mixin.py:115} INFO - [2022-06-23 23:30:49,465] {dag.py:2379} INFO - Sync 2 DAGs
[2022-06-23 23:30:49,486] {logging_mixin.py:115} INFO - [2022-06-23 23:30:49,486] {dag.py:2931} INFO - Setting next_dagrun for example_external_task_marker_child to None, run_after=None
[2022-06-23 23:30:49,487] {logging_mixin.py:115} INFO - [2022-06-23 23:30:49,486] {dag.py:2931} INFO - Setting next_dagrun for example_external_task_marker_parent to None, run_after=None
[2022-06-23 23:30:49,508] {processor.py:161} INFO - Processing /home/airflow/.local/lib/python3.7/site-packages/airflow/example_dags/example_external_task_marker_dag.py took 0.115 seconds
[2022-06-23 23:31:19,704] {processor.py:153} INFO - Started process (PID=172) to work on /home/airflow/.local/lib/python3.7/site-packages/airflow/example_dags/example_external_task_marker_dag.py
[2022-06-23 23:31:19,705] {processor.py:641} INFO - Processing file /home/airflow/.local/lib/python3.7/site-packages/airflow/example_dags/example_external_task_marker_dag.py for tasks to queue
[2022-06-23 23:31:19,706] {logging_mixin.py:115} INFO - [2022-06-23 23:31:19,706] {dagbag.py:507} INFO - Filling up the DagBag from /home/airflow/.local/lib/python3.7/site-packages/airflow/example_dags/example_external_task_marker_dag.py
[2022-06-23 23:31:19,710] {processor.py:651} INFO - DAG(s) dict_keys(['example_external_task_marker_parent', 'example_external_task_marker_child']) retrieved from /home/airflow/.local/lib/python3.7/site-packages/airflow/example_dags/example_external_task_marker_dag.py
[2022-06-23 23:31:19,760] {logging_mixin.py:115} INFO - [2022-06-23 23:31:19,760] {dag.py:2379} INFO - Sync 2 DAGs
[2022-06-23 23:31:19,785] {logging_mixin.py:115} INFO - [2022-06-23 23:31:19,785] {dag.py:2931} INFO - Setting next_dagrun for example_external_task_marker_child to None, run_after=None
[2022-06-23 23:31:19,785] {logging_mixin.py:115} INFO - [2022-06-23 23:31:19,785] {dag.py:2931} INFO - Setting next_dagrun for example_external_task_marker_parent to None, run_after=None
[2022-06-23 23:31:19,835] {processor.py:161} INFO - Processing /home/airflow/.local/lib/python3.7/site-packages/airflow/example_dags/example_external_task_marker_dag.py took 0.135 seconds
[2022-06-23 23:31:50,174] {processor.py:153} INFO - Started process (PID=228) to work on /home/airflow/.local/lib/python3.7/site-packages/airflow/example_dags/example_external_task_marker_dag.py
[2022-06-23 23:31:50,175] {processor.py:641} INFO - Processing file /home/airflow/.local/lib/python3.7/site-packages/airflow/example_dags/example_external_task_marker_dag.py for tasks to queue
[2022-06-23 23:31:50,176] {logging_mixin.py:115} INFO - [2022-06-23 23:31:50,176] {dagbag.py:507} INFO - Filling up the DagBag from /home/airflow/.local/lib/python3.7/site-packages/airflow/example_dags/example_external_task_marker_dag.py
[2022-06-23 23:31:50,183] {processor.py:651} INFO - DAG(s) dict_keys(['example_external_task_marker_parent', 'example_external_task_marker_child']) retrieved from /home/airflow/.local/lib/python3.7/site-packages/airflow/example_dags/example_external_task_marker_dag.py
[2022-06-23 23:31:50,237] {logging_mixin.py:115} INFO - [2022-06-23 23:31:50,237] {dag.py:2379} INFO - Sync 2 DAGs
[2022-06-23 23:31:50,259] {logging_mixin.py:115} INFO - [2022-06-23 23:31:50,259] {dag.py:2931} INFO - Setting next_dagrun for example_external_task_marker_child to None, run_after=None
[2022-06-23 23:31:50,259] {logging_mixin.py:115} INFO - [2022-06-23 23:31:50,259] {dag.py:2931} INFO - Setting next_dagrun for example_external_task_marker_parent to None, run_after=None
[2022-06-23 23:31:50,273] {processor.py:161} INFO - Processing /home/airflow/.local/lib/python3.7/site-packages/airflow/example_dags/example_external_task_marker_dag.py took 0.103 seconds
[2022-06-23 23:32:20,601] {processor.py:153} INFO - Started process (PID=293) to work on /home/airflow/.local/lib/python3.7/site-packages/airflow/example_dags/example_external_task_marker_dag.py
[2022-06-23 23:32:20,612] {processor.py:641} INFO - Processing file /home/airflow/.local/lib/python3.7/site-packages/airflow/example_dags/example_external_task_marker_dag.py for tasks to queue
[2022-06-23 23:32:20,612] {logging_mixin.py:115} INFO - [2022-06-23 23:32:20,612] {dagbag.py:507} INFO - Filling up the DagBag from /home/airflow/.local/lib/python3.7/site-packages/airflow/example_dags/example_external_task_marker_dag.py
[2022-06-23 23:32:20,616] {processor.py:651} INFO - DAG(s) dict_keys(['example_external_task_marker_parent', 'example_external_task_marker_child']) retrieved from /home/airflow/.local/lib/python3.7/site-packages/airflow/example_dags/example_external_task_marker_dag.py
[2022-06-23 23:32:20,662] {logging_mixin.py:115} INFO - [2022-06-23 23:32:20,662] {dag.py:2379} INFO - Sync 2 DAGs
[2022-06-23 23:32:20,688] {logging_mixin.py:115} INFO - [2022-06-23 23:32:20,688] {dag.py:2931} INFO - Setting next_dagrun for example_external_task_marker_child to None, run_after=None
[2022-06-23 23:32:20,689] {logging_mixin.py:115} INFO - [2022-06-23 23:32:20,689] {dag.py:2931} INFO - Setting next_dagrun for example_external_task_marker_parent to None, run_after=None
[2022-06-23 23:32:20,718] {processor.py:161} INFO - Processing /home/airflow/.local/lib/python3.7/site-packages/airflow/example_dags/example_external_task_marker_dag.py took 0.121 seconds
[2022-06-23 23:32:50,939] {processor.py:153} INFO - Started process (PID=356) to work on /home/airflow/.local/lib/python3.7/site-packages/airflow/example_dags/example_external_task_marker_dag.py
[2022-06-23 23:32:50,953] {processor.py:641} INFO - Processing file /home/airflow/.local/lib/python3.7/site-packages/airflow/example_dags/example_external_task_marker_dag.py for tasks to queue
[2022-06-23 23:32:50,953] {logging_mixin.py:115} INFO - [2022-06-23 23:32:50,953] {dagbag.py:507} INFO - Filling up the DagBag from /home/airflow/.local/lib/python3.7/site-packages/airflow/example_dags/example_external_task_marker_dag.py
[2022-06-23 23:32:50,957] {processor.py:651} INFO - DAG(s) dict_keys(['example_external_task_marker_parent', 'example_external_task_marker_child']) retrieved from /home/airflow/.local/lib/python3.7/site-packages/airflow/example_dags/example_external_task_marker_dag.py
[2022-06-23 23:32:51,001] {logging_mixin.py:115} INFO - [2022-06-23 23:32:51,001] {dag.py:2379} INFO - Sync 2 DAGs
[2022-06-23 23:32:51,023] {logging_mixin.py:115} INFO - [2022-06-23 23:32:51,023] {dag.py:2931} INFO - Setting next_dagrun for example_external_task_marker_child to None, run_after=None
[2022-06-23 23:32:51,023] {logging_mixin.py:115} INFO - [2022-06-23 23:32:51,023] {dag.py:2931} INFO - Setting next_dagrun for example_external_task_marker_parent to None, run_after=None
[2022-06-23 23:32:51,047] {processor.py:161} INFO - Processing /home/airflow/.local/lib/python3.7/site-packages/airflow/example_dags/example_external_task_marker_dag.py took 0.113 seconds
[2022-06-23 23:33:21,420] {processor.py:153} INFO - Started process (PID=410) to work on /home/airflow/.local/lib/python3.7/site-packages/airflow/example_dags/example_external_task_marker_dag.py
[2022-06-23 23:33:21,441] {processor.py:641} INFO - Processing file /home/airflow/.local/lib/python3.7/site-packages/airflow/example_dags/example_external_task_marker_dag.py for tasks to queue
[2022-06-23 23:33:21,442] {logging_mixin.py:115} INFO - [2022-06-23 23:33:21,442] {dagbag.py:507} INFO - Filling up the DagBag from /home/airflow/.local/lib/python3.7/site-packages/airflow/example_dags/example_external_task_marker_dag.py
[2022-06-23 23:33:21,448] {processor.py:651} INFO - DAG(s) dict_keys(['example_external_task_marker_parent', 'example_external_task_marker_child']) retrieved from /home/airflow/.local/lib/python3.7/site-packages/airflow/example_dags/example_external_task_marker_dag.py
[2022-06-23 23:33:21,493] {logging_mixin.py:115} INFO - [2022-06-23 23:33:21,493] {dag.py:2379} INFO - Sync 2 DAGs
[2022-06-23 23:33:21,518] {logging_mixin.py:115} INFO - [2022-06-23 23:33:21,518] {dag.py:2931} INFO - Setting next_dagrun for example_external_task_marker_child to None, run_after=None
[2022-06-23 23:33:21,518] {logging_mixin.py:115} INFO - [2022-06-23 23:33:21,518] {dag.py:2931} INFO - Setting next_dagrun for example_external_task_marker_parent to None, run_after=None
[2022-06-23 23:33:21,544] {processor.py:161} INFO - Processing /home/airflow/.local/lib/python3.7/site-packages/airflow/example_dags/example_external_task_marker_dag.py took 0.128 seconds
[2022-06-23 23:33:51,921] {processor.py:153} INFO - Started process (PID=474) to work on /home/airflow/.local/lib/python3.7/site-packages/airflow/example_dags/example_external_task_marker_dag.py
[2022-06-23 23:33:51,921] {processor.py:641} INFO - Processing file /home/airflow/.local/lib/python3.7/site-packages/airflow/example_dags/example_external_task_marker_dag.py for tasks to queue
[2022-06-23 23:33:51,922] {logging_mixin.py:115} INFO - [2022-06-23 23:33:51,922] {dagbag.py:507} INFO - Filling up the DagBag from /home/airflow/.local/lib/python3.7/site-packages/airflow/example_dags/example_external_task_marker_dag.py
[2022-06-23 23:33:51,925] {processor.py:651} INFO - DAG(s) dict_keys(['example_external_task_marker_parent', 'example_external_task_marker_child']) retrieved from /home/airflow/.local/lib/python3.7/site-packages/airflow/example_dags/example_external_task_marker_dag.py
[2022-06-23 23:33:51,972] {logging_mixin.py:115} INFO - [2022-06-23 23:33:51,972] {dag.py:2379} INFO - Sync 2 DAGs
[2022-06-23 23:33:51,996] {logging_mixin.py:115} INFO - [2022-06-23 23:33:51,996] {dag.py:2931} INFO - Setting next_dagrun for example_external_task_marker_child to None, run_after=None
[2022-06-23 23:33:51,996] {logging_mixin.py:115} INFO - [2022-06-23 23:33:51,996] {dag.py:2931} INFO - Setting next_dagrun for example_external_task_marker_parent to None, run_after=None
[2022-06-23 23:33:52,018] {processor.py:161} INFO - Processing /home/airflow/.local/lib/python3.7/site-packages/airflow/example_dags/example_external_task_marker_dag.py took 0.103 seconds
[2022-06-23 23:34:22,038] {processor.py:153} INFO - Started process (PID=537) to work on /home/airflow/.local/lib/python3.7/site-packages/airflow/example_dags/example_external_task_marker_dag.py
[2022-06-23 23:34:22,038] {processor.py:641} INFO - Processing file /home/airflow/.local/lib/python3.7/site-packages/airflow/example_dags/example_external_task_marker_dag.py for tasks to queue
[2022-06-23 23:34:22,039] {logging_mixin.py:115} INFO - [2022-06-23 23:34:22,039] {dagbag.py:507} INFO - Filling up the DagBag from /home/airflow/.local/lib/python3.7/site-packages/airflow/example_dags/example_external_task_marker_dag.py
[2022-06-23 23:34:22,044] {processor.py:651} INFO - DAG(s) dict_keys(['example_external_task_marker_parent', 'example_external_task_marker_child']) retrieved from /home/airflow/.local/lib/python3.7/site-packages/airflow/example_dags/example_external_task_marker_dag.py
[2022-06-23 23:34:22,081] {logging_mixin.py:115} INFO - [2022-06-23 23:34:22,081] {dag.py:2379} INFO - Sync 2 DAGs
[2022-06-23 23:34:22,102] {logging_mixin.py:115} INFO - [2022-06-23 23:34:22,102] {dag.py:2931} INFO - Setting next_dagrun for example_external_task_marker_child to None, run_after=None
[2022-06-23 23:34:22,102] {logging_mixin.py:115} INFO - [2022-06-23 23:34:22,102] {dag.py:2931} INFO - Setting next_dagrun for example_external_task_marker_parent to None, run_after=None
[2022-06-23 23:34:22,115] {processor.py:161} INFO - Processing /home/airflow/.local/lib/python3.7/site-packages/airflow/example_dags/example_external_task_marker_dag.py took 0.082 seconds
[2022-06-23 23:34:52,419] {processor.py:153} INFO - Started process (PID=591) to work on /home/airflow/.local/lib/python3.7/site-packages/airflow/example_dags/example_external_task_marker_dag.py
[2022-06-23 23:34:52,432] {processor.py:641} INFO - Processing file /home/airflow/.local/lib/python3.7/site-packages/airflow/example_dags/example_external_task_marker_dag.py for tasks to queue
[2022-06-23 23:34:52,432] {logging_mixin.py:115} INFO - [2022-06-23 23:34:52,432] {dagbag.py:507} INFO - Filling up the DagBag from /home/airflow/.local/lib/python3.7/site-packages/airflow/example_dags/example_external_task_marker_dag.py
[2022-06-23 23:34:52,439] {processor.py:651} INFO - DAG(s) dict_keys(['example_external_task_marker_parent', 'example_external_task_marker_child']) retrieved from /home/airflow/.local/lib/python3.7/site-packages/airflow/example_dags/example_external_task_marker_dag.py
[2022-06-23 23:34:52,484] {logging_mixin.py:115} INFO - [2022-06-23 23:34:52,484] {dag.py:2379} INFO - Sync 2 DAGs
[2022-06-23 23:34:52,506] {logging_mixin.py:115} INFO - [2022-06-23 23:34:52,506] {dag.py:2931} INFO - Setting next_dagrun for example_external_task_marker_child to None, run_after=None
[2022-06-23 23:34:52,506] {logging_mixin.py:115} INFO - [2022-06-23 23:34:52,506] {dag.py:2931} INFO - Setting next_dagrun for example_external_task_marker_parent to None, run_after=None
[2022-06-23 23:34:52,536] {processor.py:161} INFO - Processing /home/airflow/.local/lib/python3.7/site-packages/airflow/example_dags/example_external_task_marker_dag.py took 0.122 seconds
[2022-06-23 23:35:22,825] {processor.py:153} INFO - Started process (PID=656) to work on /home/airflow/.local/lib/python3.7/site-packages/airflow/example_dags/example_external_task_marker_dag.py
[2022-06-23 23:35:22,825] {processor.py:641} INFO - Processing file /home/airflow/.local/lib/python3.7/site-packages/airflow/example_dags/example_external_task_marker_dag.py for tasks to queue
[2022-06-23 23:35:22,826] {logging_mixin.py:115} INFO - [2022-06-23 23:35:22,826] {dagbag.py:507} INFO - Filling up the DagBag from /home/airflow/.local/lib/python3.7/site-packages/airflow/example_dags/example_external_task_marker_dag.py
[2022-06-23 23:35:22,829] {processor.py:651} INFO - DAG(s) dict_keys(['example_external_task_marker_parent', 'example_external_task_marker_child']) retrieved from /home/airflow/.local/lib/python3.7/site-packages/airflow/example_dags/example_external_task_marker_dag.py
[2022-06-23 23:35:22,876] {logging_mixin.py:115} INFO - [2022-06-23 23:35:22,876] {dag.py:2379} INFO - Sync 2 DAGs
[2022-06-23 23:35:22,903] {logging_mixin.py:115} INFO - [2022-06-23 23:35:22,903] {dag.py:2931} INFO - Setting next_dagrun for example_external_task_marker_child to None, run_after=None
[2022-06-23 23:35:22,903] {logging_mixin.py:115} INFO - [2022-06-23 23:35:22,903] {dag.py:2931} INFO - Setting next_dagrun for example_external_task_marker_parent to None, run_after=None
[2022-06-23 23:35:22,917] {processor.py:161} INFO - Processing /home/airflow/.local/lib/python3.7/site-packages/airflow/example_dags/example_external_task_marker_dag.py took 0.096 seconds
[2022-06-23 23:35:53,531] {processor.py:153} INFO - Started process (PID=719) to work on /home/airflow/.local/lib/python3.7/site-packages/airflow/example_dags/example_external_task_marker_dag.py
[2022-06-23 23:35:53,547] {processor.py:641} INFO - Processing file /home/airflow/.local/lib/python3.7/site-packages/airflow/example_dags/example_external_task_marker_dag.py for tasks to queue
[2022-06-23 23:35:53,548] {logging_mixin.py:115} INFO - [2022-06-23 23:35:53,548] {dagbag.py:507} INFO - Filling up the DagBag from /home/airflow/.local/lib/python3.7/site-packages/airflow/example_dags/example_external_task_marker_dag.py
[2022-06-23 23:35:53,553] {processor.py:651} INFO - DAG(s) dict_keys(['example_external_task_marker_parent', 'example_external_task_marker_child']) retrieved from /home/airflow/.local/lib/python3.7/site-packages/airflow/example_dags/example_external_task_marker_dag.py
[2022-06-23 23:35:53,600] {logging_mixin.py:115} INFO - [2022-06-23 23:35:53,599] {dag.py:2379} INFO - Sync 2 DAGs
[2022-06-23 23:35:53,624] {logging_mixin.py:115} INFO - [2022-06-23 23:35:53,624] {dag.py:2931} INFO - Setting next_dagrun for example_external_task_marker_child to None, run_after=None
[2022-06-23 23:35:53,625] {logging_mixin.py:115} INFO - [2022-06-23 23:35:53,625] {dag.py:2931} INFO - Setting next_dagrun for example_external_task_marker_parent to None, run_after=None
[2022-06-23 23:35:53,650] {processor.py:161} INFO - Processing /home/airflow/.local/lib/python3.7/site-packages/airflow/example_dags/example_external_task_marker_dag.py took 0.122 seconds
[2022-06-23 23:36:23,948] {processor.py:153} INFO - Started process (PID=773) to work on /home/airflow/.local/lib/python3.7/site-packages/airflow/example_dags/example_external_task_marker_dag.py
[2022-06-23 23:36:23,964] {processor.py:641} INFO - Processing file /home/airflow/.local/lib/python3.7/site-packages/airflow/example_dags/example_external_task_marker_dag.py for tasks to queue
[2022-06-23 23:36:23,965] {logging_mixin.py:115} INFO - [2022-06-23 23:36:23,965] {dagbag.py:507} INFO - Filling up the DagBag from /home/airflow/.local/lib/python3.7/site-packages/airflow/example_dags/example_external_task_marker_dag.py
[2022-06-23 23:36:23,971] {processor.py:651} INFO - DAG(s) dict_keys(['example_external_task_marker_parent', 'example_external_task_marker_child']) retrieved from /home/airflow/.local/lib/python3.7/site-packages/airflow/example_dags/example_external_task_marker_dag.py
[2022-06-23 23:36:24,020] {logging_mixin.py:115} INFO - [2022-06-23 23:36:24,020] {dag.py:2379} INFO - Sync 2 DAGs
[2022-06-23 23:36:24,043] {logging_mixin.py:115} INFO - [2022-06-23 23:36:24,043] {dag.py:2931} INFO - Setting next_dagrun for example_external_task_marker_child to None, run_after=None
[2022-06-23 23:36:24,043] {logging_mixin.py:115} INFO - [2022-06-23 23:36:24,043] {dag.py:2931} INFO - Setting next_dagrun for example_external_task_marker_parent to None, run_after=None
[2022-06-23 23:36:24,069] {processor.py:161} INFO - Processing /home/airflow/.local/lib/python3.7/site-packages/airflow/example_dags/example_external_task_marker_dag.py took 0.124 seconds
[2022-06-23 23:36:54,394] {processor.py:153} INFO - Started process (PID=836) to work on /home/airflow/.local/lib/python3.7/site-packages/airflow/example_dags/example_external_task_marker_dag.py
[2022-06-23 23:36:54,405] {processor.py:641} INFO - Processing file /home/airflow/.local/lib/python3.7/site-packages/airflow/example_dags/example_external_task_marker_dag.py for tasks to queue
[2022-06-23 23:36:54,406] {logging_mixin.py:115} INFO - [2022-06-23 23:36:54,406] {dagbag.py:507} INFO - Filling up the DagBag from /home/airflow/.local/lib/python3.7/site-packages/airflow/example_dags/example_external_task_marker_dag.py
[2022-06-23 23:36:54,411] {processor.py:651} INFO - DAG(s) dict_keys(['example_external_task_marker_parent', 'example_external_task_marker_child']) retrieved from /home/airflow/.local/lib/python3.7/site-packages/airflow/example_dags/example_external_task_marker_dag.py
[2022-06-23 23:36:54,455] {logging_mixin.py:115} INFO - [2022-06-23 23:36:54,455] {dag.py:2379} INFO - Sync 2 DAGs
[2022-06-23 23:36:54,478] {logging_mixin.py:115} INFO - [2022-06-23 23:36:54,478] {dag.py:2931} INFO - Setting next_dagrun for example_external_task_marker_child to None, run_after=None
[2022-06-23 23:36:54,478] {logging_mixin.py:115} INFO - [2022-06-23 23:36:54,478] {dag.py:2931} INFO - Setting next_dagrun for example_external_task_marker_parent to None, run_after=None
[2022-06-23 23:36:54,502] {processor.py:161} INFO - Processing /home/airflow/.local/lib/python3.7/site-packages/airflow/example_dags/example_external_task_marker_dag.py took 0.112 seconds
[2022-06-23 23:37:25,030] {processor.py:153} INFO - Started process (PID=896) to work on /home/airflow/.local/lib/python3.7/site-packages/airflow/example_dags/example_external_task_marker_dag.py
[2022-06-23 23:37:25,159] {processor.py:641} INFO - Processing file /home/airflow/.local/lib/python3.7/site-packages/airflow/example_dags/example_external_task_marker_dag.py for tasks to queue
[2022-06-23 23:37:25,160] {logging_mixin.py:115} INFO - [2022-06-23 23:37:25,160] {dagbag.py:507} INFO - Filling up the DagBag from /home/airflow/.local/lib/python3.7/site-packages/airflow/example_dags/example_external_task_marker_dag.py
[2022-06-23 23:37:25,165] {processor.py:651} INFO - DAG(s) dict_keys(['example_external_task_marker_parent', 'example_external_task_marker_child']) retrieved from /home/airflow/.local/lib/python3.7/site-packages/airflow/example_dags/example_external_task_marker_dag.py
[2022-06-23 23:37:25,210] {logging_mixin.py:115} INFO - [2022-06-23 23:37:25,210] {dag.py:2379} INFO - Sync 2 DAGs
[2022-06-23 23:37:25,232] {logging_mixin.py:115} INFO - [2022-06-23 23:37:25,232] {dag.py:2931} INFO - Setting next_dagrun for example_external_task_marker_child to None, run_after=None
[2022-06-23 23:37:25,233] {logging_mixin.py:115} INFO - [2022-06-23 23:37:25,233] {dag.py:2931} INFO - Setting next_dagrun for example_external_task_marker_parent to None, run_after=None
[2022-06-23 23:37:25,252] {processor.py:161} INFO - Processing /home/airflow/.local/lib/python3.7/site-packages/airflow/example_dags/example_external_task_marker_dag.py took 0.226 seconds
[2022-06-23 23:37:55,390] {processor.py:153} INFO - Started process (PID=954) to work on /home/airflow/.local/lib/python3.7/site-packages/airflow/example_dags/example_external_task_marker_dag.py
[2022-06-23 23:37:55,450] {processor.py:641} INFO - Processing file /home/airflow/.local/lib/python3.7/site-packages/airflow/example_dags/example_external_task_marker_dag.py for tasks to queue
[2022-06-23 23:37:55,451] {logging_mixin.py:115} INFO - [2022-06-23 23:37:55,451] {dagbag.py:507} INFO - Filling up the DagBag from /home/airflow/.local/lib/python3.7/site-packages/airflow/example_dags/example_external_task_marker_dag.py
[2022-06-23 23:37:55,457] {processor.py:651} INFO - DAG(s) dict_keys(['example_external_task_marker_parent', 'example_external_task_marker_child']) retrieved from /home/airflow/.local/lib/python3.7/site-packages/airflow/example_dags/example_external_task_marker_dag.py
[2022-06-23 23:37:55,507] {logging_mixin.py:115} INFO - [2022-06-23 23:37:55,507] {dag.py:2379} INFO - Sync 2 DAGs
[2022-06-23 23:37:55,533] {logging_mixin.py:115} INFO - [2022-06-23 23:37:55,533] {dag.py:2931} INFO - Setting next_dagrun for example_external_task_marker_child to None, run_after=None
[2022-06-23 23:37:55,533] {logging_mixin.py:115} INFO - [2022-06-23 23:37:55,533] {dag.py:2931} INFO - Setting next_dagrun for example_external_task_marker_parent to None, run_after=None
[2022-06-23 23:37:55,558] {processor.py:161} INFO - Processing /home/airflow/.local/lib/python3.7/site-packages/airflow/example_dags/example_external_task_marker_dag.py took 0.173 seconds
[2022-06-23 23:38:26,137] {processor.py:153} INFO - Started process (PID=1017) to work on /home/airflow/.local/lib/python3.7/site-packages/airflow/example_dags/example_external_task_marker_dag.py
[2022-06-23 23:38:26,144] {processor.py:641} INFO - Processing file /home/airflow/.local/lib/python3.7/site-packages/airflow/example_dags/example_external_task_marker_dag.py for tasks to queue
[2022-06-23 23:38:26,144] {logging_mixin.py:115} INFO - [2022-06-23 23:38:26,144] {dagbag.py:507} INFO - Filling up the DagBag from /home/airflow/.local/lib/python3.7/site-packages/airflow/example_dags/example_external_task_marker_dag.py
[2022-06-23 23:38:26,148] {processor.py:651} INFO - DAG(s) dict_keys(['example_external_task_marker_parent', 'example_external_task_marker_child']) retrieved from /home/airflow/.local/lib/python3.7/site-packages/airflow/example_dags/example_external_task_marker_dag.py
[2022-06-23 23:38:26,194] {logging_mixin.py:115} INFO - [2022-06-23 23:38:26,194] {dag.py:2379} INFO - Sync 2 DAGs
[2022-06-23 23:38:26,218] {logging_mixin.py:115} INFO - [2022-06-23 23:38:26,218] {dag.py:2931} INFO - Setting next_dagrun for example_external_task_marker_child to None, run_after=None
[2022-06-23 23:38:26,218] {logging_mixin.py:115} INFO - [2022-06-23 23:38:26,218] {dag.py:2931} INFO - Setting next_dagrun for example_external_task_marker_parent to None, run_after=None
[2022-06-23 23:38:26,242] {processor.py:161} INFO - Processing /home/airflow/.local/lib/python3.7/site-packages/airflow/example_dags/example_external_task_marker_dag.py took 0.110 seconds
[2022-06-23 23:38:56,555] {processor.py:153} INFO - Started process (PID=1072) to work on /home/airflow/.local/lib/python3.7/site-packages/airflow/example_dags/example_external_task_marker_dag.py
[2022-06-23 23:38:56,567] {processor.py:641} INFO - Processing file /home/airflow/.local/lib/python3.7/site-packages/airflow/example_dags/example_external_task_marker_dag.py for tasks to queue
[2022-06-23 23:38:56,567] {logging_mixin.py:115} INFO - [2022-06-23 23:38:56,567] {dagbag.py:507} INFO - Filling up the DagBag from /home/airflow/.local/lib/python3.7/site-packages/airflow/example_dags/example_external_task_marker_dag.py
[2022-06-23 23:38:56,573] {processor.py:651} INFO - DAG(s) dict_keys(['example_external_task_marker_parent', 'example_external_task_marker_child']) retrieved from /home/airflow/.local/lib/python3.7/site-packages/airflow/example_dags/example_external_task_marker_dag.py
[2022-06-23 23:38:56,610] {logging_mixin.py:115} INFO - [2022-06-23 23:38:56,610] {dag.py:2379} INFO - Sync 2 DAGs
[2022-06-23 23:38:56,632] {logging_mixin.py:115} INFO - [2022-06-23 23:38:56,632] {dag.py:2931} INFO - Setting next_dagrun for example_external_task_marker_child to None, run_after=None
[2022-06-23 23:38:56,632] {logging_mixin.py:115} INFO - [2022-06-23 23:38:56,632] {dag.py:2931} INFO - Setting next_dagrun for example_external_task_marker_parent to None, run_after=None
[2022-06-23 23:38:56,659] {processor.py:161} INFO - Processing /home/airflow/.local/lib/python3.7/site-packages/airflow/example_dags/example_external_task_marker_dag.py took 0.107 seconds
[2022-06-23 23:39:26,889] {processor.py:153} INFO - Started process (PID=1135) to work on /home/airflow/.local/lib/python3.7/site-packages/airflow/example_dags/example_external_task_marker_dag.py
[2022-06-23 23:39:26,900] {processor.py:641} INFO - Processing file /home/airflow/.local/lib/python3.7/site-packages/airflow/example_dags/example_external_task_marker_dag.py for tasks to queue
[2022-06-23 23:39:26,901] {logging_mixin.py:115} INFO - [2022-06-23 23:39:26,901] {dagbag.py:507} INFO - Filling up the DagBag from /home/airflow/.local/lib/python3.7/site-packages/airflow/example_dags/example_external_task_marker_dag.py
[2022-06-23 23:39:26,907] {processor.py:651} INFO - DAG(s) dict_keys(['example_external_task_marker_parent', 'example_external_task_marker_child']) retrieved from /home/airflow/.local/lib/python3.7/site-packages/airflow/example_dags/example_external_task_marker_dag.py
[2022-06-23 23:39:26,953] {logging_mixin.py:115} INFO - [2022-06-23 23:39:26,953] {dag.py:2379} INFO - Sync 2 DAGs
[2022-06-23 23:39:26,975] {logging_mixin.py:115} INFO - [2022-06-23 23:39:26,975] {dag.py:2931} INFO - Setting next_dagrun for example_external_task_marker_child to None, run_after=None
[2022-06-23 23:39:26,975] {logging_mixin.py:115} INFO - [2022-06-23 23:39:26,975] {dag.py:2931} INFO - Setting next_dagrun for example_external_task_marker_parent to None, run_after=None
[2022-06-23 23:39:26,997] {processor.py:161} INFO - Processing /home/airflow/.local/lib/python3.7/site-packages/airflow/example_dags/example_external_task_marker_dag.py took 0.113 seconds
[2022-06-23 23:39:57,426] {processor.py:153} INFO - Started process (PID=1202) to work on /home/airflow/.local/lib/python3.7/site-packages/airflow/example_dags/example_external_task_marker_dag.py
[2022-06-23 23:39:57,426] {processor.py:641} INFO - Processing file /home/airflow/.local/lib/python3.7/site-packages/airflow/example_dags/example_external_task_marker_dag.py for tasks to queue
[2022-06-23 23:39:57,427] {logging_mixin.py:115} INFO - [2022-06-23 23:39:57,427] {dagbag.py:507} INFO - Filling up the DagBag from /home/airflow/.local/lib/python3.7/site-packages/airflow/example_dags/example_external_task_marker_dag.py
[2022-06-23 23:39:57,429] {processor.py:651} INFO - DAG(s) dict_keys(['example_external_task_marker_parent', 'example_external_task_marker_child']) retrieved from /home/airflow/.local/lib/python3.7/site-packages/airflow/example_dags/example_external_task_marker_dag.py
[2022-06-23 23:39:57,483] {logging_mixin.py:115} INFO - [2022-06-23 23:39:57,482] {dag.py:2379} INFO - Sync 2 DAGs
[2022-06-23 23:39:57,516] {logging_mixin.py:115} INFO - [2022-06-23 23:39:57,516] {dag.py:2931} INFO - Setting next_dagrun for example_external_task_marker_child to None, run_after=None
[2022-06-23 23:39:57,516] {logging_mixin.py:115} INFO - [2022-06-23 23:39:57,516] {dag.py:2931} INFO - Setting next_dagrun for example_external_task_marker_parent to None, run_after=None
[2022-06-23 23:39:57,552] {processor.py:161} INFO - Processing /home/airflow/.local/lib/python3.7/site-packages/airflow/example_dags/example_external_task_marker_dag.py took 0.128 seconds
[2022-06-23 23:40:27,628] {processor.py:153} INFO - Started process (PID=1256) to work on /home/airflow/.local/lib/python3.7/site-packages/airflow/example_dags/example_external_task_marker_dag.py
[2022-06-23 23:40:27,643] {processor.py:641} INFO - Processing file /home/airflow/.local/lib/python3.7/site-packages/airflow/example_dags/example_external_task_marker_dag.py for tasks to queue
[2022-06-23 23:40:27,644] {logging_mixin.py:115} INFO - [2022-06-23 23:40:27,643] {dagbag.py:507} INFO - Filling up the DagBag from /home/airflow/.local/lib/python3.7/site-packages/airflow/example_dags/example_external_task_marker_dag.py
[2022-06-23 23:40:27,648] {processor.py:651} INFO - DAG(s) dict_keys(['example_external_task_marker_parent', 'example_external_task_marker_child']) retrieved from /home/airflow/.local/lib/python3.7/site-packages/airflow/example_dags/example_external_task_marker_dag.py
[2022-06-23 23:40:27,701] {logging_mixin.py:115} INFO - [2022-06-23 23:40:27,700] {dag.py:2379} INFO - Sync 2 DAGs
[2022-06-23 23:40:27,823] {logging_mixin.py:115} INFO - [2022-06-23 23:40:27,823] {dag.py:2931} INFO - Setting next_dagrun for example_external_task_marker_child to None, run_after=None
[2022-06-23 23:40:27,823] {logging_mixin.py:115} INFO - [2022-06-23 23:40:27,823] {dag.py:2931} INFO - Setting next_dagrun for example_external_task_marker_parent to None, run_after=None
[2022-06-23 23:40:27,842] {processor.py:161} INFO - Processing /home/airflow/.local/lib/python3.7/site-packages/airflow/example_dags/example_external_task_marker_dag.py took 0.218 seconds
[2022-06-23 23:40:58,188] {processor.py:153} INFO - Started process (PID=1319) to work on /home/airflow/.local/lib/python3.7/site-packages/airflow/example_dags/example_external_task_marker_dag.py
[2022-06-23 23:40:58,200] {processor.py:641} INFO - Processing file /home/airflow/.local/lib/python3.7/site-packages/airflow/example_dags/example_external_task_marker_dag.py for tasks to queue
[2022-06-23 23:40:58,201] {logging_mixin.py:115} INFO - [2022-06-23 23:40:58,201] {dagbag.py:507} INFO - Filling up the DagBag from /home/airflow/.local/lib/python3.7/site-packages/airflow/example_dags/example_external_task_marker_dag.py
[2022-06-23 23:40:58,207] {processor.py:651} INFO - DAG(s) dict_keys(['example_external_task_marker_parent', 'example_external_task_marker_child']) retrieved from /home/airflow/.local/lib/python3.7/site-packages/airflow/example_dags/example_external_task_marker_dag.py
[2022-06-23 23:40:58,254] {logging_mixin.py:115} INFO - [2022-06-23 23:40:58,254] {dag.py:2379} INFO - Sync 2 DAGs
[2022-06-23 23:40:58,365] {logging_mixin.py:115} INFO - [2022-06-23 23:40:58,365] {dag.py:2931} INFO - Setting next_dagrun for example_external_task_marker_child to None, run_after=None
[2022-06-23 23:40:58,365] {logging_mixin.py:115} INFO - [2022-06-23 23:40:58,365] {dag.py:2931} INFO - Setting next_dagrun for example_external_task_marker_parent to None, run_after=None
[2022-06-23 23:40:58,388] {processor.py:161} INFO - Processing /home/airflow/.local/lib/python3.7/site-packages/airflow/example_dags/example_external_task_marker_dag.py took 0.205 seconds
[2022-06-23 23:41:28,781] {processor.py:153} INFO - Started process (PID=1382) to work on /home/airflow/.local/lib/python3.7/site-packages/airflow/example_dags/example_external_task_marker_dag.py
[2022-06-23 23:41:28,782] {processor.py:641} INFO - Processing file /home/airflow/.local/lib/python3.7/site-packages/airflow/example_dags/example_external_task_marker_dag.py for tasks to queue
[2022-06-23 23:41:28,782] {logging_mixin.py:115} INFO - [2022-06-23 23:41:28,782] {dagbag.py:507} INFO - Filling up the DagBag from /home/airflow/.local/lib/python3.7/site-packages/airflow/example_dags/example_external_task_marker_dag.py
[2022-06-23 23:41:28,789] {processor.py:651} INFO - DAG(s) dict_keys(['example_external_task_marker_parent', 'example_external_task_marker_child']) retrieved from /home/airflow/.local/lib/python3.7/site-packages/airflow/example_dags/example_external_task_marker_dag.py
[2022-06-23 23:41:28,832] {logging_mixin.py:115} INFO - [2022-06-23 23:41:28,832] {dag.py:2379} INFO - Sync 2 DAGs
[2022-06-23 23:41:28,944] {logging_mixin.py:115} INFO - [2022-06-23 23:41:28,943] {dag.py:2931} INFO - Setting next_dagrun for example_external_task_marker_child to None, run_after=None
[2022-06-23 23:41:28,944] {logging_mixin.py:115} INFO - [2022-06-23 23:41:28,944] {dag.py:2931} INFO - Setting next_dagrun for example_external_task_marker_parent to None, run_after=None
[2022-06-23 23:41:28,961] {processor.py:161} INFO - Processing /home/airflow/.local/lib/python3.7/site-packages/airflow/example_dags/example_external_task_marker_dag.py took 0.185 seconds
[2022-06-23 23:41:59,224] {processor.py:153} INFO - Started process (PID=1436) to work on /home/airflow/.local/lib/python3.7/site-packages/airflow/example_dags/example_external_task_marker_dag.py
[2022-06-23 23:41:59,236] {processor.py:641} INFO - Processing file /home/airflow/.local/lib/python3.7/site-packages/airflow/example_dags/example_external_task_marker_dag.py for tasks to queue
[2022-06-23 23:41:59,237] {logging_mixin.py:115} INFO - [2022-06-23 23:41:59,236] {dagbag.py:507} INFO - Filling up the DagBag from /home/airflow/.local/lib/python3.7/site-packages/airflow/example_dags/example_external_task_marker_dag.py
[2022-06-23 23:41:59,243] {processor.py:651} INFO - DAG(s) dict_keys(['example_external_task_marker_parent', 'example_external_task_marker_child']) retrieved from /home/airflow/.local/lib/python3.7/site-packages/airflow/example_dags/example_external_task_marker_dag.py
[2022-06-23 23:41:59,297] {logging_mixin.py:115} INFO - [2022-06-23 23:41:59,297] {dag.py:2379} INFO - Sync 2 DAGs
[2022-06-23 23:41:59,402] {logging_mixin.py:115} INFO - [2022-06-23 23:41:59,402] {dag.py:2931} INFO - Setting next_dagrun for example_external_task_marker_child to None, run_after=None
[2022-06-23 23:41:59,402] {logging_mixin.py:115} INFO - [2022-06-23 23:41:59,402] {dag.py:2931} INFO - Setting next_dagrun for example_external_task_marker_parent to None, run_after=None
[2022-06-23 23:41:59,427] {processor.py:161} INFO - Processing /home/airflow/.local/lib/python3.7/site-packages/airflow/example_dags/example_external_task_marker_dag.py took 0.208 seconds
[2022-06-23 23:42:29,902] {processor.py:153} INFO - Started process (PID=1499) to work on /home/airflow/.local/lib/python3.7/site-packages/airflow/example_dags/example_external_task_marker_dag.py
[2022-06-23 23:42:29,918] {processor.py:641} INFO - Processing file /home/airflow/.local/lib/python3.7/site-packages/airflow/example_dags/example_external_task_marker_dag.py for tasks to queue
[2022-06-23 23:42:29,919] {logging_mixin.py:115} INFO - [2022-06-23 23:42:29,919] {dagbag.py:507} INFO - Filling up the DagBag from /home/airflow/.local/lib/python3.7/site-packages/airflow/example_dags/example_external_task_marker_dag.py
[2022-06-23 23:42:29,923] {processor.py:651} INFO - DAG(s) dict_keys(['example_external_task_marker_parent', 'example_external_task_marker_child']) retrieved from /home/airflow/.local/lib/python3.7/site-packages/airflow/example_dags/example_external_task_marker_dag.py
[2022-06-23 23:42:29,966] {logging_mixin.py:115} INFO - [2022-06-23 23:42:29,966] {dag.py:2379} INFO - Sync 2 DAGs
[2022-06-23 23:42:30,080] {logging_mixin.py:115} INFO - [2022-06-23 23:42:30,079] {dag.py:2931} INFO - Setting next_dagrun for example_external_task_marker_child to None, run_after=None
[2022-06-23 23:42:30,080] {logging_mixin.py:115} INFO - [2022-06-23 23:42:30,080] {dag.py:2931} INFO - Setting next_dagrun for example_external_task_marker_parent to None, run_after=None
[2022-06-23 23:42:30,112] {processor.py:161} INFO - Processing /home/airflow/.local/lib/python3.7/site-packages/airflow/example_dags/example_external_task_marker_dag.py took 0.212 seconds
[2022-06-23 23:43:00,498] {processor.py:153} INFO - Started process (PID=1562) to work on /home/airflow/.local/lib/python3.7/site-packages/airflow/example_dags/example_external_task_marker_dag.py
[2022-06-23 23:43:00,512] {processor.py:641} INFO - Processing file /home/airflow/.local/lib/python3.7/site-packages/airflow/example_dags/example_external_task_marker_dag.py for tasks to queue
[2022-06-23 23:43:00,513] {logging_mixin.py:115} INFO - [2022-06-23 23:43:00,513] {dagbag.py:507} INFO - Filling up the DagBag from /home/airflow/.local/lib/python3.7/site-packages/airflow/example_dags/example_external_task_marker_dag.py
[2022-06-23 23:43:00,519] {processor.py:651} INFO - DAG(s) dict_keys(['example_external_task_marker_parent', 'example_external_task_marker_child']) retrieved from /home/airflow/.local/lib/python3.7/site-packages/airflow/example_dags/example_external_task_marker_dag.py
[2022-06-23 23:43:00,563] {logging_mixin.py:115} INFO - [2022-06-23 23:43:00,563] {dag.py:2379} INFO - Sync 2 DAGs
[2022-06-23 23:43:00,665] {logging_mixin.py:115} INFO - [2022-06-23 23:43:00,665] {dag.py:2931} INFO - Setting next_dagrun for example_external_task_marker_child to None, run_after=None
[2022-06-23 23:43:00,666] {logging_mixin.py:115} INFO - [2022-06-23 23:43:00,666] {dag.py:2931} INFO - Setting next_dagrun for example_external_task_marker_parent to None, run_after=None
[2022-06-23 23:43:00,687] {processor.py:161} INFO - Processing /home/airflow/.local/lib/python3.7/site-packages/airflow/example_dags/example_external_task_marker_dag.py took 0.193 seconds
[2022-06-23 23:43:31,039] {processor.py:153} INFO - Started process (PID=1616) to work on /home/airflow/.local/lib/python3.7/site-packages/airflow/example_dags/example_external_task_marker_dag.py
[2022-06-23 23:43:31,053] {processor.py:641} INFO - Processing file /home/airflow/.local/lib/python3.7/site-packages/airflow/example_dags/example_external_task_marker_dag.py for tasks to queue
[2022-06-23 23:43:31,053] {logging_mixin.py:115} INFO - [2022-06-23 23:43:31,053] {dagbag.py:507} INFO - Filling up the DagBag from /home/airflow/.local/lib/python3.7/site-packages/airflow/example_dags/example_external_task_marker_dag.py
[2022-06-23 23:43:31,059] {processor.py:651} INFO - DAG(s) dict_keys(['example_external_task_marker_parent', 'example_external_task_marker_child']) retrieved from /home/airflow/.local/lib/python3.7/site-packages/airflow/example_dags/example_external_task_marker_dag.py
[2022-06-23 23:43:31,104] {logging_mixin.py:115} INFO - [2022-06-23 23:43:31,104] {dag.py:2379} INFO - Sync 2 DAGs
[2022-06-23 23:43:31,220] {logging_mixin.py:115} INFO - [2022-06-23 23:43:31,220] {dag.py:2931} INFO - Setting next_dagrun for example_external_task_marker_child to None, run_after=None
[2022-06-23 23:43:31,220] {logging_mixin.py:115} INFO - [2022-06-23 23:43:31,220] {dag.py:2931} INFO - Setting next_dagrun for example_external_task_marker_parent to None, run_after=None
[2022-06-23 23:43:31,243] {processor.py:161} INFO - Processing /home/airflow/.local/lib/python3.7/site-packages/airflow/example_dags/example_external_task_marker_dag.py took 0.209 seconds
[2022-06-23 23:44:01,641] {processor.py:153} INFO - Started process (PID=1679) to work on /home/airflow/.local/lib/python3.7/site-packages/airflow/example_dags/example_external_task_marker_dag.py
[2022-06-23 23:44:01,655] {processor.py:641} INFO - Processing file /home/airflow/.local/lib/python3.7/site-packages/airflow/example_dags/example_external_task_marker_dag.py for tasks to queue
[2022-06-23 23:44:01,655] {logging_mixin.py:115} INFO - [2022-06-23 23:44:01,655] {dagbag.py:507} INFO - Filling up the DagBag from /home/airflow/.local/lib/python3.7/site-packages/airflow/example_dags/example_external_task_marker_dag.py
[2022-06-23 23:44:01,658] {processor.py:651} INFO - DAG(s) dict_keys(['example_external_task_marker_parent', 'example_external_task_marker_child']) retrieved from /home/airflow/.local/lib/python3.7/site-packages/airflow/example_dags/example_external_task_marker_dag.py
[2022-06-23 23:44:01,706] {logging_mixin.py:115} INFO - [2022-06-23 23:44:01,706] {dag.py:2379} INFO - Sync 2 DAGs
[2022-06-23 23:44:01,821] {logging_mixin.py:115} INFO - [2022-06-23 23:44:01,821] {dag.py:2931} INFO - Setting next_dagrun for example_external_task_marker_child to None, run_after=None
[2022-06-23 23:44:01,821] {logging_mixin.py:115} INFO - [2022-06-23 23:44:01,821] {dag.py:2931} INFO - Setting next_dagrun for example_external_task_marker_parent to None, run_after=None
[2022-06-23 23:44:01,843] {processor.py:161} INFO - Processing /home/airflow/.local/lib/python3.7/site-packages/airflow/example_dags/example_external_task_marker_dag.py took 0.206 seconds
[2022-06-23 23:44:32,202] {processor.py:153} INFO - Started process (PID=1733) to work on /home/airflow/.local/lib/python3.7/site-packages/airflow/example_dags/example_external_task_marker_dag.py
[2022-06-23 23:44:32,213] {processor.py:641} INFO - Processing file /home/airflow/.local/lib/python3.7/site-packages/airflow/example_dags/example_external_task_marker_dag.py for tasks to queue
[2022-06-23 23:44:32,213] {logging_mixin.py:115} INFO - [2022-06-23 23:44:32,213] {dagbag.py:507} INFO - Filling up the DagBag from /home/airflow/.local/lib/python3.7/site-packages/airflow/example_dags/example_external_task_marker_dag.py
[2022-06-23 23:44:32,220] {processor.py:651} INFO - DAG(s) dict_keys(['example_external_task_marker_parent', 'example_external_task_marker_child']) retrieved from /home/airflow/.local/lib/python3.7/site-packages/airflow/example_dags/example_external_task_marker_dag.py
[2022-06-23 23:44:32,271] {logging_mixin.py:115} INFO - [2022-06-23 23:44:32,271] {dag.py:2379} INFO - Sync 2 DAGs
[2022-06-23 23:44:32,399] {logging_mixin.py:115} INFO - [2022-06-23 23:44:32,399] {dag.py:2931} INFO - Setting next_dagrun for example_external_task_marker_child to None, run_after=None
[2022-06-23 23:44:32,399] {logging_mixin.py:115} INFO - [2022-06-23 23:44:32,399] {dag.py:2931} INFO - Setting next_dagrun for example_external_task_marker_parent to None, run_after=None
[2022-06-23 23:44:32,425] {processor.py:161} INFO - Processing /home/airflow/.local/lib/python3.7/site-packages/airflow/example_dags/example_external_task_marker_dag.py took 0.227 seconds
[2022-06-23 23:45:02,513] {processor.py:153} INFO - Started process (PID=1797) to work on /home/airflow/.local/lib/python3.7/site-packages/airflow/example_dags/example_external_task_marker_dag.py
[2022-06-23 23:45:02,521] {processor.py:641} INFO - Processing file /home/airflow/.local/lib/python3.7/site-packages/airflow/example_dags/example_external_task_marker_dag.py for tasks to queue
[2022-06-23 23:45:02,521] {logging_mixin.py:115} INFO - [2022-06-23 23:45:02,521] {dagbag.py:507} INFO - Filling up the DagBag from /home/airflow/.local/lib/python3.7/site-packages/airflow/example_dags/example_external_task_marker_dag.py
[2022-06-23 23:45:02,528] {processor.py:651} INFO - DAG(s) dict_keys(['example_external_task_marker_parent', 'example_external_task_marker_child']) retrieved from /home/airflow/.local/lib/python3.7/site-packages/airflow/example_dags/example_external_task_marker_dag.py
[2022-06-23 23:45:02,577] {logging_mixin.py:115} INFO - [2022-06-23 23:45:02,577] {dag.py:2379} INFO - Sync 2 DAGs
[2022-06-23 23:45:02,689] {logging_mixin.py:115} INFO - [2022-06-23 23:45:02,689] {dag.py:2931} INFO - Setting next_dagrun for example_external_task_marker_child to None, run_after=None
[2022-06-23 23:45:02,689] {logging_mixin.py:115} INFO - [2022-06-23 23:45:02,689] {dag.py:2931} INFO - Setting next_dagrun for example_external_task_marker_parent to None, run_after=None
[2022-06-23 23:45:02,700] {processor.py:161} INFO - Processing /home/airflow/.local/lib/python3.7/site-packages/airflow/example_dags/example_external_task_marker_dag.py took 0.191 seconds
[2022-06-23 23:45:33,045] {processor.py:153} INFO - Started process (PID=1859) to work on /home/airflow/.local/lib/python3.7/site-packages/airflow/example_dags/example_external_task_marker_dag.py
[2022-06-23 23:45:33,064] {processor.py:641} INFO - Processing file /home/airflow/.local/lib/python3.7/site-packages/airflow/example_dags/example_external_task_marker_dag.py for tasks to queue
[2022-06-23 23:45:33,065] {logging_mixin.py:115} INFO - [2022-06-23 23:45:33,065] {dagbag.py:507} INFO - Filling up the DagBag from /home/airflow/.local/lib/python3.7/site-packages/airflow/example_dags/example_external_task_marker_dag.py
[2022-06-23 23:45:33,070] {processor.py:651} INFO - DAG(s) dict_keys(['example_external_task_marker_parent', 'example_external_task_marker_child']) retrieved from /home/airflow/.local/lib/python3.7/site-packages/airflow/example_dags/example_external_task_marker_dag.py
[2022-06-23 23:45:33,114] {logging_mixin.py:115} INFO - [2022-06-23 23:45:33,114] {dag.py:2379} INFO - Sync 2 DAGs
[2022-06-23 23:45:33,218] {logging_mixin.py:115} INFO - [2022-06-23 23:45:33,218] {dag.py:2931} INFO - Setting next_dagrun for example_external_task_marker_child to None, run_after=None
[2022-06-23 23:45:33,219] {logging_mixin.py:115} INFO - [2022-06-23 23:45:33,219] {dag.py:2931} INFO - Setting next_dagrun for example_external_task_marker_parent to None, run_after=None
[2022-06-23 23:45:33,246] {processor.py:161} INFO - Processing /home/airflow/.local/lib/python3.7/site-packages/airflow/example_dags/example_external_task_marker_dag.py took 0.206 seconds
