[2022-06-23 01:17:31,688] {processor.py:153} INFO - Started process (PID=109) to work on /home/airflow/.local/lib/python3.7/site-packages/airflow/example_dags/example_bash_operator.py
[2022-06-23 01:17:31,689] {processor.py:641} INFO - Processing file /home/airflow/.local/lib/python3.7/site-packages/airflow/example_dags/example_bash_operator.py for tasks to queue
[2022-06-23 01:17:31,689] {logging_mixin.py:115} INFO - [2022-06-23 01:17:31,689] {dagbag.py:507} INFO - Filling up the DagBag from /home/airflow/.local/lib/python3.7/site-packages/airflow/example_dags/example_bash_operator.py
[2022-06-23 01:17:31,700] {processor.py:651} INFO - DAG(s) dict_keys(['example_bash_operator']) retrieved from /home/airflow/.local/lib/python3.7/site-packages/airflow/example_dags/example_bash_operator.py
[2022-06-23 01:17:31,723] {logging_mixin.py:115} INFO - [2022-06-23 01:17:31,723] {dag.py:2379} INFO - Sync 1 DAGs
[2022-06-23 01:17:31,751] {logging_mixin.py:115} INFO - [2022-06-23 01:17:31,751] {dag.py:2931} INFO - Setting next_dagrun for example_bash_operator to 2022-06-22T00:00:00+00:00, run_after=2022-06-23T00:00:00+00:00
[2022-06-23 01:17:31,867] {processor.py:161} INFO - Processing /home/airflow/.local/lib/python3.7/site-packages/airflow/example_dags/example_bash_operator.py took 0.181 seconds
[2022-06-23 01:18:01,941] {processor.py:153} INFO - Started process (PID=170) to work on /home/airflow/.local/lib/python3.7/site-packages/airflow/example_dags/example_bash_operator.py
[2022-06-23 01:18:01,942] {processor.py:641} INFO - Processing file /home/airflow/.local/lib/python3.7/site-packages/airflow/example_dags/example_bash_operator.py for tasks to queue
[2022-06-23 01:18:01,942] {logging_mixin.py:115} INFO - [2022-06-23 01:18:01,942] {dagbag.py:507} INFO - Filling up the DagBag from /home/airflow/.local/lib/python3.7/site-packages/airflow/example_dags/example_bash_operator.py
[2022-06-23 01:18:01,952] {processor.py:651} INFO - DAG(s) dict_keys(['example_bash_operator']) retrieved from /home/airflow/.local/lib/python3.7/site-packages/airflow/example_dags/example_bash_operator.py
[2022-06-23 01:18:01,980] {logging_mixin.py:115} INFO - [2022-06-23 01:18:01,980] {dag.py:2379} INFO - Sync 1 DAGs
[2022-06-23 01:18:02,001] {logging_mixin.py:115} INFO - [2022-06-23 01:18:02,001] {dag.py:2931} INFO - Setting next_dagrun for example_bash_operator to 2022-06-22T00:00:00+00:00, run_after=2022-06-23T00:00:00+00:00
[2022-06-23 01:18:02,020] {processor.py:161} INFO - Processing /home/airflow/.local/lib/python3.7/site-packages/airflow/example_dags/example_bash_operator.py took 0.083 seconds
[2022-06-23 23:30:23,944] {processor.py:153} INFO - Started process (PID=76) to work on /home/airflow/.local/lib/python3.7/site-packages/airflow/example_dags/example_bash_operator.py
[2022-06-23 23:30:23,944] {processor.py:641} INFO - Processing file /home/airflow/.local/lib/python3.7/site-packages/airflow/example_dags/example_bash_operator.py for tasks to queue
[2022-06-23 23:30:23,945] {logging_mixin.py:115} INFO - [2022-06-23 23:30:23,945] {dagbag.py:507} INFO - Filling up the DagBag from /home/airflow/.local/lib/python3.7/site-packages/airflow/example_dags/example_bash_operator.py
[2022-06-23 23:30:23,955] {processor.py:651} INFO - DAG(s) dict_keys(['example_bash_operator']) retrieved from /home/airflow/.local/lib/python3.7/site-packages/airflow/example_dags/example_bash_operator.py
[2022-06-23 23:30:24,154] {logging_mixin.py:115} INFO - [2022-06-23 23:30:24,154] {dag.py:2379} INFO - Sync 1 DAGs
[2022-06-23 23:30:24,183] {logging_mixin.py:115} INFO - [2022-06-23 23:30:24,182] {dag.py:2931} INFO - Setting next_dagrun for example_bash_operator to 2022-06-22T00:00:00+00:00, run_after=2022-06-23T00:00:00+00:00
[2022-06-23 23:30:24,212] {processor.py:161} INFO - Processing /home/airflow/.local/lib/python3.7/site-packages/airflow/example_dags/example_bash_operator.py took 0.270 seconds
[2022-06-23 23:30:54,383] {processor.py:153} INFO - Started process (PID=139) to work on /home/airflow/.local/lib/python3.7/site-packages/airflow/example_dags/example_bash_operator.py
[2022-06-23 23:30:54,383] {processor.py:641} INFO - Processing file /home/airflow/.local/lib/python3.7/site-packages/airflow/example_dags/example_bash_operator.py for tasks to queue
[2022-06-23 23:30:54,384] {logging_mixin.py:115} INFO - [2022-06-23 23:30:54,384] {dagbag.py:507} INFO - Filling up the DagBag from /home/airflow/.local/lib/python3.7/site-packages/airflow/example_dags/example_bash_operator.py
[2022-06-23 23:30:54,393] {processor.py:651} INFO - DAG(s) dict_keys(['example_bash_operator']) retrieved from /home/airflow/.local/lib/python3.7/site-packages/airflow/example_dags/example_bash_operator.py
[2022-06-23 23:30:54,414] {logging_mixin.py:115} INFO - [2022-06-23 23:30:54,414] {dag.py:2379} INFO - Sync 1 DAGs
[2022-06-23 23:30:54,448] {logging_mixin.py:115} INFO - [2022-06-23 23:30:54,448] {dag.py:2931} INFO - Setting next_dagrun for example_bash_operator to 2022-06-22T00:00:00+00:00, run_after=2022-06-23T00:00:00+00:00
[2022-06-23 23:30:54,585] {processor.py:161} INFO - Processing /home/airflow/.local/lib/python3.7/site-packages/airflow/example_dags/example_bash_operator.py took 0.206 seconds
[2022-06-23 23:31:25,125] {processor.py:153} INFO - Started process (PID=195) to work on /home/airflow/.local/lib/python3.7/site-packages/airflow/example_dags/example_bash_operator.py
[2022-06-23 23:31:25,126] {processor.py:641} INFO - Processing file /home/airflow/.local/lib/python3.7/site-packages/airflow/example_dags/example_bash_operator.py for tasks to queue
[2022-06-23 23:31:25,126] {logging_mixin.py:115} INFO - [2022-06-23 23:31:25,126] {dagbag.py:507} INFO - Filling up the DagBag from /home/airflow/.local/lib/python3.7/site-packages/airflow/example_dags/example_bash_operator.py
[2022-06-23 23:31:25,135] {processor.py:651} INFO - DAG(s) dict_keys(['example_bash_operator']) retrieved from /home/airflow/.local/lib/python3.7/site-packages/airflow/example_dags/example_bash_operator.py
[2022-06-23 23:31:25,160] {logging_mixin.py:115} INFO - [2022-06-23 23:31:25,160] {dag.py:2379} INFO - Sync 1 DAGs
[2022-06-23 23:31:25,184] {logging_mixin.py:115} INFO - [2022-06-23 23:31:25,184] {dag.py:2931} INFO - Setting next_dagrun for example_bash_operator to 2022-06-22T00:00:00+00:00, run_after=2022-06-23T00:00:00+00:00
[2022-06-23 23:31:25,290] {processor.py:161} INFO - Processing /home/airflow/.local/lib/python3.7/site-packages/airflow/example_dags/example_bash_operator.py took 0.169 seconds
[2022-06-23 23:31:55,439] {processor.py:153} INFO - Started process (PID=258) to work on /home/airflow/.local/lib/python3.7/site-packages/airflow/example_dags/example_bash_operator.py
[2022-06-23 23:31:55,439] {processor.py:641} INFO - Processing file /home/airflow/.local/lib/python3.7/site-packages/airflow/example_dags/example_bash_operator.py for tasks to queue
[2022-06-23 23:31:55,440] {logging_mixin.py:115} INFO - [2022-06-23 23:31:55,440] {dagbag.py:507} INFO - Filling up the DagBag from /home/airflow/.local/lib/python3.7/site-packages/airflow/example_dags/example_bash_operator.py
[2022-06-23 23:31:55,450] {processor.py:651} INFO - DAG(s) dict_keys(['example_bash_operator']) retrieved from /home/airflow/.local/lib/python3.7/site-packages/airflow/example_dags/example_bash_operator.py
[2022-06-23 23:31:55,476] {logging_mixin.py:115} INFO - [2022-06-23 23:31:55,476] {dag.py:2379} INFO - Sync 1 DAGs
[2022-06-23 23:31:55,503] {logging_mixin.py:115} INFO - [2022-06-23 23:31:55,503] {dag.py:2931} INFO - Setting next_dagrun for example_bash_operator to 2022-06-22T00:00:00+00:00, run_after=2022-06-23T00:00:00+00:00
[2022-06-23 23:31:55,626] {processor.py:161} INFO - Processing /home/airflow/.local/lib/python3.7/site-packages/airflow/example_dags/example_bash_operator.py took 0.191 seconds
[2022-06-23 23:32:26,596] {processor.py:153} INFO - Started process (PID=321) to work on /home/airflow/.local/lib/python3.7/site-packages/airflow/example_dags/example_bash_operator.py
[2022-06-23 23:32:26,611] {processor.py:641} INFO - Processing file /home/airflow/.local/lib/python3.7/site-packages/airflow/example_dags/example_bash_operator.py for tasks to queue
[2022-06-23 23:32:26,612] {logging_mixin.py:115} INFO - [2022-06-23 23:32:26,611] {dagbag.py:507} INFO - Filling up the DagBag from /home/airflow/.local/lib/python3.7/site-packages/airflow/example_dags/example_bash_operator.py
[2022-06-23 23:32:26,623] {processor.py:651} INFO - DAG(s) dict_keys(['example_bash_operator']) retrieved from /home/airflow/.local/lib/python3.7/site-packages/airflow/example_dags/example_bash_operator.py
[2022-06-23 23:32:26,654] {logging_mixin.py:115} INFO - [2022-06-23 23:32:26,654] {dag.py:2379} INFO - Sync 1 DAGs
[2022-06-23 23:32:26,682] {logging_mixin.py:115} INFO - [2022-06-23 23:32:26,682] {dag.py:2931} INFO - Setting next_dagrun for example_bash_operator to 2022-06-22T00:00:00+00:00, run_after=2022-06-23T00:00:00+00:00
[2022-06-23 23:32:26,799] {processor.py:161} INFO - Processing /home/airflow/.local/lib/python3.7/site-packages/airflow/example_dags/example_bash_operator.py took 0.205 seconds
[2022-06-23 23:32:56,865] {processor.py:153} INFO - Started process (PID=375) to work on /home/airflow/.local/lib/python3.7/site-packages/airflow/example_dags/example_bash_operator.py
[2022-06-23 23:32:56,879] {processor.py:641} INFO - Processing file /home/airflow/.local/lib/python3.7/site-packages/airflow/example_dags/example_bash_operator.py for tasks to queue
[2022-06-23 23:32:56,880] {logging_mixin.py:115} INFO - [2022-06-23 23:32:56,880] {dagbag.py:507} INFO - Filling up the DagBag from /home/airflow/.local/lib/python3.7/site-packages/airflow/example_dags/example_bash_operator.py
[2022-06-23 23:32:56,893] {processor.py:651} INFO - DAG(s) dict_keys(['example_bash_operator']) retrieved from /home/airflow/.local/lib/python3.7/site-packages/airflow/example_dags/example_bash_operator.py
[2022-06-23 23:32:56,922] {logging_mixin.py:115} INFO - [2022-06-23 23:32:56,921] {dag.py:2379} INFO - Sync 1 DAGs
[2022-06-23 23:32:56,956] {logging_mixin.py:115} INFO - [2022-06-23 23:32:56,956] {dag.py:2931} INFO - Setting next_dagrun for example_bash_operator to 2022-06-22T00:00:00+00:00, run_after=2022-06-23T00:00:00+00:00
[2022-06-23 23:32:57,083] {processor.py:161} INFO - Processing /home/airflow/.local/lib/python3.7/site-packages/airflow/example_dags/example_bash_operator.py took 0.220 seconds
[2022-06-23 23:33:27,336] {processor.py:153} INFO - Started process (PID=438) to work on /home/airflow/.local/lib/python3.7/site-packages/airflow/example_dags/example_bash_operator.py
[2022-06-23 23:33:27,378] {processor.py:641} INFO - Processing file /home/airflow/.local/lib/python3.7/site-packages/airflow/example_dags/example_bash_operator.py for tasks to queue
[2022-06-23 23:33:27,379] {logging_mixin.py:115} INFO - [2022-06-23 23:33:27,379] {dagbag.py:507} INFO - Filling up the DagBag from /home/airflow/.local/lib/python3.7/site-packages/airflow/example_dags/example_bash_operator.py
[2022-06-23 23:33:27,392] {processor.py:651} INFO - DAG(s) dict_keys(['example_bash_operator']) retrieved from /home/airflow/.local/lib/python3.7/site-packages/airflow/example_dags/example_bash_operator.py
[2022-06-23 23:33:27,415] {logging_mixin.py:115} INFO - [2022-06-23 23:33:27,415] {dag.py:2379} INFO - Sync 1 DAGs
[2022-06-23 23:33:27,536] {logging_mixin.py:115} INFO - [2022-06-23 23:33:27,536] {dag.py:2931} INFO - Setting next_dagrun for example_bash_operator to 2022-06-22T00:00:00+00:00, run_after=2022-06-23T00:00:00+00:00
[2022-06-23 23:33:27,694] {processor.py:161} INFO - Processing /home/airflow/.local/lib/python3.7/site-packages/airflow/example_dags/example_bash_operator.py took 0.360 seconds
[2022-06-23 23:33:58,598] {processor.py:153} INFO - Started process (PID=502) to work on /home/airflow/.local/lib/python3.7/site-packages/airflow/example_dags/example_bash_operator.py
[2022-06-23 23:33:58,722] {processor.py:641} INFO - Processing file /home/airflow/.local/lib/python3.7/site-packages/airflow/example_dags/example_bash_operator.py for tasks to queue
[2022-06-23 23:33:58,722] {logging_mixin.py:115} INFO - [2022-06-23 23:33:58,722] {dagbag.py:507} INFO - Filling up the DagBag from /home/airflow/.local/lib/python3.7/site-packages/airflow/example_dags/example_bash_operator.py
[2022-06-23 23:33:58,735] {processor.py:651} INFO - DAG(s) dict_keys(['example_bash_operator']) retrieved from /home/airflow/.local/lib/python3.7/site-packages/airflow/example_dags/example_bash_operator.py
[2022-06-23 23:33:58,754] {logging_mixin.py:115} INFO - [2022-06-23 23:33:58,754] {dag.py:2379} INFO - Sync 1 DAGs
[2022-06-23 23:33:58,861] {logging_mixin.py:115} INFO - [2022-06-23 23:33:58,861] {dag.py:2931} INFO - Setting next_dagrun for example_bash_operator to 2022-06-22T00:00:00+00:00, run_after=2022-06-23T00:00:00+00:00
[2022-06-23 23:33:58,873] {processor.py:161} INFO - Processing /home/airflow/.local/lib/python3.7/site-packages/airflow/example_dags/example_bash_operator.py took 0.279 seconds
[2022-06-23 23:34:29,238] {processor.py:153} INFO - Started process (PID=558) to work on /home/airflow/.local/lib/python3.7/site-packages/airflow/example_dags/example_bash_operator.py
[2022-06-23 23:34:29,250] {processor.py:641} INFO - Processing file /home/airflow/.local/lib/python3.7/site-packages/airflow/example_dags/example_bash_operator.py for tasks to queue
[2022-06-23 23:34:29,251] {logging_mixin.py:115} INFO - [2022-06-23 23:34:29,251] {dagbag.py:507} INFO - Filling up the DagBag from /home/airflow/.local/lib/python3.7/site-packages/airflow/example_dags/example_bash_operator.py
[2022-06-23 23:34:29,268] {processor.py:651} INFO - DAG(s) dict_keys(['example_bash_operator']) retrieved from /home/airflow/.local/lib/python3.7/site-packages/airflow/example_dags/example_bash_operator.py
[2022-06-23 23:34:29,297] {logging_mixin.py:115} INFO - [2022-06-23 23:34:29,296] {dag.py:2379} INFO - Sync 1 DAGs
[2022-06-23 23:34:29,406] {logging_mixin.py:115} INFO - [2022-06-23 23:34:29,406] {dag.py:2931} INFO - Setting next_dagrun for example_bash_operator to 2022-06-22T00:00:00+00:00, run_after=2022-06-23T00:00:00+00:00
[2022-06-23 23:34:29,428] {processor.py:161} INFO - Processing /home/airflow/.local/lib/python3.7/site-packages/airflow/example_dags/example_bash_operator.py took 0.193 seconds
[2022-06-23 23:34:59,648] {processor.py:153} INFO - Started process (PID=621) to work on /home/airflow/.local/lib/python3.7/site-packages/airflow/example_dags/example_bash_operator.py
[2022-06-23 23:34:59,649] {processor.py:641} INFO - Processing file /home/airflow/.local/lib/python3.7/site-packages/airflow/example_dags/example_bash_operator.py for tasks to queue
[2022-06-23 23:34:59,649] {logging_mixin.py:115} INFO - [2022-06-23 23:34:59,649] {dagbag.py:507} INFO - Filling up the DagBag from /home/airflow/.local/lib/python3.7/site-packages/airflow/example_dags/example_bash_operator.py
[2022-06-23 23:34:59,657] {processor.py:651} INFO - DAG(s) dict_keys(['example_bash_operator']) retrieved from /home/airflow/.local/lib/python3.7/site-packages/airflow/example_dags/example_bash_operator.py
[2022-06-23 23:34:59,678] {logging_mixin.py:115} INFO - [2022-06-23 23:34:59,678] {dag.py:2379} INFO - Sync 1 DAGs
[2022-06-23 23:34:59,786] {logging_mixin.py:115} INFO - [2022-06-23 23:34:59,786] {dag.py:2931} INFO - Setting next_dagrun for example_bash_operator to 2022-06-22T00:00:00+00:00, run_after=2022-06-23T00:00:00+00:00
[2022-06-23 23:34:59,799] {processor.py:161} INFO - Processing /home/airflow/.local/lib/python3.7/site-packages/airflow/example_dags/example_bash_operator.py took 0.155 seconds
[2022-06-23 23:35:30,089] {processor.py:153} INFO - Started process (PID=682) to work on /home/airflow/.local/lib/python3.7/site-packages/airflow/example_dags/example_bash_operator.py
[2022-06-23 23:35:30,089] {processor.py:641} INFO - Processing file /home/airflow/.local/lib/python3.7/site-packages/airflow/example_dags/example_bash_operator.py for tasks to queue
[2022-06-23 23:35:30,090] {logging_mixin.py:115} INFO - [2022-06-23 23:35:30,090] {dagbag.py:507} INFO - Filling up the DagBag from /home/airflow/.local/lib/python3.7/site-packages/airflow/example_dags/example_bash_operator.py
[2022-06-23 23:35:30,101] {processor.py:651} INFO - DAG(s) dict_keys(['example_bash_operator']) retrieved from /home/airflow/.local/lib/python3.7/site-packages/airflow/example_dags/example_bash_operator.py
[2022-06-23 23:35:30,129] {logging_mixin.py:115} INFO - [2022-06-23 23:35:30,128] {dag.py:2379} INFO - Sync 1 DAGs
[2022-06-23 23:35:30,251] {logging_mixin.py:115} INFO - [2022-06-23 23:35:30,250] {dag.py:2931} INFO - Setting next_dagrun for example_bash_operator to 2022-06-22T00:00:00+00:00, run_after=2022-06-23T00:00:00+00:00
[2022-06-23 23:35:30,269] {processor.py:161} INFO - Processing /home/airflow/.local/lib/python3.7/site-packages/airflow/example_dags/example_bash_operator.py took 0.184 seconds
[2022-06-23 23:36:00,395] {processor.py:153} INFO - Started process (PID=738) to work on /home/airflow/.local/lib/python3.7/site-packages/airflow/example_dags/example_bash_operator.py
[2022-06-23 23:36:00,396] {processor.py:641} INFO - Processing file /home/airflow/.local/lib/python3.7/site-packages/airflow/example_dags/example_bash_operator.py for tasks to queue
[2022-06-23 23:36:00,397] {logging_mixin.py:115} INFO - [2022-06-23 23:36:00,397] {dagbag.py:507} INFO - Filling up the DagBag from /home/airflow/.local/lib/python3.7/site-packages/airflow/example_dags/example_bash_operator.py
[2022-06-23 23:36:00,409] {processor.py:651} INFO - DAG(s) dict_keys(['example_bash_operator']) retrieved from /home/airflow/.local/lib/python3.7/site-packages/airflow/example_dags/example_bash_operator.py
[2022-06-23 23:36:00,432] {logging_mixin.py:115} INFO - [2022-06-23 23:36:00,431] {dag.py:2379} INFO - Sync 1 DAGs
[2022-06-23 23:36:00,540] {logging_mixin.py:115} INFO - [2022-06-23 23:36:00,539] {dag.py:2931} INFO - Setting next_dagrun for example_bash_operator to 2022-06-22T00:00:00+00:00, run_after=2022-06-23T00:00:00+00:00
[2022-06-23 23:36:00,570] {processor.py:161} INFO - Processing /home/airflow/.local/lib/python3.7/site-packages/airflow/example_dags/example_bash_operator.py took 0.179 seconds
[2022-06-23 23:36:30,928] {processor.py:153} INFO - Started process (PID=801) to work on /home/airflow/.local/lib/python3.7/site-packages/airflow/example_dags/example_bash_operator.py
[2022-06-23 23:36:30,929] {processor.py:641} INFO - Processing file /home/airflow/.local/lib/python3.7/site-packages/airflow/example_dags/example_bash_operator.py for tasks to queue
[2022-06-23 23:36:30,929] {logging_mixin.py:115} INFO - [2022-06-23 23:36:30,929] {dagbag.py:507} INFO - Filling up the DagBag from /home/airflow/.local/lib/python3.7/site-packages/airflow/example_dags/example_bash_operator.py
[2022-06-23 23:36:30,941] {processor.py:651} INFO - DAG(s) dict_keys(['example_bash_operator']) retrieved from /home/airflow/.local/lib/python3.7/site-packages/airflow/example_dags/example_bash_operator.py
[2022-06-23 23:36:30,962] {logging_mixin.py:115} INFO - [2022-06-23 23:36:30,962] {dag.py:2379} INFO - Sync 1 DAGs
[2022-06-23 23:36:31,075] {logging_mixin.py:115} INFO - [2022-06-23 23:36:31,075] {dag.py:2931} INFO - Setting next_dagrun for example_bash_operator to 2022-06-22T00:00:00+00:00, run_after=2022-06-23T00:00:00+00:00
[2022-06-23 23:36:31,104] {processor.py:161} INFO - Processing /home/airflow/.local/lib/python3.7/site-packages/airflow/example_dags/example_bash_operator.py took 0.180 seconds
[2022-06-23 23:37:01,497] {processor.py:153} INFO - Started process (PID=855) to work on /home/airflow/.local/lib/python3.7/site-packages/airflow/example_dags/example_bash_operator.py
[2022-06-23 23:37:01,522] {processor.py:641} INFO - Processing file /home/airflow/.local/lib/python3.7/site-packages/airflow/example_dags/example_bash_operator.py for tasks to queue
[2022-06-23 23:37:01,523] {logging_mixin.py:115} INFO - [2022-06-23 23:37:01,523] {dagbag.py:507} INFO - Filling up the DagBag from /home/airflow/.local/lib/python3.7/site-packages/airflow/example_dags/example_bash_operator.py
[2022-06-23 23:37:01,536] {processor.py:651} INFO - DAG(s) dict_keys(['example_bash_operator']) retrieved from /home/airflow/.local/lib/python3.7/site-packages/airflow/example_dags/example_bash_operator.py
[2022-06-23 23:37:01,564] {logging_mixin.py:115} INFO - [2022-06-23 23:37:01,564] {dag.py:2379} INFO - Sync 1 DAGs
[2022-06-23 23:37:01,676] {logging_mixin.py:115} INFO - [2022-06-23 23:37:01,676] {dag.py:2931} INFO - Setting next_dagrun for example_bash_operator to 2022-06-22T00:00:00+00:00, run_after=2022-06-23T00:00:00+00:00
[2022-06-23 23:37:01,702] {processor.py:161} INFO - Processing /home/airflow/.local/lib/python3.7/site-packages/airflow/example_dags/example_bash_operator.py took 0.209 seconds
[2022-06-23 23:37:31,980] {processor.py:153} INFO - Started process (PID=918) to work on /home/airflow/.local/lib/python3.7/site-packages/airflow/example_dags/example_bash_operator.py
[2022-06-23 23:37:31,980] {processor.py:641} INFO - Processing file /home/airflow/.local/lib/python3.7/site-packages/airflow/example_dags/example_bash_operator.py for tasks to queue
[2022-06-23 23:37:31,980] {logging_mixin.py:115} INFO - [2022-06-23 23:37:31,980] {dagbag.py:507} INFO - Filling up the DagBag from /home/airflow/.local/lib/python3.7/site-packages/airflow/example_dags/example_bash_operator.py
[2022-06-23 23:37:31,989] {processor.py:651} INFO - DAG(s) dict_keys(['example_bash_operator']) retrieved from /home/airflow/.local/lib/python3.7/site-packages/airflow/example_dags/example_bash_operator.py
[2022-06-23 23:37:32,012] {logging_mixin.py:115} INFO - [2022-06-23 23:37:32,011] {dag.py:2379} INFO - Sync 1 DAGs
[2022-06-23 23:37:32,121] {logging_mixin.py:115} INFO - [2022-06-23 23:37:32,121] {dag.py:2931} INFO - Setting next_dagrun for example_bash_operator to 2022-06-22T00:00:00+00:00, run_after=2022-06-23T00:00:00+00:00
[2022-06-23 23:37:32,149] {processor.py:161} INFO - Processing /home/airflow/.local/lib/python3.7/site-packages/airflow/example_dags/example_bash_operator.py took 0.173 seconds
[2022-06-23 23:38:02,719] {processor.py:153} INFO - Started process (PID=982) to work on /home/airflow/.local/lib/python3.7/site-packages/airflow/example_dags/example_bash_operator.py
[2022-06-23 23:38:02,734] {processor.py:641} INFO - Processing file /home/airflow/.local/lib/python3.7/site-packages/airflow/example_dags/example_bash_operator.py for tasks to queue
[2022-06-23 23:38:02,735] {logging_mixin.py:115} INFO - [2022-06-23 23:38:02,734] {dagbag.py:507} INFO - Filling up the DagBag from /home/airflow/.local/lib/python3.7/site-packages/airflow/example_dags/example_bash_operator.py
[2022-06-23 23:38:02,746] {processor.py:651} INFO - DAG(s) dict_keys(['example_bash_operator']) retrieved from /home/airflow/.local/lib/python3.7/site-packages/airflow/example_dags/example_bash_operator.py
[2022-06-23 23:38:02,766] {logging_mixin.py:115} INFO - [2022-06-23 23:38:02,766] {dag.py:2379} INFO - Sync 1 DAGs
[2022-06-23 23:38:02,884] {logging_mixin.py:115} INFO - [2022-06-23 23:38:02,884] {dag.py:2931} INFO - Setting next_dagrun for example_bash_operator to 2022-06-22T00:00:00+00:00, run_after=2022-06-23T00:00:00+00:00
[2022-06-23 23:38:02,898] {processor.py:161} INFO - Processing /home/airflow/.local/lib/python3.7/site-packages/airflow/example_dags/example_bash_operator.py took 0.183 seconds
[2022-06-23 23:38:32,971] {processor.py:153} INFO - Started process (PID=1036) to work on /home/airflow/.local/lib/python3.7/site-packages/airflow/example_dags/example_bash_operator.py
[2022-06-23 23:38:32,983] {processor.py:641} INFO - Processing file /home/airflow/.local/lib/python3.7/site-packages/airflow/example_dags/example_bash_operator.py for tasks to queue
[2022-06-23 23:38:32,983] {logging_mixin.py:115} INFO - [2022-06-23 23:38:32,983] {dagbag.py:507} INFO - Filling up the DagBag from /home/airflow/.local/lib/python3.7/site-packages/airflow/example_dags/example_bash_operator.py
[2022-06-23 23:38:32,996] {processor.py:651} INFO - DAG(s) dict_keys(['example_bash_operator']) retrieved from /home/airflow/.local/lib/python3.7/site-packages/airflow/example_dags/example_bash_operator.py
[2022-06-23 23:38:33,020] {logging_mixin.py:115} INFO - [2022-06-23 23:38:33,019] {dag.py:2379} INFO - Sync 1 DAGs
[2022-06-23 23:38:33,132] {logging_mixin.py:115} INFO - [2022-06-23 23:38:33,132] {dag.py:2931} INFO - Setting next_dagrun for example_bash_operator to 2022-06-22T00:00:00+00:00, run_after=2022-06-23T00:00:00+00:00
[2022-06-23 23:38:33,150] {processor.py:161} INFO - Processing /home/airflow/.local/lib/python3.7/site-packages/airflow/example_dags/example_bash_operator.py took 0.184 seconds
[2022-06-23 23:39:03,362] {processor.py:153} INFO - Started process (PID=1100) to work on /home/airflow/.local/lib/python3.7/site-packages/airflow/example_dags/example_bash_operator.py
[2022-06-23 23:39:03,376] {processor.py:641} INFO - Processing file /home/airflow/.local/lib/python3.7/site-packages/airflow/example_dags/example_bash_operator.py for tasks to queue
[2022-06-23 23:39:03,376] {logging_mixin.py:115} INFO - [2022-06-23 23:39:03,376] {dagbag.py:507} INFO - Filling up the DagBag from /home/airflow/.local/lib/python3.7/site-packages/airflow/example_dags/example_bash_operator.py
[2022-06-23 23:39:03,391] {processor.py:651} INFO - DAG(s) dict_keys(['example_bash_operator']) retrieved from /home/airflow/.local/lib/python3.7/site-packages/airflow/example_dags/example_bash_operator.py
[2022-06-23 23:39:03,416] {logging_mixin.py:115} INFO - [2022-06-23 23:39:03,416] {dag.py:2379} INFO - Sync 1 DAGs
[2022-06-23 23:39:03,532] {logging_mixin.py:115} INFO - [2022-06-23 23:39:03,532] {dag.py:2931} INFO - Setting next_dagrun for example_bash_operator to 2022-06-22T00:00:00+00:00, run_after=2022-06-23T00:00:00+00:00
[2022-06-23 23:39:03,561] {processor.py:161} INFO - Processing /home/airflow/.local/lib/python3.7/site-packages/airflow/example_dags/example_bash_operator.py took 0.203 seconds
[2022-06-23 23:39:34,087] {processor.py:153} INFO - Started process (PID=1165) to work on /home/airflow/.local/lib/python3.7/site-packages/airflow/example_dags/example_bash_operator.py
[2022-06-23 23:39:34,109] {processor.py:641} INFO - Processing file /home/airflow/.local/lib/python3.7/site-packages/airflow/example_dags/example_bash_operator.py for tasks to queue
[2022-06-23 23:39:34,109] {logging_mixin.py:115} INFO - [2022-06-23 23:39:34,109] {dagbag.py:507} INFO - Filling up the DagBag from /home/airflow/.local/lib/python3.7/site-packages/airflow/example_dags/example_bash_operator.py
[2022-06-23 23:39:34,124] {processor.py:651} INFO - DAG(s) dict_keys(['example_bash_operator']) retrieved from /home/airflow/.local/lib/python3.7/site-packages/airflow/example_dags/example_bash_operator.py
[2022-06-23 23:39:34,146] {logging_mixin.py:115} INFO - [2022-06-23 23:39:34,146] {dag.py:2379} INFO - Sync 1 DAGs
[2022-06-23 23:39:34,266] {logging_mixin.py:115} INFO - [2022-06-23 23:39:34,266] {dag.py:2931} INFO - Setting next_dagrun for example_bash_operator to 2022-06-22T00:00:00+00:00, run_after=2022-06-23T00:00:00+00:00
[2022-06-23 23:39:34,291] {processor.py:161} INFO - Processing /home/airflow/.local/lib/python3.7/site-packages/airflow/example_dags/example_bash_operator.py took 0.207 seconds
[2022-06-23 23:40:04,704] {processor.py:153} INFO - Started process (PID=1221) to work on /home/airflow/.local/lib/python3.7/site-packages/airflow/example_dags/example_bash_operator.py
[2022-06-23 23:40:04,705] {processor.py:641} INFO - Processing file /home/airflow/.local/lib/python3.7/site-packages/airflow/example_dags/example_bash_operator.py for tasks to queue
[2022-06-23 23:40:04,705] {logging_mixin.py:115} INFO - [2022-06-23 23:40:04,705] {dagbag.py:507} INFO - Filling up the DagBag from /home/airflow/.local/lib/python3.7/site-packages/airflow/example_dags/example_bash_operator.py
[2022-06-23 23:40:04,713] {processor.py:651} INFO - DAG(s) dict_keys(['example_bash_operator']) retrieved from /home/airflow/.local/lib/python3.7/site-packages/airflow/example_dags/example_bash_operator.py
[2022-06-23 23:40:04,740] {logging_mixin.py:115} INFO - [2022-06-23 23:40:04,740] {dag.py:2379} INFO - Sync 1 DAGs
[2022-06-23 23:40:04,858] {logging_mixin.py:115} INFO - [2022-06-23 23:40:04,858] {dag.py:2931} INFO - Setting next_dagrun for example_bash_operator to 2022-06-22T00:00:00+00:00, run_after=2022-06-23T00:00:00+00:00
[2022-06-23 23:40:04,886] {processor.py:161} INFO - Processing /home/airflow/.local/lib/python3.7/site-packages/airflow/example_dags/example_bash_operator.py took 0.186 seconds
[2022-06-23 23:40:35,251] {processor.py:153} INFO - Started process (PID=1284) to work on /home/airflow/.local/lib/python3.7/site-packages/airflow/example_dags/example_bash_operator.py
[2022-06-23 23:40:35,252] {processor.py:641} INFO - Processing file /home/airflow/.local/lib/python3.7/site-packages/airflow/example_dags/example_bash_operator.py for tasks to queue
[2022-06-23 23:40:35,253] {logging_mixin.py:115} INFO - [2022-06-23 23:40:35,253] {dagbag.py:507} INFO - Filling up the DagBag from /home/airflow/.local/lib/python3.7/site-packages/airflow/example_dags/example_bash_operator.py
[2022-06-23 23:40:35,262] {processor.py:651} INFO - DAG(s) dict_keys(['example_bash_operator']) retrieved from /home/airflow/.local/lib/python3.7/site-packages/airflow/example_dags/example_bash_operator.py
[2022-06-23 23:40:35,290] {logging_mixin.py:115} INFO - [2022-06-23 23:40:35,289] {dag.py:2379} INFO - Sync 1 DAGs
[2022-06-23 23:40:35,438] {logging_mixin.py:115} INFO - [2022-06-23 23:40:35,438] {dag.py:2931} INFO - Setting next_dagrun for example_bash_operator to 2022-06-22T00:00:00+00:00, run_after=2022-06-23T00:00:00+00:00
[2022-06-23 23:40:35,452] {processor.py:161} INFO - Processing /home/airflow/.local/lib/python3.7/site-packages/airflow/example_dags/example_bash_operator.py took 0.204 seconds
[2022-06-23 23:41:06,163] {processor.py:153} INFO - Started process (PID=1347) to work on /home/airflow/.local/lib/python3.7/site-packages/airflow/example_dags/example_bash_operator.py
[2022-06-23 23:41:06,163] {processor.py:641} INFO - Processing file /home/airflow/.local/lib/python3.7/site-packages/airflow/example_dags/example_bash_operator.py for tasks to queue
[2022-06-23 23:41:06,164] {logging_mixin.py:115} INFO - [2022-06-23 23:41:06,164] {dagbag.py:507} INFO - Filling up the DagBag from /home/airflow/.local/lib/python3.7/site-packages/airflow/example_dags/example_bash_operator.py
[2022-06-23 23:41:06,172] {processor.py:651} INFO - DAG(s) dict_keys(['example_bash_operator']) retrieved from /home/airflow/.local/lib/python3.7/site-packages/airflow/example_dags/example_bash_operator.py
[2022-06-23 23:41:06,197] {logging_mixin.py:115} INFO - [2022-06-23 23:41:06,197] {dag.py:2379} INFO - Sync 1 DAGs
[2022-06-23 23:41:06,318] {logging_mixin.py:115} INFO - [2022-06-23 23:41:06,318] {dag.py:2931} INFO - Setting next_dagrun for example_bash_operator to 2022-06-22T00:00:00+00:00, run_after=2022-06-23T00:00:00+00:00
[2022-06-23 23:41:06,343] {processor.py:161} INFO - Processing /home/airflow/.local/lib/python3.7/site-packages/airflow/example_dags/example_bash_operator.py took 0.184 seconds
[2022-06-23 23:41:36,635] {processor.py:153} INFO - Started process (PID=1401) to work on /home/airflow/.local/lib/python3.7/site-packages/airflow/example_dags/example_bash_operator.py
[2022-06-23 23:41:36,636] {processor.py:641} INFO - Processing file /home/airflow/.local/lib/python3.7/site-packages/airflow/example_dags/example_bash_operator.py for tasks to queue
[2022-06-23 23:41:36,637] {logging_mixin.py:115} INFO - [2022-06-23 23:41:36,636] {dagbag.py:507} INFO - Filling up the DagBag from /home/airflow/.local/lib/python3.7/site-packages/airflow/example_dags/example_bash_operator.py
[2022-06-23 23:41:36,647] {processor.py:651} INFO - DAG(s) dict_keys(['example_bash_operator']) retrieved from /home/airflow/.local/lib/python3.7/site-packages/airflow/example_dags/example_bash_operator.py
[2022-06-23 23:41:36,672] {logging_mixin.py:115} INFO - [2022-06-23 23:41:36,672] {dag.py:2379} INFO - Sync 1 DAGs
[2022-06-23 23:41:36,784] {logging_mixin.py:115} INFO - [2022-06-23 23:41:36,784] {dag.py:2931} INFO - Setting next_dagrun for example_bash_operator to 2022-06-22T00:00:00+00:00, run_after=2022-06-23T00:00:00+00:00
[2022-06-23 23:41:36,814] {processor.py:161} INFO - Processing /home/airflow/.local/lib/python3.7/site-packages/airflow/example_dags/example_bash_operator.py took 0.183 seconds
[2022-06-23 23:42:07,241] {processor.py:153} INFO - Started process (PID=1464) to work on /home/airflow/.local/lib/python3.7/site-packages/airflow/example_dags/example_bash_operator.py
[2022-06-23 23:42:07,241] {processor.py:641} INFO - Processing file /home/airflow/.local/lib/python3.7/site-packages/airflow/example_dags/example_bash_operator.py for tasks to queue
[2022-06-23 23:42:07,242] {logging_mixin.py:115} INFO - [2022-06-23 23:42:07,242] {dagbag.py:507} INFO - Filling up the DagBag from /home/airflow/.local/lib/python3.7/site-packages/airflow/example_dags/example_bash_operator.py
[2022-06-23 23:42:07,251] {processor.py:651} INFO - DAG(s) dict_keys(['example_bash_operator']) retrieved from /home/airflow/.local/lib/python3.7/site-packages/airflow/example_dags/example_bash_operator.py
[2022-06-23 23:42:07,273] {logging_mixin.py:115} INFO - [2022-06-23 23:42:07,273] {dag.py:2379} INFO - Sync 1 DAGs
[2022-06-23 23:42:07,394] {logging_mixin.py:115} INFO - [2022-06-23 23:42:07,393] {dag.py:2931} INFO - Setting next_dagrun for example_bash_operator to 2022-06-22T00:00:00+00:00, run_after=2022-06-23T00:00:00+00:00
[2022-06-23 23:42:07,419] {processor.py:161} INFO - Processing /home/airflow/.local/lib/python3.7/site-packages/airflow/example_dags/example_bash_operator.py took 0.182 seconds
[2022-06-23 23:42:37,820] {processor.py:153} INFO - Started process (PID=1527) to work on /home/airflow/.local/lib/python3.7/site-packages/airflow/example_dags/example_bash_operator.py
[2022-06-23 23:42:37,821] {processor.py:641} INFO - Processing file /home/airflow/.local/lib/python3.7/site-packages/airflow/example_dags/example_bash_operator.py for tasks to queue
[2022-06-23 23:42:37,821] {logging_mixin.py:115} INFO - [2022-06-23 23:42:37,821] {dagbag.py:507} INFO - Filling up the DagBag from /home/airflow/.local/lib/python3.7/site-packages/airflow/example_dags/example_bash_operator.py
[2022-06-23 23:42:37,832] {processor.py:651} INFO - DAG(s) dict_keys(['example_bash_operator']) retrieved from /home/airflow/.local/lib/python3.7/site-packages/airflow/example_dags/example_bash_operator.py
[2022-06-23 23:42:37,853] {logging_mixin.py:115} INFO - [2022-06-23 23:42:37,853] {dag.py:2379} INFO - Sync 1 DAGs
[2022-06-23 23:42:37,963] {logging_mixin.py:115} INFO - [2022-06-23 23:42:37,963] {dag.py:2931} INFO - Setting next_dagrun for example_bash_operator to 2022-06-22T00:00:00+00:00, run_after=2022-06-23T00:00:00+00:00
[2022-06-23 23:42:37,975] {processor.py:161} INFO - Processing /home/airflow/.local/lib/python3.7/site-packages/airflow/example_dags/example_bash_operator.py took 0.157 seconds
[2022-06-23 23:43:08,512] {processor.py:153} INFO - Started process (PID=1581) to work on /home/airflow/.local/lib/python3.7/site-packages/airflow/example_dags/example_bash_operator.py
[2022-06-23 23:43:08,512] {processor.py:641} INFO - Processing file /home/airflow/.local/lib/python3.7/site-packages/airflow/example_dags/example_bash_operator.py for tasks to queue
[2022-06-23 23:43:08,513] {logging_mixin.py:115} INFO - [2022-06-23 23:43:08,513] {dagbag.py:507} INFO - Filling up the DagBag from /home/airflow/.local/lib/python3.7/site-packages/airflow/example_dags/example_bash_operator.py
[2022-06-23 23:43:08,521] {processor.py:651} INFO - DAG(s) dict_keys(['example_bash_operator']) retrieved from /home/airflow/.local/lib/python3.7/site-packages/airflow/example_dags/example_bash_operator.py
[2022-06-23 23:43:08,544] {logging_mixin.py:115} INFO - [2022-06-23 23:43:08,544] {dag.py:2379} INFO - Sync 1 DAGs
[2022-06-23 23:43:08,662] {logging_mixin.py:115} INFO - [2022-06-23 23:43:08,662] {dag.py:2931} INFO - Setting next_dagrun for example_bash_operator to 2022-06-22T00:00:00+00:00, run_after=2022-06-23T00:00:00+00:00
[2022-06-23 23:43:08,692] {processor.py:161} INFO - Processing /home/airflow/.local/lib/python3.7/site-packages/airflow/example_dags/example_bash_operator.py took 0.184 seconds
[2022-06-23 23:43:39,121] {processor.py:153} INFO - Started process (PID=1644) to work on /home/airflow/.local/lib/python3.7/site-packages/airflow/example_dags/example_bash_operator.py
[2022-06-23 23:43:39,122] {processor.py:641} INFO - Processing file /home/airflow/.local/lib/python3.7/site-packages/airflow/example_dags/example_bash_operator.py for tasks to queue
[2022-06-23 23:43:39,122] {logging_mixin.py:115} INFO - [2022-06-23 23:43:39,122] {dagbag.py:507} INFO - Filling up the DagBag from /home/airflow/.local/lib/python3.7/site-packages/airflow/example_dags/example_bash_operator.py
[2022-06-23 23:43:39,133] {processor.py:651} INFO - DAG(s) dict_keys(['example_bash_operator']) retrieved from /home/airflow/.local/lib/python3.7/site-packages/airflow/example_dags/example_bash_operator.py
[2022-06-23 23:43:39,159] {logging_mixin.py:115} INFO - [2022-06-23 23:43:39,159] {dag.py:2379} INFO - Sync 1 DAGs
[2022-06-23 23:43:39,273] {logging_mixin.py:115} INFO - [2022-06-23 23:43:39,273] {dag.py:2931} INFO - Setting next_dagrun for example_bash_operator to 2022-06-22T00:00:00+00:00, run_after=2022-06-23T00:00:00+00:00
[2022-06-23 23:43:39,292] {processor.py:161} INFO - Processing /home/airflow/.local/lib/python3.7/site-packages/airflow/example_dags/example_bash_operator.py took 0.175 seconds
[2022-06-23 23:44:09,568] {processor.py:153} INFO - Started process (PID=1707) to work on /home/airflow/.local/lib/python3.7/site-packages/airflow/example_dags/example_bash_operator.py
[2022-06-23 23:44:09,569] {processor.py:641} INFO - Processing file /home/airflow/.local/lib/python3.7/site-packages/airflow/example_dags/example_bash_operator.py for tasks to queue
[2022-06-23 23:44:09,569] {logging_mixin.py:115} INFO - [2022-06-23 23:44:09,569] {dagbag.py:507} INFO - Filling up the DagBag from /home/airflow/.local/lib/python3.7/site-packages/airflow/example_dags/example_bash_operator.py
[2022-06-23 23:44:09,579] {processor.py:651} INFO - DAG(s) dict_keys(['example_bash_operator']) retrieved from /home/airflow/.local/lib/python3.7/site-packages/airflow/example_dags/example_bash_operator.py
[2022-06-23 23:44:09,601] {logging_mixin.py:115} INFO - [2022-06-23 23:44:09,601] {dag.py:2379} INFO - Sync 1 DAGs
[2022-06-23 23:44:09,712] {logging_mixin.py:115} INFO - [2022-06-23 23:44:09,712] {dag.py:2931} INFO - Setting next_dagrun for example_bash_operator to 2022-06-22T00:00:00+00:00, run_after=2022-06-23T00:00:00+00:00
[2022-06-23 23:44:09,742] {processor.py:161} INFO - Processing /home/airflow/.local/lib/python3.7/site-packages/airflow/example_dags/example_bash_operator.py took 0.178 seconds
[2022-06-23 23:44:39,993] {processor.py:153} INFO - Started process (PID=1762) to work on /home/airflow/.local/lib/python3.7/site-packages/airflow/example_dags/example_bash_operator.py
[2022-06-23 23:44:40,023] {processor.py:641} INFO - Processing file /home/airflow/.local/lib/python3.7/site-packages/airflow/example_dags/example_bash_operator.py for tasks to queue
[2022-06-23 23:44:40,024] {logging_mixin.py:115} INFO - [2022-06-23 23:44:40,024] {dagbag.py:507} INFO - Filling up the DagBag from /home/airflow/.local/lib/python3.7/site-packages/airflow/example_dags/example_bash_operator.py
[2022-06-23 23:44:40,037] {processor.py:651} INFO - DAG(s) dict_keys(['example_bash_operator']) retrieved from /home/airflow/.local/lib/python3.7/site-packages/airflow/example_dags/example_bash_operator.py
[2022-06-23 23:44:40,059] {logging_mixin.py:115} INFO - [2022-06-23 23:44:40,059] {dag.py:2379} INFO - Sync 1 DAGs
[2022-06-23 23:44:40,182] {logging_mixin.py:115} INFO - [2022-06-23 23:44:40,182] {dag.py:2931} INFO - Setting next_dagrun for example_bash_operator to 2022-06-22T00:00:00+00:00, run_after=2022-06-23T00:00:00+00:00
[2022-06-23 23:44:40,209] {processor.py:161} INFO - Processing /home/airflow/.local/lib/python3.7/site-packages/airflow/example_dags/example_bash_operator.py took 0.221 seconds
[2022-06-23 23:45:10,556] {processor.py:153} INFO - Started process (PID=1826) to work on /home/airflow/.local/lib/python3.7/site-packages/airflow/example_dags/example_bash_operator.py
[2022-06-23 23:45:10,556] {processor.py:641} INFO - Processing file /home/airflow/.local/lib/python3.7/site-packages/airflow/example_dags/example_bash_operator.py for tasks to queue
[2022-06-23 23:45:10,557] {logging_mixin.py:115} INFO - [2022-06-23 23:45:10,557] {dagbag.py:507} INFO - Filling up the DagBag from /home/airflow/.local/lib/python3.7/site-packages/airflow/example_dags/example_bash_operator.py
[2022-06-23 23:45:10,568] {processor.py:651} INFO - DAG(s) dict_keys(['example_bash_operator']) retrieved from /home/airflow/.local/lib/python3.7/site-packages/airflow/example_dags/example_bash_operator.py
[2022-06-23 23:45:10,595] {logging_mixin.py:115} INFO - [2022-06-23 23:45:10,595] {dag.py:2379} INFO - Sync 1 DAGs
[2022-06-23 23:45:10,711] {logging_mixin.py:115} INFO - [2022-06-23 23:45:10,710] {dag.py:2931} INFO - Setting next_dagrun for example_bash_operator to 2022-06-22T00:00:00+00:00, run_after=2022-06-23T00:00:00+00:00
[2022-06-23 23:45:10,725] {processor.py:161} INFO - Processing /home/airflow/.local/lib/python3.7/site-packages/airflow/example_dags/example_bash_operator.py took 0.174 seconds
                                                                                                                                                                                                                                                                                                                                                                                                                                                                                                                                                                                                                                                                                                                                                                                                                                                                                                                                                                                                                                                                                                                                                                                                                                                                                                                                                           