[2022-06-23 01:17:29,268] {processor.py:153} INFO - Started process (PID=94) to work on /home/airflow/.local/lib/python3.7/site-packages/airflow/example_dags/example_branch_python_dop_operator_3.py
[2022-06-23 01:17:29,268] {processor.py:641} INFO - Processing file /home/airflow/.local/lib/python3.7/site-packages/airflow/example_dags/example_branch_python_dop_operator_3.py for tasks to queue
[2022-06-23 01:17:29,269] {logging_mixin.py:115} INFO - [2022-06-23 01:17:29,269] {dagbag.py:507} INFO - Filling up the DagBag from /home/airflow/.local/lib/python3.7/site-packages/airflow/example_dags/example_branch_python_dop_operator_3.py
[2022-06-23 01:17:29,279] {processor.py:651} INFO - DAG(s) dict_keys(['example_branch_dop_operator_v3']) retrieved from /home/airflow/.local/lib/python3.7/site-packages/airflow/example_dags/example_branch_python_dop_operator_3.py
[2022-06-23 01:17:29,308] {logging_mixin.py:115} INFO - [2022-06-23 01:17:29,308] {dag.py:2379} INFO - Sync 1 DAGs
[2022-06-23 01:17:29,342] {logging_mixin.py:115} INFO - [2022-06-23 01:17:29,342] {dag.py:2931} INFO - Setting next_dagrun for example_branch_dop_operator_v3 to 2022-06-23T01:16:00+00:00, run_after=2022-06-23T01:17:00+00:00
[2022-06-23 01:17:29,399] {processor.py:161} INFO - Processing /home/airflow/.local/lib/python3.7/site-packages/airflow/example_dags/example_branch_python_dop_operator_3.py took 0.135 seconds
[2022-06-23 01:17:59,754] {processor.py:153} INFO - Started process (PID=154) to work on /home/airflow/.local/lib/python3.7/site-packages/airflow/example_dags/example_branch_python_dop_operator_3.py
[2022-06-23 01:17:59,754] {processor.py:641} INFO - Processing file /home/airflow/.local/lib/python3.7/site-packages/airflow/example_dags/example_branch_python_dop_operator_3.py for tasks to queue
[2022-06-23 01:17:59,755] {logging_mixin.py:115} INFO - [2022-06-23 01:17:59,755] {dagbag.py:507} INFO - Filling up the DagBag from /home/airflow/.local/lib/python3.7/site-packages/airflow/example_dags/example_branch_python_dop_operator_3.py
[2022-06-23 01:17:59,765] {processor.py:651} INFO - DAG(s) dict_keys(['example_branch_dop_operator_v3']) retrieved from /home/airflow/.local/lib/python3.7/site-packages/airflow/example_dags/example_branch_python_dop_operator_3.py
[2022-06-23 01:17:59,790] {logging_mixin.py:115} INFO - [2022-06-23 01:17:59,790] {dag.py:2379} INFO - Sync 1 DAGs
[2022-06-23 01:17:59,827] {logging_mixin.py:115} INFO - [2022-06-23 01:17:59,827] {dag.py:2931} INFO - Setting next_dagrun for example_branch_dop_operator_v3 to 2022-06-23T01:16:00+00:00, run_after=2022-06-23T01:17:00+00:00
[2022-06-23 01:17:59,944] {processor.py:161} INFO - Processing /home/airflow/.local/lib/python3.7/site-packages/airflow/example_dags/example_branch_python_dop_operator_3.py took 0.192 seconds
[2022-06-23 23:30:21,537] {processor.py:153} INFO - Started process (PID=58) to work on /home/airflow/.local/lib/python3.7/site-packages/airflow/example_dags/example_branch_python_dop_operator_3.py
[2022-06-23 23:30:21,606] {processor.py:641} INFO - Processing file /home/airflow/.local/lib/python3.7/site-packages/airflow/example_dags/example_branch_python_dop_operator_3.py for tasks to queue
[2022-06-23 23:30:21,607] {logging_mixin.py:115} INFO - [2022-06-23 23:30:21,606] {dagbag.py:507} INFO - Filling up the DagBag from /home/airflow/.local/lib/python3.7/site-packages/airflow/example_dags/example_branch_python_dop_operator_3.py
[2022-06-23 23:30:21,622] {processor.py:651} INFO - DAG(s) dict_keys(['example_branch_dop_operator_v3']) retrieved from /home/airflow/.local/lib/python3.7/site-packages/airflow/example_dags/example_branch_python_dop_operator_3.py
[2022-06-23 23:30:21,797] {logging_mixin.py:115} INFO - [2022-06-23 23:30:21,797] {dag.py:2379} INFO - Sync 1 DAGs
[2022-06-23 23:30:21,825] {logging_mixin.py:115} INFO - [2022-06-23 23:30:21,825] {dag.py:2931} INFO - Setting next_dagrun for example_branch_dop_operator_v3 to 2022-06-23T23:29:00+00:00, run_after=2022-06-23T23:30:00+00:00
[2022-06-23 23:30:21,965] {processor.py:161} INFO - Processing /home/airflow/.local/lib/python3.7/site-packages/airflow/example_dags/example_branch_python_dop_operator_3.py took 0.431 seconds
[2022-06-23 23:30:52,015] {processor.py:153} INFO - Started process (PID=116) to work on /home/airflow/.local/lib/python3.7/site-packages/airflow/example_dags/example_branch_python_dop_operator_3.py
[2022-06-23 23:30:52,016] {processor.py:641} INFO - Processing file /home/airflow/.local/lib/python3.7/site-packages/airflow/example_dags/example_branch_python_dop_operator_3.py for tasks to queue
[2022-06-23 23:30:52,017] {logging_mixin.py:115} INFO - [2022-06-23 23:30:52,017] {dagbag.py:507} INFO - Filling up the DagBag from /home/airflow/.local/lib/python3.7/site-packages/airflow/example_dags/example_branch_python_dop_operator_3.py
[2022-06-23 23:30:52,027] {processor.py:651} INFO - DAG(s) dict_keys(['example_branch_dop_operator_v3']) retrieved from /home/airflow/.local/lib/python3.7/site-packages/airflow/example_dags/example_branch_python_dop_operator_3.py
[2022-06-23 23:30:52,051] {logging_mixin.py:115} INFO - [2022-06-23 23:30:52,051] {dag.py:2379} INFO - Sync 1 DAGs
[2022-06-23 23:30:52,080] {logging_mixin.py:115} INFO - [2022-06-23 23:30:52,080] {dag.py:2931} INFO - Setting next_dagrun for example_branch_dop_operator_v3 to 2022-06-23T23:29:00+00:00, run_after=2022-06-23T23:30:00+00:00
[2022-06-23 23:30:52,178] {processor.py:161} INFO - Processing /home/airflow/.local/lib/python3.7/site-packages/airflow/example_dags/example_branch_python_dop_operator_3.py took 0.167 seconds
[2022-06-23 23:31:22,380] {processor.py:153} INFO - Started process (PID=178) to work on /home/airflow/.local/lib/python3.7/site-packages/airflow/example_dags/example_branch_python_dop_operator_3.py
[2022-06-23 23:31:22,380] {processor.py:641} INFO - Processing file /home/airflow/.local/lib/python3.7/site-packages/airflow/example_dags/example_branch_python_dop_operator_3.py for tasks to queue
[2022-06-23 23:31:22,381] {logging_mixin.py:115} INFO - [2022-06-23 23:31:22,381] {dagbag.py:507} INFO - Filling up the DagBag from /home/airflow/.local/lib/python3.7/site-packages/airflow/example_dags/example_branch_python_dop_operator_3.py
[2022-06-23 23:31:22,391] {processor.py:651} INFO - DAG(s) dict_keys(['example_branch_dop_operator_v3']) retrieved from /home/airflow/.local/lib/python3.7/site-packages/airflow/example_dags/example_branch_python_dop_operator_3.py
[2022-06-23 23:31:22,411] {logging_mixin.py:115} INFO - [2022-06-23 23:31:22,411] {dag.py:2379} INFO - Sync 1 DAGs
[2022-06-23 23:31:22,441] {logging_mixin.py:115} INFO - [2022-06-23 23:31:22,441] {dag.py:2931} INFO - Setting next_dagrun for example_branch_dop_operator_v3 to 2022-06-23T23:30:00+00:00, run_after=2022-06-23T23:31:00+00:00
[2022-06-23 23:31:22,552] {processor.py:161} INFO - Processing /home/airflow/.local/lib/python3.7/site-packages/airflow/example_dags/example_branch_python_dop_operator_3.py took 0.176 seconds
[2022-06-23 23:31:52,672] {processor.py:153} INFO - Started process (PID=242) to work on /home/airflow/.local/lib/python3.7/site-packages/airflow/example_dags/example_branch_python_dop_operator_3.py
[2022-06-23 23:31:52,673] {processor.py:641} INFO - Processing file /home/airflow/.local/lib/python3.7/site-packages/airflow/example_dags/example_branch_python_dop_operator_3.py for tasks to queue
[2022-06-23 23:31:52,673] {logging_mixin.py:115} INFO - [2022-06-23 23:31:52,673] {dagbag.py:507} INFO - Filling up the DagBag from /home/airflow/.local/lib/python3.7/site-packages/airflow/example_dags/example_branch_python_dop_operator_3.py
[2022-06-23 23:31:52,681] {processor.py:651} INFO - DAG(s) dict_keys(['example_branch_dop_operator_v3']) retrieved from /home/airflow/.local/lib/python3.7/site-packages/airflow/example_dags/example_branch_python_dop_operator_3.py
[2022-06-23 23:31:52,700] {logging_mixin.py:115} INFO - [2022-06-23 23:31:52,700] {dag.py:2379} INFO - Sync 1 DAGs
[2022-06-23 23:31:52,728] {logging_mixin.py:115} INFO - [2022-06-23 23:31:52,727] {dag.py:2931} INFO - Setting next_dagrun for example_branch_dop_operator_v3 to 2022-06-23T23:30:00+00:00, run_after=2022-06-23T23:31:00+00:00
[2022-06-23 23:31:52,813] {processor.py:161} INFO - Processing /home/airflow/.local/lib/python3.7/site-packages/airflow/example_dags/example_branch_python_dop_operator_3.py took 0.145 seconds
[2022-06-23 23:32:22,918] {processor.py:153} INFO - Started process (PID=298) to work on /home/airflow/.local/lib/python3.7/site-packages/airflow/example_dags/example_branch_python_dop_operator_3.py
[2022-06-23 23:32:22,919] {processor.py:641} INFO - Processing file /home/airflow/.local/lib/python3.7/site-packages/airflow/example_dags/example_branch_python_dop_operator_3.py for tasks to queue
[2022-06-23 23:32:22,919] {logging_mixin.py:115} INFO - [2022-06-23 23:32:22,919] {dagbag.py:507} INFO - Filling up the DagBag from /home/airflow/.local/lib/python3.7/site-packages/airflow/example_dags/example_branch_python_dop_operator_3.py
[2022-06-23 23:32:22,927] {processor.py:651} INFO - DAG(s) dict_keys(['example_branch_dop_operator_v3']) retrieved from /home/airflow/.local/lib/python3.7/site-packages/airflow/example_dags/example_branch_python_dop_operator_3.py
[2022-06-23 23:32:22,955] {logging_mixin.py:115} INFO - [2022-06-23 23:32:22,955] {dag.py:2379} INFO - Sync 1 DAGs
[2022-06-23 23:32:22,984] {logging_mixin.py:115} INFO - [2022-06-23 23:32:22,984] {dag.py:2931} INFO - Setting next_dagrun for example_branch_dop_operator_v3 to 2022-06-23T23:31:00+00:00, run_after=2022-06-23T23:32:00+00:00
[2022-06-23 23:32:23,094] {processor.py:161} INFO - Processing /home/airflow/.local/lib/python3.7/site-packages/airflow/example_dags/example_branch_python_dop_operator_3.py took 0.179 seconds
[2022-06-23 23:32:53,256] {processor.py:153} INFO - Started process (PID=361) to work on /home/airflow/.local/lib/python3.7/site-packages/airflow/example_dags/example_branch_python_dop_operator_3.py
[2022-06-23 23:32:53,256] {processor.py:641} INFO - Processing file /home/airflow/.local/lib/python3.7/site-packages/airflow/example_dags/example_branch_python_dop_operator_3.py for tasks to queue
[2022-06-23 23:32:53,256] {logging_mixin.py:115} INFO - [2022-06-23 23:32:53,256] {dagbag.py:507} INFO - Filling up the DagBag from /home/airflow/.local/lib/python3.7/site-packages/airflow/example_dags/example_branch_python_dop_operator_3.py
[2022-06-23 23:32:53,264] {processor.py:651} INFO - DAG(s) dict_keys(['example_branch_dop_operator_v3']) retrieved from /home/airflow/.local/lib/python3.7/site-packages/airflow/example_dags/example_branch_python_dop_operator_3.py
[2022-06-23 23:32:53,284] {logging_mixin.py:115} INFO - [2022-06-23 23:32:53,284] {dag.py:2379} INFO - Sync 1 DAGs
[2022-06-23 23:32:53,314] {logging_mixin.py:115} INFO - [2022-06-23 23:32:53,313] {dag.py:2931} INFO - Setting next_dagrun for example_branch_dop_operator_v3 to 2022-06-23T23:31:00+00:00, run_after=2022-06-23T23:32:00+00:00
[2022-06-23 23:32:53,437] {processor.py:161} INFO - Processing /home/airflow/.local/lib/python3.7/site-packages/airflow/example_dags/example_branch_python_dop_operator_3.py took 0.183 seconds
[2022-06-23 23:33:23,730] {processor.py:153} INFO - Started process (PID=424) to work on /home/airflow/.local/lib/python3.7/site-packages/airflow/example_dags/example_branch_python_dop_operator_3.py
[2022-06-23 23:33:23,730] {processor.py:641} INFO - Processing file /home/airflow/.local/lib/python3.7/site-packages/airflow/example_dags/example_branch_python_dop_operator_3.py for tasks to queue
[2022-06-23 23:33:23,731] {logging_mixin.py:115} INFO - [2022-06-23 23:33:23,731] {dagbag.py:507} INFO - Filling up the DagBag from /home/airflow/.local/lib/python3.7/site-packages/airflow/example_dags/example_branch_python_dop_operator_3.py
[2022-06-23 23:33:23,738] {processor.py:651} INFO - DAG(s) dict_keys(['example_branch_dop_operator_v3']) retrieved from /home/airflow/.local/lib/python3.7/site-packages/airflow/example_dags/example_branch_python_dop_operator_3.py
[2022-06-23 23:33:23,764] {logging_mixin.py:115} INFO - [2022-06-23 23:33:23,764] {dag.py:2379} INFO - Sync 1 DAGs
[2022-06-23 23:33:23,792] {logging_mixin.py:115} INFO - [2022-06-23 23:33:23,792] {dag.py:2931} INFO - Setting next_dagrun for example_branch_dop_operator_v3 to 2022-06-23T23:32:00+00:00, run_after=2022-06-23T23:33:00+00:00
[2022-06-23 23:33:23,928] {processor.py:161} INFO - Processing /home/airflow/.local/lib/python3.7/site-packages/airflow/example_dags/example_branch_python_dop_operator_3.py took 0.200 seconds
[2022-06-23 23:33:54,233] {processor.py:153} INFO - Started process (PID=479) to work on /home/airflow/.local/lib/python3.7/site-packages/airflow/example_dags/example_branch_python_dop_operator_3.py
[2022-06-23 23:33:54,233] {processor.py:641} INFO - Processing file /home/airflow/.local/lib/python3.7/site-packages/airflow/example_dags/example_branch_python_dop_operator_3.py for tasks to queue
[2022-06-23 23:33:54,234] {logging_mixin.py:115} INFO - [2022-06-23 23:33:54,233] {dagbag.py:507} INFO - Filling up the DagBag from /home/airflow/.local/lib/python3.7/site-packages/airflow/example_dags/example_branch_python_dop_operator_3.py
[2022-06-23 23:33:54,241] {processor.py:651} INFO - DAG(s) dict_keys(['example_branch_dop_operator_v3']) retrieved from /home/airflow/.local/lib/python3.7/site-packages/airflow/example_dags/example_branch_python_dop_operator_3.py
[2022-06-23 23:33:54,263] {logging_mixin.py:115} INFO - [2022-06-23 23:33:54,263] {dag.py:2379} INFO - Sync 1 DAGs
[2022-06-23 23:33:54,295] {logging_mixin.py:115} INFO - [2022-06-23 23:33:54,295] {dag.py:2931} INFO - Setting next_dagrun for example_branch_dop_operator_v3 to 2022-06-23T23:32:00+00:00, run_after=2022-06-23T23:33:00+00:00
[2022-06-23 23:33:54,445] {processor.py:161} INFO - Processing /home/airflow/.local/lib/python3.7/site-packages/airflow/example_dags/example_branch_python_dop_operator_3.py took 0.214 seconds
[2022-06-23 23:34:24,542] {processor.py:153} INFO - Started process (PID=542) to work on /home/airflow/.local/lib/python3.7/site-packages/airflow/example_dags/example_branch_python_dop_operator_3.py
[2022-06-23 23:34:24,543] {processor.py:641} INFO - Processing file /home/airflow/.local/lib/python3.7/site-packages/airflow/example_dags/example_branch_python_dop_operator_3.py for tasks to queue
[2022-06-23 23:34:24,544] {logging_mixin.py:115} INFO - [2022-06-23 23:34:24,543] {dagbag.py:507} INFO - Filling up the DagBag from /home/airflow/.local/lib/python3.7/site-packages/airflow/example_dags/example_branch_python_dop_operator_3.py
[2022-06-23 23:34:24,552] {processor.py:651} INFO - DAG(s) dict_keys(['example_branch_dop_operator_v3']) retrieved from /home/airflow/.local/lib/python3.7/site-packages/airflow/example_dags/example_branch_python_dop_operator_3.py
[2022-06-23 23:34:24,578] {logging_mixin.py:115} INFO - [2022-06-23 23:34:24,578] {dag.py:2379} INFO - Sync 1 DAGs
[2022-06-23 23:34:24,610] {logging_mixin.py:115} INFO - [2022-06-23 23:34:24,610] {dag.py:2931} INFO - Setting next_dagrun for example_branch_dop_operator_v3 to 2022-06-23T23:33:00+00:00, run_after=2022-06-23T23:34:00+00:00
[2022-06-23 23:34:24,708] {processor.py:161} INFO - Processing /home/airflow/.local/lib/python3.7/site-packages/airflow/example_dags/example_branch_python_dop_operator_3.py took 0.170 seconds
[2022-06-23 23:34:54,757] {processor.py:153} INFO - Started process (PID=595) to work on /home/airflow/.local/lib/python3.7/site-packages/airflow/example_dags/example_branch_python_dop_operator_3.py
[2022-06-23 23:34:54,758] {processor.py:641} INFO - Processing file /home/airflow/.local/lib/python3.7/site-packages/airflow/example_dags/example_branch_python_dop_operator_3.py for tasks to queue
[2022-06-23 23:34:54,759] {logging_mixin.py:115} INFO - [2022-06-23 23:34:54,759] {dagbag.py:507} INFO - Filling up the DagBag from /home/airflow/.local/lib/python3.7/site-packages/airflow/example_dags/example_branch_python_dop_operator_3.py
[2022-06-23 23:34:54,765] {processor.py:651} INFO - DAG(s) dict_keys(['example_branch_dop_operator_v3']) retrieved from /home/airflow/.local/lib/python3.7/site-packages/airflow/example_dags/example_branch_python_dop_operator_3.py
[2022-06-23 23:34:54,791] {logging_mixin.py:115} INFO - [2022-06-23 23:34:54,791] {dag.py:2379} INFO - Sync 1 DAGs
[2022-06-23 23:34:54,824] {logging_mixin.py:115} INFO - [2022-06-23 23:34:54,824] {dag.py:2931} INFO - Setting next_dagrun for example_branch_dop_operator_v3 to 2022-06-23T23:33:00+00:00, run_after=2022-06-23T23:34:00+00:00
[2022-06-23 23:34:54,934] {processor.py:161} INFO - Processing /home/airflow/.local/lib/python3.7/site-packages/airflow/example_dags/example_branch_python_dop_operator_3.py took 0.180 seconds
[2022-06-23 23:35:25,023] {processor.py:153} INFO - Started process (PID=660) to work on /home/airflow/.local/lib/python3.7/site-packages/airflow/example_dags/example_branch_python_dop_operator_3.py
[2022-06-23 23:35:25,023] {processor.py:641} INFO - Processing file /home/airflow/.local/lib/python3.7/site-packages/airflow/example_dags/example_branch_python_dop_operator_3.py for tasks to queue
[2022-06-23 23:35:25,023] {logging_mixin.py:115} INFO - [2022-06-23 23:35:25,023] {dagbag.py:507} INFO - Filling up the DagBag from /home/airflow/.local/lib/python3.7/site-packages/airflow/example_dags/example_branch_python_dop_operator_3.py
[2022-06-23 23:35:25,031] {processor.py:651} INFO - DAG(s) dict_keys(['example_branch_dop_operator_v3']) retrieved from /home/airflow/.local/lib/python3.7/site-packages/airflow/example_dags/example_branch_python_dop_operator_3.py
[2022-06-23 23:35:25,057] {logging_mixin.py:115} INFO - [2022-06-23 23:35:25,056] {dag.py:2379} INFO - Sync 1 DAGs
[2022-06-23 23:35:25,086] {logging_mixin.py:115} INFO - [2022-06-23 23:35:25,086] {dag.py:2931} INFO - Setting next_dagrun for example_branch_dop_operator_v3 to 2022-06-23T23:34:00+00:00, run_after=2022-06-23T23:35:00+00:00
[2022-06-23 23:35:25,183] {processor.py:161} INFO - Processing /home/airflow/.local/lib/python3.7/site-packages/airflow/example_dags/example_branch_python_dop_operator_3.py took 0.164 seconds
[2022-06-23 23:35:55,791] {processor.py:153} INFO - Started process (PID=723) to work on /home/airflow/.local/lib/python3.7/site-packages/airflow/example_dags/example_branch_python_dop_operator_3.py
[2022-06-23 23:35:55,791] {processor.py:641} INFO - Processing file /home/airflow/.local/lib/python3.7/site-packages/airflow/example_dags/example_branch_python_dop_operator_3.py for tasks to queue
[2022-06-23 23:35:55,792] {logging_mixin.py:115} INFO - [2022-06-23 23:35:55,792] {dagbag.py:507} INFO - Filling up the DagBag from /home/airflow/.local/lib/python3.7/site-packages/airflow/example_dags/example_branch_python_dop_operator_3.py
[2022-06-23 23:35:55,800] {processor.py:651} INFO - DAG(s) dict_keys(['example_branch_dop_operator_v3']) retrieved from /home/airflow/.local/lib/python3.7/site-packages/airflow/example_dags/example_branch_python_dop_operator_3.py
[2022-06-23 23:35:55,825] {logging_mixin.py:115} INFO - [2022-06-23 23:35:55,825] {dag.py:2379} INFO - Sync 1 DAGs
[2022-06-23 23:35:55,862] {logging_mixin.py:115} INFO - [2022-06-23 23:35:55,862] {dag.py:2931} INFO - Setting next_dagrun for example_branch_dop_operator_v3 to 2022-06-23T23:34:00+00:00, run_after=2022-06-23T23:35:00+00:00
[2022-06-23 23:35:55,975] {processor.py:161} INFO - Processing /home/airflow/.local/lib/python3.7/site-packages/airflow/example_dags/example_branch_python_dop_operator_3.py took 0.187 seconds
[2022-06-23 23:36:26,172] {processor.py:153} INFO - Started process (PID=777) to work on /home/airflow/.local/lib/python3.7/site-packages/airflow/example_dags/example_branch_python_dop_operator_3.py
[2022-06-23 23:36:26,183] {processor.py:641} INFO - Processing file /home/airflow/.local/lib/python3.7/site-packages/airflow/example_dags/example_branch_python_dop_operator_3.py for tasks to queue
[2022-06-23 23:36:26,184] {logging_mixin.py:115} INFO - [2022-06-23 23:36:26,184] {dagbag.py:507} INFO - Filling up the DagBag from /home/airflow/.local/lib/python3.7/site-packages/airflow/example_dags/example_branch_python_dop_operator_3.py
[2022-06-23 23:36:26,196] {processor.py:651} INFO - DAG(s) dict_keys(['example_branch_dop_operator_v3']) retrieved from /home/airflow/.local/lib/python3.7/site-packages/airflow/example_dags/example_branch_python_dop_operator_3.py
[2022-06-23 23:36:26,220] {logging_mixin.py:115} INFO - [2022-06-23 23:36:26,220] {dag.py:2379} INFO - Sync 1 DAGs
[2022-06-23 23:36:26,259] {logging_mixin.py:115} INFO - [2022-06-23 23:36:26,259] {dag.py:2931} INFO - Setting next_dagrun for example_branch_dop_operator_v3 to 2022-06-23T23:35:00+00:00, run_after=2022-06-23T23:36:00+00:00
[2022-06-23 23:36:26,377] {processor.py:161} INFO - Processing /home/airflow/.local/lib/python3.7/site-packages/airflow/example_dags/example_branch_python_dop_operator_3.py took 0.206 seconds
[2022-06-23 23:36:56,631] {processor.py:153} INFO - Started process (PID=840) to work on /home/airflow/.local/lib/python3.7/site-packages/airflow/example_dags/example_branch_python_dop_operator_3.py
[2022-06-23 23:36:56,632] {processor.py:641} INFO - Processing file /home/airflow/.local/lib/python3.7/site-packages/airflow/example_dags/example_branch_python_dop_operator_3.py for tasks to queue
[2022-06-23 23:36:56,632] {logging_mixin.py:115} INFO - [2022-06-23 23:36:56,632] {dagbag.py:507} INFO - Filling up the DagBag from /home/airflow/.local/lib/python3.7/site-packages/airflow/example_dags/example_branch_python_dop_operator_3.py
[2022-06-23 23:36:56,643] {processor.py:651} INFO - DAG(s) dict_keys(['example_branch_dop_operator_v3']) retrieved from /home/airflow/.local/lib/python3.7/site-packages/airflow/example_dags/example_branch_python_dop_operator_3.py
[2022-06-23 23:36:56,667] {logging_mixin.py:115} INFO - [2022-06-23 23:36:56,667] {dag.py:2379} INFO - Sync 1 DAGs
[2022-06-23 23:36:56,701] {logging_mixin.py:115} INFO - [2022-06-23 23:36:56,701] {dag.py:2931} INFO - Setting next_dagrun for example_branch_dop_operator_v3 to 2022-06-23T23:35:00+00:00, run_after=2022-06-23T23:36:00+00:00
[2022-06-23 23:36:56,807] {processor.py:161} INFO - Processing /home/airflow/.local/lib/python3.7/site-packages/airflow/example_dags/example_branch_python_dop_operator_3.py took 0.178 seconds
[2022-06-23 23:37:27,534] {processor.py:153} INFO - Started process (PID=903) to work on /home/airflow/.local/lib/python3.7/site-packages/airflow/example_dags/example_branch_python_dop_operator_3.py
[2022-06-23 23:37:27,542] {processor.py:641} INFO - Processing file /home/airflow/.local/lib/python3.7/site-packages/airflow/example_dags/example_branch_python_dop_operator_3.py for tasks to queue
[2022-06-23 23:37:27,542] {logging_mixin.py:115} INFO - [2022-06-23 23:37:27,542] {dagbag.py:507} INFO - Filling up the DagBag from /home/airflow/.local/lib/python3.7/site-packages/airflow/example_dags/example_branch_python_dop_operator_3.py
[2022-06-23 23:37:27,554] {processor.py:651} INFO - DAG(s) dict_keys(['example_branch_dop_operator_v3']) retrieved from /home/airflow/.local/lib/python3.7/site-packages/airflow/example_dags/example_branch_python_dop_operator_3.py
[2022-06-23 23:37:27,575] {logging_mixin.py:115} INFO - [2022-06-23 23:37:27,575] {dag.py:2379} INFO - Sync 1 DAGs
[2022-06-23 23:37:27,606] {logging_mixin.py:115} INFO - [2022-06-23 23:37:27,606] {dag.py:2931} INFO - Setting next_dagrun for example_branch_dop_operator_v3 to 2022-06-23T23:36:00+00:00, run_after=2022-06-23T23:37:00+00:00
[2022-06-23 23:37:27,720] {processor.py:161} INFO - Processing /home/airflow/.local/lib/python3.7/site-packages/airflow/example_dags/example_branch_python_dop_operator_3.py took 0.189 seconds
[2022-06-23 23:37:57,793] {processor.py:153} INFO - Started process (PID=958) to work on /home/airflow/.local/lib/python3.7/site-packages/airflow/example_dags/example_branch_python_dop_operator_3.py
[2022-06-23 23:37:57,804] {processor.py:641} INFO - Processing file /home/airflow/.local/lib/python3.7/site-packages/airflow/example_dags/example_branch_python_dop_operator_3.py for tasks to queue
[2022-06-23 23:37:57,805] {logging_mixin.py:115} INFO - [2022-06-23 23:37:57,805] {dagbag.py:507} INFO - Filling up the DagBag from /home/airflow/.local/lib/python3.7/site-packages/airflow/example_dags/example_branch_python_dop_operator_3.py
[2022-06-23 23:37:57,816] {processor.py:651} INFO - DAG(s) dict_keys(['example_branch_dop_operator_v3']) retrieved from /home/airflow/.local/lib/python3.7/site-packages/airflow/example_dags/example_branch_python_dop_operator_3.py
[2022-06-23 23:37:57,840] {logging_mixin.py:115} INFO - [2022-06-23 23:37:57,840] {dag.py:2379} INFO - Sync 1 DAGs
[2022-06-23 23:37:57,880] {logging_mixin.py:115} INFO - [2022-06-23 23:37:57,880] {dag.py:2931} INFO - Setting next_dagrun for example_branch_dop_operator_v3 to 2022-06-23T23:36:00+00:00, run_after=2022-06-23T23:37:00+00:00
[2022-06-23 23:37:57,990] {processor.py:161} INFO - Processing /home/airflow/.local/lib/python3.7/site-packages/airflow/example_dags/example_branch_python_dop_operator_3.py took 0.201 seconds
[2022-06-23 23:38:28,426] {processor.py:153} INFO - Started process (PID=1021) to work on /home/airflow/.local/lib/python3.7/site-packages/airflow/example_dags/example_branch_python_dop_operator_3.py
[2022-06-23 23:38:28,426] {processor.py:641} INFO - Processing file /home/airflow/.local/lib/python3.7/site-packages/airflow/example_dags/example_branch_python_dop_operator_3.py for tasks to queue
[2022-06-23 23:38:28,426] {logging_mixin.py:115} INFO - [2022-06-23 23:38:28,426] {dagbag.py:507} INFO - Filling up the DagBag from /home/airflow/.local/lib/python3.7/site-packages/airflow/example_dags/example_branch_python_dop_operator_3.py
[2022-06-23 23:38:28,433] {processor.py:651} INFO - DAG(s) dict_keys(['example_branch_dop_operator_v3']) retrieved from /home/airflow/.local/lib/python3.7/site-packages/airflow/example_dags/example_branch_python_dop_operator_3.py
[2022-06-23 23:38:28,456] {logging_mixin.py:115} INFO - [2022-06-23 23:38:28,456] {dag.py:2379} INFO - Sync 1 DAGs
[2022-06-23 23:38:28,484] {logging_mixin.py:115} INFO - [2022-06-23 23:38:28,484] {dag.py:2931} INFO - Setting next_dagrun for example_branch_dop_operator_v3 to 2022-06-23T23:37:00+00:00, run_after=2022-06-23T23:38:00+00:00
[2022-06-23 23:38:28,581] {processor.py:161} INFO - Processing /home/airflow/.local/lib/python3.7/site-packages/airflow/example_dags/example_branch_python_dop_operator_3.py took 0.157 seconds
[2022-06-23 23:38:58,950] {processor.py:153} INFO - Started process (PID=1085) to work on /home/airflow/.local/lib/python3.7/site-packages/airflow/example_dags/example_branch_python_dop_operator_3.py
[2022-06-23 23:38:58,959] {processor.py:641} INFO - Processing file /home/airflow/.local/lib/python3.7/site-packages/airflow/example_dags/example_branch_python_dop_operator_3.py for tasks to queue
[2022-06-23 23:38:58,960] {logging_mixin.py:115} INFO - [2022-06-23 23:38:58,960] {dagbag.py:507} INFO - Filling up the DagBag from /home/airflow/.local/lib/python3.7/site-packages/airflow/example_dags/example_branch_python_dop_operator_3.py
[2022-06-23 23:38:58,975] {processor.py:651} INFO - DAG(s) dict_keys(['example_branch_dop_operator_v3']) retrieved from /home/airflow/.local/lib/python3.7/site-packages/airflow/example_dags/example_branch_python_dop_operator_3.py
[2022-06-23 23:38:58,993] {logging_mixin.py:115} INFO - [2022-06-23 23:38:58,993] {dag.py:2379} INFO - Sync 1 DAGs
[2022-06-23 23:38:59,020] {logging_mixin.py:115} INFO - [2022-06-23 23:38:59,019] {dag.py:2931} INFO - Setting next_dagrun for example_branch_dop_operator_v3 to 2022-06-23T23:37:00+00:00, run_after=2022-06-23T23:38:00+00:00
[2022-06-23 23:38:59,135] {processor.py:161} INFO - Processing /home/airflow/.local/lib/python3.7/site-packages/airflow/example_dags/example_branch_python_dop_operator_3.py took 0.188 seconds
[2022-06-23 23:39:29,217] {processor.py:153} INFO - Started process (PID=1139) to work on /home/airflow/.local/lib/python3.7/site-packages/airflow/example_dags/example_branch_python_dop_operator_3.py
[2022-06-23 23:39:29,233] {processor.py:641} INFO - Processing file /home/airflow/.local/lib/python3.7/site-packages/airflow/example_dags/example_branch_python_dop_operator_3.py for tasks to queue
[2022-06-23 23:39:29,234] {logging_mixin.py:115} INFO - [2022-06-23 23:39:29,234] {dagbag.py:507} INFO - Filling up the DagBag from /home/airflow/.local/lib/python3.7/site-packages/airflow/example_dags/example_branch_python_dop_operator_3.py
[2022-06-23 23:39:29,246] {processor.py:651} INFO - DAG(s) dict_keys(['example_branch_dop_operator_v3']) retrieved from /home/airflow/.local/lib/python3.7/site-packages/airflow/example_dags/example_branch_python_dop_operator_3.py
[2022-06-23 23:39:29,267] {logging_mixin.py:115} INFO - [2022-06-23 23:39:29,267] {dag.py:2379} INFO - Sync 1 DAGs
[2022-06-23 23:39:29,295] {logging_mixin.py:115} INFO - [2022-06-23 23:39:29,294] {dag.py:2931} INFO - Setting next_dagrun for example_branch_dop_operator_v3 to 2022-06-23T23:38:00+00:00, run_after=2022-06-23T23:39:00+00:00
[2022-06-23 23:39:29,391] {processor.py:161} INFO - Processing /home/airflow/.local/lib/python3.7/site-packages/airflow/example_dags/example_branch_python_dop_operator_3.py took 0.178 seconds
[2022-06-23 23:39:59,648] {processor.py:153} INFO - Started process (PID=1206) to work on /home/airflow/.local/lib/python3.7/site-packages/airflow/example_dags/example_branch_python_dop_operator_3.py
[2022-06-23 23:39:59,648] {processor.py:641} INFO - Processing file /home/airflow/.local/lib/python3.7/site-packages/airflow/example_dags/example_branch_python_dop_operator_3.py for tasks to queue
[2022-06-23 23:39:59,649] {logging_mixin.py:115} INFO - [2022-06-23 23:39:59,649] {dagbag.py:507} INFO - Filling up the DagBag from /home/airflow/.local/lib/python3.7/site-packages/airflow/example_dags/example_branch_python_dop_operator_3.py
[2022-06-23 23:39:59,660] {processor.py:651} INFO - DAG(s) dict_keys(['example_branch_dop_operator_v3']) retrieved from /home/airflow/.local/lib/python3.7/site-packages/airflow/example_dags/example_branch_python_dop_operator_3.py
[2022-06-23 23:39:59,682] {logging_mixin.py:115} INFO - [2022-06-23 23:39:59,682] {dag.py:2379} INFO - Sync 1 DAGs
[2022-06-23 23:39:59,712] {logging_mixin.py:115} INFO - [2022-06-23 23:39:59,712] {dag.py:2931} INFO - Setting next_dagrun for example_branch_dop_operator_v3 to 2022-06-23T23:38:00+00:00, run_after=2022-06-23T23:39:00+00:00
[2022-06-23 23:39:59,819] {processor.py:161} INFO - Processing /home/airflow/.local/lib/python3.7/site-packages/airflow/example_dags/example_branch_python_dop_operator_3.py took 0.175 seconds
[2022-06-23 23:40:30,069] {processor.py:153} INFO - Started process (PID=1269) to work on /home/airflow/.local/lib/python3.7/site-packages/airflow/example_dags/example_branch_python_dop_operator_3.py
[2022-06-23 23:40:30,069] {processor.py:641} INFO - Processing file /home/airflow/.local/lib/python3.7/site-packages/airflow/example_dags/example_branch_python_dop_operator_3.py for tasks to queue
[2022-06-23 23:40:30,070] {logging_mixin.py:115} INFO - [2022-06-23 23:40:30,070] {dagbag.py:507} INFO - Filling up the DagBag from /home/airflow/.local/lib/python3.7/site-packages/airflow/example_dags/example_branch_python_dop_operator_3.py
[2022-06-23 23:40:30,077] {processor.py:651} INFO - DAG(s) dict_keys(['example_branch_dop_operator_v3']) retrieved from /home/airflow/.local/lib/python3.7/site-packages/airflow/example_dags/example_branch_python_dop_operator_3.py
[2022-06-23 23:40:30,101] {logging_mixin.py:115} INFO - [2022-06-23 23:40:30,101] {dag.py:2379} INFO - Sync 1 DAGs
[2022-06-23 23:40:30,227] {logging_mixin.py:115} INFO - [2022-06-23 23:40:30,227] {dag.py:2931} INFO - Setting next_dagrun for example_branch_dop_operator_v3 to 2022-06-23T23:39:00+00:00, run_after=2022-06-23T23:40:00+00:00
[2022-06-23 23:40:30,262] {processor.py:161} INFO - Processing /home/airflow/.local/lib/python3.7/site-packages/airflow/example_dags/example_branch_python_dop_operator_3.py took 0.194 seconds
[2022-06-23 23:41:00,373] {processor.py:153} INFO - Started process (PID=1323) to work on /home/airflow/.local/lib/python3.7/site-packages/airflow/example_dags/example_branch_python_dop_operator_3.py
[2022-06-23 23:41:00,373] {processor.py:641} INFO - Processing file /home/airflow/.local/lib/python3.7/site-packages/airflow/example_dags/example_branch_python_dop_operator_3.py for tasks to queue
[2022-06-23 23:41:00,373] {logging_mixin.py:115} INFO - [2022-06-23 23:41:00,373] {dagbag.py:507} INFO - Filling up the DagBag from /home/airflow/.local/lib/python3.7/site-packages/airflow/example_dags/example_branch_python_dop_operator_3.py
[2022-06-23 23:41:00,380] {processor.py:651} INFO - DAG(s) dict_keys(['example_branch_dop_operator_v3']) retrieved from /home/airflow/.local/lib/python3.7/site-packages/airflow/example_dags/example_branch_python_dop_operator_3.py
[2022-06-23 23:41:00,407] {logging_mixin.py:115} INFO - [2022-06-23 23:41:00,407] {dag.py:2379} INFO - Sync 1 DAGs
[2022-06-23 23:41:00,520] {logging_mixin.py:115} INFO - [2022-06-23 23:41:00,520] {dag.py:2931} INFO - Setting next_dagrun for example_branch_dop_operator_v3 to 2022-06-23T23:40:00+00:00, run_after=2022-06-23T23:41:00+00:00
[2022-06-23 23:41:00,533] {processor.py:161} INFO - Processing /home/airflow/.local/lib/python3.7/site-packages/airflow/example_dags/example_branch_python_dop_operator_3.py took 0.163 seconds
[2022-06-23 23:41:30,984] {processor.py:153} INFO - Started process (PID=1386) to work on /home/airflow/.local/lib/python3.7/site-packages/airflow/example_dags/example_branch_python_dop_operator_3.py
[2022-06-23 23:41:30,985] {processor.py:641} INFO - Processing file /home/airflow/.local/lib/python3.7/site-packages/airflow/example_dags/example_branch_python_dop_operator_3.py for tasks to queue
[2022-06-23 23:41:30,985] {logging_mixin.py:115} INFO - [2022-06-23 23:41:30,985] {dagbag.py:507} INFO - Filling up the DagBag from /home/airflow/.local/lib/python3.7/site-packages/airflow/example_dags/example_branch_python_dop_operator_3.py
[2022-06-23 23:41:30,996] {processor.py:651} INFO - DAG(s) dict_keys(['example_branch_dop_operator_v3']) retrieved from /home/airflow/.local/lib/python3.7/site-packages/airflow/example_dags/example_branch_python_dop_operator_3.py
[2022-06-23 23:41:31,018] {logging_mixin.py:115} INFO - [2022-06-23 23:41:31,018] {dag.py:2379} INFO - Sync 1 DAGs
[2022-06-23 23:41:31,143] {logging_mixin.py:115} INFO - [2022-06-23 23:41:31,143] {dag.py:2931} INFO - Setting next_dagrun for example_branch_dop_operator_v3 to 2022-06-23T23:40:00+00:00, run_after=2022-06-23T23:41:00+00:00
[2022-06-23 23:41:31,181] {processor.py:161} INFO - Processing /home/airflow/.local/lib/python3.7/site-packages/airflow/example_dags/example_branch_python_dop_operator_3.py took 0.201 seconds
[2022-06-23 23:42:01,455] {processor.py:153} INFO - Started process (PID=1440) to work on /home/airflow/.local/lib/python3.7/site-packages/airflow/example_dags/example_branch_python_dop_operator_3.py
[2022-06-23 23:42:01,484] {processor.py:641} INFO - Processing file /home/airflow/.local/lib/python3.7/site-packages/airflow/example_dags/example_branch_python_dop_operator_3.py for tasks to queue
[2022-06-23 23:42:01,531] {logging_mixin.py:115} INFO - [2022-06-23 23:42:01,531] {dagbag.py:507} INFO - Filling up the DagBag from /home/airflow/.local/lib/python3.7/site-packages/airflow/example_dags/example_branch_python_dop_operator_3.py
[2022-06-23 23:42:01,541] {processor.py:651} INFO - DAG(s) dict_keys(['example_branch_dop_operator_v3']) retrieved from /home/airflow/.local/lib/python3.7/site-packages/airflow/example_dags/example_branch_python_dop_operator_3.py
[2022-06-23 23:42:01,568] {logging_mixin.py:115} INFO - [2022-06-23 23:42:01,567] {dag.py:2379} INFO - Sync 1 DAGs
[2022-06-23 23:42:01,691] {logging_mixin.py:115} INFO - [2022-06-23 23:42:01,691] {dag.py:2931} INFO - Setting next_dagrun for example_branch_dop_operator_v3 to 2022-06-23T23:41:00+00:00, run_after=2022-06-23T23:42:00+00:00
[2022-06-23 23:42:01,719] {processor.py:161} INFO - Processing /home/airflow/.local/lib/python3.7/site-packages/airflow/example_dags/example_branch_python_dop_operator_3.py took 0.268 seconds
[2022-06-23 23:42:32,104] {processor.py:153} INFO - Started process (PID=1503) to work on /home/airflow/.local/lib/python3.7/site-packages/airflow/example_dags/example_branch_python_dop_operator_3.py
[2022-06-23 23:42:32,105] {processor.py:641} INFO - Processing file /home/airflow/.local/lib/python3.7/site-packages/airflow/example_dags/example_branch_python_dop_operator_3.py for tasks to queue
[2022-06-23 23:42:32,105] {logging_mixin.py:115} INFO - [2022-06-23 23:42:32,105] {dagbag.py:507} INFO - Filling up the DagBag from /home/airflow/.local/lib/python3.7/site-packages/airflow/example_dags/example_branch_python_dop_operator_3.py
[2022-06-23 23:42:32,112] {processor.py:651} INFO - DAG(s) dict_keys(['example_branch_dop_operator_v3']) retrieved from /home/airflow/.local/lib/python3.7/site-packages/airflow/example_dags/example_branch_python_dop_operator_3.py
[2022-06-23 23:42:32,130] {logging_mixin.py:115} INFO - [2022-06-23 23:42:32,130] {dag.py:2379} INFO - Sync 1 DAGs
[2022-06-23 23:42:32,243] {logging_mixin.py:115} INFO - [2022-06-23 23:42:32,243] {dag.py:2931} INFO - Setting next_dagrun for example_branch_dop_operator_v3 to 2022-06-23T23:41:00+00:00, run_after=2022-06-23T23:42:00+00:00
[2022-06-23 23:42:32,259] {processor.py:161} INFO - Processing /home/airflow/.local/lib/python3.7/site-packages/airflow/example_dags/example_branch_python_dop_operator_3.py took 0.158 seconds
[2022-06-23 23:43:02,739] {processor.py:153} INFO - Started process (PID=1566) to work on /home/airflow/.local/lib/python3.7/site-packages/airflow/example_dags/example_branch_python_dop_operator_3.py
[2022-06-23 23:43:02,740] {processor.py:641} INFO - Processing file /home/airflow/.local/lib/python3.7/site-packages/airflow/example_dags/example_branch_python_dop_operator_3.py for tasks to queue
[2022-06-23 23:43:02,740] {logging_mixin.py:115} INFO - [2022-06-23 23:43:02,740] {dagbag.py:507} INFO - Filling up the DagBag from /home/airflow/.local/lib/python3.7/site-packages/airflow/example_dags/example_branch_python_dop_operator_3.py
[2022-06-23 23:43:02,757] {processor.py:651} INFO - DAG(s) dict_keys(['example_branch_dop_operator_v3']) retrieved from /home/airflow/.local/lib/python3.7/site-packages/airflow/example_dags/example_branch_python_dop_operator_3.py
[2022-06-23 23:43:02,780] {logging_mixin.py:115} INFO - [2022-06-23 23:43:02,780] {dag.py:2379} INFO - Sync 1 DAGs
[2022-06-23 23:43:02,898] {logging_mixin.py:115} INFO - [2022-06-23 23:43:02,898] {dag.py:2931} INFO - Setting next_dagrun for example_branch_dop_operator_v3 to 2022-06-23T23:42:00+00:00, run_after=2022-06-23T23:43:00+00:00
[2022-06-23 23:43:02,919] {processor.py:161} INFO - Processing /home/airflow/.local/lib/python3.7/site-packages/airflow/example_dags/example_branch_python_dop_operator_3.py took 0.184 seconds
[2022-06-23 23:43:33,311] {processor.py:153} INFO - Started process (PID=1620) to work on /home/airflow/.local/lib/python3.7/site-packages/airflow/example_dags/example_branch_python_dop_operator_3.py
[2022-06-23 23:43:33,312] {processor.py:641} INFO - Processing file /home/airflow/.local/lib/python3.7/site-packages/airflow/example_dags/example_branch_python_dop_operator_3.py for tasks to queue
[2022-06-23 23:43:33,313] {logging_mixin.py:115} INFO - [2022-06-23 23:43:33,313] {dagbag.py:507} INFO - Filling up the DagBag from /home/airflow/.local/lib/python3.7/site-packages/airflow/example_dags/example_branch_python_dop_operator_3.py
[2022-06-23 23:43:33,325] {processor.py:651} INFO - DAG(s) dict_keys(['example_branch_dop_operator_v3']) retrieved from /home/airflow/.local/lib/python3.7/site-packages/airflow/example_dags/example_branch_python_dop_operator_3.py
[2022-06-23 23:43:33,356] {logging_mixin.py:115} INFO - [2022-06-23 23:43:33,355] {dag.py:2379} INFO - Sync 1 DAGs
[2022-06-23 23:43:33,496] {logging_mixin.py:115} INFO - [2022-06-23 23:43:33,496] {dag.py:2931} INFO - Setting next_dagrun for example_branch_dop_operator_v3 to 2022-06-23T23:42:00+00:00, run_after=2022-06-23T23:43:00+00:00
[2022-06-23 23:43:33,521] {processor.py:161} INFO - Processing /home/airflow/.local/lib/python3.7/site-packages/airflow/example_dags/example_branch_python_dop_operator_3.py took 0.214 seconds
[2022-06-23 23:44:03,832] {processor.py:153} INFO - Started process (PID=1683) to work on /home/airflow/.local/lib/python3.7/site-packages/airflow/example_dags/example_branch_python_dop_operator_3.py
[2022-06-23 23:44:03,844] {processor.py:641} INFO - Processing file /home/airflow/.local/lib/python3.7/site-packages/airflow/example_dags/example_branch_python_dop_operator_3.py for tasks to queue
[2022-06-23 23:44:03,845] {logging_mixin.py:115} INFO - [2022-06-23 23:44:03,845] {dagbag.py:507} INFO - Filling up the DagBag from /home/airflow/.local/lib/python3.7/site-packages/airflow/example_dags/example_branch_python_dop_operator_3.py
[2022-06-23 23:44:03,856] {processor.py:651} INFO - DAG(s) dict_keys(['example_branch_dop_operator_v3']) retrieved from /home/airflow/.local/lib/python3.7/site-packages/airflow/example_dags/example_branch_python_dop_operator_3.py
[2022-06-23 23:44:03,882] {logging_mixin.py:115} INFO - [2022-06-23 23:44:03,882] {dag.py:2379} INFO - Sync 1 DAGs
[2022-06-23 23:44:03,998] {logging_mixin.py:115} INFO - [2022-06-23 23:44:03,998] {dag.py:2931} INFO - Setting next_dagrun for example_branch_dop_operator_v3 to 2022-06-23T23:43:00+00:00, run_after=2022-06-23T23:44:00+00:00
[2022-06-23 23:44:04,018] {processor.py:161} INFO - Processing /home/airflow/.local/lib/python3.7/site-packages/airflow/example_dags/example_branch_python_dop_operator_3.py took 0.189 seconds
[2022-06-23 23:44:34,424] {processor.py:153} INFO - Started process (PID=1747) to work on /home/airflow/.local/lib/python3.7/site-packages/airflow/example_dags/example_branch_python_dop_operator_3.py
[2022-06-23 23:44:34,425] {processor.py:641} INFO - Processing file /home/airflow/.local/lib/python3.7/site-packages/airflow/example_dags/example_branch_python_dop_operator_3.py for tasks to queue
[2022-06-23 23:44:34,425] {logging_mixin.py:115} INFO - [2022-06-23 23:44:34,425] {dagbag.py:507} INFO - Filling up the DagBag from /home/airflow/.local/lib/python3.7/site-packages/airflow/example_dags/example_branch_python_dop_operator_3.py
[2022-06-23 23:44:34,433] {processor.py:651} INFO - DAG(s) dict_keys(['example_branch_dop_operator_v3']) retrieved from /home/airflow/.local/lib/python3.7/site-packages/airflow/example_dags/example_branch_python_dop_operator_3.py
[2022-06-23 23:44:34,460] {logging_mixin.py:115} INFO - [2022-06-23 23:44:34,460] {dag.py:2379} INFO - Sync 1 DAGs
[2022-06-23 23:44:34,581] {logging_mixin.py:115} INFO - [2022-06-23 23:44:34,581] {dag.py:2931} INFO - Setting next_dagrun for example_branch_dop_operator_v3 to 2022-06-23T23:43:00+00:00, run_after=2022-06-23T23:44:00+00:00
[2022-06-23 23:44:34,602] {processor.py:161} INFO - Processing /home/airflow/.local/lib/python3.7/site-packages/airflow/example_dags/example_branch_python_dop_operator_3.py took 0.182 seconds
[2022-06-23 23:45:04,903] {processor.py:153} INFO - Started process (PID=1802) to work on /home/airflow/.local/lib/python3.7/site-packages/airflow/example_dags/example_branch_python_dop_operator_3.py
[2022-06-23 23:45:04,904] {processor.py:641} INFO - Processing file /home/airflow/.local/lib/python3.7/site-packages/airflow/example_dags/example_branch_python_dop_operator_3.py for tasks to queue
[2022-06-23 23:45:04,905] {logging_mixin.py:115} INFO - [2022-06-23 23:45:04,904] {dagbag.py:507} INFO - Filling up the DagBag from /home/airflow/.local/lib/python3.7/site-packages/airflow/example_dags/example_branch_python_dop_operator_3.py
[2022-06-23 23:45:04,916] {processor.py:651} INFO - DAG(s) dict_keys(['example_branch_dop_operator_v3']) retrieved from /home/airflow/.local/lib/python3.7/site-packages/airflow/example_dags/example_branch_python_dop_operator_3.py
[2022-06-23 23:45:04,936] {logging_mixin.py:115} INFO - [2022-06-23 23:45:04,936] {dag.py:2379} INFO - Sync 1 DAGs
[2022-06-23 23:45:05,056] {logging_mixin.py:115} INFO - [2022-06-23 23:45:05,056] {dag.py:2931} INFO - Setting next_dagrun for example_branch_dop_operator_v3 to 2022-06-23T23:44:00+00:00, run_after=2022-06-23T23:45:00+00:00
[2022-06-23 23:45:05,089] {processor.py:161} INFO - Processing /home/airflow/.local/lib/python3.7/site-packages/airflow/example_dags/example_branch_python_dop_operator_3.py took 0.189 seconds
[2022-06-23 23:45:35,468] {processor.py:153} INFO - Started process (PID=1864) to work on /home/airflow/.local/lib/python3.7/site-packages/airflow/example_dags/example_branch_python_dop_operator_3.py
[2022-06-23 23:45:35,487] {processor.py:641} INFO - Processing file /home/airflow/.local/lib/python3.7/site-packages/airflow/example_dags/example_branch_python_dop_operator_3.py for tasks to queue
[2022-06-23 23:45:35,488] {logging_mixin.py:115} INFO - [2022-06-23 23:45:35,488] {dagbag.py:507} INFO - Filling up the DagBag from /home/airflow/.local/lib/python3.7/site-packages/airflow/example_dags/example_branch_python_dop_operator_3.py
[2022-06-23 23:45:35,497] {processor.py:651} INFO - DAG(s) dict_keys(['example_branch_dop_operator_v3']) retrieved from /home/airflow/.local/lib/python3.7/site-packages/airflow/example_dags/example_branch_python_dop_operator_3.py
[2022-06-23 23:45:35,518] {logging_mixin.py:115} INFO - [2022-06-23 23:45:35,518] {dag.py:2379} INFO - Sync 1 DAGs
[2022-06-23 23:45:35,628] {logging_mixin.py:115} INFO - [2022-06-23 23:45:35,628] {dag.py:2931} INFO - Setting next_dagrun for example_branch_dop_operator_v3 to 2022-06-23T23:44:00+00:00, run_after=2022-06-23T23:45:00+00:00
[2022-06-23 23:45:35,646] {processor.py:161} INFO - Processing /home/airflow/.local/lib/python3.7/site-packages/airflow/example_dags/example_branch_python_dop_operator_3.py took 0.182 seconds
