[2022-06-23 01:17:31,884] {processor.py:153} INFO - Started process (PID=110) to work on /home/airflow/.local/lib/python3.7/site-packages/airflow/example_dags/example_task_group.py
[2022-06-23 01:17:31,884] {processor.py:641} INFO - Processing file /home/airflow/.local/lib/python3.7/site-packages/airflow/example_dags/example_task_group.py for tasks to queue
[2022-06-23 01:17:31,884] {logging_mixin.py:115} INFO - [2022-06-23 01:17:31,884] {dagbag.py:507} INFO - Filling up the DagBag from /home/airflow/.local/lib/python3.7/site-packages/airflow/example_dags/example_task_group.py
[2022-06-23 01:17:31,892] {processor.py:651} INFO - DAG(s) dict_keys(['example_task_group']) retrieved from /home/airflow/.local/lib/python3.7/site-packages/airflow/example_dags/example_task_group.py
[2022-06-23 01:17:31,926] {logging_mixin.py:115} INFO - [2022-06-23 01:17:31,926] {dag.py:2379} INFO - Sync 1 DAGs
[2022-06-23 01:17:31,947] {logging_mixin.py:115} INFO - [2022-06-23 01:17:31,947] {dag.py:2931} INFO - Setting next_dagrun for example_task_group to 2022-06-22T01:17:31.947613+00:00, run_after=2022-06-23T01:17:31.947613+00:00
[2022-06-23 01:17:32,017] {processor.py:161} INFO - Processing /home/airflow/.local/lib/python3.7/site-packages/airflow/example_dags/example_task_group.py took 0.135 seconds
[2022-06-23 01:18:03,003] {processor.py:153} INFO - Started process (PID=172) to work on /home/airflow/.local/lib/python3.7/site-packages/airflow/example_dags/example_task_group.py
[2022-06-23 01:18:03,013] {processor.py:641} INFO - Processing file /home/airflow/.local/lib/python3.7/site-packages/airflow/example_dags/example_task_group.py for tasks to queue
[2022-06-23 01:18:03,014] {logging_mixin.py:115} INFO - [2022-06-23 01:18:03,014] {dagbag.py:507} INFO - Filling up the DagBag from /home/airflow/.local/lib/python3.7/site-packages/airflow/example_dags/example_task_group.py
[2022-06-23 01:18:03,026] {processor.py:651} INFO - DAG(s) dict_keys(['example_task_group']) retrieved from /home/airflow/.local/lib/python3.7/site-packages/airflow/example_dags/example_task_group.py
[2022-06-23 01:18:03,047] {logging_mixin.py:115} INFO - [2022-06-23 01:18:03,047] {dag.py:2379} INFO - Sync 1 DAGs
[2022-06-23 01:18:03,065] {logging_mixin.py:115} INFO - [2022-06-23 01:18:03,065] {dag.py:2931} INFO - Setting next_dagrun for example_task_group to 2022-06-22T01:18:03.065704+00:00, run_after=2022-06-23T01:18:03.065704+00:00
[2022-06-23 01:18:03,092] {processor.py:161} INFO - Processing /home/airflow/.local/lib/python3.7/site-packages/airflow/example_dags/example_task_group.py took 0.092 seconds
[2022-06-23 23:30:24,055] {processor.py:153} INFO - Started process (PID=77) to work on /home/airflow/.local/lib/python3.7/site-packages/airflow/example_dags/example_task_group.py
[2022-06-23 23:30:24,056] {processor.py:641} INFO - Processing file /home/airflow/.local/lib/python3.7/site-packages/airflow/example_dags/example_task_group.py for tasks to queue
[2022-06-23 23:30:24,056] {logging_mixin.py:115} INFO - [2022-06-23 23:30:24,056] {dagbag.py:507} INFO - Filling up the DagBag from /home/airflow/.local/lib/python3.7/site-packages/airflow/example_dags/example_task_group.py
[2022-06-23 23:30:24,066] {processor.py:651} INFO - DAG(s) dict_keys(['example_task_group']) retrieved from /home/airflow/.local/lib/python3.7/site-packages/airflow/example_dags/example_task_group.py
[2022-06-23 23:30:24,246] {logging_mixin.py:115} INFO - [2022-06-23 23:30:24,246] {dag.py:2379} INFO - Sync 1 DAGs
[2022-06-23 23:30:24,268] {logging_mixin.py:115} INFO - [2022-06-23 23:30:24,268] {dag.py:2931} INFO - Setting next_dagrun for example_task_group to 2022-06-22T23:30:24.268066+00:00, run_after=2022-06-23T23:30:24.268066+00:00
[2022-06-23 23:30:24,312] {processor.py:161} INFO - Processing /home/airflow/.local/lib/python3.7/site-packages/airflow/example_dags/example_task_group.py took 0.261 seconds
[2022-06-23 23:30:54,607] {processor.py:153} INFO - Started process (PID=140) to work on /home/airflow/.local/lib/python3.7/site-packages/airflow/example_dags/example_task_group.py
[2022-06-23 23:30:54,614] {processor.py:641} INFO - Processing file /home/airflow/.local/lib/python3.7/site-packages/airflow/example_dags/example_task_group.py for tasks to queue
[2022-06-23 23:30:54,615] {logging_mixin.py:115} INFO - [2022-06-23 23:30:54,615] {dagbag.py:507} INFO - Filling up the DagBag from /home/airflow/.local/lib/python3.7/site-packages/airflow/example_dags/example_task_group.py
[2022-06-23 23:30:54,625] {processor.py:651} INFO - DAG(s) dict_keys(['example_task_group']) retrieved from /home/airflow/.local/lib/python3.7/site-packages/airflow/example_dags/example_task_group.py
[2022-06-23 23:30:54,652] {logging_mixin.py:115} INFO - [2022-06-23 23:30:54,652] {dag.py:2379} INFO - Sync 1 DAGs
[2022-06-23 23:30:54,674] {logging_mixin.py:115} INFO - [2022-06-23 23:30:54,673] {dag.py:2931} INFO - Setting next_dagrun for example_task_group to 2022-06-22T23:30:54.673790+00:00, run_after=2022-06-23T23:30:54.673790+00:00
[2022-06-23 23:30:54,787] {processor.py:161} INFO - Processing /home/airflow/.local/lib/python3.7/site-packages/airflow/example_dags/example_task_group.py took 0.185 seconds
[2022-06-23 23:31:25,141] {processor.py:153} INFO - Started process (PID=196) to work on /home/airflow/.local/lib/python3.7/site-packages/airflow/example_dags/example_task_group.py
[2022-06-23 23:31:25,141] {processor.py:641} INFO - Processing file /home/airflow/.local/lib/python3.7/site-packages/airflow/example_dags/example_task_group.py for tasks to queue
[2022-06-23 23:31:25,142] {logging_mixin.py:115} INFO - [2022-06-23 23:31:25,142] {dagbag.py:507} INFO - Filling up the DagBag from /home/airflow/.local/lib/python3.7/site-packages/airflow/example_dags/example_task_group.py
[2022-06-23 23:31:25,149] {processor.py:651} INFO - DAG(s) dict_keys(['example_task_group']) retrieved from /home/airflow/.local/lib/python3.7/site-packages/airflow/example_dags/example_task_group.py
[2022-06-23 23:31:25,176] {logging_mixin.py:115} INFO - [2022-06-23 23:31:25,175] {dag.py:2379} INFO - Sync 1 DAGs
[2022-06-23 23:31:25,198] {logging_mixin.py:115} INFO - [2022-06-23 23:31:25,198] {dag.py:2931} INFO - Setting next_dagrun for example_task_group to 2022-06-22T23:31:25.198599+00:00, run_after=2022-06-23T23:31:25.198599+00:00
[2022-06-23 23:31:25,301] {processor.py:161} INFO - Processing /home/airflow/.local/lib/python3.7/site-packages/airflow/example_dags/example_task_group.py took 0.164 seconds
[2022-06-23 23:31:55,485] {processor.py:153} INFO - Started process (PID=259) to work on /home/airflow/.local/lib/python3.7/site-packages/airflow/example_dags/example_task_group.py
[2022-06-23 23:31:55,486] {processor.py:641} INFO - Processing file /home/airflow/.local/lib/python3.7/site-packages/airflow/example_dags/example_task_group.py for tasks to queue
[2022-06-23 23:31:55,487] {logging_mixin.py:115} INFO - [2022-06-23 23:31:55,486] {dagbag.py:507} INFO - Filling up the DagBag from /home/airflow/.local/lib/python3.7/site-packages/airflow/example_dags/example_task_group.py
[2022-06-23 23:31:55,495] {processor.py:651} INFO - DAG(s) dict_keys(['example_task_group']) retrieved from /home/airflow/.local/lib/python3.7/site-packages/airflow/example_dags/example_task_group.py
[2022-06-23 23:31:55,524] {logging_mixin.py:115} INFO - [2022-06-23 23:31:55,524] {dag.py:2379} INFO - Sync 1 DAGs
[2022-06-23 23:31:55,562] {logging_mixin.py:115} INFO - [2022-06-23 23:31:55,562] {dag.py:2931} INFO - Setting next_dagrun for example_task_group to 2022-06-22T23:31:55.562178+00:00, run_after=2022-06-23T23:31:55.562178+00:00
[2022-06-23 23:31:55,687] {processor.py:161} INFO - Processing /home/airflow/.local/lib/python3.7/site-packages/airflow/example_dags/example_task_group.py took 0.205 seconds
[2022-06-23 23:32:26,616] {processor.py:153} INFO - Started process (PID=322) to work on /home/airflow/.local/lib/python3.7/site-packages/airflow/example_dags/example_task_group.py
[2022-06-23 23:32:26,616] {processor.py:641} INFO - Processing file /home/airflow/.local/lib/python3.7/site-packages/airflow/example_dags/example_task_group.py for tasks to queue
[2022-06-23 23:32:26,617] {logging_mixin.py:115} INFO - [2022-06-23 23:32:26,617] {dagbag.py:507} INFO - Filling up the DagBag from /home/airflow/.local/lib/python3.7/site-packages/airflow/example_dags/example_task_group.py
[2022-06-23 23:32:26,626] {processor.py:651} INFO - DAG(s) dict_keys(['example_task_group']) retrieved from /home/airflow/.local/lib/python3.7/site-packages/airflow/example_dags/example_task_group.py
[2022-06-23 23:32:26,651] {logging_mixin.py:115} INFO - [2022-06-23 23:32:26,651] {dag.py:2379} INFO - Sync 1 DAGs
[2022-06-23 23:32:26,673] {logging_mixin.py:115} INFO - [2022-06-23 23:32:26,673] {dag.py:2931} INFO - Setting next_dagrun for example_task_group to 2022-06-22T23:32:26.673672+00:00, run_after=2022-06-23T23:32:26.673672+00:00
[2022-06-23 23:32:26,791] {processor.py:161} INFO - Processing /home/airflow/.local/lib/python3.7/site-packages/airflow/example_dags/example_task_group.py took 0.178 seconds
[2022-06-23 23:32:56,936] {processor.py:153} INFO - Started process (PID=376) to work on /home/airflow/.local/lib/python3.7/site-packages/airflow/example_dags/example_task_group.py
[2022-06-23 23:32:56,936] {processor.py:641} INFO - Processing file /home/airflow/.local/lib/python3.7/site-packages/airflow/example_dags/example_task_group.py for tasks to queue
[2022-06-23 23:32:56,937] {logging_mixin.py:115} INFO - [2022-06-23 23:32:56,937] {dagbag.py:507} INFO - Filling up the DagBag from /home/airflow/.local/lib/python3.7/site-packages/airflow/example_dags/example_task_group.py
[2022-06-23 23:32:56,943] {processor.py:651} INFO - DAG(s) dict_keys(['example_task_group']) retrieved from /home/airflow/.local/lib/python3.7/site-packages/airflow/example_dags/example_task_group.py
[2022-06-23 23:32:56,975] {logging_mixin.py:115} INFO - [2022-06-23 23:32:56,975] {dag.py:2379} INFO - Sync 1 DAGs
[2022-06-23 23:32:57,000] {logging_mixin.py:115} INFO - [2022-06-23 23:32:57,000] {dag.py:2931} INFO - Setting next_dagrun for example_task_group to 2022-06-22T23:32:57.000061+00:00, run_after=2022-06-23T23:32:57.000061+00:00
[2022-06-23 23:32:57,150] {processor.py:161} INFO - Processing /home/airflow/.local/lib/python3.7/site-packages/airflow/example_dags/example_task_group.py took 0.218 seconds
[2022-06-23 23:33:27,407] {processor.py:153} INFO - Started process (PID=439) to work on /home/airflow/.local/lib/python3.7/site-packages/airflow/example_dags/example_task_group.py
[2022-06-23 23:33:27,408] {processor.py:641} INFO - Processing file /home/airflow/.local/lib/python3.7/site-packages/airflow/example_dags/example_task_group.py for tasks to queue
[2022-06-23 23:33:27,409] {logging_mixin.py:115} INFO - [2022-06-23 23:33:27,409] {dagbag.py:507} INFO - Filling up the DagBag from /home/airflow/.local/lib/python3.7/site-packages/airflow/example_dags/example_task_group.py
[2022-06-23 23:33:27,416] {processor.py:651} INFO - DAG(s) dict_keys(['example_task_group']) retrieved from /home/airflow/.local/lib/python3.7/site-packages/airflow/example_dags/example_task_group.py
[2022-06-23 23:33:27,448] {logging_mixin.py:115} INFO - [2022-06-23 23:33:27,448] {dag.py:2379} INFO - Sync 1 DAGs
[2022-06-23 23:33:27,478] {logging_mixin.py:115} INFO - [2022-06-23 23:33:27,478] {dag.py:2931} INFO - Setting next_dagrun for example_task_group to 2022-06-22T23:33:27.477937+00:00, run_after=2022-06-23T23:33:27.477937+00:00
[2022-06-23 23:33:27,711] {processor.py:161} INFO - Processing /home/airflow/.local/lib/python3.7/site-packages/airflow/example_dags/example_task_group.py took 0.308 seconds
[2022-06-23 23:33:58,604] {processor.py:153} INFO - Started process (PID=503) to work on /home/airflow/.local/lib/python3.7/site-packages/airflow/example_dags/example_task_group.py
[2022-06-23 23:33:58,722] {processor.py:641} INFO - Processing file /home/airflow/.local/lib/python3.7/site-packages/airflow/example_dags/example_task_group.py for tasks to queue
[2022-06-23 23:33:58,723] {logging_mixin.py:115} INFO - [2022-06-23 23:33:58,722] {dagbag.py:507} INFO - Filling up the DagBag from /home/airflow/.local/lib/python3.7/site-packages/airflow/example_dags/example_task_group.py
[2022-06-23 23:33:58,734] {processor.py:651} INFO - DAG(s) dict_keys(['example_task_group']) retrieved from /home/airflow/.local/lib/python3.7/site-packages/airflow/example_dags/example_task_group.py
[2022-06-23 23:33:58,758] {logging_mixin.py:115} INFO - [2022-06-23 23:33:58,758] {dag.py:2379} INFO - Sync 1 DAGs
[2022-06-23 23:33:58,783] {logging_mixin.py:115} INFO - [2022-06-23 23:33:58,783] {dag.py:2931} INFO - Setting next_dagrun for example_task_group to 2022-06-22T23:33:58.783399+00:00, run_after=2022-06-23T23:33:58.783399+00:00
[2022-06-23 23:33:58,883] {processor.py:161} INFO - Processing /home/airflow/.local/lib/python3.7/site-packages/airflow/example_dags/example_task_group.py took 0.283 seconds
[2022-06-23 23:34:29,242] {processor.py:153} INFO - Started process (PID=559) to work on /home/airflow/.local/lib/python3.7/site-packages/airflow/example_dags/example_task_group.py
[2022-06-23 23:34:29,250] {processor.py:641} INFO - Processing file /home/airflow/.local/lib/python3.7/site-packages/airflow/example_dags/example_task_group.py for tasks to queue
[2022-06-23 23:34:29,251] {logging_mixin.py:115} INFO - [2022-06-23 23:34:29,251] {dagbag.py:507} INFO - Filling up the DagBag from /home/airflow/.local/lib/python3.7/site-packages/airflow/example_dags/example_task_group.py
[2022-06-23 23:34:29,261] {processor.py:651} INFO - DAG(s) dict_keys(['example_task_group']) retrieved from /home/airflow/.local/lib/python3.7/site-packages/airflow/example_dags/example_task_group.py
[2022-06-23 23:34:29,286] {logging_mixin.py:115} INFO - [2022-06-23 23:34:29,285] {dag.py:2379} INFO - Sync 1 DAGs
[2022-06-23 23:34:29,307] {logging_mixin.py:115} INFO - [2022-06-23 23:34:29,307] {dag.py:2931} INFO - Setting next_dagrun for example_task_group to 2022-06-22T23:34:29.307097+00:00, run_after=2022-06-23T23:34:29.307097+00:00
[2022-06-23 23:34:29,418] {processor.py:161} INFO - Processing /home/airflow/.local/lib/python3.7/site-packages/airflow/example_dags/example_task_group.py took 0.180 seconds
[2022-06-23 23:34:59,654] {processor.py:153} INFO - Started process (PID=622) to work on /home/airflow/.local/lib/python3.7/site-packages/airflow/example_dags/example_task_group.py
[2022-06-23 23:34:59,655] {processor.py:641} INFO - Processing file /home/airflow/.local/lib/python3.7/site-packages/airflow/example_dags/example_task_group.py for tasks to queue
[2022-06-23 23:34:59,656] {logging_mixin.py:115} INFO - [2022-06-23 23:34:59,656] {dagbag.py:507} INFO - Filling up the DagBag from /home/airflow/.local/lib/python3.7/site-packages/airflow/example_dags/example_task_group.py
[2022-06-23 23:34:59,663] {processor.py:651} INFO - DAG(s) dict_keys(['example_task_group']) retrieved from /home/airflow/.local/lib/python3.7/site-packages/airflow/example_dags/example_task_group.py
[2022-06-23 23:34:59,685] {logging_mixin.py:115} INFO - [2022-06-23 23:34:59,684] {dag.py:2379} INFO - Sync 1 DAGs
[2022-06-23 23:34:59,706] {logging_mixin.py:115} INFO - [2022-06-23 23:34:59,706] {dag.py:2931} INFO - Setting next_dagrun for example_task_group to 2022-06-22T23:34:59.706228+00:00, run_after=2022-06-23T23:34:59.706228+00:00
[2022-06-23 23:34:59,809] {processor.py:161} INFO - Processing /home/airflow/.local/lib/python3.7/site-packages/airflow/example_dags/example_task_group.py took 0.159 seconds
[2022-06-23 23:35:30,094] {processor.py:153} INFO - Started process (PID=683) to work on /home/airflow/.local/lib/python3.7/site-packages/airflow/example_dags/example_task_group.py
[2022-06-23 23:35:30,095] {processor.py:641} INFO - Processing file /home/airflow/.local/lib/python3.7/site-packages/airflow/example_dags/example_task_group.py for tasks to queue
[2022-06-23 23:35:30,095] {logging_mixin.py:115} INFO - [2022-06-23 23:35:30,095] {dagbag.py:507} INFO - Filling up the DagBag from /home/airflow/.local/lib/python3.7/site-packages/airflow/example_dags/example_task_group.py
[2022-06-23 23:35:30,103] {processor.py:651} INFO - DAG(s) dict_keys(['example_task_group']) retrieved from /home/airflow/.local/lib/python3.7/site-packages/airflow/example_dags/example_task_group.py
[2022-06-23 23:35:30,126] {logging_mixin.py:115} INFO - [2022-06-23 23:35:30,125] {dag.py:2379} INFO - Sync 1 DAGs
[2022-06-23 23:35:30,148] {logging_mixin.py:115} INFO - [2022-06-23 23:35:30,148] {dag.py:2931} INFO - Setting next_dagrun for example_task_group to 2022-06-22T23:35:30.148204+00:00, run_after=2022-06-23T23:35:30.148204+00:00
[2022-06-23 23:35:30,252] {processor.py:161} INFO - Processing /home/airflow/.local/lib/python3.7/site-packages/airflow/example_dags/example_task_group.py took 0.162 seconds
[2022-06-23 23:36:00,400] {processor.py:153} INFO - Started process (PID=739) to work on /home/airflow/.local/lib/python3.7/site-packages/airflow/example_dags/example_task_group.py
[2022-06-23 23:36:00,401] {processor.py:641} INFO - Processing file /home/airflow/.local/lib/python3.7/site-packages/airflow/example_dags/example_task_group.py for tasks to queue
[2022-06-23 23:36:00,401] {logging_mixin.py:115} INFO - [2022-06-23 23:36:00,401] {dagbag.py:507} INFO - Filling up the DagBag from /home/airflow/.local/lib/python3.7/site-packages/airflow/example_dags/example_task_group.py
[2022-06-23 23:36:00,406] {processor.py:651} INFO - DAG(s) dict_keys(['example_task_group']) retrieved from /home/airflow/.local/lib/python3.7/site-packages/airflow/example_dags/example_task_group.py
[2022-06-23 23:36:00,433] {logging_mixin.py:115} INFO - [2022-06-23 23:36:00,433] {dag.py:2379} INFO - Sync 1 DAGs
[2022-06-23 23:36:00,456] {logging_mixin.py:115} INFO - [2022-06-23 23:36:00,456] {dag.py:2931} INFO - Setting next_dagrun for example_task_group to 2022-06-22T23:36:00.456191+00:00, run_after=2022-06-23T23:36:00.456191+00:00
[2022-06-23 23:36:00,559] {processor.py:161} INFO - Processing /home/airflow/.local/lib/python3.7/site-packages/airflow/example_dags/example_task_group.py took 0.162 seconds
[2022-06-23 23:36:30,932] {processor.py:153} INFO - Started process (PID=802) to work on /home/airflow/.local/lib/python3.7/site-packages/airflow/example_dags/example_task_group.py
[2022-06-23 23:36:30,933] {processor.py:641} INFO - Processing file /home/airflow/.local/lib/python3.7/site-packages/airflow/example_dags/example_task_group.py for tasks to queue
[2022-06-23 23:36:30,933] {logging_mixin.py:115} INFO - [2022-06-23 23:36:30,933] {dagbag.py:507} INFO - Filling up the DagBag from /home/airflow/.local/lib/python3.7/site-packages/airflow/example_dags/example_task_group.py
[2022-06-23 23:36:30,939] {processor.py:651} INFO - DAG(s) dict_keys(['example_task_group']) retrieved from /home/airflow/.local/lib/python3.7/site-packages/airflow/example_dags/example_task_group.py
[2022-06-23 23:36:30,981] {logging_mixin.py:115} INFO - [2022-06-23 23:36:30,981] {dag.py:2379} INFO - Sync 1 DAGs
[2022-06-23 23:36:31,023] {logging_mixin.py:115} INFO - [2022-06-23 23:36:31,023] {dag.py:2931} INFO - Setting next_dagrun for example_task_group to 2022-06-22T23:36:31.023403+00:00, run_after=2022-06-23T23:36:31.023403+00:00
[2022-06-23 23:36:31,156] {processor.py:161} INFO - Processing /home/airflow/.local/lib/python3.7/site-packages/airflow/example_dags/example_task_group.py took 0.228 seconds
[2022-06-23 23:37:01,502] {processor.py:153} INFO - Started process (PID=856) to work on /home/airflow/.local/lib/python3.7/site-packages/airflow/example_dags/example_task_group.py
[2022-06-23 23:37:01,522] {processor.py:641} INFO - Processing file /home/airflow/.local/lib/python3.7/site-packages/airflow/example_dags/example_task_group.py for tasks to queue
[2022-06-23 23:37:01,523] {logging_mixin.py:115} INFO - [2022-06-23 23:37:01,523] {dagbag.py:507} INFO - Filling up the DagBag from /home/airflow/.local/lib/python3.7/site-packages/airflow/example_dags/example_task_group.py
[2022-06-23 23:37:01,533] {processor.py:651} INFO - DAG(s) dict_keys(['example_task_group']) retrieved from /home/airflow/.local/lib/python3.7/site-packages/airflow/example_dags/example_task_group.py
[2022-06-23 23:37:01,555] {logging_mixin.py:115} INFO - [2022-06-23 23:37:01,555] {dag.py:2379} INFO - Sync 1 DAGs
[2022-06-23 23:37:01,576] {logging_mixin.py:115} INFO - [2022-06-23 23:37:01,576] {dag.py:2931} INFO - Setting next_dagrun for example_task_group to 2022-06-22T23:37:01.576330+00:00, run_after=2022-06-23T23:37:01.576330+00:00
[2022-06-23 23:37:01,692] {processor.py:161} INFO - Processing /home/airflow/.local/lib/python3.7/site-packages/airflow/example_dags/example_task_group.py took 0.195 seconds
[2022-06-23 23:37:31,985] {processor.py:153} INFO - Started process (PID=919) to work on /home/airflow/.local/lib/python3.7/site-packages/airflow/example_dags/example_task_group.py
[2022-06-23 23:37:31,986] {processor.py:641} INFO - Processing file /home/airflow/.local/lib/python3.7/site-packages/airflow/example_dags/example_task_group.py for tasks to queue
[2022-06-23 23:37:31,986] {logging_mixin.py:115} INFO - [2022-06-23 23:37:31,986] {dagbag.py:507} INFO - Filling up the DagBag from /home/airflow/.local/lib/python3.7/site-packages/airflow/example_dags/example_task_group.py
[2022-06-23 23:37:31,994] {processor.py:651} INFO - DAG(s) dict_keys(['example_task_group']) retrieved from /home/airflow/.local/lib/python3.7/site-packages/airflow/example_dags/example_task_group.py
[2022-06-23 23:37:32,015] {logging_mixin.py:115} INFO - [2022-06-23 23:37:32,015] {dag.py:2379} INFO - Sync 1 DAGs
[2022-06-23 23:37:32,037] {logging_mixin.py:115} INFO - [2022-06-23 23:37:32,036] {dag.py:2931} INFO - Setting next_dagrun for example_task_group to 2022-06-22T23:37:32.036759+00:00, run_after=2022-06-23T23:37:32.036759+00:00
[2022-06-23 23:37:32,142] {processor.py:161} INFO - Processing /home/airflow/.local/lib/python3.7/site-packages/airflow/example_dags/example_task_group.py took 0.161 seconds
[2022-06-23 23:38:02,722] {processor.py:153} INFO - Started process (PID=983) to work on /home/airflow/.local/lib/python3.7/site-packages/airflow/example_dags/example_task_group.py
[2022-06-23 23:38:02,735] {processor.py:641} INFO - Processing file /home/airflow/.local/lib/python3.7/site-packages/airflow/example_dags/example_task_group.py for tasks to queue
[2022-06-23 23:38:02,735] {logging_mixin.py:115} INFO - [2022-06-23 23:38:02,735] {dagbag.py:507} INFO - Filling up the DagBag from /home/airflow/.local/lib/python3.7/site-packages/airflow/example_dags/example_task_group.py
[2022-06-23 23:38:02,745] {processor.py:651} INFO - DAG(s) dict_keys(['example_task_group']) retrieved from /home/airflow/.local/lib/python3.7/site-packages/airflow/example_dags/example_task_group.py
[2022-06-23 23:38:02,769] {logging_mixin.py:115} INFO - [2022-06-23 23:38:02,769] {dag.py:2379} INFO - Sync 1 DAGs
[2022-06-23 23:38:02,793] {logging_mixin.py:115} INFO - [2022-06-23 23:38:02,793] {dag.py:2931} INFO - Setting next_dagrun for example_task_group to 2022-06-22T23:38:02.793069+00:00, run_after=2022-06-23T23:38:02.793069+00:00
[2022-06-23 23:38:02,911] {processor.py:161} INFO - Processing /home/airflow/.local/lib/python3.7/site-packages/airflow/example_dags/example_task_group.py took 0.193 seconds
[2022-06-23 23:38:32,971] {processor.py:153} INFO - Started process (PID=1037) to work on /home/airflow/.local/lib/python3.7/site-packages/airflow/example_dags/example_task_group.py
[2022-06-23 23:38:32,984] {processor.py:641} INFO - Processing file /home/airflow/.local/lib/python3.7/site-packages/airflow/example_dags/example_task_group.py for tasks to queue
[2022-06-23 23:38:32,984] {logging_mixin.py:115} INFO - [2022-06-23 23:38:32,984] {dagbag.py:507} INFO - Filling up the DagBag from /home/airflow/.local/lib/python3.7/site-packages/airflow/example_dags/example_task_group.py
[2022-06-23 23:38:32,989] {processor.py:651} INFO - DAG(s) dict_keys(['example_task_group']) retrieved from /home/airflow/.local/lib/python3.7/site-packages/airflow/example_dags/example_task_group.py
[2022-06-23 23:38:33,010] {logging_mixin.py:115} INFO - [2022-06-23 23:38:33,010] {dag.py:2379} INFO - Sync 1 DAGs
[2022-06-23 23:38:33,032] {logging_mixin.py:115} INFO - [2022-06-23 23:38:33,032] {dag.py:2931} INFO - Setting next_dagrun for example_task_group to 2022-06-22T23:38:33.031817+00:00, run_after=2022-06-23T23:38:33.031817+00:00
[2022-06-23 23:38:33,143] {processor.py:161} INFO - Processing /home/airflow/.local/lib/python3.7/site-packages/airflow/example_dags/example_task_group.py took 0.173 seconds
[2022-06-23 23:39:03,367] {processor.py:153} INFO - Started process (PID=1101) to work on /home/airflow/.local/lib/python3.7/site-packages/airflow/example_dags/example_task_group.py
[2022-06-23 23:39:03,376] {processor.py:641} INFO - Processing file /home/airflow/.local/lib/python3.7/site-packages/airflow/example_dags/example_task_group.py for tasks to queue
[2022-06-23 23:39:03,376] {logging_mixin.py:115} INFO - [2022-06-23 23:39:03,376] {dagbag.py:507} INFO - Filling up the DagBag from /home/airflow/.local/lib/python3.7/site-packages/airflow/example_dags/example_task_group.py
[2022-06-23 23:39:03,381] {processor.py:651} INFO - DAG(s) dict_keys(['example_task_group']) retrieved from /home/airflow/.local/lib/python3.7/site-packages/airflow/example_dags/example_task_group.py
[2022-06-23 23:39:03,410] {logging_mixin.py:115} INFO - [2022-06-23 23:39:03,410] {dag.py:2379} INFO - Sync 1 DAGs
[2022-06-23 23:39:03,435] {logging_mixin.py:115} INFO - [2022-06-23 23:39:03,434] {dag.py:2931} INFO - Setting next_dagrun for example_task_group to 2022-06-22T23:39:03.434810+00:00, run_after=2022-06-23T23:39:03.434810+00:00
[2022-06-23 23:39:03,549] {processor.py:161} INFO - Processing /home/airflow/.local/lib/python3.7/site-packages/airflow/example_dags/example_task_group.py took 0.186 seconds
[2022-06-23 23:39:34,092] {processor.py:153} INFO - Started process (PID=1166) to work on /home/airflow/.local/lib/python3.7/site-packages/airflow/example_dags/example_task_group.py
[2022-06-23 23:39:34,108] {processor.py:641} INFO - Processing file /home/airflow/.local/lib/python3.7/site-packages/airflow/example_dags/example_task_group.py for tasks to queue
[2022-06-23 23:39:34,109] {logging_mixin.py:115} INFO - [2022-06-23 23:39:34,109] {dagbag.py:507} INFO - Filling up the DagBag from /home/airflow/.local/lib/python3.7/site-packages/airflow/example_dags/example_task_group.py
[2022-06-23 23:39:34,118] {processor.py:651} INFO - DAG(s) dict_keys(['example_task_group']) retrieved from /home/airflow/.local/lib/python3.7/site-packages/airflow/example_dags/example_task_group.py
[2022-06-23 23:39:34,142] {logging_mixin.py:115} INFO - [2022-06-23 23:39:34,142] {dag.py:2379} INFO - Sync 1 DAGs
[2022-06-23 23:39:34,165] {logging_mixin.py:115} INFO - [2022-06-23 23:39:34,165] {dag.py:2931} INFO - Setting next_dagrun for example_task_group to 2022-06-22T23:39:34.165320+00:00, run_after=2022-06-23T23:39:34.165320+00:00
[2022-06-23 23:39:34,300] {processor.py:161} INFO - Processing /home/airflow/.local/lib/python3.7/site-packages/airflow/example_dags/example_task_group.py took 0.212 seconds
[2022-06-23 23:40:04,710] {processor.py:153} INFO - Started process (PID=1222) to work on /home/airflow/.local/lib/python3.7/site-packages/airflow/example_dags/example_task_group.py
[2022-06-23 23:40:04,711] {processor.py:641} INFO - Processing file /home/airflow/.local/lib/python3.7/site-packages/airflow/example_dags/example_task_group.py for tasks to queue
[2022-06-23 23:40:04,712] {logging_mixin.py:115} INFO - [2022-06-23 23:40:04,711] {dagbag.py:507} INFO - Filling up the DagBag from /home/airflow/.local/lib/python3.7/site-packages/airflow/example_dags/example_task_group.py
[2022-06-23 23:40:04,721] {processor.py:651} INFO - DAG(s) dict_keys(['example_task_group']) retrieved from /home/airflow/.local/lib/python3.7/site-packages/airflow/example_dags/example_task_group.py
[2022-06-23 23:40:04,743] {logging_mixin.py:115} INFO - [2022-06-23 23:40:04,743] {dag.py:2379} INFO - Sync 1 DAGs
[2022-06-23 23:40:04,765] {logging_mixin.py:115} INFO - [2022-06-23 23:40:04,764] {dag.py:2931} INFO - Setting next_dagrun for example_task_group to 2022-06-22T23:40:04.764718+00:00, run_after=2022-06-23T23:40:04.764718+00:00
[2022-06-23 23:40:04,874] {processor.py:161} INFO - Processing /home/airflow/.local/lib/python3.7/site-packages/airflow/example_dags/example_task_group.py took 0.168 seconds
[2022-06-23 23:40:35,259] {processor.py:153} INFO - Started process (PID=1285) to work on /home/airflow/.local/lib/python3.7/site-packages/airflow/example_dags/example_task_group.py
[2022-06-23 23:40:35,274] {processor.py:641} INFO - Processing file /home/airflow/.local/lib/python3.7/site-packages/airflow/example_dags/example_task_group.py for tasks to queue
[2022-06-23 23:40:35,276] {logging_mixin.py:115} INFO - [2022-06-23 23:40:35,275] {dagbag.py:507} INFO - Filling up the DagBag from /home/airflow/.local/lib/python3.7/site-packages/airflow/example_dags/example_task_group.py
[2022-06-23 23:40:35,284] {processor.py:651} INFO - DAG(s) dict_keys(['example_task_group']) retrieved from /home/airflow/.local/lib/python3.7/site-packages/airflow/example_dags/example_task_group.py
[2022-06-23 23:40:35,309] {logging_mixin.py:115} INFO - [2022-06-23 23:40:35,309] {dag.py:2379} INFO - Sync 1 DAGs
[2022-06-23 23:40:35,460] {logging_mixin.py:115} INFO - [2022-06-23 23:40:35,460] {dag.py:2931} INFO - Setting next_dagrun for example_task_group to 2022-06-22T23:40:35.459852+00:00, run_after=2022-06-23T23:40:35.459852+00:00
[2022-06-23 23:40:35,478] {processor.py:161} INFO - Processing /home/airflow/.local/lib/python3.7/site-packages/airflow/example_dags/example_task_group.py took 0.225 seconds
[2022-06-23 23:41:06,168] {processor.py:153} INFO - Started process (PID=1348) to work on /home/airflow/.local/lib/python3.7/site-packages/airflow/example_dags/example_task_group.py
[2022-06-23 23:41:06,169] {processor.py:641} INFO - Processing file /home/airflow/.local/lib/python3.7/site-packages/airflow/example_dags/example_task_group.py for tasks to queue
[2022-06-23 23:41:06,169] {logging_mixin.py:115} INFO - [2022-06-23 23:41:06,169] {dagbag.py:507} INFO - Filling up the DagBag from /home/airflow/.local/lib/python3.7/site-packages/airflow/example_dags/example_task_group.py
[2022-06-23 23:41:06,176] {processor.py:651} INFO - DAG(s) dict_keys(['example_task_group']) retrieved from /home/airflow/.local/lib/python3.7/site-packages/airflow/example_dags/example_task_group.py
[2022-06-23 23:41:06,200] {logging_mixin.py:115} INFO - [2022-06-23 23:41:06,199] {dag.py:2379} INFO - Sync 1 DAGs
[2022-06-23 23:41:06,312] {logging_mixin.py:115} INFO - [2022-06-23 23:41:06,312] {dag.py:2931} INFO - Setting next_dagrun for example_task_group to 2022-06-22T23:41:06.311886+00:00, run_after=2022-06-23T23:41:06.311886+00:00
[2022-06-23 23:41:06,335] {processor.py:161} INFO - Processing /home/airflow/.local/lib/python3.7/site-packages/airflow/example_dags/example_task_group.py took 0.171 seconds
[2022-06-23 23:41:36,640] {processor.py:153} INFO - Started process (PID=1402) to work on /home/airflow/.local/lib/python3.7/site-packages/airflow/example_dags/example_task_group.py
[2022-06-23 23:41:36,641] {processor.py:641} INFO - Processing file /home/airflow/.local/lib/python3.7/site-packages/airflow/example_dags/example_task_group.py for tasks to queue
[2022-06-23 23:41:36,641] {logging_mixin.py:115} INFO - [2022-06-23 23:41:36,641] {dagbag.py:507} INFO - Filling up the DagBag from /home/airflow/.local/lib/python3.7/site-packages/airflow/example_dags/example_task_group.py
[2022-06-23 23:41:36,646] {processor.py:651} INFO - DAG(s) dict_keys(['example_task_group']) retrieved from /home/airflow/.local/lib/python3.7/site-packages/airflow/example_dags/example_task_group.py
[2022-06-23 23:41:36,675] {logging_mixin.py:115} INFO - [2022-06-23 23:41:36,675] {dag.py:2379} INFO - Sync 1 DAGs
[2022-06-23 23:41:36,781] {logging_mixin.py:115} INFO - [2022-06-23 23:41:36,781] {dag.py:2931} INFO - Setting next_dagrun for example_task_group to 2022-06-22T23:41:36.781262+00:00, run_after=2022-06-23T23:41:36.781262+00:00
[2022-06-23 23:41:36,804] {processor.py:161} INFO - Processing /home/airflow/.local/lib/python3.7/site-packages/airflow/example_dags/example_task_group.py took 0.168 seconds
[2022-06-23 23:42:07,241] {processor.py:153} INFO - Started process (PID=1465) to work on /home/airflow/.local/lib/python3.7/site-packages/airflow/example_dags/example_task_group.py
[2022-06-23 23:42:07,241] {processor.py:641} INFO - Processing file /home/airflow/.local/lib/python3.7/site-packages/airflow/example_dags/example_task_group.py for tasks to queue
[2022-06-23 23:42:07,242] {logging_mixin.py:115} INFO - [2022-06-23 23:42:07,242] {dagbag.py:507} INFO - Filling up the DagBag from /home/airflow/.local/lib/python3.7/site-packages/airflow/example_dags/example_task_group.py
[2022-06-23 23:42:07,250] {processor.py:651} INFO - DAG(s) dict_keys(['example_task_group']) retrieved from /home/airflow/.local/lib/python3.7/site-packages/airflow/example_dags/example_task_group.py
[2022-06-23 23:42:07,277] {logging_mixin.py:115} INFO - [2022-06-23 23:42:07,277] {dag.py:2379} INFO - Sync 1 DAGs
[2022-06-23 23:42:07,386] {logging_mixin.py:115} INFO - [2022-06-23 23:42:07,386] {dag.py:2931} INFO - Setting next_dagrun for example_task_group to 2022-06-22T23:42:07.386217+00:00, run_after=2022-06-23T23:42:07.386217+00:00
[2022-06-23 23:42:07,409] {processor.py:161} INFO - Processing /home/airflow/.local/lib/python3.7/site-packages/airflow/example_dags/example_task_group.py took 0.171 seconds
[2022-06-23 23:42:37,825] {processor.py:153} INFO - Started process (PID=1528) to work on /home/airflow/.local/lib/python3.7/site-packages/airflow/example_dags/example_task_group.py
[2022-06-23 23:42:37,826] {processor.py:641} INFO - Processing file /home/airflow/.local/lib/python3.7/site-packages/airflow/example_dags/example_task_group.py for tasks to queue
[2022-06-23 23:42:37,826] {logging_mixin.py:115} INFO - [2022-06-23 23:42:37,826] {dagbag.py:507} INFO - Filling up the DagBag from /home/airflow/.local/lib/python3.7/site-packages/airflow/example_dags/example_task_group.py
[2022-06-23 23:42:37,832] {processor.py:651} INFO - DAG(s) dict_keys(['example_task_group']) retrieved from /home/airflow/.local/lib/python3.7/site-packages/airflow/example_dags/example_task_group.py
[2022-06-23 23:42:37,864] {logging_mixin.py:115} INFO - [2022-06-23 23:42:37,863] {dag.py:2379} INFO - Sync 1 DAGs
[2022-06-23 23:42:37,970] {logging_mixin.py:115} INFO - [2022-06-23 23:42:37,970] {dag.py:2931} INFO - Setting next_dagrun for example_task_group to 2022-06-22T23:42:37.970360+00:00, run_after=2022-06-23T23:42:37.970360+00:00
[2022-06-23 23:42:37,988] {processor.py:161} INFO - Processing /home/airflow/.local/lib/python3.7/site-packages/airflow/example_dags/example_task_group.py took 0.166 seconds
[2022-06-23 23:43:08,517] {processor.py:153} INFO - Started process (PID=1582) to work on /home/airflow/.local/lib/python3.7/site-packages/airflow/example_dags/example_task_group.py
[2022-06-23 23:43:08,517] {processor.py:641} INFO - Processing file /home/airflow/.local/lib/python3.7/site-packages/airflow/example_dags/example_task_group.py for tasks to queue
[2022-06-23 23:43:08,518] {logging_mixin.py:115} INFO - [2022-06-23 23:43:08,517] {dagbag.py:507} INFO - Filling up the DagBag from /home/airflow/.local/lib/python3.7/site-packages/airflow/example_dags/example_task_group.py
[2022-06-23 23:43:08,523] {processor.py:651} INFO - DAG(s) dict_keys(['example_task_group']) retrieved from /home/airflow/.local/lib/python3.7/site-packages/airflow/example_dags/example_task_group.py
[2022-06-23 23:43:08,553] {logging_mixin.py:115} INFO - [2022-06-23 23:43:08,553] {dag.py:2379} INFO - Sync 1 DAGs
[2022-06-23 23:43:08,669] {logging_mixin.py:115} INFO - [2022-06-23 23:43:08,669] {dag.py:2931} INFO - Setting next_dagrun for example_task_group to 2022-06-22T23:43:08.669289+00:00, run_after=2022-06-23T23:43:08.669289+00:00
[2022-06-23 23:43:08,704] {processor.py:161} INFO - Processing /home/airflow/.local/lib/python3.7/site-packages/airflow/example_dags/example_task_group.py took 0.191 seconds
[2022-06-23 23:43:39,125] {processor.py:153} INFO - Started process (PID=1645) to work on /home/airflow/.local/lib/python3.7/site-packages/airflow/example_dags/example_task_group.py
[2022-06-23 23:43:39,125] {processor.py:641} INFO - Processing file /home/airflow/.local/lib/python3.7/site-packages/airflow/example_dags/example_task_group.py for tasks to queue
[2022-06-23 23:43:39,126] {logging_mixin.py:115} INFO - [2022-06-23 23:43:39,126] {dagbag.py:507} INFO - Filling up the DagBag from /home/airflow/.local/lib/python3.7/site-packages/airflow/example_dags/example_task_group.py
[2022-06-23 23:43:39,130] {processor.py:651} INFO - DAG(s) dict_keys(['example_task_group']) retrieved from /home/airflow/.local/lib/python3.7/site-packages/airflow/example_dags/example_task_group.py
[2022-06-23 23:43:39,159] {logging_mixin.py:115} INFO - [2022-06-23 23:43:39,159] {dag.py:2379} INFO - Sync 1 DAGs
[2022-06-23 23:43:39,275] {logging_mixin.py:115} INFO - [2022-06-23 23:43:39,275] {dag.py:2931} INFO - Setting next_dagrun for example_task_group to 2022-06-22T23:43:39.274938+00:00, run_after=2022-06-23T23:43:39.274938+00:00
[2022-06-23 23:43:39,303] {processor.py:161} INFO - Processing /home/airflow/.local/lib/python3.7/site-packages/airflow/example_dags/example_task_group.py took 0.181 seconds
[2022-06-23 23:44:09,573] {processor.py:153} INFO - Started process (PID=1708) to work on /home/airflow/.local/lib/python3.7/site-packages/airflow/example_dags/example_task_group.py
[2022-06-23 23:44:09,574] {processor.py:641} INFO - Processing file /home/airflow/.local/lib/python3.7/site-packages/airflow/example_dags/example_task_group.py for tasks to queue
[2022-06-23 23:44:09,574] {logging_mixin.py:115} INFO - [2022-06-23 23:44:09,574] {dagbag.py:507} INFO - Filling up the DagBag from /home/airflow/.local/lib/python3.7/site-packages/airflow/example_dags/example_task_group.py
[2022-06-23 23:44:09,582] {processor.py:651} INFO - DAG(s) dict_keys(['example_task_group']) retrieved from /home/airflow/.local/lib/python3.7/site-packages/airflow/example_dags/example_task_group.py
[2022-06-23 23:44:09,610] {logging_mixin.py:115} INFO - [2022-06-23 23:44:09,610] {dag.py:2379} INFO - Sync 1 DAGs
[2022-06-23 23:44:09,715] {logging_mixin.py:115} INFO - [2022-06-23 23:44:09,715] {dag.py:2931} INFO - Setting next_dagrun for example_task_group to 2022-06-22T23:44:09.715502+00:00, run_after=2022-06-23T23:44:09.715502+00:00
[2022-06-23 23:44:09,754] {processor.py:161} INFO - Processing /home/airflow/.local/lib/python3.7/site-packages/airflow/example_dags/example_task_group.py took 0.185 seconds
[2022-06-23 23:44:39,995] {processor.py:153} INFO - Started process (PID=1763) to work on /home/airflow/.local/lib/python3.7/site-packages/airflow/example_dags/example_task_group.py
[2022-06-23 23:44:40,023] {processor.py:641} INFO - Processing file /home/airflow/.local/lib/python3.7/site-packages/airflow/example_dags/example_task_group.py for tasks to queue
[2022-06-23 23:44:40,024] {logging_mixin.py:115} INFO - [2022-06-23 23:44:40,024] {dagbag.py:507} INFO - Filling up the DagBag from /home/airflow/.local/lib/python3.7/site-packages/airflow/example_dags/example_task_group.py
[2022-06-23 23:44:40,033] {processor.py:651} INFO - DAG(s) dict_keys(['example_task_group']) retrieved from /home/airflow/.local/lib/python3.7/site-packages/airflow/example_dags/example_task_group.py
[2022-06-23 23:44:40,064] {logging_mixin.py:115} INFO - [2022-06-23 23:44:40,064] {dag.py:2379} INFO - Sync 1 DAGs
[2022-06-23 23:44:40,182] {logging_mixin.py:115} INFO - [2022-06-23 23:44:40,182] {dag.py:2931} INFO - Setting next_dagrun for example_task_group to 2022-06-22T23:44:40.182074+00:00, run_after=2022-06-23T23:44:40.182074+00:00
[2022-06-23 23:44:40,220] {processor.py:161} INFO - Processing /home/airflow/.local/lib/python3.7/site-packages/airflow/example_dags/example_task_group.py took 0.230 seconds
[2022-06-23 23:45:10,557] {processor.py:153} INFO - Started process (PID=1827) to work on /home/airflow/.local/lib/python3.7/site-packages/airflow/example_dags/example_task_group.py
[2022-06-23 23:45:10,557] {processor.py:641} INFO - Processing file /home/airflow/.local/lib/python3.7/site-packages/airflow/example_dags/example_task_group.py for tasks to queue
[2022-06-23 23:45:10,557] {logging_mixin.py:115} INFO - [2022-06-23 23:45:10,557] {dagbag.py:507} INFO - Filling up the DagBag from /home/airflow/.local/lib/python3.7/site-packages/airflow/example_dags/example_task_group.py
[2022-06-23 23:45:10,565] {processor.py:651} INFO - DAG(s) dict_keys(['example_task_group']) retrieved from /home/airflow/.local/lib/python3.7/site-packages/airflow/example_dags/example_task_group.py
[2022-06-23 23:45:10,585] {logging_mixin.py:115} INFO - [2022-06-23 23:45:10,585] {dag.py:2379} INFO - Sync 1 DAGs
[2022-06-23 23:45:10,688] {logging_mixin.py:115} INFO - [2022-06-23 23:45:10,688] {dag.py:2931} INFO - Setting next_dagrun for example_task_group to 2022-06-22T23:45:10.687890+00:00, run_after=2022-06-23T23:45:10.687890+00:00
[2022-06-23 23:45:10,700] {processor.py:161} INFO - Processing /home/airflow/.local/lib/python3.7/site-packages/airflow/example_dags/example_task_group.py took 0.145 seconds
                                                                                                                                                                                                                                                                                                                                                                                                                                                                                                                                                                                                                                                                                                                                                                                                                                                                                                                                                                                                                                                                                                                                                                                                                                                                                                                                                    