[2022-06-23 01:17:32,683] {processor.py:153} INFO - Started process (PID=116) to work on /home/airflow/.local/lib/python3.7/site-packages/airflow/example_dags/example_skip_dag.py
[2022-06-23 01:17:32,684] {processor.py:641} INFO - Processing file /home/airflow/.local/lib/python3.7/site-packages/airflow/example_dags/example_skip_dag.py for tasks to queue
[2022-06-23 01:17:32,684] {logging_mixin.py:115} INFO - [2022-06-23 01:17:32,684] {dagbag.py:507} INFO - Filling up the DagBag from /home/airflow/.local/lib/python3.7/site-packages/airflow/example_dags/example_skip_dag.py
[2022-06-23 01:17:32,696] {processor.py:651} INFO - DAG(s) dict_keys(['example_skip_dag']) retrieved from /home/airflow/.local/lib/python3.7/site-packages/airflow/example_dags/example_skip_dag.py
[2022-06-23 01:17:32,717] {logging_mixin.py:115} INFO - [2022-06-23 01:17:32,717] {dag.py:2379} INFO - Sync 1 DAGs
[2022-06-23 01:17:32,745] {logging_mixin.py:115} INFO - [2022-06-23 01:17:32,745] {dag.py:2931} INFO - Setting next_dagrun for example_skip_dag to 2022-06-22T01:17:32.744829+00:00, run_after=2022-06-23T01:17:32.744829+00:00
[2022-06-23 01:17:32,780] {processor.py:161} INFO - Processing /home/airflow/.local/lib/python3.7/site-packages/airflow/example_dags/example_skip_dag.py took 0.098 seconds
[2022-06-23 01:18:03,569] {processor.py:153} INFO - Started process (PID=179) to work on /home/airflow/.local/lib/python3.7/site-packages/airflow/example_dags/example_skip_dag.py
[2022-06-23 01:18:03,572] {processor.py:641} INFO - Processing file /home/airflow/.local/lib/python3.7/site-packages/airflow/example_dags/example_skip_dag.py for tasks to queue
[2022-06-23 01:18:03,573] {logging_mixin.py:115} INFO - [2022-06-23 01:18:03,573] {dagbag.py:507} INFO - Filling up the DagBag from /home/airflow/.local/lib/python3.7/site-packages/airflow/example_dags/example_skip_dag.py
[2022-06-23 01:18:03,580] {processor.py:651} INFO - DAG(s) dict_keys(['example_skip_dag']) retrieved from /home/airflow/.local/lib/python3.7/site-packages/airflow/example_dags/example_skip_dag.py
[2022-06-23 01:18:03,607] {logging_mixin.py:115} INFO - [2022-06-23 01:18:03,607] {dag.py:2379} INFO - Sync 1 DAGs
[2022-06-23 01:18:03,632] {logging_mixin.py:115} INFO - [2022-06-23 01:18:03,632] {dag.py:2931} INFO - Setting next_dagrun for example_skip_dag to 2022-06-22T01:18:03.632253+00:00, run_after=2022-06-23T01:18:03.632253+00:00
[2022-06-23 01:18:03,653] {processor.py:161} INFO - Processing /home/airflow/.local/lib/python3.7/site-packages/airflow/example_dags/example_skip_dag.py took 0.089 seconds
[2022-06-23 23:30:25,445] {processor.py:153} INFO - Started process (PID=83) to work on /home/airflow/.local/lib/python3.7/site-packages/airflow/example_dags/example_skip_dag.py
[2022-06-23 23:30:25,449] {processor.py:641} INFO - Processing file /home/airflow/.local/lib/python3.7/site-packages/airflow/example_dags/example_skip_dag.py for tasks to queue
[2022-06-23 23:30:25,449] {logging_mixin.py:115} INFO - [2022-06-23 23:30:25,449] {dagbag.py:507} INFO - Filling up the DagBag from /home/airflow/.local/lib/python3.7/site-packages/airflow/example_dags/example_skip_dag.py
[2022-06-23 23:30:25,456] {processor.py:651} INFO - DAG(s) dict_keys(['example_skip_dag']) retrieved from /home/airflow/.local/lib/python3.7/site-packages/airflow/example_dags/example_skip_dag.py
[2022-06-23 23:30:25,647] {logging_mixin.py:115} INFO - [2022-06-23 23:30:25,647] {dag.py:2379} INFO - Sync 1 DAGs
[2022-06-23 23:30:25,665] {logging_mixin.py:115} INFO - [2022-06-23 23:30:25,665] {dag.py:2931} INFO - Setting next_dagrun for example_skip_dag to 2022-06-22T23:30:25.665421+00:00, run_after=2022-06-23T23:30:25.665421+00:00
[2022-06-23 23:30:25,688] {processor.py:161} INFO - Processing /home/airflow/.local/lib/python3.7/site-packages/airflow/example_dags/example_skip_dag.py took 0.246 seconds
[2022-06-23 23:30:56,031] {processor.py:153} INFO - Started process (PID=146) to work on /home/airflow/.local/lib/python3.7/site-packages/airflow/example_dags/example_skip_dag.py
[2022-06-23 23:30:56,037] {processor.py:641} INFO - Processing file /home/airflow/.local/lib/python3.7/site-packages/airflow/example_dags/example_skip_dag.py for tasks to queue
[2022-06-23 23:30:56,037] {logging_mixin.py:115} INFO - [2022-06-23 23:30:56,037] {dagbag.py:507} INFO - Filling up the DagBag from /home/airflow/.local/lib/python3.7/site-packages/airflow/example_dags/example_skip_dag.py
[2022-06-23 23:30:56,041] {processor.py:651} INFO - DAG(s) dict_keys(['example_skip_dag']) retrieved from /home/airflow/.local/lib/python3.7/site-packages/airflow/example_dags/example_skip_dag.py
[2022-06-23 23:30:56,069] {logging_mixin.py:115} INFO - [2022-06-23 23:30:56,069] {dag.py:2379} INFO - Sync 1 DAGs
[2022-06-23 23:30:56,091] {logging_mixin.py:115} INFO - [2022-06-23 23:30:56,090] {dag.py:2931} INFO - Setting next_dagrun for example_skip_dag to 2022-06-22T23:30:56.090794+00:00, run_after=2022-06-23T23:30:56.090794+00:00
[2022-06-23 23:30:56,119] {processor.py:161} INFO - Processing /home/airflow/.local/lib/python3.7/site-packages/airflow/example_dags/example_skip_dag.py took 0.091 seconds
[2022-06-23 23:31:26,572] {processor.py:153} INFO - Started process (PID=202) to work on /home/airflow/.local/lib/python3.7/site-packages/airflow/example_dags/example_skip_dag.py
[2022-06-23 23:31:26,573] {processor.py:641} INFO - Processing file /home/airflow/.local/lib/python3.7/site-packages/airflow/example_dags/example_skip_dag.py for tasks to queue
[2022-06-23 23:31:26,573] {logging_mixin.py:115} INFO - [2022-06-23 23:31:26,573] {dagbag.py:507} INFO - Filling up the DagBag from /home/airflow/.local/lib/python3.7/site-packages/airflow/example_dags/example_skip_dag.py
[2022-06-23 23:31:26,578] {processor.py:651} INFO - DAG(s) dict_keys(['example_skip_dag']) retrieved from /home/airflow/.local/lib/python3.7/site-packages/airflow/example_dags/example_skip_dag.py
[2022-06-23 23:31:26,600] {logging_mixin.py:115} INFO - [2022-06-23 23:31:26,599] {dag.py:2379} INFO - Sync 1 DAGs
[2022-06-23 23:31:26,626] {logging_mixin.py:115} INFO - [2022-06-23 23:31:26,625] {dag.py:2931} INFO - Setting next_dagrun for example_skip_dag to 2022-06-22T23:31:26.625603+00:00, run_after=2022-06-23T23:31:26.625603+00:00
[2022-06-23 23:31:26,661] {processor.py:161} INFO - Processing /home/airflow/.local/lib/python3.7/site-packages/airflow/example_dags/example_skip_dag.py took 0.093 seconds
[2022-06-23 23:31:56,852] {processor.py:153} INFO - Started process (PID=265) to work on /home/airflow/.local/lib/python3.7/site-packages/airflow/example_dags/example_skip_dag.py
[2022-06-23 23:31:56,853] {processor.py:641} INFO - Processing file /home/airflow/.local/lib/python3.7/site-packages/airflow/example_dags/example_skip_dag.py for tasks to queue
[2022-06-23 23:31:56,853] {logging_mixin.py:115} INFO - [2022-06-23 23:31:56,853] {dagbag.py:507} INFO - Filling up the DagBag from /home/airflow/.local/lib/python3.7/site-packages/airflow/example_dags/example_skip_dag.py
[2022-06-23 23:31:56,857] {processor.py:651} INFO - DAG(s) dict_keys(['example_skip_dag']) retrieved from /home/airflow/.local/lib/python3.7/site-packages/airflow/example_dags/example_skip_dag.py
[2022-06-23 23:31:56,884] {logging_mixin.py:115} INFO - [2022-06-23 23:31:56,884] {dag.py:2379} INFO - Sync 1 DAGs
[2022-06-23 23:31:56,906] {logging_mixin.py:115} INFO - [2022-06-23 23:31:56,906] {dag.py:2931} INFO - Setting next_dagrun for example_skip_dag to 2022-06-22T23:31:56.906391+00:00, run_after=2022-06-23T23:31:56.906391+00:00
[2022-06-23 23:31:56,926] {processor.py:161} INFO - Processing /home/airflow/.local/lib/python3.7/site-packages/airflow/example_dags/example_skip_dag.py took 0.077 seconds
[2022-06-23 23:32:27,108] {processor.py:153} INFO - Started process (PID=328) to work on /home/airflow/.local/lib/python3.7/site-packages/airflow/example_dags/example_skip_dag.py
[2022-06-23 23:32:27,109] {processor.py:641} INFO - Processing file /home/airflow/.local/lib/python3.7/site-packages/airflow/example_dags/example_skip_dag.py for tasks to queue
[2022-06-23 23:32:27,109] {logging_mixin.py:115} INFO - [2022-06-23 23:32:27,109] {dagbag.py:507} INFO - Filling up the DagBag from /home/airflow/.local/lib/python3.7/site-packages/airflow/example_dags/example_skip_dag.py
[2022-06-23 23:32:27,114] {processor.py:651} INFO - DAG(s) dict_keys(['example_skip_dag']) retrieved from /home/airflow/.local/lib/python3.7/site-packages/airflow/example_dags/example_skip_dag.py
[2022-06-23 23:32:27,136] {logging_mixin.py:115} INFO - [2022-06-23 23:32:27,136] {dag.py:2379} INFO - Sync 1 DAGs
[2022-06-23 23:32:27,163] {logging_mixin.py:115} INFO - [2022-06-23 23:32:27,163] {dag.py:2931} INFO - Setting next_dagrun for example_skip_dag to 2022-06-22T23:32:27.163360+00:00, run_after=2022-06-23T23:32:27.163360+00:00
[2022-06-23 23:32:27,182] {processor.py:161} INFO - Processing /home/airflow/.local/lib/python3.7/site-packages/airflow/example_dags/example_skip_dag.py took 0.077 seconds
[2022-06-23 23:32:57,552] {processor.py:153} INFO - Started process (PID=382) to work on /home/airflow/.local/lib/python3.7/site-packages/airflow/example_dags/example_skip_dag.py
[2022-06-23 23:32:57,552] {processor.py:641} INFO - Processing file /home/airflow/.local/lib/python3.7/site-packages/airflow/example_dags/example_skip_dag.py for tasks to queue
[2022-06-23 23:32:57,552] {logging_mixin.py:115} INFO - [2022-06-23 23:32:57,552] {dagbag.py:507} INFO - Filling up the DagBag from /home/airflow/.local/lib/python3.7/site-packages/airflow/example_dags/example_skip_dag.py
[2022-06-23 23:32:57,557] {processor.py:651} INFO - DAG(s) dict_keys(['example_skip_dag']) retrieved from /home/airflow/.local/lib/python3.7/site-packages/airflow/example_dags/example_skip_dag.py
[2022-06-23 23:32:57,583] {logging_mixin.py:115} INFO - [2022-06-23 23:32:57,583] {dag.py:2379} INFO - Sync 1 DAGs
[2022-06-23 23:32:57,608] {logging_mixin.py:115} INFO - [2022-06-23 23:32:57,608] {dag.py:2931} INFO - Setting next_dagrun for example_skip_dag to 2022-06-22T23:32:57.607967+00:00, run_after=2022-06-23T23:32:57.607967+00:00
[2022-06-23 23:32:57,623] {processor.py:161} INFO - Processing /home/airflow/.local/lib/python3.7/site-packages/airflow/example_dags/example_skip_dag.py took 0.076 seconds
[2022-06-23 23:33:28,018] {processor.py:153} INFO - Started process (PID=445) to work on /home/airflow/.local/lib/python3.7/site-packages/airflow/example_dags/example_skip_dag.py
[2022-06-23 23:33:28,019] {processor.py:641} INFO - Processing file /home/airflow/.local/lib/python3.7/site-packages/airflow/example_dags/example_skip_dag.py for tasks to queue
[2022-06-23 23:33:28,020] {logging_mixin.py:115} INFO - [2022-06-23 23:33:28,020] {dagbag.py:507} INFO - Filling up the DagBag from /home/airflow/.local/lib/python3.7/site-packages/airflow/example_dags/example_skip_dag.py
[2022-06-23 23:33:28,026] {processor.py:651} INFO - DAG(s) dict_keys(['example_skip_dag']) retrieved from /home/airflow/.local/lib/python3.7/site-packages/airflow/example_dags/example_skip_dag.py
[2022-06-23 23:33:28,047] {logging_mixin.py:115} INFO - [2022-06-23 23:33:28,047] {dag.py:2379} INFO - Sync 1 DAGs
[2022-06-23 23:33:28,070] {logging_mixin.py:115} INFO - [2022-06-23 23:33:28,070] {dag.py:2931} INFO - Setting next_dagrun for example_skip_dag to 2022-06-22T23:33:28.070030+00:00, run_after=2022-06-23T23:33:28.070030+00:00
[2022-06-23 23:33:28,081] {processor.py:161} INFO - Processing /home/airflow/.local/lib/python3.7/site-packages/airflow/example_dags/example_skip_dag.py took 0.067 seconds
[2022-06-23 23:33:59,167] {processor.py:153} INFO - Started process (PID=509) to work on /home/airflow/.local/lib/python3.7/site-packages/airflow/example_dags/example_skip_dag.py
[2022-06-23 23:33:59,168] {processor.py:641} INFO - Processing file /home/airflow/.local/lib/python3.7/site-packages/airflow/example_dags/example_skip_dag.py for tasks to queue
[2022-06-23 23:33:59,168] {logging_mixin.py:115} INFO - [2022-06-23 23:33:59,168] {dagbag.py:507} INFO - Filling up the DagBag from /home/airflow/.local/lib/python3.7/site-packages/airflow/example_dags/example_skip_dag.py
[2022-06-23 23:33:59,172] {processor.py:651} INFO - DAG(s) dict_keys(['example_skip_dag']) retrieved from /home/airflow/.local/lib/python3.7/site-packages/airflow/example_dags/example_skip_dag.py
[2022-06-23 23:33:59,194] {logging_mixin.py:115} INFO - [2022-06-23 23:33:59,194] {dag.py:2379} INFO - Sync 1 DAGs
[2022-06-23 23:33:59,217] {logging_mixin.py:115} INFO - [2022-06-23 23:33:59,217] {dag.py:2931} INFO - Setting next_dagrun for example_skip_dag to 2022-06-22T23:33:59.217534+00:00, run_after=2022-06-23T23:33:59.217534+00:00
[2022-06-23 23:33:59,286] {processor.py:161} INFO - Processing /home/airflow/.local/lib/python3.7/site-packages/airflow/example_dags/example_skip_dag.py took 0.122 seconds
[2022-06-23 23:34:29,753] {processor.py:153} INFO - Started process (PID=565) to work on /home/airflow/.local/lib/python3.7/site-packages/airflow/example_dags/example_skip_dag.py
[2022-06-23 23:34:29,754] {processor.py:641} INFO - Processing file /home/airflow/.local/lib/python3.7/site-packages/airflow/example_dags/example_skip_dag.py for tasks to queue
[2022-06-23 23:34:29,755] {logging_mixin.py:115} INFO - [2022-06-23 23:34:29,754] {dagbag.py:507} INFO - Filling up the DagBag from /home/airflow/.local/lib/python3.7/site-packages/airflow/example_dags/example_skip_dag.py
[2022-06-23 23:34:29,759] {processor.py:651} INFO - DAG(s) dict_keys(['example_skip_dag']) retrieved from /home/airflow/.local/lib/python3.7/site-packages/airflow/example_dags/example_skip_dag.py
[2022-06-23 23:34:29,788] {logging_mixin.py:115} INFO - [2022-06-23 23:34:29,788] {dag.py:2379} INFO - Sync 1 DAGs
[2022-06-23 23:34:29,814] {logging_mixin.py:115} INFO - [2022-06-23 23:34:29,814] {dag.py:2931} INFO - Setting next_dagrun for example_skip_dag to 2022-06-22T23:34:29.814384+00:00, run_after=2022-06-23T23:34:29.814384+00:00
[2022-06-23 23:34:29,835] {processor.py:161} INFO - Processing /home/airflow/.local/lib/python3.7/site-packages/airflow/example_dags/example_skip_dag.py took 0.086 seconds
[2022-06-23 23:35:00,061] {processor.py:153} INFO - Started process (PID=628) to work on /home/airflow/.local/lib/python3.7/site-packages/airflow/example_dags/example_skip_dag.py
[2022-06-23 23:35:00,061] {processor.py:641} INFO - Processing file /home/airflow/.local/lib/python3.7/site-packages/airflow/example_dags/example_skip_dag.py for tasks to queue
[2022-06-23 23:35:00,062] {logging_mixin.py:115} INFO - [2022-06-23 23:35:00,062] {dagbag.py:507} INFO - Filling up the DagBag from /home/airflow/.local/lib/python3.7/site-packages/airflow/example_dags/example_skip_dag.py
[2022-06-23 23:35:00,066] {processor.py:651} INFO - DAG(s) dict_keys(['example_skip_dag']) retrieved from /home/airflow/.local/lib/python3.7/site-packages/airflow/example_dags/example_skip_dag.py
[2022-06-23 23:35:00,092] {logging_mixin.py:115} INFO - [2022-06-23 23:35:00,092] {dag.py:2379} INFO - Sync 1 DAGs
[2022-06-23 23:35:00,121] {logging_mixin.py:115} INFO - [2022-06-23 23:35:00,120] {dag.py:2931} INFO - Setting next_dagrun for example_skip_dag to 2022-06-22T23:35:00.120613+00:00, run_after=2022-06-23T23:35:00.120613+00:00
[2022-06-23 23:35:00,142] {processor.py:161} INFO - Processing /home/airflow/.local/lib/python3.7/site-packages/airflow/example_dags/example_skip_dag.py took 0.086 seconds
[2022-06-23 23:35:30,651] {processor.py:153} INFO - Started process (PID=691) to work on /home/airflow/.local/lib/python3.7/site-packages/airflow/example_dags/example_skip_dag.py
[2022-06-23 23:35:30,652] {processor.py:641} INFO - Processing file /home/airflow/.local/lib/python3.7/site-packages/airflow/example_dags/example_skip_dag.py for tasks to queue
[2022-06-23 23:35:30,652] {logging_mixin.py:115} INFO - [2022-06-23 23:35:30,652] {dagbag.py:507} INFO - Filling up the DagBag from /home/airflow/.local/lib/python3.7/site-packages/airflow/example_dags/example_skip_dag.py
[2022-06-23 23:35:30,657] {processor.py:651} INFO - DAG(s) dict_keys(['example_skip_dag']) retrieved from /home/airflow/.local/lib/python3.7/site-packages/airflow/example_dags/example_skip_dag.py
[2022-06-23 23:35:30,686] {logging_mixin.py:115} INFO - [2022-06-23 23:35:30,686] {dag.py:2379} INFO - Sync 1 DAGs
[2022-06-23 23:35:30,723] {logging_mixin.py:115} INFO - [2022-06-23 23:35:30,723] {dag.py:2931} INFO - Setting next_dagrun for example_skip_dag to 2022-06-22T23:35:30.723495+00:00, run_after=2022-06-23T23:35:30.723495+00:00
[2022-06-23 23:35:30,745] {processor.py:161} INFO - Processing /home/airflow/.local/lib/python3.7/site-packages/airflow/example_dags/example_skip_dag.py took 0.099 seconds
[2022-06-23 23:36:00,944] {processor.py:153} INFO - Started process (PID=744) to work on /home/airflow/.local/lib/python3.7/site-packages/airflow/example_dags/example_skip_dag.py
[2022-06-23 23:36:00,945] {processor.py:641} INFO - Processing file /home/airflow/.local/lib/python3.7/site-packages/airflow/example_dags/example_skip_dag.py for tasks to queue
[2022-06-23 23:36:00,945] {logging_mixin.py:115} INFO - [2022-06-23 23:36:00,945] {dagbag.py:507} INFO - Filling up the DagBag from /home/airflow/.local/lib/python3.7/site-packages/airflow/example_dags/example_skip_dag.py
[2022-06-23 23:36:00,949] {processor.py:651} INFO - DAG(s) dict_keys(['example_skip_dag']) retrieved from /home/airflow/.local/lib/python3.7/site-packages/airflow/example_dags/example_skip_dag.py
[2022-06-23 23:36:00,974] {logging_mixin.py:115} INFO - [2022-06-23 23:36:00,974] {dag.py:2379} INFO - Sync 1 DAGs
[2022-06-23 23:36:01,002] {logging_mixin.py:115} INFO - [2022-06-23 23:36:01,002] {dag.py:2931} INFO - Setting next_dagrun for example_skip_dag to 2022-06-22T23:36:01.001916+00:00, run_after=2022-06-23T23:36:01.001916+00:00
[2022-06-23 23:36:01,019] {processor.py:161} INFO - Processing /home/airflow/.local/lib/python3.7/site-packages/airflow/example_dags/example_skip_dag.py took 0.079 seconds
[2022-06-23 23:36:31,589] {processor.py:153} INFO - Started process (PID=808) to work on /home/airflow/.local/lib/python3.7/site-packages/airflow/example_dags/example_skip_dag.py
[2022-06-23 23:36:31,590] {processor.py:641} INFO - Processing file /home/airflow/.local/lib/python3.7/site-packages/airflow/example_dags/example_skip_dag.py for tasks to queue
[2022-06-23 23:36:31,590] {logging_mixin.py:115} INFO - [2022-06-23 23:36:31,590] {dagbag.py:507} INFO - Filling up the DagBag from /home/airflow/.local/lib/python3.7/site-packages/airflow/example_dags/example_skip_dag.py
[2022-06-23 23:36:31,597] {processor.py:651} INFO - DAG(s) dict_keys(['example_skip_dag']) retrieved from /home/airflow/.local/lib/python3.7/site-packages/airflow/example_dags/example_skip_dag.py
[2022-06-23 23:36:31,621] {logging_mixin.py:115} INFO - [2022-06-23 23:36:31,621] {dag.py:2379} INFO - Sync 1 DAGs
[2022-06-23 23:36:31,642] {logging_mixin.py:115} INFO - [2022-06-23 23:36:31,642] {dag.py:2931} INFO - Setting next_dagrun for example_skip_dag to 2022-06-22T23:36:31.642486+00:00, run_after=2022-06-23T23:36:31.642486+00:00
[2022-06-23 23:36:31,661] {processor.py:161} INFO - Processing /home/airflow/.local/lib/python3.7/site-packages/airflow/example_dags/example_skip_dag.py took 0.076 seconds
[2022-06-23 23:37:02,088] {processor.py:153} INFO - Started process (PID=869) to work on /home/airflow/.local/lib/python3.7/site-packages/airflow/example_dags/example_skip_dag.py
[2022-06-23 23:37:02,089] {processor.py:641} INFO - Processing file /home/airflow/.local/lib/python3.7/site-packages/airflow/example_dags/example_skip_dag.py for tasks to queue
[2022-06-23 23:37:02,089] {logging_mixin.py:115} INFO - [2022-06-23 23:37:02,089] {dagbag.py:507} INFO - Filling up the DagBag from /home/airflow/.local/lib/python3.7/site-packages/airflow/example_dags/example_skip_dag.py
[2022-06-23 23:37:02,093] {processor.py:651} INFO - DAG(s) dict_keys(['example_skip_dag']) retrieved from /home/airflow/.local/lib/python3.7/site-packages/airflow/example_dags/example_skip_dag.py
[2022-06-23 23:37:02,123] {logging_mixin.py:115} INFO - [2022-06-23 23:37:02,123] {dag.py:2379} INFO - Sync 1 DAGs
[2022-06-23 23:37:02,145] {logging_mixin.py:115} INFO - [2022-06-23 23:37:02,145] {dag.py:2931} INFO - Setting next_dagrun for example_skip_dag to 2022-06-22T23:37:02.144949+00:00, run_after=2022-06-23T23:37:02.144949+00:00
[2022-06-23 23:37:02,202] {processor.py:161} INFO - Processing /home/airflow/.local/lib/python3.7/site-packages/airflow/example_dags/example_skip_dag.py took 0.118 seconds
[2022-06-23 23:37:32,586] {processor.py:153} INFO - Started process (PID=925) to work on /home/airflow/.local/lib/python3.7/site-packages/airflow/example_dags/example_skip_dag.py
[2022-06-23 23:37:32,586] {processor.py:641} INFO - Processing file /home/airflow/.local/lib/python3.7/site-packages/airflow/example_dags/example_skip_dag.py for tasks to queue
[2022-06-23 23:37:32,587] {logging_mixin.py:115} INFO - [2022-06-23 23:37:32,587] {dagbag.py:507} INFO - Filling up the DagBag from /home/airflow/.local/lib/python3.7/site-packages/airflow/example_dags/example_skip_dag.py
[2022-06-23 23:37:32,590] {processor.py:651} INFO - DAG(s) dict_keys(['example_skip_dag']) retrieved from /home/airflow/.local/lib/python3.7/site-packages/airflow/example_dags/example_skip_dag.py
[2022-06-23 23:37:32,620] {logging_mixin.py:115} INFO - [2022-06-23 23:37:32,620] {dag.py:2379} INFO - Sync 1 DAGs
[2022-06-23 23:37:32,645] {logging_mixin.py:115} INFO - [2022-06-23 23:37:32,644] {dag.py:2931} INFO - Setting next_dagrun for example_skip_dag to 2022-06-22T23:37:32.644576+00:00, run_after=2022-06-23T23:37:32.644576+00:00
[2022-06-23 23:37:32,666] {processor.py:161} INFO - Processing /home/airflow/.local/lib/python3.7/site-packages/airflow/example_dags/example_skip_dag.py took 0.082 seconds
[2022-06-23 23:38:03,292] {processor.py:153} INFO - Started process (PID=988) to work on /home/airflow/.local/lib/python3.7/site-packages/airflow/example_dags/example_skip_dag.py
[2022-06-23 23:38:03,293] {processor.py:641} INFO - Processing file /home/airflow/.local/lib/python3.7/site-packages/airflow/example_dags/example_skip_dag.py for tasks to queue
[2022-06-23 23:38:03,293] {logging_mixin.py:115} INFO - [2022-06-23 23:38:03,293] {dagbag.py:507} INFO - Filling up the DagBag from /home/airflow/.local/lib/python3.7/site-packages/airflow/example_dags/example_skip_dag.py
[2022-06-23 23:38:03,297] {processor.py:651} INFO - DAG(s) dict_keys(['example_skip_dag']) retrieved from /home/airflow/.local/lib/python3.7/site-packages/airflow/example_dags/example_skip_dag.py
[2022-06-23 23:38:03,318] {logging_mixin.py:115} INFO - [2022-06-23 23:38:03,318] {dag.py:2379} INFO - Sync 1 DAGs
[2022-06-23 23:38:03,340] {logging_mixin.py:115} INFO - [2022-06-23 23:38:03,340] {dag.py:2931} INFO - Setting next_dagrun for example_skip_dag to 2022-06-22T23:38:03.340007+00:00, run_after=2022-06-23T23:38:03.340007+00:00
[2022-06-23 23:38:03,361] {processor.py:161} INFO - Processing /home/airflow/.local/lib/python3.7/site-packages/airflow/example_dags/example_skip_dag.py took 0.073 seconds
[2022-06-23 23:38:33,615] {processor.py:153} INFO - Started process (PID=1042) to work on /home/airflow/.local/lib/python3.7/site-packages/airflow/example_dags/example_skip_dag.py
[2022-06-23 23:38:33,616] {processor.py:641} INFO - Processing file /home/airflow/.local/lib/python3.7/site-packages/airflow/example_dags/example_skip_dag.py for tasks to queue
[2022-06-23 23:38:33,616] {logging_mixin.py:115} INFO - [2022-06-23 23:38:33,616] {dagbag.py:507} INFO - Filling up the DagBag from /home/airflow/.local/lib/python3.7/site-packages/airflow/example_dags/example_skip_dag.py
[2022-06-23 23:38:33,620] {processor.py:651} INFO - DAG(s) dict_keys(['example_skip_dag']) retrieved from /home/airflow/.local/lib/python3.7/site-packages/airflow/example_dags/example_skip_dag.py
[2022-06-23 23:38:33,641] {logging_mixin.py:115} INFO - [2022-06-23 23:38:33,641] {dag.py:2379} INFO - Sync 1 DAGs
[2022-06-23 23:38:33,663] {logging_mixin.py:115} INFO - [2022-06-23 23:38:33,663] {dag.py:2931} INFO - Setting next_dagrun for example_skip_dag to 2022-06-22T23:38:33.662909+00:00, run_after=2022-06-23T23:38:33.662909+00:00
[2022-06-23 23:38:33,673] {processor.py:161} INFO - Processing /home/airflow/.local/lib/python3.7/site-packages/airflow/example_dags/example_skip_dag.py took 0.062 seconds
[2022-06-23 23:39:03,860] {processor.py:153} INFO - Started process (PID=1106) to work on /home/airflow/.local/lib/python3.7/site-packages/airflow/example_dags/example_skip_dag.py
[2022-06-23 23:39:03,860] {processor.py:641} INFO - Processing file /home/airflow/.local/lib/python3.7/site-packages/airflow/example_dags/example_skip_dag.py for tasks to queue
[2022-06-23 23:39:03,861] {logging_mixin.py:115} INFO - [2022-06-23 23:39:03,861] {dagbag.py:507} INFO - Filling up the DagBag from /home/airflow/.local/lib/python3.7/site-packages/airflow/example_dags/example_skip_dag.py
[2022-06-23 23:39:03,864] {processor.py:651} INFO - DAG(s) dict_keys(['example_skip_dag']) retrieved from /home/airflow/.local/lib/python3.7/site-packages/airflow/example_dags/example_skip_dag.py
[2022-06-23 23:39:03,890] {logging_mixin.py:115} INFO - [2022-06-23 23:39:03,890] {dag.py:2379} INFO - Sync 1 DAGs
[2022-06-23 23:39:03,912] {logging_mixin.py:115} INFO - [2022-06-23 23:39:03,912] {dag.py:2931} INFO - Setting next_dagrun for example_skip_dag to 2022-06-22T23:39:03.912108+00:00, run_after=2022-06-23T23:39:03.912108+00:00
[2022-06-23 23:39:03,934] {processor.py:161} INFO - Processing /home/airflow/.local/lib/python3.7/site-packages/airflow/example_dags/example_skip_dag.py took 0.079 seconds
[2022-06-23 23:39:34,637] {processor.py:153} INFO - Started process (PID=1171) to work on /home/airflow/.local/lib/python3.7/site-packages/airflow/example_dags/example_skip_dag.py
[2022-06-23 23:39:34,637] {processor.py:641} INFO - Processing file /home/airflow/.local/lib/python3.7/site-packages/airflow/example_dags/example_skip_dag.py for tasks to queue
[2022-06-23 23:39:34,638] {logging_mixin.py:115} INFO - [2022-06-23 23:39:34,638] {dagbag.py:507} INFO - Filling up the DagBag from /home/airflow/.local/lib/python3.7/site-packages/airflow/example_dags/example_skip_dag.py
[2022-06-23 23:39:34,643] {processor.py:651} INFO - DAG(s) dict_keys(['example_skip_dag']) retrieved from /home/airflow/.local/lib/python3.7/site-packages/airflow/example_dags/example_skip_dag.py
[2022-06-23 23:39:34,669] {logging_mixin.py:115} INFO - [2022-06-23 23:39:34,669] {dag.py:2379} INFO - Sync 1 DAGs
[2022-06-23 23:39:34,691] {logging_mixin.py:115} INFO - [2022-06-23 23:39:34,691] {dag.py:2931} INFO - Setting next_dagrun for example_skip_dag to 2022-06-22T23:39:34.691385+00:00, run_after=2022-06-23T23:39:34.691385+00:00
[2022-06-23 23:39:34,705] {processor.py:161} INFO - Processing /home/airflow/.local/lib/python3.7/site-packages/airflow/example_dags/example_skip_dag.py took 0.072 seconds
[2022-06-23 23:40:05,358] {processor.py:153} INFO - Started process (PID=1228) to work on /home/airflow/.local/lib/python3.7/site-packages/airflow/example_dags/example_skip_dag.py
[2022-06-23 23:40:05,358] {processor.py:641} INFO - Processing file /home/airflow/.local/lib/python3.7/site-packages/airflow/example_dags/example_skip_dag.py for tasks to queue
[2022-06-23 23:40:05,359] {logging_mixin.py:115} INFO - [2022-06-23 23:40:05,359] {dagbag.py:507} INFO - Filling up the DagBag from /home/airflow/.local/lib/python3.7/site-packages/airflow/example_dags/example_skip_dag.py
[2022-06-23 23:40:05,364] {processor.py:651} INFO - DAG(s) dict_keys(['example_skip_dag']) retrieved from /home/airflow/.local/lib/python3.7/site-packages/airflow/example_dags/example_skip_dag.py
[2022-06-23 23:40:05,391] {logging_mixin.py:115} INFO - [2022-06-23 23:40:05,391] {dag.py:2379} INFO - Sync 1 DAGs
[2022-06-23 23:40:05,420] {logging_mixin.py:115} INFO - [2022-06-23 23:40:05,420] {dag.py:2931} INFO - Setting next_dagrun for example_skip_dag to 2022-06-22T23:40:05.420522+00:00, run_after=2022-06-23T23:40:05.420522+00:00
[2022-06-23 23:40:05,443] {processor.py:161} INFO - Processing /home/airflow/.local/lib/python3.7/site-packages/airflow/example_dags/example_skip_dag.py took 0.089 seconds
[2022-06-23 23:40:35,908] {processor.py:153} INFO - Started process (PID=1291) to work on /home/airflow/.local/lib/python3.7/site-packages/airflow/example_dags/example_skip_dag.py
[2022-06-23 23:40:35,909] {processor.py:641} INFO - Processing file /home/airflow/.local/lib/python3.7/site-packages/airflow/example_dags/example_skip_dag.py for tasks to queue
[2022-06-23 23:40:35,910] {logging_mixin.py:115} INFO - [2022-06-23 23:40:35,909] {dagbag.py:507} INFO - Filling up the DagBag from /home/airflow/.local/lib/python3.7/site-packages/airflow/example_dags/example_skip_dag.py
[2022-06-23 23:40:35,917] {processor.py:651} INFO - DAG(s) dict_keys(['example_skip_dag']) retrieved from /home/airflow/.local/lib/python3.7/site-packages/airflow/example_dags/example_skip_dag.py
[2022-06-23 23:40:35,950] {logging_mixin.py:115} INFO - [2022-06-23 23:40:35,950] {dag.py:2379} INFO - Sync 1 DAGs
[2022-06-23 23:40:36,070] {logging_mixin.py:115} INFO - [2022-06-23 23:40:36,069] {dag.py:2931} INFO - Setting next_dagrun for example_skip_dag to 2022-06-22T23:40:35.977177+00:00, run_after=2022-06-23T23:40:35.977177+00:00
[2022-06-23 23:40:36,087] {processor.py:161} INFO - Processing /home/airflow/.local/lib/python3.7/site-packages/airflow/example_dags/example_skip_dag.py took 0.182 seconds
[2022-06-23 23:41:06,933] {processor.py:153} INFO - Started process (PID=1354) to work on /home/airflow/.local/lib/python3.7/site-packages/airflow/example_dags/example_skip_dag.py
[2022-06-23 23:41:06,947] {processor.py:641} INFO - Processing file /home/airflow/.local/lib/python3.7/site-packages/airflow/example_dags/example_skip_dag.py for tasks to queue
[2022-06-23 23:41:06,948] {logging_mixin.py:115} INFO - [2022-06-23 23:41:06,948] {dagbag.py:507} INFO - Filling up the DagBag from /home/airflow/.local/lib/python3.7/site-packages/airflow/example_dags/example_skip_dag.py
[2022-06-23 23:41:06,956] {processor.py:651} INFO - DAG(s) dict_keys(['example_skip_dag']) retrieved from /home/airflow/.local/lib/python3.7/site-packages/airflow/example_dags/example_skip_dag.py
[2022-06-23 23:41:06,983] {logging_mixin.py:115} INFO - [2022-06-23 23:41:06,982] {dag.py:2379} INFO - Sync 1 DAGs
[2022-06-23 23:41:07,096] {logging_mixin.py:115} INFO - [2022-06-23 23:41:07,096] {dag.py:2931} INFO - Setting next_dagrun for example_skip_dag to 2022-06-22T23:41:07.006229+00:00, run_after=2022-06-23T23:41:07.006229+00:00
[2022-06-23 23:41:07,120] {processor.py:161} INFO - Processing /home/airflow/.local/lib/python3.7/site-packages/airflow/example_dags/example_skip_dag.py took 0.191 seconds
[2022-06-23 23:41:37,485] {processor.py:153} INFO - Started process (PID=1408) to work on /home/airflow/.local/lib/python3.7/site-packages/airflow/example_dags/example_skip_dag.py
[2022-06-23 23:41:37,485] {processor.py:641} INFO - Processing file /home/airflow/.local/lib/python3.7/site-packages/airflow/example_dags/example_skip_dag.py for tasks to queue
[2022-06-23 23:41:37,485] {logging_mixin.py:115} INFO - [2022-06-23 23:41:37,485] {dagbag.py:507} INFO - Filling up the DagBag from /home/airflow/.local/lib/python3.7/site-packages/airflow/example_dags/example_skip_dag.py
[2022-06-23 23:41:37,489] {processor.py:651} INFO - DAG(s) dict_keys(['example_skip_dag']) retrieved from /home/airflow/.local/lib/python3.7/site-packages/airflow/example_dags/example_skip_dag.py
[2022-06-23 23:41:37,517] {logging_mixin.py:115} INFO - [2022-06-23 23:41:37,517] {dag.py:2379} INFO - Sync 1 DAGs
[2022-06-23 23:41:37,542] {logging_mixin.py:115} INFO - [2022-06-23 23:41:37,542] {dag.py:2931} INFO - Setting next_dagrun for example_skip_dag to 2022-06-22T23:41:37.542105+00:00, run_after=2022-06-23T23:41:37.542105+00:00
[2022-06-23 23:41:37,654] {processor.py:161} INFO - Processing /home/airflow/.local/lib/python3.7/site-packages/airflow/example_dags/example_skip_dag.py took 0.172 seconds
[2022-06-23 23:42:07,845] {processor.py:153} INFO - Started process (PID=1471) to work on /home/airflow/.local/lib/python3.7/site-packages/airflow/example_dags/example_skip_dag.py
[2022-06-23 23:42:07,846] {processor.py:641} INFO - Processing file /home/airflow/.local/lib/python3.7/site-packages/airflow/example_dags/example_skip_dag.py for tasks to queue
[2022-06-23 23:42:07,846] {logging_mixin.py:115} INFO - [2022-06-23 23:42:07,846] {dagbag.py:507} INFO - Filling up the DagBag from /home/airflow/.local/lib/python3.7/site-packages/airflow/example_dags/example_skip_dag.py
[2022-06-23 23:42:07,853] {processor.py:651} INFO - DAG(s) dict_keys(['example_skip_dag']) retrieved from /home/airflow/.local/lib/python3.7/site-packages/airflow/example_dags/example_skip_dag.py
[2022-06-23 23:42:07,876] {logging_mixin.py:115} INFO - [2022-06-23 23:42:07,876] {dag.py:2379} INFO - Sync 1 DAGs
[2022-06-23 23:42:07,987] {logging_mixin.py:115} INFO - [2022-06-23 23:42:07,987] {dag.py:2931} INFO - Setting next_dagrun for example_skip_dag to 2022-06-22T23:42:07.986999+00:00, run_after=2022-06-23T23:42:07.986999+00:00
[2022-06-23 23:42:08,012] {processor.py:161} INFO - Processing /home/airflow/.local/lib/python3.7/site-packages/airflow/example_dags/example_skip_dag.py took 0.169 seconds
[2022-06-23 23:42:38,565] {processor.py:153} INFO - Started process (PID=1534) to work on /home/airflow/.local/lib/python3.7/site-packages/airflow/example_dags/example_skip_dag.py
[2022-06-23 23:42:38,566] {processor.py:641} INFO - Processing file /home/airflow/.local/lib/python3.7/site-packages/airflow/example_dags/example_skip_dag.py for tasks to queue
[2022-06-23 23:42:38,567] {logging_mixin.py:115} INFO - [2022-06-23 23:42:38,567] {dagbag.py:507} INFO - Filling up the DagBag from /home/airflow/.local/lib/python3.7/site-packages/airflow/example_dags/example_skip_dag.py
[2022-06-23 23:42:38,573] {processor.py:651} INFO - DAG(s) dict_keys(['example_skip_dag']) retrieved from /home/airflow/.local/lib/python3.7/site-packages/airflow/example_dags/example_skip_dag.py
[2022-06-23 23:42:38,599] {logging_mixin.py:115} INFO - [2022-06-23 23:42:38,599] {dag.py:2379} INFO - Sync 1 DAGs
[2022-06-23 23:42:38,715] {logging_mixin.py:115} INFO - [2022-06-23 23:42:38,715] {dag.py:2931} INFO - Setting next_dagrun for example_skip_dag to 2022-06-22T23:42:38.624026+00:00, run_after=2022-06-23T23:42:38.624026+00:00
[2022-06-23 23:42:38,737] {processor.py:161} INFO - Processing /home/airflow/.local/lib/python3.7/site-packages/airflow/example_dags/example_skip_dag.py took 0.174 seconds
[2022-06-23 23:43:09,130] {processor.py:153} INFO - Started process (PID=1588) to work on /home/airflow/.local/lib/python3.7/site-packages/airflow/example_dags/example_skip_dag.py
[2022-06-23 23:43:09,131] {processor.py:641} INFO - Processing file /home/airflow/.local/lib/python3.7/site-packages/airflow/example_dags/example_skip_dag.py for tasks to queue
[2022-06-23 23:43:09,131] {logging_mixin.py:115} INFO - [2022-06-23 23:43:09,131] {dagbag.py:507} INFO - Filling up the DagBag from /home/airflow/.local/lib/python3.7/site-packages/airflow/example_dags/example_skip_dag.py
[2022-06-23 23:43:09,135] {processor.py:651} INFO - DAG(s) dict_keys(['example_skip_dag']) retrieved from /home/airflow/.local/lib/python3.7/site-packages/airflow/example_dags/example_skip_dag.py
[2022-06-23 23:43:09,161] {logging_mixin.py:115} INFO - [2022-06-23 23:43:09,161] {dag.py:2379} INFO - Sync 1 DAGs
[2022-06-23 23:43:09,270] {logging_mixin.py:115} INFO - [2022-06-23 23:43:09,270] {dag.py:2931} INFO - Setting next_dagrun for example_skip_dag to 2022-06-22T23:43:09.270454+00:00, run_after=2022-06-23T23:43:09.270454+00:00
[2022-06-23 23:43:09,287] {processor.py:161} INFO - Processing /home/airflow/.local/lib/python3.7/site-packages/airflow/example_dags/example_skip_dag.py took 0.161 seconds
[2022-06-23 23:43:39,770] {processor.py:153} INFO - Started process (PID=1651) to work on /home/airflow/.local/lib/python3.7/site-packages/airflow/example_dags/example_skip_dag.py
[2022-06-23 23:43:39,771] {processor.py:641} INFO - Processing file /home/airflow/.local/lib/python3.7/site-packages/airflow/example_dags/example_skip_dag.py for tasks to queue
[2022-06-23 23:43:39,771] {logging_mixin.py:115} INFO - [2022-06-23 23:43:39,771] {dagbag.py:507} INFO - Filling up the DagBag from /home/airflow/.local/lib/python3.7/site-packages/airflow/example_dags/example_skip_dag.py
[2022-06-23 23:43:39,779] {processor.py:651} INFO - DAG(s) dict_keys(['example_skip_dag']) retrieved from /home/airflow/.local/lib/python3.7/site-packages/airflow/example_dags/example_skip_dag.py
[2022-06-23 23:43:39,808] {logging_mixin.py:115} INFO - [2022-06-23 23:43:39,807] {dag.py:2379} INFO - Sync 1 DAGs
[2022-06-23 23:43:39,920] {logging_mixin.py:115} INFO - [2022-06-23 23:43:39,920] {dag.py:2931} INFO - Setting next_dagrun for example_skip_dag to 2022-06-22T23:43:39.919922+00:00, run_after=2022-06-23T23:43:39.919922+00:00
[2022-06-23 23:43:39,937] {processor.py:161} INFO - Processing /home/airflow/.local/lib/python3.7/site-packages/airflow/example_dags/example_skip_dag.py took 0.169 seconds
[2022-06-23 23:44:10,157] {processor.py:153} INFO - Started process (PID=1714) to work on /home/airflow/.local/lib/python3.7/site-packages/airflow/example_dags/example_skip_dag.py
[2022-06-23 23:44:10,158] {processor.py:641} INFO - Processing file /home/airflow/.local/lib/python3.7/site-packages/airflow/example_dags/example_skip_dag.py for tasks to queue
[2022-06-23 23:44:10,159] {logging_mixin.py:115} INFO - [2022-06-23 23:44:10,159] {dagbag.py:507} INFO - Filling up the DagBag from /home/airflow/.local/lib/python3.7/site-packages/airflow/example_dags/example_skip_dag.py
[2022-06-23 23:44:10,164] {processor.py:651} INFO - DAG(s) dict_keys(['example_skip_dag']) retrieved from /home/airflow/.local/lib/python3.7/site-packages/airflow/example_dags/example_skip_dag.py
[2022-06-23 23:44:10,190] {logging_mixin.py:115} INFO - [2022-06-23 23:44:10,190] {dag.py:2379} INFO - Sync 1 DAGs
[2022-06-23 23:44:10,296] {logging_mixin.py:115} INFO - [2022-06-23 23:44:10,296] {dag.py:2931} INFO - Setting next_dagrun for example_skip_dag to 2022-06-22T23:44:10.296213+00:00, run_after=2022-06-23T23:44:10.296213+00:00
[2022-06-23 23:44:10,308] {processor.py:161} INFO - Processing /home/airflow/.local/lib/python3.7/site-packages/airflow/example_dags/example_skip_dag.py took 0.155 seconds
[2022-06-23 23:44:40,647] {processor.py:153} INFO - Started process (PID=1769) to work on /home/airflow/.local/lib/python3.7/site-packages/airflow/example_dags/example_skip_dag.py
[2022-06-23 23:44:40,647] {processor.py:641} INFO - Processing file /home/airflow/.local/lib/python3.7/site-packages/airflow/example_dags/example_skip_dag.py for tasks to queue
[2022-06-23 23:44:40,648] {logging_mixin.py:115} INFO - [2022-06-23 23:44:40,648] {dagbag.py:507} INFO - Filling up the DagBag from /home/airflow/.local/lib/python3.7/site-packages/airflow/example_dags/example_skip_dag.py
[2022-06-23 23:44:40,652] {processor.py:651} INFO - DAG(s) dict_keys(['example_skip_dag']) retrieved from /home/airflow/.local/lib/python3.7/site-packages/airflow/example_dags/example_skip_dag.py
[2022-06-23 23:44:40,680] {logging_mixin.py:115} INFO - [2022-06-23 23:44:40,680] {dag.py:2379} INFO - Sync 1 DAGs
[2022-06-23 23:44:40,790] {logging_mixin.py:115} INFO - [2022-06-23 23:44:40,790] {dag.py:2931} INFO - Setting next_dagrun for example_skip_dag to 2022-06-22T23:44:40.790568+00:00, run_after=2022-06-23T23:44:40.790568+00:00
[2022-06-23 23:44:40,811] {processor.py:161} INFO - Processing /home/airflow/.local/lib/python3.7/site-packages/airflow/example_dags/example_skip_dag.py took 0.168 seconds
[2022-06-23 23:45:11,123] {processor.py:153} INFO - Started process (PID=1833) to work on /home/airflow/.local/lib/python3.7/site-packages/airflow/example_dags/example_skip_dag.py
[2022-06-23 23:45:11,123] {processor.py:641} INFO - Processing file /home/airflow/.local/lib/python3.7/site-packages/airflow/example_dags/example_skip_dag.py for tasks to queue
[2022-06-23 23:45:11,124] {logging_mixin.py:115} INFO - [2022-06-23 23:45:11,124] {dagbag.py:507} INFO - Filling up the DagBag from /home/airflow/.local/lib/python3.7/site-packages/airflow/example_dags/example_skip_dag.py
[2022-06-23 23:45:11,130] {processor.py:651} INFO - DAG(s) dict_keys(['example_skip_dag']) retrieved from /home/airflow/.local/lib/python3.7/site-packages/airflow/example_dags/example_skip_dag.py
[2022-06-23 23:45:11,160] {logging_mixin.py:115} INFO - [2022-06-23 23:45:11,160] {dag.py:2379} INFO - Sync 1 DAGs
[2022-06-23 23:45:11,274] {logging_mixin.py:115} INFO - [2022-06-23 23:45:11,274] {dag.py:2931} INFO - Setting next_dagrun for example_skip_dag to 2022-06-22T23:45:11.274389+00:00, run_after=2022-06-23T23:45:11.274389+00:00
[2022-06-23 23:45:11,293] {processor.py:161} INFO - Processing /home/airflow/.local/lib/python3.7/site-packages/airflow/example_dags/example_skip_dag.py took 0.174 seconds
                                                                                                                                                                                                                                                                                                                                                                                                                                                                                                                                                                                                                                                                                                                                                                                                                                                                                                                                                                                                                                                                                                                                                                                                                                                                                                                                      