[2022-06-23 01:17:32,040] {processor.py:153} INFO - Started process (PID=111) to work on /home/airflow/.local/lib/python3.7/site-packages/airflow/example_dags/example_latest_only_with_trigger.py
[2022-06-23 01:17:32,040] {processor.py:641} INFO - Processing file /home/airflow/.local/lib/python3.7/site-packages/airflow/example_dags/example_latest_only_with_trigger.py for tasks to queue
[2022-06-23 01:17:32,040] {logging_mixin.py:115} INFO - [2022-06-23 01:17:32,040] {dagbag.py:507} INFO - Filling up the DagBag from /home/airflow/.local/lib/python3.7/site-packages/airflow/example_dags/example_latest_only_with_trigger.py
[2022-06-23 01:17:32,048] {processor.py:651} INFO - DAG(s) dict_keys(['latest_only_with_trigger']) retrieved from /home/airflow/.local/lib/python3.7/site-packages/airflow/example_dags/example_latest_only_with_trigger.py
[2022-06-23 01:17:32,071] {logging_mixin.py:115} INFO - [2022-06-23 01:17:32,070] {dag.py:2379} INFO - Sync 1 DAGs
[2022-06-23 01:17:32,097] {logging_mixin.py:115} INFO - [2022-06-23 01:17:32,097] {dag.py:2931} INFO - Setting next_dagrun for latest_only_with_trigger to 2022-06-22T21:17:32.097236+00:00, run_after=2022-06-23T01:17:32.097236+00:00
[2022-06-23 01:17:32,124] {processor.py:161} INFO - Processing /home/airflow/.local/lib/python3.7/site-packages/airflow/example_dags/example_latest_only_with_trigger.py took 0.089 seconds
[2022-06-23 01:18:03,107] {processor.py:153} INFO - Started process (PID=173) to work on /home/airflow/.local/lib/python3.7/site-packages/airflow/example_dags/example_latest_only_with_trigger.py
[2022-06-23 01:18:03,107] {processor.py:641} INFO - Processing file /home/airflow/.local/lib/python3.7/site-packages/airflow/example_dags/example_latest_only_with_trigger.py for tasks to queue
[2022-06-23 01:18:03,108] {logging_mixin.py:115} INFO - [2022-06-23 01:18:03,107] {dagbag.py:507} INFO - Filling up the DagBag from /home/airflow/.local/lib/python3.7/site-packages/airflow/example_dags/example_latest_only_with_trigger.py
[2022-06-23 01:18:03,120] {processor.py:651} INFO - DAG(s) dict_keys(['latest_only_with_trigger']) retrieved from /home/airflow/.local/lib/python3.7/site-packages/airflow/example_dags/example_latest_only_with_trigger.py
[2022-06-23 01:18:03,147] {logging_mixin.py:115} INFO - [2022-06-23 01:18:03,146] {dag.py:2379} INFO - Sync 1 DAGs
[2022-06-23 01:18:03,168] {logging_mixin.py:115} INFO - [2022-06-23 01:18:03,168] {dag.py:2931} INFO - Setting next_dagrun for latest_only_with_trigger to 2022-06-22T21:18:03.167852+00:00, run_after=2022-06-23T01:18:03.167852+00:00
[2022-06-23 01:18:03,184] {processor.py:161} INFO - Processing /home/airflow/.local/lib/python3.7/site-packages/airflow/example_dags/example_latest_only_with_trigger.py took 0.079 seconds
[2022-06-23 23:30:24,232] {processor.py:153} INFO - Started process (PID=78) to work on /home/airflow/.local/lib/python3.7/site-packages/airflow/example_dags/example_latest_only_with_trigger.py
[2022-06-23 23:30:24,257] {processor.py:641} INFO - Processing file /home/airflow/.local/lib/python3.7/site-packages/airflow/example_dags/example_latest_only_with_trigger.py for tasks to queue
[2022-06-23 23:30:24,258] {logging_mixin.py:115} INFO - [2022-06-23 23:30:24,258] {dagbag.py:507} INFO - Filling up the DagBag from /home/airflow/.local/lib/python3.7/site-packages/airflow/example_dags/example_latest_only_with_trigger.py
[2022-06-23 23:30:24,264] {processor.py:651} INFO - DAG(s) dict_keys(['latest_only_with_trigger']) retrieved from /home/airflow/.local/lib/python3.7/site-packages/airflow/example_dags/example_latest_only_with_trigger.py
[2022-06-23 23:30:24,457] {logging_mixin.py:115} INFO - [2022-06-23 23:30:24,457] {dag.py:2379} INFO - Sync 1 DAGs
[2022-06-23 23:30:24,478] {logging_mixin.py:115} INFO - [2022-06-23 23:30:24,478] {dag.py:2931} INFO - Setting next_dagrun for latest_only_with_trigger to 2022-06-23T19:30:24.478314+00:00, run_after=2022-06-23T23:30:24.478314+00:00
[2022-06-23 23:30:24,514] {processor.py:161} INFO - Processing /home/airflow/.local/lib/python3.7/site-packages/airflow/example_dags/example_latest_only_with_trigger.py took 0.285 seconds
[2022-06-23 23:30:54,806] {processor.py:153} INFO - Started process (PID=141) to work on /home/airflow/.local/lib/python3.7/site-packages/airflow/example_dags/example_latest_only_with_trigger.py
[2022-06-23 23:30:54,806] {processor.py:641} INFO - Processing file /home/airflow/.local/lib/python3.7/site-packages/airflow/example_dags/example_latest_only_with_trigger.py for tasks to queue
[2022-06-23 23:30:54,807] {logging_mixin.py:115} INFO - [2022-06-23 23:30:54,807] {dagbag.py:507} INFO - Filling up the DagBag from /home/airflow/.local/lib/python3.7/site-packages/airflow/example_dags/example_latest_only_with_trigger.py
[2022-06-23 23:30:54,812] {processor.py:651} INFO - DAG(s) dict_keys(['latest_only_with_trigger']) retrieved from /home/airflow/.local/lib/python3.7/site-packages/airflow/example_dags/example_latest_only_with_trigger.py
[2022-06-23 23:30:54,833] {logging_mixin.py:115} INFO - [2022-06-23 23:30:54,833] {dag.py:2379} INFO - Sync 1 DAGs
[2022-06-23 23:30:54,854] {logging_mixin.py:115} INFO - [2022-06-23 23:30:54,854] {dag.py:2931} INFO - Setting next_dagrun for latest_only_with_trigger to 2022-06-23T19:30:54.854387+00:00, run_after=2022-06-23T23:30:54.854387+00:00
[2022-06-23 23:30:54,877] {processor.py:161} INFO - Processing /home/airflow/.local/lib/python3.7/site-packages/airflow/example_dags/example_latest_only_with_trigger.py took 0.076 seconds
[2022-06-23 23:31:25,316] {processor.py:153} INFO - Started process (PID=197) to work on /home/airflow/.local/lib/python3.7/site-packages/airflow/example_dags/example_latest_only_with_trigger.py
[2022-06-23 23:31:25,316] {processor.py:641} INFO - Processing file /home/airflow/.local/lib/python3.7/site-packages/airflow/example_dags/example_latest_only_with_trigger.py for tasks to queue
[2022-06-23 23:31:25,317] {logging_mixin.py:115} INFO - [2022-06-23 23:31:25,316] {dagbag.py:507} INFO - Filling up the DagBag from /home/airflow/.local/lib/python3.7/site-packages/airflow/example_dags/example_latest_only_with_trigger.py
[2022-06-23 23:31:25,320] {processor.py:651} INFO - DAG(s) dict_keys(['latest_only_with_trigger']) retrieved from /home/airflow/.local/lib/python3.7/site-packages/airflow/example_dags/example_latest_only_with_trigger.py
[2022-06-23 23:31:25,346] {logging_mixin.py:115} INFO - [2022-06-23 23:31:25,345] {dag.py:2379} INFO - Sync 1 DAGs
[2022-06-23 23:31:25,370] {logging_mixin.py:115} INFO - [2022-06-23 23:31:25,370] {dag.py:2931} INFO - Setting next_dagrun for latest_only_with_trigger to 2022-06-23T19:31:25.370069+00:00, run_after=2022-06-23T23:31:25.370069+00:00
[2022-06-23 23:31:25,381] {processor.py:161} INFO - Processing /home/airflow/.local/lib/python3.7/site-packages/airflow/example_dags/example_latest_only_with_trigger.py took 0.070 seconds
[2022-06-23 23:31:55,655] {processor.py:153} INFO - Started process (PID=260) to work on /home/airflow/.local/lib/python3.7/site-packages/airflow/example_dags/example_latest_only_with_trigger.py
[2022-06-23 23:31:55,656] {processor.py:641} INFO - Processing file /home/airflow/.local/lib/python3.7/site-packages/airflow/example_dags/example_latest_only_with_trigger.py for tasks to queue
[2022-06-23 23:31:55,657] {logging_mixin.py:115} INFO - [2022-06-23 23:31:55,657] {dagbag.py:507} INFO - Filling up the DagBag from /home/airflow/.local/lib/python3.7/site-packages/airflow/example_dags/example_latest_only_with_trigger.py
[2022-06-23 23:31:55,665] {processor.py:651} INFO - DAG(s) dict_keys(['latest_only_with_trigger']) retrieved from /home/airflow/.local/lib/python3.7/site-packages/airflow/example_dags/example_latest_only_with_trigger.py
[2022-06-23 23:31:55,691] {logging_mixin.py:115} INFO - [2022-06-23 23:31:55,691] {dag.py:2379} INFO - Sync 1 DAGs
[2022-06-23 23:31:55,715] {logging_mixin.py:115} INFO - [2022-06-23 23:31:55,715] {dag.py:2931} INFO - Setting next_dagrun for latest_only_with_trigger to 2022-06-23T19:31:55.715346+00:00, run_after=2022-06-23T23:31:55.715346+00:00
[2022-06-23 23:31:55,735] {processor.py:161} INFO - Processing /home/airflow/.local/lib/python3.7/site-packages/airflow/example_dags/example_latest_only_with_trigger.py took 0.084 seconds
[2022-06-23 23:32:26,807] {processor.py:153} INFO - Started process (PID=323) to work on /home/airflow/.local/lib/python3.7/site-packages/airflow/example_dags/example_latest_only_with_trigger.py
[2022-06-23 23:32:26,821] {processor.py:641} INFO - Processing file /home/airflow/.local/lib/python3.7/site-packages/airflow/example_dags/example_latest_only_with_trigger.py for tasks to queue
[2022-06-23 23:32:26,822] {logging_mixin.py:115} INFO - [2022-06-23 23:32:26,822] {dagbag.py:507} INFO - Filling up the DagBag from /home/airflow/.local/lib/python3.7/site-packages/airflow/example_dags/example_latest_only_with_trigger.py
[2022-06-23 23:32:26,830] {processor.py:651} INFO - DAG(s) dict_keys(['latest_only_with_trigger']) retrieved from /home/airflow/.local/lib/python3.7/site-packages/airflow/example_dags/example_latest_only_with_trigger.py
[2022-06-23 23:32:26,854] {logging_mixin.py:115} INFO - [2022-06-23 23:32:26,854] {dag.py:2379} INFO - Sync 1 DAGs
[2022-06-23 23:32:26,880] {logging_mixin.py:115} INFO - [2022-06-23 23:32:26,880] {dag.py:2931} INFO - Setting next_dagrun for latest_only_with_trigger to 2022-06-23T19:32:26.879776+00:00, run_after=2022-06-23T23:32:26.879776+00:00
[2022-06-23 23:32:26,932] {processor.py:161} INFO - Processing /home/airflow/.local/lib/python3.7/site-packages/airflow/example_dags/example_latest_only_with_trigger.py took 0.127 seconds
[2022-06-23 23:32:57,104] {processor.py:153} INFO - Started process (PID=377) to work on /home/airflow/.local/lib/python3.7/site-packages/airflow/example_dags/example_latest_only_with_trigger.py
[2022-06-23 23:32:57,120] {processor.py:641} INFO - Processing file /home/airflow/.local/lib/python3.7/site-packages/airflow/example_dags/example_latest_only_with_trigger.py for tasks to queue
[2022-06-23 23:32:57,121] {logging_mixin.py:115} INFO - [2022-06-23 23:32:57,121] {dagbag.py:507} INFO - Filling up the DagBag from /home/airflow/.local/lib/python3.7/site-packages/airflow/example_dags/example_latest_only_with_trigger.py
[2022-06-23 23:32:57,129] {processor.py:651} INFO - DAG(s) dict_keys(['latest_only_with_trigger']) retrieved from /home/airflow/.local/lib/python3.7/site-packages/airflow/example_dags/example_latest_only_with_trigger.py
[2022-06-23 23:32:57,151] {logging_mixin.py:115} INFO - [2022-06-23 23:32:57,151] {dag.py:2379} INFO - Sync 1 DAGs
[2022-06-23 23:32:57,175] {logging_mixin.py:115} INFO - [2022-06-23 23:32:57,174] {dag.py:2931} INFO - Setting next_dagrun for latest_only_with_trigger to 2022-06-23T19:32:57.174777+00:00, run_after=2022-06-23T23:32:57.174777+00:00
[2022-06-23 23:32:57,323] {processor.py:161} INFO - Processing /home/airflow/.local/lib/python3.7/site-packages/airflow/example_dags/example_latest_only_with_trigger.py took 0.223 seconds
[2022-06-23 23:33:27,715] {processor.py:153} INFO - Started process (PID=440) to work on /home/airflow/.local/lib/python3.7/site-packages/airflow/example_dags/example_latest_only_with_trigger.py
[2022-06-23 23:33:27,728] {processor.py:641} INFO - Processing file /home/airflow/.local/lib/python3.7/site-packages/airflow/example_dags/example_latest_only_with_trigger.py for tasks to queue
[2022-06-23 23:33:27,728] {logging_mixin.py:115} INFO - [2022-06-23 23:33:27,728] {dagbag.py:507} INFO - Filling up the DagBag from /home/airflow/.local/lib/python3.7/site-packages/airflow/example_dags/example_latest_only_with_trigger.py
[2022-06-23 23:33:27,737] {processor.py:651} INFO - DAG(s) dict_keys(['latest_only_with_trigger']) retrieved from /home/airflow/.local/lib/python3.7/site-packages/airflow/example_dags/example_latest_only_with_trigger.py
[2022-06-23 23:33:27,763] {logging_mixin.py:115} INFO - [2022-06-23 23:33:27,763] {dag.py:2379} INFO - Sync 1 DAGs
[2022-06-23 23:33:27,784] {logging_mixin.py:115} INFO - [2022-06-23 23:33:27,784] {dag.py:2931} INFO - Setting next_dagrun for latest_only_with_trigger to 2022-06-23T19:33:27.784683+00:00, run_after=2022-06-23T23:33:27.784683+00:00
[2022-06-23 23:33:27,807] {processor.py:161} INFO - Processing /home/airflow/.local/lib/python3.7/site-packages/airflow/example_dags/example_latest_only_with_trigger.py took 0.096 seconds
[2022-06-23 23:33:58,886] {processor.py:153} INFO - Started process (PID=504) to work on /home/airflow/.local/lib/python3.7/site-packages/airflow/example_dags/example_latest_only_with_trigger.py
[2022-06-23 23:33:58,887] {processor.py:641} INFO - Processing file /home/airflow/.local/lib/python3.7/site-packages/airflow/example_dags/example_latest_only_with_trigger.py for tasks to queue
[2022-06-23 23:33:58,887] {logging_mixin.py:115} INFO - [2022-06-23 23:33:58,887] {dagbag.py:507} INFO - Filling up the DagBag from /home/airflow/.local/lib/python3.7/site-packages/airflow/example_dags/example_latest_only_with_trigger.py
[2022-06-23 23:33:58,896] {processor.py:651} INFO - DAG(s) dict_keys(['latest_only_with_trigger']) retrieved from /home/airflow/.local/lib/python3.7/site-packages/airflow/example_dags/example_latest_only_with_trigger.py
[2022-06-23 23:33:58,919] {logging_mixin.py:115} INFO - [2022-06-23 23:33:58,919] {dag.py:2379} INFO - Sync 1 DAGs
[2022-06-23 23:33:58,943] {logging_mixin.py:115} INFO - [2022-06-23 23:33:58,943] {dag.py:2931} INFO - Setting next_dagrun for latest_only_with_trigger to 2022-06-23T19:33:58.943243+00:00, run_after=2022-06-23T23:33:58.943243+00:00
[2022-06-23 23:33:58,958] {processor.py:161} INFO - Processing /home/airflow/.local/lib/python3.7/site-packages/airflow/example_dags/example_latest_only_with_trigger.py took 0.073 seconds
[2022-06-23 23:34:29,436] {processor.py:153} INFO - Started process (PID=560) to work on /home/airflow/.local/lib/python3.7/site-packages/airflow/example_dags/example_latest_only_with_trigger.py
[2022-06-23 23:34:29,452] {processor.py:641} INFO - Processing file /home/airflow/.local/lib/python3.7/site-packages/airflow/example_dags/example_latest_only_with_trigger.py for tasks to queue
[2022-06-23 23:34:29,452] {logging_mixin.py:115} INFO - [2022-06-23 23:34:29,452] {dagbag.py:507} INFO - Filling up the DagBag from /home/airflow/.local/lib/python3.7/site-packages/airflow/example_dags/example_latest_only_with_trigger.py
[2022-06-23 23:34:29,461] {processor.py:651} INFO - DAG(s) dict_keys(['latest_only_with_trigger']) retrieved from /home/airflow/.local/lib/python3.7/site-packages/airflow/example_dags/example_latest_only_with_trigger.py
[2022-06-23 23:34:29,489] {logging_mixin.py:115} INFO - [2022-06-23 23:34:29,489] {dag.py:2379} INFO - Sync 1 DAGs
[2022-06-23 23:34:29,512] {logging_mixin.py:115} INFO - [2022-06-23 23:34:29,512] {dag.py:2931} INFO - Setting next_dagrun for latest_only_with_trigger to 2022-06-23T19:34:29.512681+00:00, run_after=2022-06-23T23:34:29.512681+00:00
[2022-06-23 23:34:29,533] {processor.py:161} INFO - Processing /home/airflow/.local/lib/python3.7/site-packages/airflow/example_dags/example_latest_only_with_trigger.py took 0.102 seconds
[2022-06-23 23:34:59,813] {processor.py:153} INFO - Started process (PID=623) to work on /home/airflow/.local/lib/python3.7/site-packages/airflow/example_dags/example_latest_only_with_trigger.py
[2022-06-23 23:34:59,813] {processor.py:641} INFO - Processing file /home/airflow/.local/lib/python3.7/site-packages/airflow/example_dags/example_latest_only_with_trigger.py for tasks to queue
[2022-06-23 23:34:59,813] {logging_mixin.py:115} INFO - [2022-06-23 23:34:59,813] {dagbag.py:507} INFO - Filling up the DagBag from /home/airflow/.local/lib/python3.7/site-packages/airflow/example_dags/example_latest_only_with_trigger.py
[2022-06-23 23:34:59,817] {processor.py:651} INFO - DAG(s) dict_keys(['latest_only_with_trigger']) retrieved from /home/airflow/.local/lib/python3.7/site-packages/airflow/example_dags/example_latest_only_with_trigger.py
[2022-06-23 23:34:59,840] {logging_mixin.py:115} INFO - [2022-06-23 23:34:59,840] {dag.py:2379} INFO - Sync 1 DAGs
[2022-06-23 23:34:59,861] {logging_mixin.py:115} INFO - [2022-06-23 23:34:59,861] {dag.py:2931} INFO - Setting next_dagrun for latest_only_with_trigger to 2022-06-23T19:34:59.861397+00:00, run_after=2022-06-23T23:34:59.861397+00:00
[2022-06-23 23:34:59,875] {processor.py:161} INFO - Processing /home/airflow/.local/lib/python3.7/site-packages/airflow/example_dags/example_latest_only_with_trigger.py took 0.065 seconds
[2022-06-23 23:35:30,267] {processor.py:153} INFO - Started process (PID=686) to work on /home/airflow/.local/lib/python3.7/site-packages/airflow/example_dags/example_latest_only_with_trigger.py
[2022-06-23 23:35:30,276] {processor.py:641} INFO - Processing file /home/airflow/.local/lib/python3.7/site-packages/airflow/example_dags/example_latest_only_with_trigger.py for tasks to queue
[2022-06-23 23:35:30,277] {logging_mixin.py:115} INFO - [2022-06-23 23:35:30,277] {dagbag.py:507} INFO - Filling up the DagBag from /home/airflow/.local/lib/python3.7/site-packages/airflow/example_dags/example_latest_only_with_trigger.py
[2022-06-23 23:35:30,287] {processor.py:651} INFO - DAG(s) dict_keys(['latest_only_with_trigger']) retrieved from /home/airflow/.local/lib/python3.7/site-packages/airflow/example_dags/example_latest_only_with_trigger.py
[2022-06-23 23:35:30,307] {logging_mixin.py:115} INFO - [2022-06-23 23:35:30,307] {dag.py:2379} INFO - Sync 1 DAGs
[2022-06-23 23:35:30,333] {logging_mixin.py:115} INFO - [2022-06-23 23:35:30,333] {dag.py:2931} INFO - Setting next_dagrun for latest_only_with_trigger to 2022-06-23T19:35:30.333573+00:00, run_after=2022-06-23T23:35:30.333573+00:00
[2022-06-23 23:35:30,447] {processor.py:161} INFO - Processing /home/airflow/.local/lib/python3.7/site-packages/airflow/example_dags/example_latest_only_with_trigger.py took 0.181 seconds
[2022-06-23 23:36:00,581] {processor.py:153} INFO - Started process (PID=740) to work on /home/airflow/.local/lib/python3.7/site-packages/airflow/example_dags/example_latest_only_with_trigger.py
[2022-06-23 23:36:00,592] {processor.py:641} INFO - Processing file /home/airflow/.local/lib/python3.7/site-packages/airflow/example_dags/example_latest_only_with_trigger.py for tasks to queue
[2022-06-23 23:36:00,593] {logging_mixin.py:115} INFO - [2022-06-23 23:36:00,593] {dagbag.py:507} INFO - Filling up the DagBag from /home/airflow/.local/lib/python3.7/site-packages/airflow/example_dags/example_latest_only_with_trigger.py
[2022-06-23 23:36:00,602] {processor.py:651} INFO - DAG(s) dict_keys(['latest_only_with_trigger']) retrieved from /home/airflow/.local/lib/python3.7/site-packages/airflow/example_dags/example_latest_only_with_trigger.py
[2022-06-23 23:36:00,628] {logging_mixin.py:115} INFO - [2022-06-23 23:36:00,628] {dag.py:2379} INFO - Sync 1 DAGs
[2022-06-23 23:36:00,651] {logging_mixin.py:115} INFO - [2022-06-23 23:36:00,651] {dag.py:2931} INFO - Setting next_dagrun for latest_only_with_trigger to 2022-06-23T19:36:00.651275+00:00, run_after=2022-06-23T23:36:00.651275+00:00
[2022-06-23 23:36:00,761] {processor.py:161} INFO - Processing /home/airflow/.local/lib/python3.7/site-packages/airflow/example_dags/example_latest_only_with_trigger.py took 0.184 seconds
[2022-06-23 23:36:31,123] {processor.py:153} INFO - Started process (PID=803) to work on /home/airflow/.local/lib/python3.7/site-packages/airflow/example_dags/example_latest_only_with_trigger.py
[2022-06-23 23:36:31,127] {processor.py:641} INFO - Processing file /home/airflow/.local/lib/python3.7/site-packages/airflow/example_dags/example_latest_only_with_trigger.py for tasks to queue
[2022-06-23 23:36:31,128] {logging_mixin.py:115} INFO - [2022-06-23 23:36:31,127] {dagbag.py:507} INFO - Filling up the DagBag from /home/airflow/.local/lib/python3.7/site-packages/airflow/example_dags/example_latest_only_with_trigger.py
[2022-06-23 23:36:31,132] {processor.py:651} INFO - DAG(s) dict_keys(['latest_only_with_trigger']) retrieved from /home/airflow/.local/lib/python3.7/site-packages/airflow/example_dags/example_latest_only_with_trigger.py
[2022-06-23 23:36:31,162] {logging_mixin.py:115} INFO - [2022-06-23 23:36:31,162] {dag.py:2379} INFO - Sync 1 DAGs
[2022-06-23 23:36:31,187] {logging_mixin.py:115} INFO - [2022-06-23 23:36:31,187] {dag.py:2931} INFO - Setting next_dagrun for latest_only_with_trigger to 2022-06-23T19:36:31.187196+00:00, run_after=2022-06-23T23:36:31.187196+00:00
[2022-06-23 23:36:31,305] {processor.py:161} INFO - Processing /home/airflow/.local/lib/python3.7/site-packages/airflow/example_dags/example_latest_only_with_trigger.py took 0.185 seconds
[2022-06-23 23:37:01,715] {processor.py:153} INFO - Started process (PID=857) to work on /home/airflow/.local/lib/python3.7/site-packages/airflow/example_dags/example_latest_only_with_trigger.py
[2022-06-23 23:37:01,715] {processor.py:641} INFO - Processing file /home/airflow/.local/lib/python3.7/site-packages/airflow/example_dags/example_latest_only_with_trigger.py for tasks to queue
[2022-06-23 23:37:01,716] {logging_mixin.py:115} INFO - [2022-06-23 23:37:01,715] {dagbag.py:507} INFO - Filling up the DagBag from /home/airflow/.local/lib/python3.7/site-packages/airflow/example_dags/example_latest_only_with_trigger.py
[2022-06-23 23:37:01,720] {processor.py:651} INFO - DAG(s) dict_keys(['latest_only_with_trigger']) retrieved from /home/airflow/.local/lib/python3.7/site-packages/airflow/example_dags/example_latest_only_with_trigger.py
[2022-06-23 23:37:01,742] {logging_mixin.py:115} INFO - [2022-06-23 23:37:01,742] {dag.py:2379} INFO - Sync 1 DAGs
[2022-06-23 23:37:01,768] {logging_mixin.py:115} INFO - [2022-06-23 23:37:01,768] {dag.py:2931} INFO - Setting next_dagrun for latest_only_with_trigger to 2022-06-23T19:37:01.768177+00:00, run_after=2022-06-23T23:37:01.768177+00:00
[2022-06-23 23:37:01,881] {processor.py:161} INFO - Processing /home/airflow/.local/lib/python3.7/site-packages/airflow/example_dags/example_latest_only_with_trigger.py took 0.171 seconds
[2022-06-23 23:37:32,163] {processor.py:153} INFO - Started process (PID=920) to work on /home/airflow/.local/lib/python3.7/site-packages/airflow/example_dags/example_latest_only_with_trigger.py
[2022-06-23 23:37:32,163] {processor.py:641} INFO - Processing file /home/airflow/.local/lib/python3.7/site-packages/airflow/example_dags/example_latest_only_with_trigger.py for tasks to queue
[2022-06-23 23:37:32,164] {logging_mixin.py:115} INFO - [2022-06-23 23:37:32,164] {dagbag.py:507} INFO - Filling up the DagBag from /home/airflow/.local/lib/python3.7/site-packages/airflow/example_dags/example_latest_only_with_trigger.py
[2022-06-23 23:37:32,170] {processor.py:651} INFO - DAG(s) dict_keys(['latest_only_with_trigger']) retrieved from /home/airflow/.local/lib/python3.7/site-packages/airflow/example_dags/example_latest_only_with_trigger.py
[2022-06-23 23:37:32,195] {logging_mixin.py:115} INFO - [2022-06-23 23:37:32,195] {dag.py:2379} INFO - Sync 1 DAGs
[2022-06-23 23:37:32,218] {logging_mixin.py:115} INFO - [2022-06-23 23:37:32,218] {dag.py:2931} INFO - Setting next_dagrun for latest_only_with_trigger to 2022-06-23T19:37:32.218552+00:00, run_after=2022-06-23T23:37:32.218552+00:00
[2022-06-23 23:37:32,328] {processor.py:161} INFO - Processing /home/airflow/.local/lib/python3.7/site-packages/airflow/example_dags/example_latest_only_with_trigger.py took 0.169 seconds
[2022-06-23 23:38:02,923] {processor.py:153} INFO - Started process (PID=984) to work on /home/airflow/.local/lib/python3.7/site-packages/airflow/example_dags/example_latest_only_with_trigger.py
[2022-06-23 23:38:02,933] {processor.py:641} INFO - Processing file /home/airflow/.local/lib/python3.7/site-packages/airflow/example_dags/example_latest_only_with_trigger.py for tasks to queue
[2022-06-23 23:38:02,933] {logging_mixin.py:115} INFO - [2022-06-23 23:38:02,933] {dagbag.py:507} INFO - Filling up the DagBag from /home/airflow/.local/lib/python3.7/site-packages/airflow/example_dags/example_latest_only_with_trigger.py
[2022-06-23 23:38:02,941] {processor.py:651} INFO - DAG(s) dict_keys(['latest_only_with_trigger']) retrieved from /home/airflow/.local/lib/python3.7/site-packages/airflow/example_dags/example_latest_only_with_trigger.py
[2022-06-23 23:38:02,962] {logging_mixin.py:115} INFO - [2022-06-23 23:38:02,962] {dag.py:2379} INFO - Sync 1 DAGs
[2022-06-23 23:38:02,988] {logging_mixin.py:115} INFO - [2022-06-23 23:38:02,988] {dag.py:2931} INFO - Setting next_dagrun for latest_only_with_trigger to 2022-06-23T19:38:02.987848+00:00, run_after=2022-06-23T23:38:02.987848+00:00
[2022-06-23 23:38:03,140] {processor.py:161} INFO - Processing /home/airflow/.local/lib/python3.7/site-packages/airflow/example_dags/example_latest_only_with_trigger.py took 0.221 seconds
[2022-06-23 23:38:33,168] {processor.py:153} INFO - Started process (PID=1038) to work on /home/airflow/.local/lib/python3.7/site-packages/airflow/example_dags/example_latest_only_with_trigger.py
[2022-06-23 23:38:33,184] {processor.py:641} INFO - Processing file /home/airflow/.local/lib/python3.7/site-packages/airflow/example_dags/example_latest_only_with_trigger.py for tasks to queue
[2022-06-23 23:38:33,185] {logging_mixin.py:115} INFO - [2022-06-23 23:38:33,185] {dagbag.py:507} INFO - Filling up the DagBag from /home/airflow/.local/lib/python3.7/site-packages/airflow/example_dags/example_latest_only_with_trigger.py
[2022-06-23 23:38:33,190] {processor.py:651} INFO - DAG(s) dict_keys(['latest_only_with_trigger']) retrieved from /home/airflow/.local/lib/python3.7/site-packages/airflow/example_dags/example_latest_only_with_trigger.py
[2022-06-23 23:38:33,218] {logging_mixin.py:115} INFO - [2022-06-23 23:38:33,218] {dag.py:2379} INFO - Sync 1 DAGs
[2022-06-23 23:38:33,242] {logging_mixin.py:115} INFO - [2022-06-23 23:38:33,242] {dag.py:2931} INFO - Setting next_dagrun for latest_only_with_trigger to 2022-06-23T19:38:33.242308+00:00, run_after=2022-06-23T23:38:33.242308+00:00
[2022-06-23 23:38:33,363] {processor.py:161} INFO - Processing /home/airflow/.local/lib/python3.7/site-packages/airflow/example_dags/example_latest_only_with_trigger.py took 0.199 seconds
[2022-06-23 23:39:03,573] {processor.py:153} INFO - Started process (PID=1102) to work on /home/airflow/.local/lib/python3.7/site-packages/airflow/example_dags/example_latest_only_with_trigger.py
[2022-06-23 23:39:03,574] {processor.py:641} INFO - Processing file /home/airflow/.local/lib/python3.7/site-packages/airflow/example_dags/example_latest_only_with_trigger.py for tasks to queue
[2022-06-23 23:39:03,574] {logging_mixin.py:115} INFO - [2022-06-23 23:39:03,574] {dagbag.py:507} INFO - Filling up the DagBag from /home/airflow/.local/lib/python3.7/site-packages/airflow/example_dags/example_latest_only_with_trigger.py
[2022-06-23 23:39:03,579] {processor.py:651} INFO - DAG(s) dict_keys(['latest_only_with_trigger']) retrieved from /home/airflow/.local/lib/python3.7/site-packages/airflow/example_dags/example_latest_only_with_trigger.py
[2022-06-23 23:39:03,607] {logging_mixin.py:115} INFO - [2022-06-23 23:39:03,607] {dag.py:2379} INFO - Sync 1 DAGs
[2022-06-23 23:39:03,627] {logging_mixin.py:115} INFO - [2022-06-23 23:39:03,627] {dag.py:2931} INFO - Setting next_dagrun for latest_only_with_trigger to 2022-06-23T19:39:03.627670+00:00, run_after=2022-06-23T23:39:03.627670+00:00
[2022-06-23 23:39:03,738] {processor.py:161} INFO - Processing /home/airflow/.local/lib/python3.7/site-packages/airflow/example_dags/example_latest_only_with_trigger.py took 0.168 seconds
[2022-06-23 23:39:34,309] {processor.py:153} INFO - Started process (PID=1167) to work on /home/airflow/.local/lib/python3.7/site-packages/airflow/example_dags/example_latest_only_with_trigger.py
[2022-06-23 23:39:34,310] {processor.py:641} INFO - Processing file /home/airflow/.local/lib/python3.7/site-packages/airflow/example_dags/example_latest_only_with_trigger.py for tasks to queue
[2022-06-23 23:39:34,310] {logging_mixin.py:115} INFO - [2022-06-23 23:39:34,310] {dagbag.py:507} INFO - Filling up the DagBag from /home/airflow/.local/lib/python3.7/site-packages/airflow/example_dags/example_latest_only_with_trigger.py
[2022-06-23 23:39:34,318] {processor.py:651} INFO - DAG(s) dict_keys(['latest_only_with_trigger']) retrieved from /home/airflow/.local/lib/python3.7/site-packages/airflow/example_dags/example_latest_only_with_trigger.py
[2022-06-23 23:39:34,346] {logging_mixin.py:115} INFO - [2022-06-23 23:39:34,346] {dag.py:2379} INFO - Sync 1 DAGs
[2022-06-23 23:39:34,379] {logging_mixin.py:115} INFO - [2022-06-23 23:39:34,379] {dag.py:2931} INFO - Setting next_dagrun for latest_only_with_trigger to 2022-06-23T19:39:34.379120+00:00, run_after=2022-06-23T23:39:34.379120+00:00
[2022-06-23 23:39:34,496] {processor.py:161} INFO - Processing /home/airflow/.local/lib/python3.7/site-packages/airflow/example_dags/example_latest_only_with_trigger.py took 0.189 seconds
[2022-06-23 23:40:04,890] {processor.py:153} INFO - Started process (PID=1223) to work on /home/airflow/.local/lib/python3.7/site-packages/airflow/example_dags/example_latest_only_with_trigger.py
[2022-06-23 23:40:04,891] {processor.py:641} INFO - Processing file /home/airflow/.local/lib/python3.7/site-packages/airflow/example_dags/example_latest_only_with_trigger.py for tasks to queue
[2022-06-23 23:40:04,891] {logging_mixin.py:115} INFO - [2022-06-23 23:40:04,891] {dagbag.py:507} INFO - Filling up the DagBag from /home/airflow/.local/lib/python3.7/site-packages/airflow/example_dags/example_latest_only_with_trigger.py
[2022-06-23 23:40:04,900] {processor.py:651} INFO - DAG(s) dict_keys(['latest_only_with_trigger']) retrieved from /home/airflow/.local/lib/python3.7/site-packages/airflow/example_dags/example_latest_only_with_trigger.py
[2022-06-23 23:40:04,932] {logging_mixin.py:115} INFO - [2022-06-23 23:40:04,932] {dag.py:2379} INFO - Sync 1 DAGs
[2022-06-23 23:40:04,961] {logging_mixin.py:115} INFO - [2022-06-23 23:40:04,961] {dag.py:2931} INFO - Setting next_dagrun for latest_only_with_trigger to 2022-06-23T19:40:04.961158+00:00, run_after=2022-06-23T23:40:04.961158+00:00
[2022-06-23 23:40:05,073] {processor.py:161} INFO - Processing /home/airflow/.local/lib/python3.7/site-packages/airflow/example_dags/example_latest_only_with_trigger.py took 0.184 seconds
[2022-06-23 23:40:35,470] {processor.py:153} INFO - Started process (PID=1286) to work on /home/airflow/.local/lib/python3.7/site-packages/airflow/example_dags/example_latest_only_with_trigger.py
[2022-06-23 23:40:35,472] {processor.py:641} INFO - Processing file /home/airflow/.local/lib/python3.7/site-packages/airflow/example_dags/example_latest_only_with_trigger.py for tasks to queue
[2022-06-23 23:40:35,472] {logging_mixin.py:115} INFO - [2022-06-23 23:40:35,472] {dagbag.py:507} INFO - Filling up the DagBag from /home/airflow/.local/lib/python3.7/site-packages/airflow/example_dags/example_latest_only_with_trigger.py
[2022-06-23 23:40:35,478] {processor.py:651} INFO - DAG(s) dict_keys(['latest_only_with_trigger']) retrieved from /home/airflow/.local/lib/python3.7/site-packages/airflow/example_dags/example_latest_only_with_trigger.py
[2022-06-23 23:40:35,506] {logging_mixin.py:115} INFO - [2022-06-23 23:40:35,506] {dag.py:2379} INFO - Sync 1 DAGs
[2022-06-23 23:40:35,633] {logging_mixin.py:115} INFO - [2022-06-23 23:40:35,633] {dag.py:2931} INFO - Setting next_dagrun for latest_only_with_trigger to 2022-06-23T19:40:35.633423+00:00, run_after=2022-06-23T23:40:35.633423+00:00
[2022-06-23 23:40:35,650] {processor.py:161} INFO - Processing /home/airflow/.local/lib/python3.7/site-packages/airflow/example_dags/example_latest_only_with_trigger.py took 0.183 seconds
[2022-06-23 23:41:06,355] {processor.py:153} INFO - Started process (PID=1349) to work on /home/airflow/.local/lib/python3.7/site-packages/airflow/example_dags/example_latest_only_with_trigger.py
[2022-06-23 23:41:06,356] {processor.py:641} INFO - Processing file /home/airflow/.local/lib/python3.7/site-packages/airflow/example_dags/example_latest_only_with_trigger.py for tasks to queue
[2022-06-23 23:41:06,356] {logging_mixin.py:115} INFO - [2022-06-23 23:41:06,356] {dagbag.py:507} INFO - Filling up the DagBag from /home/airflow/.local/lib/python3.7/site-packages/airflow/example_dags/example_latest_only_with_trigger.py
[2022-06-23 23:41:06,360] {processor.py:651} INFO - DAG(s) dict_keys(['latest_only_with_trigger']) retrieved from /home/airflow/.local/lib/python3.7/site-packages/airflow/example_dags/example_latest_only_with_trigger.py
[2022-06-23 23:41:06,382] {logging_mixin.py:115} INFO - [2022-06-23 23:41:06,382] {dag.py:2379} INFO - Sync 1 DAGs
[2022-06-23 23:41:06,481] {logging_mixin.py:115} INFO - [2022-06-23 23:41:06,481] {dag.py:2931} INFO - Setting next_dagrun for latest_only_with_trigger to 2022-06-23T19:41:06.481242+00:00, run_after=2022-06-23T23:41:06.481242+00:00
[2022-06-23 23:41:06,492] {processor.py:161} INFO - Processing /home/airflow/.local/lib/python3.7/site-packages/airflow/example_dags/example_latest_only_with_trigger.py took 0.139 seconds
[2022-06-23 23:41:36,819] {processor.py:153} INFO - Started process (PID=1403) to work on /home/airflow/.local/lib/python3.7/site-packages/airflow/example_dags/example_latest_only_with_trigger.py
[2022-06-23 23:41:36,830] {processor.py:641} INFO - Processing file /home/airflow/.local/lib/python3.7/site-packages/airflow/example_dags/example_latest_only_with_trigger.py for tasks to queue
[2022-06-23 23:41:36,831] {logging_mixin.py:115} INFO - [2022-06-23 23:41:36,830] {dagbag.py:507} INFO - Filling up the DagBag from /home/airflow/.local/lib/python3.7/site-packages/airflow/example_dags/example_latest_only_with_trigger.py
[2022-06-23 23:41:36,840] {processor.py:651} INFO - DAG(s) dict_keys(['latest_only_with_trigger']) retrieved from /home/airflow/.local/lib/python3.7/site-packages/airflow/example_dags/example_latest_only_with_trigger.py
[2022-06-23 23:41:36,869] {logging_mixin.py:115} INFO - [2022-06-23 23:41:36,869] {dag.py:2379} INFO - Sync 1 DAGs
[2022-06-23 23:41:36,982] {logging_mixin.py:115} INFO - [2022-06-23 23:41:36,982] {dag.py:2931} INFO - Setting next_dagrun for latest_only_with_trigger to 2022-06-23T19:41:36.982220+00:00, run_after=2022-06-23T23:41:36.982220+00:00
[2022-06-23 23:41:37,013] {processor.py:161} INFO - Processing /home/airflow/.local/lib/python3.7/site-packages/airflow/example_dags/example_latest_only_with_trigger.py took 0.196 seconds
[2022-06-23 23:42:07,426] {processor.py:153} INFO - Started process (PID=1466) to work on /home/airflow/.local/lib/python3.7/site-packages/airflow/example_dags/example_latest_only_with_trigger.py
[2022-06-23 23:42:07,427] {processor.py:641} INFO - Processing file /home/airflow/.local/lib/python3.7/site-packages/airflow/example_dags/example_latest_only_with_trigger.py for tasks to queue
[2022-06-23 23:42:07,427] {logging_mixin.py:115} INFO - [2022-06-23 23:42:07,427] {dagbag.py:507} INFO - Filling up the DagBag from /home/airflow/.local/lib/python3.7/site-packages/airflow/example_dags/example_latest_only_with_trigger.py
[2022-06-23 23:42:07,433] {processor.py:651} INFO - DAG(s) dict_keys(['latest_only_with_trigger']) retrieved from /home/airflow/.local/lib/python3.7/site-packages/airflow/example_dags/example_latest_only_with_trigger.py
[2022-06-23 23:42:07,458] {logging_mixin.py:115} INFO - [2022-06-23 23:42:07,458] {dag.py:2379} INFO - Sync 1 DAGs
[2022-06-23 23:42:07,571] {logging_mixin.py:115} INFO - [2022-06-23 23:42:07,571] {dag.py:2931} INFO - Setting next_dagrun for latest_only_with_trigger to 2022-06-23T19:42:07.570947+00:00, run_after=2022-06-23T23:42:07.570947+00:00
[2022-06-23 23:42:07,583] {processor.py:161} INFO - Processing /home/airflow/.local/lib/python3.7/site-packages/airflow/example_dags/example_latest_only_with_trigger.py took 0.159 seconds
[2022-06-23 23:42:37,987] {processor.py:153} INFO - Started process (PID=1529) to work on /home/airflow/.local/lib/python3.7/site-packages/airflow/example_dags/example_latest_only_with_trigger.py
[2022-06-23 23:42:37,987] {processor.py:641} INFO - Processing file /home/airflow/.local/lib/python3.7/site-packages/airflow/example_dags/example_latest_only_with_trigger.py for tasks to queue
[2022-06-23 23:42:37,988] {logging_mixin.py:115} INFO - [2022-06-23 23:42:37,988] {dagbag.py:507} INFO - Filling up the DagBag from /home/airflow/.local/lib/python3.7/site-packages/airflow/example_dags/example_latest_only_with_trigger.py
[2022-06-23 23:42:37,992] {processor.py:651} INFO - DAG(s) dict_keys(['latest_only_with_trigger']) retrieved from /home/airflow/.local/lib/python3.7/site-packages/airflow/example_dags/example_latest_only_with_trigger.py
[2022-06-23 23:42:38,017] {logging_mixin.py:115} INFO - [2022-06-23 23:42:38,017] {dag.py:2379} INFO - Sync 1 DAGs
[2022-06-23 23:42:38,151] {logging_mixin.py:115} INFO - [2022-06-23 23:42:38,150] {dag.py:2931} INFO - Setting next_dagrun for latest_only_with_trigger to 2022-06-23T19:42:38.150757+00:00, run_after=2022-06-23T23:42:38.150757+00:00
[2022-06-23 23:42:38,172] {processor.py:161} INFO - Processing /home/airflow/.local/lib/python3.7/site-packages/airflow/example_dags/example_latest_only_with_trigger.py took 0.187 seconds
[2022-06-23 23:43:08,707] {processor.py:153} INFO - Started process (PID=1583) to work on /home/airflow/.local/lib/python3.7/site-packages/airflow/example_dags/example_latest_only_with_trigger.py
[2022-06-23 23:43:08,707] {processor.py:641} INFO - Processing file /home/airflow/.local/lib/python3.7/site-packages/airflow/example_dags/example_latest_only_with_trigger.py for tasks to queue
[2022-06-23 23:43:08,707] {logging_mixin.py:115} INFO - [2022-06-23 23:43:08,707] {dagbag.py:507} INFO - Filling up the DagBag from /home/airflow/.local/lib/python3.7/site-packages/airflow/example_dags/example_latest_only_with_trigger.py
[2022-06-23 23:43:08,715] {processor.py:651} INFO - DAG(s) dict_keys(['latest_only_with_trigger']) retrieved from /home/airflow/.local/lib/python3.7/site-packages/airflow/example_dags/example_latest_only_with_trigger.py
[2022-06-23 23:43:08,742] {logging_mixin.py:115} INFO - [2022-06-23 23:43:08,742] {dag.py:2379} INFO - Sync 1 DAGs
[2022-06-23 23:43:08,856] {logging_mixin.py:115} INFO - [2022-06-23 23:43:08,856] {dag.py:2931} INFO - Setting next_dagrun for latest_only_with_trigger to 2022-06-23T19:43:08.856039+00:00, run_after=2022-06-23T23:43:08.856039+00:00
[2022-06-23 23:43:08,879] {processor.py:161} INFO - Processing /home/airflow/.local/lib/python3.7/site-packages/airflow/example_dags/example_latest_only_with_trigger.py took 0.175 seconds
[2022-06-23 23:43:39,310] {processor.py:153} INFO - Started process (PID=1646) to work on /home/airflow/.local/lib/python3.7/site-packages/airflow/example_dags/example_latest_only_with_trigger.py
[2022-06-23 23:43:39,311] {processor.py:641} INFO - Processing file /home/airflow/.local/lib/python3.7/site-packages/airflow/example_dags/example_latest_only_with_trigger.py for tasks to queue
[2022-06-23 23:43:39,311] {logging_mixin.py:115} INFO - [2022-06-23 23:43:39,311] {dagbag.py:507} INFO - Filling up the DagBag from /home/airflow/.local/lib/python3.7/site-packages/airflow/example_dags/example_latest_only_with_trigger.py
[2022-06-23 23:43:39,317] {processor.py:651} INFO - DAG(s) dict_keys(['latest_only_with_trigger']) retrieved from /home/airflow/.local/lib/python3.7/site-packages/airflow/example_dags/example_latest_only_with_trigger.py
[2022-06-23 23:43:39,347] {logging_mixin.py:115} INFO - [2022-06-23 23:43:39,347] {dag.py:2379} INFO - Sync 1 DAGs
[2022-06-23 23:43:39,465] {logging_mixin.py:115} INFO - [2022-06-23 23:43:39,465] {dag.py:2931} INFO - Setting next_dagrun for latest_only_with_trigger to 2022-06-23T19:43:39.465476+00:00, run_after=2022-06-23T23:43:39.465476+00:00
[2022-06-23 23:43:39,487] {processor.py:161} INFO - Processing /home/airflow/.local/lib/python3.7/site-packages/airflow/example_dags/example_latest_only_with_trigger.py took 0.178 seconds
[2022-06-23 23:44:09,760] {processor.py:153} INFO - Started process (PID=1709) to work on /home/airflow/.local/lib/python3.7/site-packages/airflow/example_dags/example_latest_only_with_trigger.py
[2022-06-23 23:44:09,761] {processor.py:641} INFO - Processing file /home/airflow/.local/lib/python3.7/site-packages/airflow/example_dags/example_latest_only_with_trigger.py for tasks to queue
[2022-06-23 23:44:09,762] {logging_mixin.py:115} INFO - [2022-06-23 23:44:09,761] {dagbag.py:507} INFO - Filling up the DagBag from /home/airflow/.local/lib/python3.7/site-packages/airflow/example_dags/example_latest_only_with_trigger.py
[2022-06-23 23:44:09,769] {processor.py:651} INFO - DAG(s) dict_keys(['latest_only_with_trigger']) retrieved from /home/airflow/.local/lib/python3.7/site-packages/airflow/example_dags/example_latest_only_with_trigger.py
[2022-06-23 23:44:09,796] {logging_mixin.py:115} INFO - [2022-06-23 23:44:09,795] {dag.py:2379} INFO - Sync 1 DAGs
[2022-06-23 23:44:09,915] {logging_mixin.py:115} INFO - [2022-06-23 23:44:09,915] {dag.py:2931} INFO - Setting next_dagrun for latest_only_with_trigger to 2022-06-23T19:44:09.914992+00:00, run_after=2022-06-23T23:44:09.914992+00:00
[2022-06-23 23:44:09,933] {processor.py:161} INFO - Processing /home/airflow/.local/lib/python3.7/site-packages/airflow/example_dags/example_latest_only_with_trigger.py took 0.176 seconds
[2022-06-23 23:44:40,226] {processor.py:153} INFO - Started process (PID=1764) to work on /home/airflow/.local/lib/python3.7/site-packages/airflow/example_dags/example_latest_only_with_trigger.py
[2022-06-23 23:44:40,227] {processor.py:641} INFO - Processing file /home/airflow/.local/lib/python3.7/site-packages/airflow/example_dags/example_latest_only_with_trigger.py for tasks to queue
[2022-06-23 23:44:40,228] {logging_mixin.py:115} INFO - [2022-06-23 23:44:40,228] {dagbag.py:507} INFO - Filling up the DagBag from /home/airflow/.local/lib/python3.7/site-packages/airflow/example_dags/example_latest_only_with_trigger.py
[2022-06-23 23:44:40,231] {processor.py:651} INFO - DAG(s) dict_keys(['latest_only_with_trigger']) retrieved from /home/airflow/.local/lib/python3.7/site-packages/airflow/example_dags/example_latest_only_with_trigger.py
[2022-06-23 23:44:40,258] {logging_mixin.py:115} INFO - [2022-06-23 23:44:40,258] {dag.py:2379} INFO - Sync 1 DAGs
[2022-06-23 23:44:40,375] {logging_mixin.py:115} INFO - [2022-06-23 23:44:40,375] {dag.py:2931} INFO - Setting next_dagrun for latest_only_with_trigger to 2022-06-23T19:44:40.374698+00:00, run_after=2022-06-23T23:44:40.374698+00:00
[2022-06-23 23:44:40,392] {processor.py:161} INFO - Processing /home/airflow/.local/lib/python3.7/site-packages/airflow/example_dags/example_latest_only_with_trigger.py took 0.169 seconds
[2022-06-23 23:45:10,715] {processor.py:153} INFO - Started process (PID=1828) to work on /home/airflow/.local/lib/python3.7/site-packages/airflow/example_dags/example_latest_only_with_trigger.py
[2022-06-23 23:45:10,715] {processor.py:641} INFO - Processing file /home/airflow/.local/lib/python3.7/site-packages/airflow/example_dags/example_latest_only_with_trigger.py for tasks to queue
[2022-06-23 23:45:10,716] {logging_mixin.py:115} INFO - [2022-06-23 23:45:10,716] {dagbag.py:507} INFO - Filling up the DagBag from /home/airflow/.local/lib/python3.7/site-packages/airflow/example_dags/example_latest_only_with_trigger.py
[2022-06-23 23:45:10,722] {processor.py:651} INFO - DAG(s) dict_keys(['latest_only_with_trigger']) retrieved from /home/airflow/.local/lib/python3.7/site-packages/airflow/example_dags/example_latest_only_with_trigger.py
[2022-06-23 23:45:10,746] {logging_mixin.py:115} INFO - [2022-06-23 23:45:10,746] {dag.py:2379} INFO - Sync 1 DAGs
[2022-06-23 23:45:10,856] {logging_mixin.py:115} INFO - [2022-06-23 23:45:10,856] {dag.py:2931} INFO - Setting next_dagrun for latest_only_with_trigger to 2022-06-23T19:45:10.856197+00:00, run_after=2022-06-23T23:45:10.856197+00:00
[2022-06-23 23:45:10,869] {processor.py:161} INFO - Processing /home/airflow/.local/lib/python3.7/site-packages/airflow/example_dags/example_latest_only_with_trigger.py took 0.156 seconds
                                                                                                                                                                                                                                                                                                                                                                                                                                                                                                                                                                                                                                                                                                                                                                                                                                                                                   