[2022-06-23 01:17:27,765] {processor.py:153} INFO - Started process (PID=91) to work on /home/airflow/.local/lib/python3.7/site-packages/airflow/example_dags/example_xcomargs.py
[2022-06-23 01:17:27,765] {processor.py:641} INFO - Processing file /home/airflow/.local/lib/python3.7/site-packages/airflow/example_dags/example_xcomargs.py for tasks to queue
[2022-06-23 01:17:27,766] {logging_mixin.py:115} INFO - [2022-06-23 01:17:27,766] {dagbag.py:507} INFO - Filling up the DagBag from /home/airflow/.local/lib/python3.7/site-packages/airflow/example_dags/example_xcomargs.py
[2022-06-23 01:17:28,136] {processor.py:651} INFO - DAG(s) dict_keys(['example_xcom_args', 'example_xcom_args_with_operators']) retrieved from /home/airflow/.local/lib/python3.7/site-packages/airflow/example_dags/example_xcomargs.py
[2022-06-23 01:17:28,590] {logging_mixin.py:115} INFO - [2022-06-23 01:17:28,590] {dag.py:2379} INFO - Sync 2 DAGs
[2022-06-23 01:17:28,615] {logging_mixin.py:115} INFO - [2022-06-23 01:17:28,615] {dag.py:2931} INFO - Setting next_dagrun for example_xcom_args to None, run_after=None
[2022-06-23 01:17:28,615] {logging_mixin.py:115} INFO - [2022-06-23 01:17:28,615] {dag.py:2931} INFO - Setting next_dagrun for example_xcom_args_with_operators to None, run_after=None
[2022-06-23 01:17:28,745] {processor.py:161} INFO - Processing /home/airflow/.local/lib/python3.7/site-packages/airflow/example_dags/example_xcomargs.py took 0.985 seconds
[2022-06-23 01:17:59,486] {processor.py:153} INFO - Started process (PID=144) to work on /home/airflow/.local/lib/python3.7/site-packages/airflow/example_dags/example_xcomargs.py
[2022-06-23 01:17:59,505] {processor.py:641} INFO - Processing file /home/airflow/.local/lib/python3.7/site-packages/airflow/example_dags/example_xcomargs.py for tasks to queue
[2022-06-23 01:17:59,505] {logging_mixin.py:115} INFO - [2022-06-23 01:17:59,505] {dagbag.py:507} INFO - Filling up the DagBag from /home/airflow/.local/lib/python3.7/site-packages/airflow/example_dags/example_xcomargs.py
[2022-06-23 01:17:59,526] {processor.py:651} INFO - DAG(s) dict_keys(['example_xcom_args', 'example_xcom_args_with_operators']) retrieved from /home/airflow/.local/lib/python3.7/site-packages/airflow/example_dags/example_xcomargs.py
[2022-06-23 01:17:59,599] {logging_mixin.py:115} INFO - [2022-06-23 01:17:59,599] {dag.py:2379} INFO - Sync 2 DAGs
[2022-06-23 01:17:59,620] {logging_mixin.py:115} INFO - [2022-06-23 01:17:59,620] {dag.py:2931} INFO - Setting next_dagrun for example_xcom_args to None, run_after=None
[2022-06-23 01:17:59,620] {logging_mixin.py:115} INFO - [2022-06-23 01:17:59,620] {dag.py:2931} INFO - Setting next_dagrun for example_xcom_args_with_operators to None, run_after=None
[2022-06-23 01:17:59,738] {processor.py:161} INFO - Processing /home/airflow/.local/lib/python3.7/site-packages/airflow/example_dags/example_xcomargs.py took 0.256 seconds
[2022-06-23 23:30:19,899] {processor.py:153} INFO - Started process (PID=54) to work on /home/airflow/.local/lib/python3.7/site-packages/airflow/example_dags/example_xcomargs.py
[2022-06-23 23:30:20,029] {processor.py:641} INFO - Processing file /home/airflow/.local/lib/python3.7/site-packages/airflow/example_dags/example_xcomargs.py for tasks to queue
[2022-06-23 23:30:20,029] {logging_mixin.py:115} INFO - [2022-06-23 23:30:20,029] {dagbag.py:507} INFO - Filling up the DagBag from /home/airflow/.local/lib/python3.7/site-packages/airflow/example_dags/example_xcomargs.py
[2022-06-23 23:30:20,077] {processor.py:651} INFO - DAG(s) dict_keys(['example_xcom_args', 'example_xcom_args_with_operators']) retrieved from /home/airflow/.local/lib/python3.7/site-packages/airflow/example_dags/example_xcomargs.py
[2022-06-23 23:30:20,234] {logging_mixin.py:115} INFO - [2022-06-23 23:30:20,234] {dag.py:2379} INFO - Sync 2 DAGs
[2022-06-23 23:30:20,252] {logging_mixin.py:115} INFO - [2022-06-23 23:30:20,252] {dag.py:2931} INFO - Setting next_dagrun for example_xcom_args to None, run_after=None
[2022-06-23 23:30:20,253] {logging_mixin.py:115} INFO - [2022-06-23 23:30:20,252] {dag.py:2931} INFO - Setting next_dagrun for example_xcom_args_with_operators to None, run_after=None
[2022-06-23 23:30:20,432] {processor.py:161} INFO - Processing /home/airflow/.local/lib/python3.7/site-packages/airflow/example_dags/example_xcomargs.py took 0.535 seconds
[2022-06-23 23:30:50,500] {processor.py:153} INFO - Started process (PID=111) to work on /home/airflow/.local/lib/python3.7/site-packages/airflow/example_dags/example_xcomargs.py
[2022-06-23 23:30:50,514] {processor.py:641} INFO - Processing file /home/airflow/.local/lib/python3.7/site-packages/airflow/example_dags/example_xcomargs.py for tasks to queue
[2022-06-23 23:30:50,515] {logging_mixin.py:115} INFO - [2022-06-23 23:30:50,515] {dagbag.py:507} INFO - Filling up the DagBag from /home/airflow/.local/lib/python3.7/site-packages/airflow/example_dags/example_xcomargs.py
[2022-06-23 23:30:50,534] {processor.py:651} INFO - DAG(s) dict_keys(['example_xcom_args', 'example_xcom_args_with_operators']) retrieved from /home/airflow/.local/lib/python3.7/site-packages/airflow/example_dags/example_xcomargs.py
[2022-06-23 23:30:50,690] {logging_mixin.py:115} INFO - [2022-06-23 23:30:50,689] {dag.py:2379} INFO - Sync 2 DAGs
[2022-06-23 23:30:50,709] {logging_mixin.py:115} INFO - [2022-06-23 23:30:50,709] {dag.py:2931} INFO - Setting next_dagrun for example_xcom_args to None, run_after=None
[2022-06-23 23:30:50,709] {logging_mixin.py:115} INFO - [2022-06-23 23:30:50,709] {dag.py:2931} INFO - Setting next_dagrun for example_xcom_args_with_operators to None, run_after=None
[2022-06-23 23:30:50,722] {processor.py:161} INFO - Processing /home/airflow/.local/lib/python3.7/site-packages/airflow/example_dags/example_xcomargs.py took 0.224 seconds
[2022-06-23 23:31:20,856] {processor.py:153} INFO - Started process (PID=174) to work on /home/airflow/.local/lib/python3.7/site-packages/airflow/example_dags/example_xcomargs.py
[2022-06-23 23:31:20,881] {processor.py:641} INFO - Processing file /home/airflow/.local/lib/python3.7/site-packages/airflow/example_dags/example_xcomargs.py for tasks to queue
[2022-06-23 23:31:20,882] {logging_mixin.py:115} INFO - [2022-06-23 23:31:20,882] {dagbag.py:507} INFO - Filling up the DagBag from /home/airflow/.local/lib/python3.7/site-packages/airflow/example_dags/example_xcomargs.py
[2022-06-23 23:31:20,899] {processor.py:651} INFO - DAG(s) dict_keys(['example_xcom_args', 'example_xcom_args_with_operators']) retrieved from /home/airflow/.local/lib/python3.7/site-packages/airflow/example_dags/example_xcomargs.py
[2022-06-23 23:31:21,071] {logging_mixin.py:115} INFO - [2022-06-23 23:31:21,070] {dag.py:2379} INFO - Sync 2 DAGs
[2022-06-23 23:31:21,092] {logging_mixin.py:115} INFO - [2022-06-23 23:31:21,092] {dag.py:2931} INFO - Setting next_dagrun for example_xcom_args to None, run_after=None
[2022-06-23 23:31:21,092] {logging_mixin.py:115} INFO - [2022-06-23 23:31:21,092] {dag.py:2931} INFO - Setting next_dagrun for example_xcom_args_with_operators to None, run_after=None
[2022-06-23 23:31:21,118] {processor.py:161} INFO - Processing /home/airflow/.local/lib/python3.7/site-packages/airflow/example_dags/example_xcomargs.py took 0.266 seconds
[2022-06-23 23:31:51,187] {processor.py:153} INFO - Started process (PID=239) to work on /home/airflow/.local/lib/python3.7/site-packages/airflow/example_dags/example_xcomargs.py
[2022-06-23 23:31:51,196] {processor.py:641} INFO - Processing file /home/airflow/.local/lib/python3.7/site-packages/airflow/example_dags/example_xcomargs.py for tasks to queue
[2022-06-23 23:31:51,196] {logging_mixin.py:115} INFO - [2022-06-23 23:31:51,196] {dagbag.py:507} INFO - Filling up the DagBag from /home/airflow/.local/lib/python3.7/site-packages/airflow/example_dags/example_xcomargs.py
[2022-06-23 23:31:51,210] {processor.py:651} INFO - DAG(s) dict_keys(['example_xcom_args', 'example_xcom_args_with_operators']) retrieved from /home/airflow/.local/lib/python3.7/site-packages/airflow/example_dags/example_xcomargs.py
[2022-06-23 23:31:51,359] {logging_mixin.py:115} INFO - [2022-06-23 23:31:51,359] {dag.py:2379} INFO - Sync 2 DAGs
[2022-06-23 23:31:51,378] {logging_mixin.py:115} INFO - [2022-06-23 23:31:51,378] {dag.py:2931} INFO - Setting next_dagrun for example_xcom_args to None, run_after=None
[2022-06-23 23:31:51,378] {logging_mixin.py:115} INFO - [2022-06-23 23:31:51,378] {dag.py:2931} INFO - Setting next_dagrun for example_xcom_args_with_operators to None, run_after=None
[2022-06-23 23:31:51,398] {processor.py:161} INFO - Processing /home/airflow/.local/lib/python3.7/site-packages/airflow/example_dags/example_xcomargs.py took 0.214 seconds
[2022-06-23 23:32:21,616] {processor.py:153} INFO - Started process (PID=295) to work on /home/airflow/.local/lib/python3.7/site-packages/airflow/example_dags/example_xcomargs.py
[2022-06-23 23:32:21,623] {processor.py:641} INFO - Processing file /home/airflow/.local/lib/python3.7/site-packages/airflow/example_dags/example_xcomargs.py for tasks to queue
[2022-06-23 23:32:21,623] {logging_mixin.py:115} INFO - [2022-06-23 23:32:21,623] {dagbag.py:507} INFO - Filling up the DagBag from /home/airflow/.local/lib/python3.7/site-packages/airflow/example_dags/example_xcomargs.py
[2022-06-23 23:32:21,640] {processor.py:651} INFO - DAG(s) dict_keys(['example_xcom_args', 'example_xcom_args_with_operators']) retrieved from /home/airflow/.local/lib/python3.7/site-packages/airflow/example_dags/example_xcomargs.py
[2022-06-23 23:32:21,803] {logging_mixin.py:115} INFO - [2022-06-23 23:32:21,802] {dag.py:2379} INFO - Sync 2 DAGs
[2022-06-23 23:32:21,825] {logging_mixin.py:115} INFO - [2022-06-23 23:32:21,825] {dag.py:2931} INFO - Setting next_dagrun for example_xcom_args to None, run_after=None
[2022-06-23 23:32:21,825] {logging_mixin.py:115} INFO - [2022-06-23 23:32:21,825] {dag.py:2931} INFO - Setting next_dagrun for example_xcom_args_with_operators to None, run_after=None
[2022-06-23 23:32:21,842] {processor.py:161} INFO - Processing /home/airflow/.local/lib/python3.7/site-packages/airflow/example_dags/example_xcomargs.py took 0.231 seconds
[2022-06-23 23:32:51,948] {processor.py:153} INFO - Started process (PID=358) to work on /home/airflow/.local/lib/python3.7/site-packages/airflow/example_dags/example_xcomargs.py
[2022-06-23 23:32:51,949] {processor.py:641} INFO - Processing file /home/airflow/.local/lib/python3.7/site-packages/airflow/example_dags/example_xcomargs.py for tasks to queue
[2022-06-23 23:32:51,949] {logging_mixin.py:115} INFO - [2022-06-23 23:32:51,949] {dagbag.py:507} INFO - Filling up the DagBag from /home/airflow/.local/lib/python3.7/site-packages/airflow/example_dags/example_xcomargs.py
[2022-06-23 23:32:51,969] {processor.py:651} INFO - DAG(s) dict_keys(['example_xcom_args', 'example_xcom_args_with_operators']) retrieved from /home/airflow/.local/lib/python3.7/site-packages/airflow/example_dags/example_xcomargs.py
[2022-06-23 23:32:52,149] {logging_mixin.py:115} INFO - [2022-06-23 23:32:52,149] {dag.py:2379} INFO - Sync 2 DAGs
[2022-06-23 23:32:52,174] {logging_mixin.py:115} INFO - [2022-06-23 23:32:52,174] {dag.py:2931} INFO - Setting next_dagrun for example_xcom_args to None, run_after=None
[2022-06-23 23:32:52,174] {logging_mixin.py:115} INFO - [2022-06-23 23:32:52,174] {dag.py:2931} INFO - Setting next_dagrun for example_xcom_args_with_operators to None, run_after=None
[2022-06-23 23:32:52,190] {processor.py:161} INFO - Processing /home/airflow/.local/lib/python3.7/site-packages/airflow/example_dags/example_xcomargs.py took 0.244 seconds
[2022-06-23 23:33:22,435] {processor.py:153} INFO - Started process (PID=412) to work on /home/airflow/.local/lib/python3.7/site-packages/airflow/example_dags/example_xcomargs.py
[2022-06-23 23:33:22,435] {processor.py:641} INFO - Processing file /home/airflow/.local/lib/python3.7/site-packages/airflow/example_dags/example_xcomargs.py for tasks to queue
[2022-06-23 23:33:22,436] {logging_mixin.py:115} INFO - [2022-06-23 23:33:22,436] {dagbag.py:507} INFO - Filling up the DagBag from /home/airflow/.local/lib/python3.7/site-packages/airflow/example_dags/example_xcomargs.py
[2022-06-23 23:33:22,449] {processor.py:651} INFO - DAG(s) dict_keys(['example_xcom_args', 'example_xcom_args_with_operators']) retrieved from /home/airflow/.local/lib/python3.7/site-packages/airflow/example_dags/example_xcomargs.py
[2022-06-23 23:33:22,596] {logging_mixin.py:115} INFO - [2022-06-23 23:33:22,596] {dag.py:2379} INFO - Sync 2 DAGs
[2022-06-23 23:33:22,616] {logging_mixin.py:115} INFO - [2022-06-23 23:33:22,616] {dag.py:2931} INFO - Setting next_dagrun for example_xcom_args to None, run_after=None
[2022-06-23 23:33:22,616] {logging_mixin.py:115} INFO - [2022-06-23 23:33:22,616] {dag.py:2931} INFO - Setting next_dagrun for example_xcom_args_with_operators to None, run_after=None
[2022-06-23 23:33:22,632] {processor.py:161} INFO - Processing /home/airflow/.local/lib/python3.7/site-packages/airflow/example_dags/example_xcomargs.py took 0.201 seconds
[2022-06-23 23:33:52,932] {processor.py:153} INFO - Started process (PID=476) to work on /home/airflow/.local/lib/python3.7/site-packages/airflow/example_dags/example_xcomargs.py
[2022-06-23 23:33:52,932] {processor.py:641} INFO - Processing file /home/airflow/.local/lib/python3.7/site-packages/airflow/example_dags/example_xcomargs.py for tasks to queue
[2022-06-23 23:33:52,932] {logging_mixin.py:115} INFO - [2022-06-23 23:33:52,932] {dagbag.py:507} INFO - Filling up the DagBag from /home/airflow/.local/lib/python3.7/site-packages/airflow/example_dags/example_xcomargs.py
[2022-06-23 23:33:52,948] {processor.py:651} INFO - DAG(s) dict_keys(['example_xcom_args', 'example_xcom_args_with_operators']) retrieved from /home/airflow/.local/lib/python3.7/site-packages/airflow/example_dags/example_xcomargs.py
[2022-06-23 23:33:52,978] {logging_mixin.py:115} INFO - [2022-06-23 23:33:52,978] {dag.py:2379} INFO - Sync 2 DAGs
[2022-06-23 23:33:53,102] {logging_mixin.py:115} INFO - [2022-06-23 23:33:53,102] {dag.py:2931} INFO - Setting next_dagrun for example_xcom_args to None, run_after=None
[2022-06-23 23:33:53,102] {logging_mixin.py:115} INFO - [2022-06-23 23:33:53,102] {dag.py:2931} INFO - Setting next_dagrun for example_xcom_args_with_operators to None, run_after=None
[2022-06-23 23:33:53,115] {processor.py:161} INFO - Processing /home/airflow/.local/lib/python3.7/site-packages/airflow/example_dags/example_xcomargs.py took 0.188 seconds
[2022-06-23 23:34:23,140] {processor.py:153} INFO - Started process (PID=539) to work on /home/airflow/.local/lib/python3.7/site-packages/airflow/example_dags/example_xcomargs.py
[2022-06-23 23:34:23,141] {processor.py:641} INFO - Processing file /home/airflow/.local/lib/python3.7/site-packages/airflow/example_dags/example_xcomargs.py for tasks to queue
[2022-06-23 23:34:23,141] {logging_mixin.py:115} INFO - [2022-06-23 23:34:23,141] {dagbag.py:507} INFO - Filling up the DagBag from /home/airflow/.local/lib/python3.7/site-packages/airflow/example_dags/example_xcomargs.py
[2022-06-23 23:34:23,155] {processor.py:651} INFO - DAG(s) dict_keys(['example_xcom_args', 'example_xcom_args_with_operators']) retrieved from /home/airflow/.local/lib/python3.7/site-packages/airflow/example_dags/example_xcomargs.py
[2022-06-23 23:34:23,183] {logging_mixin.py:115} INFO - [2022-06-23 23:34:23,183] {dag.py:2379} INFO - Sync 2 DAGs
[2022-06-23 23:34:23,292] {logging_mixin.py:115} INFO - [2022-06-23 23:34:23,292] {dag.py:2931} INFO - Setting next_dagrun for example_xcom_args to None, run_after=None
[2022-06-23 23:34:23,293] {logging_mixin.py:115} INFO - [2022-06-23 23:34:23,292] {dag.py:2931} INFO - Setting next_dagrun for example_xcom_args_with_operators to None, run_after=None
[2022-06-23 23:34:23,308] {processor.py:161} INFO - Processing /home/airflow/.local/lib/python3.7/site-packages/airflow/example_dags/example_xcomargs.py took 0.172 seconds
[2022-06-23 23:34:53,541] {processor.py:153} INFO - Started process (PID=593) to work on /home/airflow/.local/lib/python3.7/site-packages/airflow/example_dags/example_xcomargs.py
[2022-06-23 23:34:53,556] {processor.py:641} INFO - Processing file /home/airflow/.local/lib/python3.7/site-packages/airflow/example_dags/example_xcomargs.py for tasks to queue
[2022-06-23 23:34:53,557] {logging_mixin.py:115} INFO - [2022-06-23 23:34:53,556] {dagbag.py:507} INFO - Filling up the DagBag from /home/airflow/.local/lib/python3.7/site-packages/airflow/example_dags/example_xcomargs.py
[2022-06-23 23:34:53,577] {processor.py:651} INFO - DAG(s) dict_keys(['example_xcom_args', 'example_xcom_args_with_operators']) retrieved from /home/airflow/.local/lib/python3.7/site-packages/airflow/example_dags/example_xcomargs.py
[2022-06-23 23:34:53,601] {logging_mixin.py:115} INFO - [2022-06-23 23:34:53,601] {dag.py:2379} INFO - Sync 2 DAGs
[2022-06-23 23:34:53,706] {logging_mixin.py:115} INFO - [2022-06-23 23:34:53,706] {dag.py:2931} INFO - Setting next_dagrun for example_xcom_args to None, run_after=None
[2022-06-23 23:34:53,706] {logging_mixin.py:115} INFO - [2022-06-23 23:34:53,706] {dag.py:2931} INFO - Setting next_dagrun for example_xcom_args_with_operators to None, run_after=None
[2022-06-23 23:34:53,729] {processor.py:161} INFO - Processing /home/airflow/.local/lib/python3.7/site-packages/airflow/example_dags/example_xcomargs.py took 0.192 seconds
[2022-06-23 23:35:23,839] {processor.py:153} INFO - Started process (PID=658) to work on /home/airflow/.local/lib/python3.7/site-packages/airflow/example_dags/example_xcomargs.py
[2022-06-23 23:35:23,840] {processor.py:641} INFO - Processing file /home/airflow/.local/lib/python3.7/site-packages/airflow/example_dags/example_xcomargs.py for tasks to queue
[2022-06-23 23:35:23,840] {logging_mixin.py:115} INFO - [2022-06-23 23:35:23,840] {dagbag.py:507} INFO - Filling up the DagBag from /home/airflow/.local/lib/python3.7/site-packages/airflow/example_dags/example_xcomargs.py
[2022-06-23 23:35:23,858] {processor.py:651} INFO - DAG(s) dict_keys(['example_xcom_args', 'example_xcom_args_with_operators']) retrieved from /home/airflow/.local/lib/python3.7/site-packages/airflow/example_dags/example_xcomargs.py
[2022-06-23 23:35:24,023] {logging_mixin.py:115} INFO - [2022-06-23 23:35:24,022] {dag.py:2379} INFO - Sync 2 DAGs
[2022-06-23 23:35:24,051] {logging_mixin.py:115} INFO - [2022-06-23 23:35:24,051] {dag.py:2931} INFO - Setting next_dagrun for example_xcom_args to None, run_after=None
[2022-06-23 23:35:24,052] {logging_mixin.py:115} INFO - [2022-06-23 23:35:24,052] {dag.py:2931} INFO - Setting next_dagrun for example_xcom_args_with_operators to None, run_after=None
[2022-06-23 23:35:24,080] {processor.py:161} INFO - Processing /home/airflow/.local/lib/python3.7/site-packages/airflow/example_dags/example_xcomargs.py took 0.245 seconds
[2022-06-23 23:35:54,544] {processor.py:153} INFO - Started process (PID=721) to work on /home/airflow/.local/lib/python3.7/site-packages/airflow/example_dags/example_xcomargs.py
[2022-06-23 23:35:54,556] {processor.py:641} INFO - Processing file /home/airflow/.local/lib/python3.7/site-packages/airflow/example_dags/example_xcomargs.py for tasks to queue
[2022-06-23 23:35:54,557] {logging_mixin.py:115} INFO - [2022-06-23 23:35:54,557] {dagbag.py:507} INFO - Filling up the DagBag from /home/airflow/.local/lib/python3.7/site-packages/airflow/example_dags/example_xcomargs.py
[2022-06-23 23:35:54,576] {processor.py:651} INFO - DAG(s) dict_keys(['example_xcom_args', 'example_xcom_args_with_operators']) retrieved from /home/airflow/.local/lib/python3.7/site-packages/airflow/example_dags/example_xcomargs.py
[2022-06-23 23:35:54,603] {logging_mixin.py:115} INFO - [2022-06-23 23:35:54,603] {dag.py:2379} INFO - Sync 2 DAGs
[2022-06-23 23:35:54,719] {logging_mixin.py:115} INFO - [2022-06-23 23:35:54,719] {dag.py:2931} INFO - Setting next_dagrun for example_xcom_args to None, run_after=None
[2022-06-23 23:35:54,722] {logging_mixin.py:115} INFO - [2022-06-23 23:35:54,721] {dag.py:2931} INFO - Setting next_dagrun for example_xcom_args_with_operators to None, run_after=None
[2022-06-23 23:35:54,762] {processor.py:161} INFO - Processing /home/airflow/.local/lib/python3.7/site-packages/airflow/example_dags/example_xcomargs.py took 0.220 seconds
[2022-06-23 23:36:24,961] {processor.py:153} INFO - Started process (PID=775) to work on /home/airflow/.local/lib/python3.7/site-packages/airflow/example_dags/example_xcomargs.py
[2022-06-23 23:36:24,972] {processor.py:641} INFO - Processing file /home/airflow/.local/lib/python3.7/site-packages/airflow/example_dags/example_xcomargs.py for tasks to queue
[2022-06-23 23:36:24,972] {logging_mixin.py:115} INFO - [2022-06-23 23:36:24,972] {dagbag.py:507} INFO - Filling up the DagBag from /home/airflow/.local/lib/python3.7/site-packages/airflow/example_dags/example_xcomargs.py
[2022-06-23 23:36:24,994] {processor.py:651} INFO - DAG(s) dict_keys(['example_xcom_args', 'example_xcom_args_with_operators']) retrieved from /home/airflow/.local/lib/python3.7/site-packages/airflow/example_dags/example_xcomargs.py
[2022-06-23 23:36:25,165] {logging_mixin.py:115} INFO - [2022-06-23 23:36:25,165] {dag.py:2379} INFO - Sync 2 DAGs
[2022-06-23 23:36:25,186] {logging_mixin.py:115} INFO - [2022-06-23 23:36:25,186] {dag.py:2931} INFO - Setting next_dagrun for example_xcom_args to None, run_after=None
[2022-06-23 23:36:25,186] {logging_mixin.py:115} INFO - [2022-06-23 23:36:25,186] {dag.py:2931} INFO - Setting next_dagrun for example_xcom_args_with_operators to None, run_after=None
[2022-06-23 23:36:25,269] {processor.py:161} INFO - Processing /home/airflow/.local/lib/python3.7/site-packages/airflow/example_dags/example_xcomargs.py took 0.311 seconds
[2022-06-23 23:36:55,406] {processor.py:153} INFO - Started process (PID=838) to work on /home/airflow/.local/lib/python3.7/site-packages/airflow/example_dags/example_xcomargs.py
[2022-06-23 23:36:55,422] {processor.py:641} INFO - Processing file /home/airflow/.local/lib/python3.7/site-packages/airflow/example_dags/example_xcomargs.py for tasks to queue
[2022-06-23 23:36:55,422] {logging_mixin.py:115} INFO - [2022-06-23 23:36:55,422] {dagbag.py:507} INFO - Filling up the DagBag from /home/airflow/.local/lib/python3.7/site-packages/airflow/example_dags/example_xcomargs.py
[2022-06-23 23:36:55,440] {processor.py:651} INFO - DAG(s) dict_keys(['example_xcom_args', 'example_xcom_args_with_operators']) retrieved from /home/airflow/.local/lib/python3.7/site-packages/airflow/example_dags/example_xcomargs.py
[2022-06-23 23:36:55,600] {logging_mixin.py:115} INFO - [2022-06-23 23:36:55,600] {dag.py:2379} INFO - Sync 2 DAGs
[2022-06-23 23:36:55,619] {logging_mixin.py:115} INFO - [2022-06-23 23:36:55,619] {dag.py:2931} INFO - Setting next_dagrun for example_xcom_args to None, run_after=None
[2022-06-23 23:36:55,620] {logging_mixin.py:115} INFO - [2022-06-23 23:36:55,620] {dag.py:2931} INFO - Setting next_dagrun for example_xcom_args_with_operators to None, run_after=None
[2022-06-23 23:36:55,632] {processor.py:161} INFO - Processing /home/airflow/.local/lib/python3.7/site-packages/airflow/example_dags/example_xcomargs.py took 0.228 seconds
[2022-06-23 23:37:26,271] {processor.py:153} INFO - Started process (PID=901) to work on /home/airflow/.local/lib/python3.7/site-packages/airflow/example_dags/example_xcomargs.py
[2022-06-23 23:37:26,288] {processor.py:641} INFO - Processing file /home/airflow/.local/lib/python3.7/site-packages/airflow/example_dags/example_xcomargs.py for tasks to queue
[2022-06-23 23:37:26,289] {logging_mixin.py:115} INFO - [2022-06-23 23:37:26,288] {dagbag.py:507} INFO - Filling up the DagBag from /home/airflow/.local/lib/python3.7/site-packages/airflow/example_dags/example_xcomargs.py
[2022-06-23 23:37:26,308] {processor.py:651} INFO - DAG(s) dict_keys(['example_xcom_args', 'example_xcom_args_with_operators']) retrieved from /home/airflow/.local/lib/python3.7/site-packages/airflow/example_dags/example_xcomargs.py
[2022-06-23 23:37:26,505] {logging_mixin.py:115} INFO - [2022-06-23 23:37:26,505] {dag.py:2379} INFO - Sync 2 DAGs
[2022-06-23 23:37:26,525] {logging_mixin.py:115} INFO - [2022-06-23 23:37:26,525] {dag.py:2931} INFO - Setting next_dagrun for example_xcom_args to None, run_after=None
[2022-06-23 23:37:26,526] {logging_mixin.py:115} INFO - [2022-06-23 23:37:26,526] {dag.py:2931} INFO - Setting next_dagrun for example_xcom_args_with_operators to None, run_after=None
[2022-06-23 23:37:26,551] {processor.py:161} INFO - Processing /home/airflow/.local/lib/python3.7/site-packages/airflow/example_dags/example_xcomargs.py took 0.282 seconds
[2022-06-23 23:37:56,587] {processor.py:153} INFO - Started process (PID=956) to work on /home/airflow/.local/lib/python3.7/site-packages/airflow/example_dags/example_xcomargs.py
[2022-06-23 23:37:56,588] {processor.py:641} INFO - Processing file /home/airflow/.local/lib/python3.7/site-packages/airflow/example_dags/example_xcomargs.py for tasks to queue
[2022-06-23 23:37:56,589] {logging_mixin.py:115} INFO - [2022-06-23 23:37:56,589] {dagbag.py:507} INFO - Filling up the DagBag from /home/airflow/.local/lib/python3.7/site-packages/airflow/example_dags/example_xcomargs.py
[2022-06-23 23:37:56,614] {processor.py:651} INFO - DAG(s) dict_keys(['example_xcom_args', 'example_xcom_args_with_operators']) retrieved from /home/airflow/.local/lib/python3.7/site-packages/airflow/example_dags/example_xcomargs.py
[2022-06-23 23:37:56,801] {logging_mixin.py:115} INFO - [2022-06-23 23:37:56,801] {dag.py:2379} INFO - Sync 2 DAGs
[2022-06-23 23:37:56,820] {logging_mixin.py:115} INFO - [2022-06-23 23:37:56,820] {dag.py:2931} INFO - Setting next_dagrun for example_xcom_args to None, run_after=None
[2022-06-23 23:37:56,821] {logging_mixin.py:115} INFO - [2022-06-23 23:37:56,821] {dag.py:2931} INFO - Setting next_dagrun for example_xcom_args_with_operators to None, run_after=None
[2022-06-23 23:37:56,844] {processor.py:161} INFO - Processing /home/airflow/.local/lib/python3.7/site-packages/airflow/example_dags/example_xcomargs.py took 0.261 seconds
[2022-06-23 23:38:27,153] {processor.py:153} INFO - Started process (PID=1019) to work on /home/airflow/.local/lib/python3.7/site-packages/airflow/example_dags/example_xcomargs.py
[2022-06-23 23:38:27,210] {processor.py:641} INFO - Processing file /home/airflow/.local/lib/python3.7/site-packages/airflow/example_dags/example_xcomargs.py for tasks to queue
[2022-06-23 23:38:27,210] {logging_mixin.py:115} INFO - [2022-06-23 23:38:27,210] {dagbag.py:507} INFO - Filling up the DagBag from /home/airflow/.local/lib/python3.7/site-packages/airflow/example_dags/example_xcomargs.py
[2022-06-23 23:38:27,233] {processor.py:651} INFO - DAG(s) dict_keys(['example_xcom_args', 'example_xcom_args_with_operators']) retrieved from /home/airflow/.local/lib/python3.7/site-packages/airflow/example_dags/example_xcomargs.py
[2022-06-23 23:38:27,264] {logging_mixin.py:115} INFO - [2022-06-23 23:38:27,264] {dag.py:2379} INFO - Sync 2 DAGs
[2022-06-23 23:38:27,393] {logging_mixin.py:115} INFO - [2022-06-23 23:38:27,393] {dag.py:2931} INFO - Setting next_dagrun for example_xcom_args to None, run_after=None
[2022-06-23 23:38:27,393] {logging_mixin.py:115} INFO - [2022-06-23 23:38:27,393] {dag.py:2931} INFO - Setting next_dagrun for example_xcom_args_with_operators to None, run_after=None
[2022-06-23 23:38:27,410] {processor.py:161} INFO - Processing /home/airflow/.local/lib/python3.7/site-packages/airflow/example_dags/example_xcomargs.py took 0.261 seconds
[2022-06-23 23:38:57,567] {processor.py:153} INFO - Started process (PID=1081) to work on /home/airflow/.local/lib/python3.7/site-packages/airflow/example_dags/example_xcomargs.py
[2022-06-23 23:38:57,700] {processor.py:641} INFO - Processing file /home/airflow/.local/lib/python3.7/site-packages/airflow/example_dags/example_xcomargs.py for tasks to queue
[2022-06-23 23:38:57,702] {logging_mixin.py:115} INFO - [2022-06-23 23:38:57,701] {dagbag.py:507} INFO - Filling up the DagBag from /home/airflow/.local/lib/python3.7/site-packages/airflow/example_dags/example_xcomargs.py
[2022-06-23 23:38:57,727] {processor.py:651} INFO - DAG(s) dict_keys(['example_xcom_args', 'example_xcom_args_with_operators']) retrieved from /home/airflow/.local/lib/python3.7/site-packages/airflow/example_dags/example_xcomargs.py
[2022-06-23 23:38:57,917] {logging_mixin.py:115} INFO - [2022-06-23 23:38:57,917] {dag.py:2379} INFO - Sync 2 DAGs
[2022-06-23 23:38:57,937] {logging_mixin.py:115} INFO - [2022-06-23 23:38:57,937] {dag.py:2931} INFO - Setting next_dagrun for example_xcom_args to None, run_after=None
[2022-06-23 23:38:57,937] {logging_mixin.py:115} INFO - [2022-06-23 23:38:57,937] {dag.py:2931} INFO - Setting next_dagrun for example_xcom_args_with_operators to None, run_after=None
[2022-06-23 23:38:57,958] {processor.py:161} INFO - Processing /home/airflow/.local/lib/python3.7/site-packages/airflow/example_dags/example_xcomargs.py took 0.393 seconds
[2022-06-23 23:39:28,028] {processor.py:153} INFO - Started process (PID=1137) to work on /home/airflow/.local/lib/python3.7/site-packages/airflow/example_dags/example_xcomargs.py
[2022-06-23 23:39:28,028] {processor.py:641} INFO - Processing file /home/airflow/.local/lib/python3.7/site-packages/airflow/example_dags/example_xcomargs.py for tasks to queue
[2022-06-23 23:39:28,029] {logging_mixin.py:115} INFO - [2022-06-23 23:39:28,029] {dagbag.py:507} INFO - Filling up the DagBag from /home/airflow/.local/lib/python3.7/site-packages/airflow/example_dags/example_xcomargs.py
[2022-06-23 23:39:28,051] {processor.py:651} INFO - DAG(s) dict_keys(['example_xcom_args', 'example_xcom_args_with_operators']) retrieved from /home/airflow/.local/lib/python3.7/site-packages/airflow/example_dags/example_xcomargs.py
[2022-06-23 23:39:28,214] {logging_mixin.py:115} INFO - [2022-06-23 23:39:28,214] {dag.py:2379} INFO - Sync 2 DAGs
[2022-06-23 23:39:28,237] {logging_mixin.py:115} INFO - [2022-06-23 23:39:28,237] {dag.py:2931} INFO - Setting next_dagrun for example_xcom_args to None, run_after=None
[2022-06-23 23:39:28,237] {logging_mixin.py:115} INFO - [2022-06-23 23:39:28,237] {dag.py:2931} INFO - Setting next_dagrun for example_xcom_args_with_operators to None, run_after=None
[2022-06-23 23:39:28,256] {processor.py:161} INFO - Processing /home/airflow/.local/lib/python3.7/site-packages/airflow/example_dags/example_xcomargs.py took 0.232 seconds
[2022-06-23 23:39:58,442] {processor.py:153} INFO - Started process (PID=1204) to work on /home/airflow/.local/lib/python3.7/site-packages/airflow/example_dags/example_xcomargs.py
[2022-06-23 23:39:58,442] {processor.py:641} INFO - Processing file /home/airflow/.local/lib/python3.7/site-packages/airflow/example_dags/example_xcomargs.py for tasks to queue
[2022-06-23 23:39:58,443] {logging_mixin.py:115} INFO - [2022-06-23 23:39:58,443] {dagbag.py:507} INFO - Filling up the DagBag from /home/airflow/.local/lib/python3.7/site-packages/airflow/example_dags/example_xcomargs.py
[2022-06-23 23:39:58,460] {processor.py:651} INFO - DAG(s) dict_keys(['example_xcom_args', 'example_xcom_args_with_operators']) retrieved from /home/airflow/.local/lib/python3.7/site-packages/airflow/example_dags/example_xcomargs.py
[2022-06-23 23:39:58,639] {logging_mixin.py:115} INFO - [2022-06-23 23:39:58,639] {dag.py:2379} INFO - Sync 2 DAGs
[2022-06-23 23:39:58,661] {logging_mixin.py:115} INFO - [2022-06-23 23:39:58,661] {dag.py:2931} INFO - Setting next_dagrun for example_xcom_args to None, run_after=None
[2022-06-23 23:39:58,661] {logging_mixin.py:115} INFO - [2022-06-23 23:39:58,661] {dag.py:2931} INFO - Setting next_dagrun for example_xcom_args_with_operators to None, run_after=None
[2022-06-23 23:39:58,692] {processor.py:161} INFO - Processing /home/airflow/.local/lib/python3.7/site-packages/airflow/example_dags/example_xcomargs.py took 0.255 seconds
[2022-06-23 23:40:28,871] {processor.py:153} INFO - Started process (PID=1258) to work on /home/airflow/.local/lib/python3.7/site-packages/airflow/example_dags/example_xcomargs.py
[2022-06-23 23:40:28,884] {processor.py:641} INFO - Processing file /home/airflow/.local/lib/python3.7/site-packages/airflow/example_dags/example_xcomargs.py for tasks to queue
[2022-06-23 23:40:28,884] {logging_mixin.py:115} INFO - [2022-06-23 23:40:28,884] {dagbag.py:507} INFO - Filling up the DagBag from /home/airflow/.local/lib/python3.7/site-packages/airflow/example_dags/example_xcomargs.py
[2022-06-23 23:40:28,906] {processor.py:651} INFO - DAG(s) dict_keys(['example_xcom_args', 'example_xcom_args_with_operators']) retrieved from /home/airflow/.local/lib/python3.7/site-packages/airflow/example_dags/example_xcomargs.py
[2022-06-23 23:40:29,058] {logging_mixin.py:115} INFO - [2022-06-23 23:40:29,058] {dag.py:2379} INFO - Sync 2 DAGs
[2022-06-23 23:40:29,078] {logging_mixin.py:115} INFO - [2022-06-23 23:40:29,078] {dag.py:2931} INFO - Setting next_dagrun for example_xcom_args to None, run_after=None
[2022-06-23 23:40:29,078] {logging_mixin.py:115} INFO - [2022-06-23 23:40:29,078] {dag.py:2931} INFO - Setting next_dagrun for example_xcom_args_with_operators to None, run_after=None
[2022-06-23 23:40:29,103] {processor.py:161} INFO - Processing /home/airflow/.local/lib/python3.7/site-packages/airflow/example_dags/example_xcomargs.py took 0.235 seconds
[2022-06-23 23:40:59,197] {processor.py:153} INFO - Started process (PID=1321) to work on /home/airflow/.local/lib/python3.7/site-packages/airflow/example_dags/example_xcomargs.py
[2022-06-23 23:40:59,197] {processor.py:641} INFO - Processing file /home/airflow/.local/lib/python3.7/site-packages/airflow/example_dags/example_xcomargs.py for tasks to queue
[2022-06-23 23:40:59,198] {logging_mixin.py:115} INFO - [2022-06-23 23:40:59,198] {dagbag.py:507} INFO - Filling up the DagBag from /home/airflow/.local/lib/python3.7/site-packages/airflow/example_dags/example_xcomargs.py
[2022-06-23 23:40:59,212] {processor.py:651} INFO - DAG(s) dict_keys(['example_xcom_args', 'example_xcom_args_with_operators']) retrieved from /home/airflow/.local/lib/python3.7/site-packages/airflow/example_dags/example_xcomargs.py
[2022-06-23 23:40:59,238] {logging_mixin.py:115} INFO - [2022-06-23 23:40:59,238] {dag.py:2379} INFO - Sync 2 DAGs
[2022-06-23 23:40:59,344] {logging_mixin.py:115} INFO - [2022-06-23 23:40:59,344] {dag.py:2931} INFO - Setting next_dagrun for example_xcom_args to None, run_after=None
[2022-06-23 23:40:59,344] {logging_mixin.py:115} INFO - [2022-06-23 23:40:59,344] {dag.py:2931} INFO - Setting next_dagrun for example_xcom_args_with_operators to None, run_after=None
[2022-06-23 23:40:59,359] {processor.py:161} INFO - Processing /home/airflow/.local/lib/python3.7/site-packages/airflow/example_dags/example_xcomargs.py took 0.165 seconds
[2022-06-23 23:41:29,793] {processor.py:153} INFO - Started process (PID=1384) to work on /home/airflow/.local/lib/python3.7/site-packages/airflow/example_dags/example_xcomargs.py
[2022-06-23 23:41:29,794] {processor.py:641} INFO - Processing file /home/airflow/.local/lib/python3.7/site-packages/airflow/example_dags/example_xcomargs.py for tasks to queue
[2022-06-23 23:41:29,794] {logging_mixin.py:115} INFO - [2022-06-23 23:41:29,794] {dagbag.py:507} INFO - Filling up the DagBag from /home/airflow/.local/lib/python3.7/site-packages/airflow/example_dags/example_xcomargs.py
[2022-06-23 23:41:29,812] {processor.py:651} INFO - DAG(s) dict_keys(['example_xcom_args', 'example_xcom_args_with_operators']) retrieved from /home/airflow/.local/lib/python3.7/site-packages/airflow/example_dags/example_xcomargs.py
[2022-06-23 23:41:29,980] {logging_mixin.py:115} INFO - [2022-06-23 23:41:29,980] {dag.py:2379} INFO - Sync 2 DAGs
[2022-06-23 23:41:30,006] {logging_mixin.py:115} INFO - [2022-06-23 23:41:30,006] {dag.py:2931} INFO - Setting next_dagrun for example_xcom_args to None, run_after=None
[2022-06-23 23:41:30,007] {logging_mixin.py:115} INFO - [2022-06-23 23:41:30,007] {dag.py:2931} INFO - Setting next_dagrun for example_xcom_args_with_operators to None, run_after=None
[2022-06-23 23:41:30,026] {processor.py:161} INFO - Processing /home/airflow/.local/lib/python3.7/site-packages/airflow/example_dags/example_xcomargs.py took 0.237 seconds
[2022-06-23 23:42:00,235] {processor.py:153} INFO - Started process (PID=1438) to work on /home/airflow/.local/lib/python3.7/site-packages/airflow/example_dags/example_xcomargs.py
[2022-06-23 23:42:00,244] {processor.py:641} INFO - Processing file /home/airflow/.local/lib/python3.7/site-packages/airflow/example_dags/example_xcomargs.py for tasks to queue
[2022-06-23 23:42:00,244] {logging_mixin.py:115} INFO - [2022-06-23 23:42:00,244] {dagbag.py:507} INFO - Filling up the DagBag from /home/airflow/.local/lib/python3.7/site-packages/airflow/example_dags/example_xcomargs.py
[2022-06-23 23:42:00,265] {processor.py:651} INFO - DAG(s) dict_keys(['example_xcom_args', 'example_xcom_args_with_operators']) retrieved from /home/airflow/.local/lib/python3.7/site-packages/airflow/example_dags/example_xcomargs.py
[2022-06-23 23:42:00,294] {logging_mixin.py:115} INFO - [2022-06-23 23:42:00,294] {dag.py:2379} INFO - Sync 2 DAGs
[2022-06-23 23:42:00,402] {logging_mixin.py:115} INFO - [2022-06-23 23:42:00,402] {dag.py:2931} INFO - Setting next_dagrun for example_xcom_args to None, run_after=None
[2022-06-23 23:42:00,402] {logging_mixin.py:115} INFO - [2022-06-23 23:42:00,402] {dag.py:2931} INFO - Setting next_dagrun for example_xcom_args_with_operators to None, run_after=None
[2022-06-23 23:42:00,430] {processor.py:161} INFO - Processing /home/airflow/.local/lib/python3.7/site-packages/airflow/example_dags/example_xcomargs.py took 0.199 seconds
[2022-06-23 23:42:30,921] {processor.py:153} INFO - Started process (PID=1501) to work on /home/airflow/.local/lib/python3.7/site-packages/airflow/example_dags/example_xcomargs.py
[2022-06-23 23:42:30,921] {processor.py:641} INFO - Processing file /home/airflow/.local/lib/python3.7/site-packages/airflow/example_dags/example_xcomargs.py for tasks to queue
[2022-06-23 23:42:30,922] {logging_mixin.py:115} INFO - [2022-06-23 23:42:30,922] {dagbag.py:507} INFO - Filling up the DagBag from /home/airflow/.local/lib/python3.7/site-packages/airflow/example_dags/example_xcomargs.py
[2022-06-23 23:42:30,938] {processor.py:651} INFO - DAG(s) dict_keys(['example_xcom_args', 'example_xcom_args_with_operators']) retrieved from /home/airflow/.local/lib/python3.7/site-packages/airflow/example_dags/example_xcomargs.py
[2022-06-23 23:42:31,099] {logging_mixin.py:115} INFO - [2022-06-23 23:42:31,099] {dag.py:2379} INFO - Sync 2 DAGs
[2022-06-23 23:42:31,119] {logging_mixin.py:115} INFO - [2022-06-23 23:42:31,119] {dag.py:2931} INFO - Setting next_dagrun for example_xcom_args to None, run_after=None
[2022-06-23 23:42:31,119] {logging_mixin.py:115} INFO - [2022-06-23 23:42:31,119] {dag.py:2931} INFO - Setting next_dagrun for example_xcom_args_with_operators to None, run_after=None
[2022-06-23 23:42:31,133] {processor.py:161} INFO - Processing /home/airflow/.local/lib/python3.7/site-packages/airflow/example_dags/example_xcomargs.py took 0.217 seconds
[2022-06-23 23:43:01,512] {processor.py:153} INFO - Started process (PID=1564) to work on /home/airflow/.local/lib/python3.7/site-packages/airflow/example_dags/example_xcomargs.py
[2022-06-23 23:43:01,520] {processor.py:641} INFO - Processing file /home/airflow/.local/lib/python3.7/site-packages/airflow/example_dags/example_xcomargs.py for tasks to queue
[2022-06-23 23:43:01,520] {logging_mixin.py:115} INFO - [2022-06-23 23:43:01,520] {dagbag.py:507} INFO - Filling up the DagBag from /home/airflow/.local/lib/python3.7/site-packages/airflow/example_dags/example_xcomargs.py
[2022-06-23 23:43:01,541] {processor.py:651} INFO - DAG(s) dict_keys(['example_xcom_args', 'example_xcom_args_with_operators']) retrieved from /home/airflow/.local/lib/python3.7/site-packages/airflow/example_dags/example_xcomargs.py
[2022-06-23 23:43:01,707] {logging_mixin.py:115} INFO - [2022-06-23 23:43:01,707] {dag.py:2379} INFO - Sync 2 DAGs
[2022-06-23 23:43:01,731] {logging_mixin.py:115} INFO - [2022-06-23 23:43:01,731] {dag.py:2931} INFO - Setting next_dagrun for example_xcom_args to None, run_after=None
[2022-06-23 23:43:01,731] {logging_mixin.py:115} INFO - [2022-06-23 23:43:01,731] {dag.py:2931} INFO - Setting next_dagrun for example_xcom_args_with_operators to None, run_after=None
[2022-06-23 23:43:01,755] {processor.py:161} INFO - Processing /home/airflow/.local/lib/python3.7/site-packages/airflow/example_dags/example_xcomargs.py took 0.247 seconds
[2022-06-23 23:43:32,054] {processor.py:153} INFO - Started process (PID=1618) to work on /home/airflow/.local/lib/python3.7/site-packages/airflow/example_dags/example_xcomargs.py
[2022-06-23 23:43:32,061] {processor.py:641} INFO - Processing file /home/airflow/.local/lib/python3.7/site-packages/airflow/example_dags/example_xcomargs.py for tasks to queue
[2022-06-23 23:43:32,062] {logging_mixin.py:115} INFO - [2022-06-23 23:43:32,062] {dagbag.py:507} INFO - Filling up the DagBag from /home/airflow/.local/lib/python3.7/site-packages/airflow/example_dags/example_xcomargs.py
[2022-06-23 23:43:32,080] {processor.py:651} INFO - DAG(s) dict_keys(['example_xcom_args', 'example_xcom_args_with_operators']) retrieved from /home/airflow/.local/lib/python3.7/site-packages/airflow/example_dags/example_xcomargs.py
[2022-06-23 23:43:32,253] {logging_mixin.py:115} INFO - [2022-06-23 23:43:32,253] {dag.py:2379} INFO - Sync 2 DAGs
[2022-06-23 23:43:32,294] {logging_mixin.py:115} INFO - [2022-06-23 23:43:32,294] {dag.py:2931} INFO - Setting next_dagrun for example_xcom_args to None, run_after=None
[2022-06-23 23:43:32,294] {logging_mixin.py:115} INFO - [2022-06-23 23:43:32,294] {dag.py:2931} INFO - Setting next_dagrun for example_xcom_args_with_operators to None, run_after=None
[2022-06-23 23:43:32,352] {processor.py:161} INFO - Processing /home/airflow/.local/lib/python3.7/site-packages/airflow/example_dags/example_xcomargs.py took 0.303 seconds
[2022-06-23 23:44:02,656] {processor.py:153} INFO - Started process (PID=1681) to work on /home/airflow/.local/lib/python3.7/site-packages/airflow/example_dags/example_xcomargs.py
[2022-06-23 23:44:02,657] {processor.py:641} INFO - Processing file /home/airflow/.local/lib/python3.7/site-packages/airflow/example_dags/example_xcomargs.py for tasks to queue
[2022-06-23 23:44:02,658] {logging_mixin.py:115} INFO - [2022-06-23 23:44:02,658] {dagbag.py:507} INFO - Filling up the DagBag from /home/airflow/.local/lib/python3.7/site-packages/airflow/example_dags/example_xcomargs.py
[2022-06-23 23:44:02,673] {processor.py:651} INFO - DAG(s) dict_keys(['example_xcom_args', 'example_xcom_args_with_operators']) retrieved from /home/airflow/.local/lib/python3.7/site-packages/airflow/example_dags/example_xcomargs.py
[2022-06-23 23:44:02,698] {logging_mixin.py:115} INFO - [2022-06-23 23:44:02,698] {dag.py:2379} INFO - Sync 2 DAGs
[2022-06-23 23:44:02,806] {logging_mixin.py:115} INFO - [2022-06-23 23:44:02,806] {dag.py:2931} INFO - Setting next_dagrun for example_xcom_args to None, run_after=None
[2022-06-23 23:44:02,806] {logging_mixin.py:115} INFO - [2022-06-23 23:44:02,806] {dag.py:2931} INFO - Setting next_dagrun for example_xcom_args_with_operators to None, run_after=None
[2022-06-23 23:44:02,827] {processor.py:161} INFO - Processing /home/airflow/.local/lib/python3.7/site-packages/airflow/example_dags/example_xcomargs.py took 0.175 seconds
[2022-06-23 23:44:33,212] {processor.py:153} INFO - Started process (PID=1745) to work on /home/airflow/.local/lib/python3.7/site-packages/airflow/example_dags/example_xcomargs.py
[2022-06-23 23:44:33,212] {processor.py:641} INFO - Processing file /home/airflow/.local/lib/python3.7/site-packages/airflow/example_dags/example_xcomargs.py for tasks to queue
[2022-06-23 23:44:33,212] {logging_mixin.py:115} INFO - [2022-06-23 23:44:33,212] {dagbag.py:507} INFO - Filling up the DagBag from /home/airflow/.local/lib/python3.7/site-packages/airflow/example_dags/example_xcomargs.py
[2022-06-23 23:44:33,228] {processor.py:651} INFO - DAG(s) dict_keys(['example_xcom_args', 'example_xcom_args_with_operators']) retrieved from /home/airflow/.local/lib/python3.7/site-packages/airflow/example_dags/example_xcomargs.py
[2022-06-23 23:44:33,400] {logging_mixin.py:115} INFO - [2022-06-23 23:44:33,400] {dag.py:2379} INFO - Sync 2 DAGs
[2022-06-23 23:44:33,424] {logging_mixin.py:115} INFO - [2022-06-23 23:44:33,424] {dag.py:2931} INFO - Setting next_dagrun for example_xcom_args to None, run_after=None
[2022-06-23 23:44:33,425] {logging_mixin.py:115} INFO - [2022-06-23 23:44:33,425] {dag.py:2931} INFO - Setting next_dagrun for example_xcom_args_with_operators to None, run_after=None
[2022-06-23 23:44:33,452] {processor.py:161} INFO - Processing /home/airflow/.local/lib/python3.7/site-packages/airflow/example_dags/example_xcomargs.py took 0.243 seconds
[2022-06-23 23:45:03,730] {processor.py:153} INFO - Started process (PID=1800) to work on /home/airflow/.local/lib/python3.7/site-packages/airflow/example_dags/example_xcomargs.py
[2022-06-23 23:45:03,730] {processor.py:641} INFO - Processing file /home/airflow/.local/lib/python3.7/site-packages/airflow/example_dags/example_xcomargs.py for tasks to queue
[2022-06-23 23:45:03,731] {logging_mixin.py:115} INFO - [2022-06-23 23:45:03,731] {dagbag.py:507} INFO - Filling up the DagBag from /home/airflow/.local/lib/python3.7/site-packages/airflow/example_dags/example_xcomargs.py
[2022-06-23 23:45:03,755] {processor.py:651} INFO - DAG(s) dict_keys(['example_xcom_args', 'example_xcom_args_with_operators']) retrieved from /home/airflow/.local/lib/python3.7/site-packages/airflow/example_dags/example_xcomargs.py
[2022-06-23 23:45:03,913] {logging_mixin.py:115} INFO - [2022-06-23 23:45:03,913] {dag.py:2379} INFO - Sync 2 DAGs
[2022-06-23 23:45:03,931] {logging_mixin.py:115} INFO - [2022-06-23 23:45:03,931] {dag.py:2931} INFO - Setting next_dagrun for example_xcom_args to None, run_after=None
[2022-06-23 23:45:03,931] {logging_mixin.py:115} INFO - [2022-06-23 23:45:03,931] {dag.py:2931} INFO - Setting next_dagrun for example_xcom_args_with_operators to None, run_after=None
[2022-06-23 23:45:03,951] {processor.py:161} INFO - Processing /home/airflow/.local/lib/python3.7/site-packages/airflow/example_dags/example_xcomargs.py took 0.225 seconds
[2022-06-23 23:45:34,279] {processor.py:153} INFO - Started process (PID=1862) to work on /home/airflow/.local/lib/python3.7/site-packages/airflow/example_dags/example_xcomargs.py
[2022-06-23 23:45:34,279] {processor.py:641} INFO - Processing file /home/airflow/.local/lib/python3.7/site-packages/airflow/example_dags/example_xcomargs.py for tasks to queue
[2022-06-23 23:45:34,280] {logging_mixin.py:115} INFO - [2022-06-23 23:45:34,280] {dagbag.py:507} INFO - Filling up the DagBag from /home/airflow/.local/lib/python3.7/site-packages/airflow/example_dags/example_xcomargs.py
[2022-06-23 23:45:34,296] {processor.py:651} INFO - DAG(s) dict_keys(['example_xcom_args', 'example_xcom_args_with_operators']) retrieved from /home/airflow/.local/lib/python3.7/site-packages/airflow/example_dags/example_xcomargs.py
[2022-06-23 23:45:34,446] {logging_mixin.py:115} INFO - [2022-06-23 23:45:34,446] {dag.py:2379} INFO - Sync 2 DAGs
[2022-06-23 23:45:34,464] {logging_mixin.py:115} INFO - [2022-06-23 23:45:34,464] {dag.py:2931} INFO - Setting next_dagrun for example_xcom_args to None, run_after=None
[2022-06-23 23:45:34,464] {logging_mixin.py:115} INFO - [2022-06-23 23:45:34,464] {dag.py:2931} INFO - Setting next_dagrun for example_xcom_args_with_operators to None, run_after=None
[2022-06-23 23:45:34,480] {processor.py:161} INFO - Processing /home/airflow/.local/lib/python3.7/site-packages/airflow/example_dags/example_xcomargs.py took 0.205 seconds
