[2022-06-23 01:17:30,315] {processor.py:153} INFO - Started process (PID=102) to work on /home/airflow/.local/lib/python3.7/site-packages/airflow/example_dags/example_short_circuit_operator.py
[2022-06-23 01:17:30,315] {processor.py:641} INFO - Processing file /home/airflow/.local/lib/python3.7/site-packages/airflow/example_dags/example_short_circuit_operator.py for tasks to queue
[2022-06-23 01:17:30,316] {logging_mixin.py:115} INFO - [2022-06-23 01:17:30,316] {dagbag.py:507} INFO - Filling up the DagBag from /home/airflow/.local/lib/python3.7/site-packages/airflow/example_dags/example_short_circuit_operator.py
[2022-06-23 01:17:30,325] {processor.py:651} INFO - DAG(s) dict_keys(['example_short_circuit_operator']) retrieved from /home/airflow/.local/lib/python3.7/site-packages/airflow/example_dags/example_short_circuit_operator.py
[2022-06-23 01:17:30,356] {logging_mixin.py:115} INFO - [2022-06-23 01:17:30,356] {dag.py:2379} INFO - Sync 1 DAGs
[2022-06-23 01:17:30,381] {logging_mixin.py:115} INFO - [2022-06-23 01:17:30,381] {dag.py:2931} INFO - Setting next_dagrun for example_short_circuit_operator to 2022-06-22T01:17:30.381095+00:00, run_after=2022-06-23T01:17:30.381095+00:00
[2022-06-23 01:17:30,422] {processor.py:161} INFO - Processing /home/airflow/.local/lib/python3.7/site-packages/airflow/example_dags/example_short_circuit_operator.py took 0.109 seconds
[2022-06-23 01:18:00,506] {processor.py:153} INFO - Started process (PID=163) to work on /home/airflow/.local/lib/python3.7/site-packages/airflow/example_dags/example_short_circuit_operator.py
[2022-06-23 01:18:00,521] {processor.py:641} INFO - Processing file /home/airflow/.local/lib/python3.7/site-packages/airflow/example_dags/example_short_circuit_operator.py for tasks to queue
[2022-06-23 01:18:00,522] {logging_mixin.py:115} INFO - [2022-06-23 01:18:00,522] {dagbag.py:507} INFO - Filling up the DagBag from /home/airflow/.local/lib/python3.7/site-packages/airflow/example_dags/example_short_circuit_operator.py
[2022-06-23 01:18:00,538] {processor.py:651} INFO - DAG(s) dict_keys(['example_short_circuit_operator']) retrieved from /home/airflow/.local/lib/python3.7/site-packages/airflow/example_dags/example_short_circuit_operator.py
[2022-06-23 01:18:00,565] {logging_mixin.py:115} INFO - [2022-06-23 01:18:00,565] {dag.py:2379} INFO - Sync 1 DAGs
[2022-06-23 01:18:00,585] {logging_mixin.py:115} INFO - [2022-06-23 01:18:00,585] {dag.py:2931} INFO - Setting next_dagrun for example_short_circuit_operator to 2022-06-22T01:18:00.585664+00:00, run_after=2022-06-23T01:18:00.585664+00:00
[2022-06-23 01:18:00,601] {processor.py:161} INFO - Processing /home/airflow/.local/lib/python3.7/site-packages/airflow/example_dags/example_short_circuit_operator.py took 0.099 seconds
[2022-06-23 23:30:22,755] {processor.py:153} INFO - Started process (PID=65) to work on /home/airflow/.local/lib/python3.7/site-packages/airflow/example_dags/example_short_circuit_operator.py
[2022-06-23 23:30:22,762] {processor.py:641} INFO - Processing file /home/airflow/.local/lib/python3.7/site-packages/airflow/example_dags/example_short_circuit_operator.py for tasks to queue
[2022-06-23 23:30:22,763] {logging_mixin.py:115} INFO - [2022-06-23 23:30:22,762] {dagbag.py:507} INFO - Filling up the DagBag from /home/airflow/.local/lib/python3.7/site-packages/airflow/example_dags/example_short_circuit_operator.py
[2022-06-23 23:30:22,773] {processor.py:651} INFO - DAG(s) dict_keys(['example_short_circuit_operator']) retrieved from /home/airflow/.local/lib/python3.7/site-packages/airflow/example_dags/example_short_circuit_operator.py
[2022-06-23 23:30:22,955] {logging_mixin.py:115} INFO - [2022-06-23 23:30:22,955] {dag.py:2379} INFO - Sync 1 DAGs
[2022-06-23 23:30:22,976] {logging_mixin.py:115} INFO - [2022-06-23 23:30:22,975] {dag.py:2931} INFO - Setting next_dagrun for example_short_circuit_operator to 2022-06-22T23:30:22.975764+00:00, run_after=2022-06-23T23:30:22.975764+00:00
[2022-06-23 23:30:23,021] {processor.py:161} INFO - Processing /home/airflow/.local/lib/python3.7/site-packages/airflow/example_dags/example_short_circuit_operator.py took 0.268 seconds
[2022-06-23 23:30:53,642] {processor.py:153} INFO - Started process (PID=132) to work on /home/airflow/.local/lib/python3.7/site-packages/airflow/example_dags/example_short_circuit_operator.py
[2022-06-23 23:30:53,643] {processor.py:641} INFO - Processing file /home/airflow/.local/lib/python3.7/site-packages/airflow/example_dags/example_short_circuit_operator.py for tasks to queue
[2022-06-23 23:30:53,644] {logging_mixin.py:115} INFO - [2022-06-23 23:30:53,644] {dagbag.py:507} INFO - Filling up the DagBag from /home/airflow/.local/lib/python3.7/site-packages/airflow/example_dags/example_short_circuit_operator.py
[2022-06-23 23:30:53,653] {processor.py:651} INFO - DAG(s) dict_keys(['example_short_circuit_operator']) retrieved from /home/airflow/.local/lib/python3.7/site-packages/airflow/example_dags/example_short_circuit_operator.py
[2022-06-23 23:30:53,682] {logging_mixin.py:115} INFO - [2022-06-23 23:30:53,682] {dag.py:2379} INFO - Sync 1 DAGs
[2022-06-23 23:30:53,705] {logging_mixin.py:115} INFO - [2022-06-23 23:30:53,705] {dag.py:2931} INFO - Setting next_dagrun for example_short_circuit_operator to 2022-06-22T23:30:53.705606+00:00, run_after=2022-06-23T23:30:53.705606+00:00
[2022-06-23 23:30:53,798] {processor.py:161} INFO - Processing /home/airflow/.local/lib/python3.7/site-packages/airflow/example_dags/example_short_circuit_operator.py took 0.161 seconds
[2022-06-23 23:31:24,395] {processor.py:153} INFO - Started process (PID=188) to work on /home/airflow/.local/lib/python3.7/site-packages/airflow/example_dags/example_short_circuit_operator.py
[2022-06-23 23:31:24,395] {processor.py:641} INFO - Processing file /home/airflow/.local/lib/python3.7/site-packages/airflow/example_dags/example_short_circuit_operator.py for tasks to queue
[2022-06-23 23:31:24,396] {logging_mixin.py:115} INFO - [2022-06-23 23:31:24,396] {dagbag.py:507} INFO - Filling up the DagBag from /home/airflow/.local/lib/python3.7/site-packages/airflow/example_dags/example_short_circuit_operator.py
[2022-06-23 23:31:24,402] {processor.py:651} INFO - DAG(s) dict_keys(['example_short_circuit_operator']) retrieved from /home/airflow/.local/lib/python3.7/site-packages/airflow/example_dags/example_short_circuit_operator.py
[2022-06-23 23:31:24,431] {logging_mixin.py:115} INFO - [2022-06-23 23:31:24,431] {dag.py:2379} INFO - Sync 1 DAGs
[2022-06-23 23:31:24,459] {logging_mixin.py:115} INFO - [2022-06-23 23:31:24,459] {dag.py:2931} INFO - Setting next_dagrun for example_short_circuit_operator to 2022-06-22T23:31:24.459373+00:00, run_after=2022-06-23T23:31:24.459373+00:00
[2022-06-23 23:31:24,575] {processor.py:161} INFO - Processing /home/airflow/.local/lib/python3.7/site-packages/airflow/example_dags/example_short_circuit_operator.py took 0.184 seconds
[2022-06-23 23:31:54,764] {processor.py:153} INFO - Started process (PID=251) to work on /home/airflow/.local/lib/python3.7/site-packages/airflow/example_dags/example_short_circuit_operator.py
[2022-06-23 23:31:54,765] {processor.py:641} INFO - Processing file /home/airflow/.local/lib/python3.7/site-packages/airflow/example_dags/example_short_circuit_operator.py for tasks to queue
[2022-06-23 23:31:54,766] {logging_mixin.py:115} INFO - [2022-06-23 23:31:54,766] {dagbag.py:507} INFO - Filling up the DagBag from /home/airflow/.local/lib/python3.7/site-packages/airflow/example_dags/example_short_circuit_operator.py
[2022-06-23 23:31:54,776] {processor.py:651} INFO - DAG(s) dict_keys(['example_short_circuit_operator']) retrieved from /home/airflow/.local/lib/python3.7/site-packages/airflow/example_dags/example_short_circuit_operator.py
[2022-06-23 23:31:54,799] {logging_mixin.py:115} INFO - [2022-06-23 23:31:54,799] {dag.py:2379} INFO - Sync 1 DAGs
[2022-06-23 23:31:54,820] {logging_mixin.py:115} INFO - [2022-06-23 23:31:54,820] {dag.py:2931} INFO - Setting next_dagrun for example_short_circuit_operator to 2022-06-22T23:31:54.820436+00:00, run_after=2022-06-23T23:31:54.820436+00:00
[2022-06-23 23:31:54,917] {processor.py:161} INFO - Processing /home/airflow/.local/lib/python3.7/site-packages/airflow/example_dags/example_short_circuit_operator.py took 0.154 seconds
[2022-06-23 23:32:25,686] {processor.py:153} INFO - Started process (PID=314) to work on /home/airflow/.local/lib/python3.7/site-packages/airflow/example_dags/example_short_circuit_operator.py
[2022-06-23 23:32:25,687] {processor.py:641} INFO - Processing file /home/airflow/.local/lib/python3.7/site-packages/airflow/example_dags/example_short_circuit_operator.py for tasks to queue
[2022-06-23 23:32:25,688] {logging_mixin.py:115} INFO - [2022-06-23 23:32:25,687] {dagbag.py:507} INFO - Filling up the DagBag from /home/airflow/.local/lib/python3.7/site-packages/airflow/example_dags/example_short_circuit_operator.py
[2022-06-23 23:32:25,697] {processor.py:651} INFO - DAG(s) dict_keys(['example_short_circuit_operator']) retrieved from /home/airflow/.local/lib/python3.7/site-packages/airflow/example_dags/example_short_circuit_operator.py
[2022-06-23 23:32:25,730] {logging_mixin.py:115} INFO - [2022-06-23 23:32:25,730] {dag.py:2379} INFO - Sync 1 DAGs
[2022-06-23 23:32:25,767] {logging_mixin.py:115} INFO - [2022-06-23 23:32:25,767] {dag.py:2931} INFO - Setting next_dagrun for example_short_circuit_operator to 2022-06-22T23:32:25.766747+00:00, run_after=2022-06-23T23:32:25.766747+00:00
[2022-06-23 23:32:25,910] {processor.py:161} INFO - Processing /home/airflow/.local/lib/python3.7/site-packages/airflow/example_dags/example_short_circuit_operator.py took 0.228 seconds
[2022-06-23 23:32:55,948] {processor.py:153} INFO - Started process (PID=367) to work on /home/airflow/.local/lib/python3.7/site-packages/airflow/example_dags/example_short_circuit_operator.py
[2022-06-23 23:32:55,948] {processor.py:641} INFO - Processing file /home/airflow/.local/lib/python3.7/site-packages/airflow/example_dags/example_short_circuit_operator.py for tasks to queue
[2022-06-23 23:32:55,949] {logging_mixin.py:115} INFO - [2022-06-23 23:32:55,949] {dagbag.py:507} INFO - Filling up the DagBag from /home/airflow/.local/lib/python3.7/site-packages/airflow/example_dags/example_short_circuit_operator.py
[2022-06-23 23:32:55,957] {processor.py:651} INFO - DAG(s) dict_keys(['example_short_circuit_operator']) retrieved from /home/airflow/.local/lib/python3.7/site-packages/airflow/example_dags/example_short_circuit_operator.py
[2022-06-23 23:32:55,991] {logging_mixin.py:115} INFO - [2022-06-23 23:32:55,991] {dag.py:2379} INFO - Sync 1 DAGs
[2022-06-23 23:32:56,021] {logging_mixin.py:115} INFO - [2022-06-23 23:32:56,021] {dag.py:2931} INFO - Setting next_dagrun for example_short_circuit_operator to 2022-06-22T23:32:56.021333+00:00, run_after=2022-06-23T23:32:56.021333+00:00
[2022-06-23 23:32:56,133] {processor.py:161} INFO - Processing /home/airflow/.local/lib/python3.7/site-packages/airflow/example_dags/example_short_circuit_operator.py took 0.189 seconds
[2022-06-23 23:33:26,249] {processor.py:153} INFO - Started process (PID=430) to work on /home/airflow/.local/lib/python3.7/site-packages/airflow/example_dags/example_short_circuit_operator.py
[2022-06-23 23:33:26,249] {processor.py:641} INFO - Processing file /home/airflow/.local/lib/python3.7/site-packages/airflow/example_dags/example_short_circuit_operator.py for tasks to queue
[2022-06-23 23:33:26,250] {logging_mixin.py:115} INFO - [2022-06-23 23:33:26,249] {dagbag.py:507} INFO - Filling up the DagBag from /home/airflow/.local/lib/python3.7/site-packages/airflow/example_dags/example_short_circuit_operator.py
[2022-06-23 23:33:26,256] {processor.py:651} INFO - DAG(s) dict_keys(['example_short_circuit_operator']) retrieved from /home/airflow/.local/lib/python3.7/site-packages/airflow/example_dags/example_short_circuit_operator.py
[2022-06-23 23:33:26,285] {logging_mixin.py:115} INFO - [2022-06-23 23:33:26,285] {dag.py:2379} INFO - Sync 1 DAGs
[2022-06-23 23:33:26,315] {logging_mixin.py:115} INFO - [2022-06-23 23:33:26,315] {dag.py:2931} INFO - Setting next_dagrun for example_short_circuit_operator to 2022-06-22T23:33:26.315330+00:00, run_after=2022-06-23T23:33:26.315330+00:00
[2022-06-23 23:33:26,451] {processor.py:161} INFO - Processing /home/airflow/.local/lib/python3.7/site-packages/airflow/example_dags/example_short_circuit_operator.py took 0.205 seconds
[2022-06-23 23:33:56,780] {processor.py:153} INFO - Started process (PID=486) to work on /home/airflow/.local/lib/python3.7/site-packages/airflow/example_dags/example_short_circuit_operator.py
[2022-06-23 23:33:56,780] {processor.py:641} INFO - Processing file /home/airflow/.local/lib/python3.7/site-packages/airflow/example_dags/example_short_circuit_operator.py for tasks to queue
[2022-06-23 23:33:56,781] {logging_mixin.py:115} INFO - [2022-06-23 23:33:56,781] {dagbag.py:507} INFO - Filling up the DagBag from /home/airflow/.local/lib/python3.7/site-packages/airflow/example_dags/example_short_circuit_operator.py
[2022-06-23 23:33:56,789] {processor.py:651} INFO - DAG(s) dict_keys(['example_short_circuit_operator']) retrieved from /home/airflow/.local/lib/python3.7/site-packages/airflow/example_dags/example_short_circuit_operator.py
[2022-06-23 23:33:56,811] {logging_mixin.py:115} INFO - [2022-06-23 23:33:56,811] {dag.py:2379} INFO - Sync 1 DAGs
[2022-06-23 23:33:56,833] {logging_mixin.py:115} INFO - [2022-06-23 23:33:56,833] {dag.py:2931} INFO - Setting next_dagrun for example_short_circuit_operator to 2022-06-22T23:33:56.833154+00:00, run_after=2022-06-23T23:33:56.833154+00:00
[2022-06-23 23:33:56,935] {processor.py:161} INFO - Processing /home/airflow/.local/lib/python3.7/site-packages/airflow/example_dags/example_short_circuit_operator.py took 0.159 seconds
[2022-06-23 23:34:27,416] {processor.py:153} INFO - Started process (PID=551) to work on /home/airflow/.local/lib/python3.7/site-packages/airflow/example_dags/example_short_circuit_operator.py
[2022-06-23 23:34:27,416] {processor.py:641} INFO - Processing file /home/airflow/.local/lib/python3.7/site-packages/airflow/example_dags/example_short_circuit_operator.py for tasks to queue
[2022-06-23 23:34:27,417] {logging_mixin.py:115} INFO - [2022-06-23 23:34:27,417] {dagbag.py:507} INFO - Filling up the DagBag from /home/airflow/.local/lib/python3.7/site-packages/airflow/example_dags/example_short_circuit_operator.py
[2022-06-23 23:34:27,424] {processor.py:651} INFO - DAG(s) dict_keys(['example_short_circuit_operator']) retrieved from /home/airflow/.local/lib/python3.7/site-packages/airflow/example_dags/example_short_circuit_operator.py
[2022-06-23 23:34:27,449] {logging_mixin.py:115} INFO - [2022-06-23 23:34:27,448] {dag.py:2379} INFO - Sync 1 DAGs
[2022-06-23 23:34:27,470] {logging_mixin.py:115} INFO - [2022-06-23 23:34:27,470] {dag.py:2931} INFO - Setting next_dagrun for example_short_circuit_operator to 2022-06-22T23:34:27.470601+00:00, run_after=2022-06-23T23:34:27.470601+00:00
[2022-06-23 23:34:27,573] {processor.py:161} INFO - Processing /home/airflow/.local/lib/python3.7/site-packages/airflow/example_dags/example_short_circuit_operator.py took 0.161 seconds
[2022-06-23 23:34:57,753] {processor.py:153} INFO - Started process (PID=613) to work on /home/airflow/.local/lib/python3.7/site-packages/airflow/example_dags/example_short_circuit_operator.py
[2022-06-23 23:34:57,776] {processor.py:641} INFO - Processing file /home/airflow/.local/lib/python3.7/site-packages/airflow/example_dags/example_short_circuit_operator.py for tasks to queue
[2022-06-23 23:34:57,777] {logging_mixin.py:115} INFO - [2022-06-23 23:34:57,777] {dagbag.py:507} INFO - Filling up the DagBag from /home/airflow/.local/lib/python3.7/site-packages/airflow/example_dags/example_short_circuit_operator.py
[2022-06-23 23:34:57,792] {processor.py:651} INFO - DAG(s) dict_keys(['example_short_circuit_operator']) retrieved from /home/airflow/.local/lib/python3.7/site-packages/airflow/example_dags/example_short_circuit_operator.py
[2022-06-23 23:34:57,824] {logging_mixin.py:115} INFO - [2022-06-23 23:34:57,824] {dag.py:2379} INFO - Sync 1 DAGs
[2022-06-23 23:34:57,849] {logging_mixin.py:115} INFO - [2022-06-23 23:34:57,849] {dag.py:2931} INFO - Setting next_dagrun for example_short_circuit_operator to 2022-06-22T23:34:57.849189+00:00, run_after=2022-06-23T23:34:57.849189+00:00
[2022-06-23 23:34:57,969] {processor.py:161} INFO - Processing /home/airflow/.local/lib/python3.7/site-packages/airflow/example_dags/example_short_circuit_operator.py took 0.220 seconds
[2022-06-23 23:35:28,099] {processor.py:153} INFO - Started process (PID=668) to work on /home/airflow/.local/lib/python3.7/site-packages/airflow/example_dags/example_short_circuit_operator.py
[2022-06-23 23:35:28,118] {processor.py:641} INFO - Processing file /home/airflow/.local/lib/python3.7/site-packages/airflow/example_dags/example_short_circuit_operator.py for tasks to queue
[2022-06-23 23:35:28,118] {logging_mixin.py:115} INFO - [2022-06-23 23:35:28,118] {dagbag.py:507} INFO - Filling up the DagBag from /home/airflow/.local/lib/python3.7/site-packages/airflow/example_dags/example_short_circuit_operator.py
[2022-06-23 23:35:28,130] {processor.py:651} INFO - DAG(s) dict_keys(['example_short_circuit_operator']) retrieved from /home/airflow/.local/lib/python3.7/site-packages/airflow/example_dags/example_short_circuit_operator.py
[2022-06-23 23:35:28,159] {logging_mixin.py:115} INFO - [2022-06-23 23:35:28,159] {dag.py:2379} INFO - Sync 1 DAGs
[2022-06-23 23:35:28,183] {logging_mixin.py:115} INFO - [2022-06-23 23:35:28,183] {dag.py:2931} INFO - Setting next_dagrun for example_short_circuit_operator to 2022-06-22T23:35:28.183129+00:00, run_after=2022-06-23T23:35:28.183129+00:00
[2022-06-23 23:35:28,283] {processor.py:161} INFO - Processing /home/airflow/.local/lib/python3.7/site-packages/airflow/example_dags/example_short_circuit_operator.py took 0.188 seconds
[2022-06-23 23:35:58,529] {processor.py:153} INFO - Started process (PID=731) to work on /home/airflow/.local/lib/python3.7/site-packages/airflow/example_dags/example_short_circuit_operator.py
[2022-06-23 23:35:58,542] {processor.py:641} INFO - Processing file /home/airflow/.local/lib/python3.7/site-packages/airflow/example_dags/example_short_circuit_operator.py for tasks to queue
[2022-06-23 23:35:58,543] {logging_mixin.py:115} INFO - [2022-06-23 23:35:58,543] {dagbag.py:507} INFO - Filling up the DagBag from /home/airflow/.local/lib/python3.7/site-packages/airflow/example_dags/example_short_circuit_operator.py
[2022-06-23 23:35:58,557] {processor.py:651} INFO - DAG(s) dict_keys(['example_short_circuit_operator']) retrieved from /home/airflow/.local/lib/python3.7/site-packages/airflow/example_dags/example_short_circuit_operator.py
[2022-06-23 23:35:58,581] {logging_mixin.py:115} INFO - [2022-06-23 23:35:58,581] {dag.py:2379} INFO - Sync 1 DAGs
[2022-06-23 23:35:58,606] {logging_mixin.py:115} INFO - [2022-06-23 23:35:58,605] {dag.py:2931} INFO - Setting next_dagrun for example_short_circuit_operator to 2022-06-22T23:35:58.605299+00:00, run_after=2022-06-23T23:35:58.605299+00:00
[2022-06-23 23:35:58,700] {processor.py:161} INFO - Processing /home/airflow/.local/lib/python3.7/site-packages/airflow/example_dags/example_short_circuit_operator.py took 0.175 seconds
[2022-06-23 23:36:28,884] {processor.py:153} INFO - Started process (PID=794) to work on /home/airflow/.local/lib/python3.7/site-packages/airflow/example_dags/example_short_circuit_operator.py
[2022-06-23 23:36:28,896] {processor.py:641} INFO - Processing file /home/airflow/.local/lib/python3.7/site-packages/airflow/example_dags/example_short_circuit_operator.py for tasks to queue
[2022-06-23 23:36:28,914] {logging_mixin.py:115} INFO - [2022-06-23 23:36:28,914] {dagbag.py:507} INFO - Filling up the DagBag from /home/airflow/.local/lib/python3.7/site-packages/airflow/example_dags/example_short_circuit_operator.py
[2022-06-23 23:36:28,925] {processor.py:651} INFO - DAG(s) dict_keys(['example_short_circuit_operator']) retrieved from /home/airflow/.local/lib/python3.7/site-packages/airflow/example_dags/example_short_circuit_operator.py
[2022-06-23 23:36:28,955] {logging_mixin.py:115} INFO - [2022-06-23 23:36:28,955] {dag.py:2379} INFO - Sync 1 DAGs
[2022-06-23 23:36:28,980] {logging_mixin.py:115} INFO - [2022-06-23 23:36:28,980] {dag.py:2931} INFO - Setting next_dagrun for example_short_circuit_operator to 2022-06-22T23:36:28.980004+00:00, run_after=2022-06-23T23:36:28.980004+00:00
[2022-06-23 23:36:29,120] {processor.py:161} INFO - Processing /home/airflow/.local/lib/python3.7/site-packages/airflow/example_dags/example_short_circuit_operator.py took 0.239 seconds
[2022-06-23 23:36:59,566] {processor.py:153} INFO - Started process (PID=848) to work on /home/airflow/.local/lib/python3.7/site-packages/airflow/example_dags/example_short_circuit_operator.py
[2022-06-23 23:36:59,580] {processor.py:641} INFO - Processing file /home/airflow/.local/lib/python3.7/site-packages/airflow/example_dags/example_short_circuit_operator.py for tasks to queue
[2022-06-23 23:36:59,581] {logging_mixin.py:115} INFO - [2022-06-23 23:36:59,581] {dagbag.py:507} INFO - Filling up the DagBag from /home/airflow/.local/lib/python3.7/site-packages/airflow/example_dags/example_short_circuit_operator.py
[2022-06-23 23:36:59,591] {processor.py:651} INFO - DAG(s) dict_keys(['example_short_circuit_operator']) retrieved from /home/airflow/.local/lib/python3.7/site-packages/airflow/example_dags/example_short_circuit_operator.py
[2022-06-23 23:36:59,621] {logging_mixin.py:115} INFO - [2022-06-23 23:36:59,620] {dag.py:2379} INFO - Sync 1 DAGs
[2022-06-23 23:36:59,645] {logging_mixin.py:115} INFO - [2022-06-23 23:36:59,645] {dag.py:2931} INFO - Setting next_dagrun for example_short_circuit_operator to 2022-06-22T23:36:59.645159+00:00, run_after=2022-06-23T23:36:59.645159+00:00
[2022-06-23 23:36:59,778] {processor.py:161} INFO - Processing /home/airflow/.local/lib/python3.7/site-packages/airflow/example_dags/example_short_circuit_operator.py took 0.215 seconds
[2022-06-23 23:37:30,322] {processor.py:153} INFO - Started process (PID=911) to work on /home/airflow/.local/lib/python3.7/site-packages/airflow/example_dags/example_short_circuit_operator.py
[2022-06-23 23:37:30,323] {processor.py:641} INFO - Processing file /home/airflow/.local/lib/python3.7/site-packages/airflow/example_dags/example_short_circuit_operator.py for tasks to queue
[2022-06-23 23:37:30,324] {logging_mixin.py:115} INFO - [2022-06-23 23:37:30,324] {dagbag.py:507} INFO - Filling up the DagBag from /home/airflow/.local/lib/python3.7/site-packages/airflow/example_dags/example_short_circuit_operator.py
[2022-06-23 23:37:30,333] {processor.py:651} INFO - DAG(s) dict_keys(['example_short_circuit_operator']) retrieved from /home/airflow/.local/lib/python3.7/site-packages/airflow/example_dags/example_short_circuit_operator.py
[2022-06-23 23:37:30,361] {logging_mixin.py:115} INFO - [2022-06-23 23:37:30,361] {dag.py:2379} INFO - Sync 1 DAGs
[2022-06-23 23:37:30,384] {logging_mixin.py:115} INFO - [2022-06-23 23:37:30,384] {dag.py:2931} INFO - Setting next_dagrun for example_short_circuit_operator to 2022-06-22T23:37:30.383893+00:00, run_after=2022-06-23T23:37:30.383893+00:00
[2022-06-23 23:37:30,473] {processor.py:161} INFO - Processing /home/airflow/.local/lib/python3.7/site-packages/airflow/example_dags/example_short_circuit_operator.py took 0.155 seconds
[2022-06-23 23:38:00,586] {processor.py:153} INFO - Started process (PID=975) to work on /home/airflow/.local/lib/python3.7/site-packages/airflow/example_dags/example_short_circuit_operator.py
[2022-06-23 23:38:00,587] {processor.py:641} INFO - Processing file /home/airflow/.local/lib/python3.7/site-packages/airflow/example_dags/example_short_circuit_operator.py for tasks to queue
[2022-06-23 23:38:00,587] {logging_mixin.py:115} INFO - [2022-06-23 23:38:00,587] {dagbag.py:507} INFO - Filling up the DagBag from /home/airflow/.local/lib/python3.7/site-packages/airflow/example_dags/example_short_circuit_operator.py
[2022-06-23 23:38:00,595] {processor.py:651} INFO - DAG(s) dict_keys(['example_short_circuit_operator']) retrieved from /home/airflow/.local/lib/python3.7/site-packages/airflow/example_dags/example_short_circuit_operator.py
[2022-06-23 23:38:00,626] {logging_mixin.py:115} INFO - [2022-06-23 23:38:00,626] {dag.py:2379} INFO - Sync 1 DAGs
[2022-06-23 23:38:00,658] {logging_mixin.py:115} INFO - [2022-06-23 23:38:00,658] {dag.py:2931} INFO - Setting next_dagrun for example_short_circuit_operator to 2022-06-22T23:38:00.658148+00:00, run_after=2022-06-23T23:38:00.658148+00:00
[2022-06-23 23:38:00,775] {processor.py:161} INFO - Processing /home/airflow/.local/lib/python3.7/site-packages/airflow/example_dags/example_short_circuit_operator.py took 0.191 seconds
[2022-06-23 23:38:31,109] {processor.py:153} INFO - Started process (PID=1029) to work on /home/airflow/.local/lib/python3.7/site-packages/airflow/example_dags/example_short_circuit_operator.py
[2022-06-23 23:38:31,109] {processor.py:641} INFO - Processing file /home/airflow/.local/lib/python3.7/site-packages/airflow/example_dags/example_short_circuit_operator.py for tasks to queue
[2022-06-23 23:38:31,110] {logging_mixin.py:115} INFO - [2022-06-23 23:38:31,110] {dagbag.py:507} INFO - Filling up the DagBag from /home/airflow/.local/lib/python3.7/site-packages/airflow/example_dags/example_short_circuit_operator.py
[2022-06-23 23:38:31,120] {processor.py:651} INFO - DAG(s) dict_keys(['example_short_circuit_operator']) retrieved from /home/airflow/.local/lib/python3.7/site-packages/airflow/example_dags/example_short_circuit_operator.py
[2022-06-23 23:38:31,140] {logging_mixin.py:115} INFO - [2022-06-23 23:38:31,140] {dag.py:2379} INFO - Sync 1 DAGs
[2022-06-23 23:38:31,165] {logging_mixin.py:115} INFO - [2022-06-23 23:38:31,165] {dag.py:2931} INFO - Setting next_dagrun for example_short_circuit_operator to 2022-06-22T23:38:31.165531+00:00, run_after=2022-06-23T23:38:31.165531+00:00
[2022-06-23 23:38:31,273] {processor.py:161} INFO - Processing /home/airflow/.local/lib/python3.7/site-packages/airflow/example_dags/example_short_circuit_operator.py took 0.168 seconds
[2022-06-23 23:39:01,544] {processor.py:153} INFO - Started process (PID=1093) to work on /home/airflow/.local/lib/python3.7/site-packages/airflow/example_dags/example_short_circuit_operator.py
[2022-06-23 23:39:01,545] {processor.py:641} INFO - Processing file /home/airflow/.local/lib/python3.7/site-packages/airflow/example_dags/example_short_circuit_operator.py for tasks to queue
[2022-06-23 23:39:01,546] {logging_mixin.py:115} INFO - [2022-06-23 23:39:01,546] {dagbag.py:507} INFO - Filling up the DagBag from /home/airflow/.local/lib/python3.7/site-packages/airflow/example_dags/example_short_circuit_operator.py
[2022-06-23 23:39:01,555] {processor.py:651} INFO - DAG(s) dict_keys(['example_short_circuit_operator']) retrieved from /home/airflow/.local/lib/python3.7/site-packages/airflow/example_dags/example_short_circuit_operator.py
[2022-06-23 23:39:01,578] {logging_mixin.py:115} INFO - [2022-06-23 23:39:01,578] {dag.py:2379} INFO - Sync 1 DAGs
[2022-06-23 23:39:01,600] {logging_mixin.py:115} INFO - [2022-06-23 23:39:01,600] {dag.py:2931} INFO - Setting next_dagrun for example_short_circuit_operator to 2022-06-22T23:39:01.600192+00:00, run_after=2022-06-23T23:39:01.600192+00:00
[2022-06-23 23:39:01,714] {processor.py:161} INFO - Processing /home/airflow/.local/lib/python3.7/site-packages/airflow/example_dags/example_short_circuit_operator.py took 0.174 seconds
[2022-06-23 23:39:32,337] {processor.py:153} INFO - Started process (PID=1156) to work on /home/airflow/.local/lib/python3.7/site-packages/airflow/example_dags/example_short_circuit_operator.py
[2022-06-23 23:39:32,337] {processor.py:641} INFO - Processing file /home/airflow/.local/lib/python3.7/site-packages/airflow/example_dags/example_short_circuit_operator.py for tasks to queue
[2022-06-23 23:39:32,338] {logging_mixin.py:115} INFO - [2022-06-23 23:39:32,338] {dagbag.py:507} INFO - Filling up the DagBag from /home/airflow/.local/lib/python3.7/site-packages/airflow/example_dags/example_short_circuit_operator.py
[2022-06-23 23:39:32,348] {processor.py:651} INFO - DAG(s) dict_keys(['example_short_circuit_operator']) retrieved from /home/airflow/.local/lib/python3.7/site-packages/airflow/example_dags/example_short_circuit_operator.py
[2022-06-23 23:39:32,375] {logging_mixin.py:115} INFO - [2022-06-23 23:39:32,375] {dag.py:2379} INFO - Sync 1 DAGs
[2022-06-23 23:39:32,397] {logging_mixin.py:115} INFO - [2022-06-23 23:39:32,397] {dag.py:2931} INFO - Setting next_dagrun for example_short_circuit_operator to 2022-06-22T23:39:32.397685+00:00, run_after=2022-06-23T23:39:32.397685+00:00
[2022-06-23 23:39:32,498] {processor.py:161} INFO - Processing /home/airflow/.local/lib/python3.7/site-packages/airflow/example_dags/example_short_circuit_operator.py took 0.165 seconds
[2022-06-23 23:40:02,659] {processor.py:153} INFO - Started process (PID=1214) to work on /home/airflow/.local/lib/python3.7/site-packages/airflow/example_dags/example_short_circuit_operator.py
[2022-06-23 23:40:02,803] {processor.py:641} INFO - Processing file /home/airflow/.local/lib/python3.7/site-packages/airflow/example_dags/example_short_circuit_operator.py for tasks to queue
[2022-06-23 23:40:02,804] {logging_mixin.py:115} INFO - [2022-06-23 23:40:02,804] {dagbag.py:507} INFO - Filling up the DagBag from /home/airflow/.local/lib/python3.7/site-packages/airflow/example_dags/example_short_circuit_operator.py
[2022-06-23 23:40:02,815] {processor.py:651} INFO - DAG(s) dict_keys(['example_short_circuit_operator']) retrieved from /home/airflow/.local/lib/python3.7/site-packages/airflow/example_dags/example_short_circuit_operator.py
[2022-06-23 23:40:02,846] {logging_mixin.py:115} INFO - [2022-06-23 23:40:02,846] {dag.py:2379} INFO - Sync 1 DAGs
[2022-06-23 23:40:02,871] {logging_mixin.py:115} INFO - [2022-06-23 23:40:02,871] {dag.py:2931} INFO - Setting next_dagrun for example_short_circuit_operator to 2022-06-22T23:40:02.871140+00:00, run_after=2022-06-23T23:40:02.871140+00:00
[2022-06-23 23:40:02,983] {processor.py:161} INFO - Processing /home/airflow/.local/lib/python3.7/site-packages/airflow/example_dags/example_short_circuit_operator.py took 0.329 seconds
[2022-06-23 23:40:33,193] {processor.py:153} INFO - Started process (PID=1277) to work on /home/airflow/.local/lib/python3.7/site-packages/airflow/example_dags/example_short_circuit_operator.py
[2022-06-23 23:40:33,207] {processor.py:641} INFO - Processing file /home/airflow/.local/lib/python3.7/site-packages/airflow/example_dags/example_short_circuit_operator.py for tasks to queue
[2022-06-23 23:40:33,207] {logging_mixin.py:115} INFO - [2022-06-23 23:40:33,207] {dagbag.py:507} INFO - Filling up the DagBag from /home/airflow/.local/lib/python3.7/site-packages/airflow/example_dags/example_short_circuit_operator.py
[2022-06-23 23:40:33,219] {processor.py:651} INFO - DAG(s) dict_keys(['example_short_circuit_operator']) retrieved from /home/airflow/.local/lib/python3.7/site-packages/airflow/example_dags/example_short_circuit_operator.py
[2022-06-23 23:40:33,250] {logging_mixin.py:115} INFO - [2022-06-23 23:40:33,249] {dag.py:2379} INFO - Sync 1 DAGs
[2022-06-23 23:40:33,365] {logging_mixin.py:115} INFO - [2022-06-23 23:40:33,365] {dag.py:2931} INFO - Setting next_dagrun for example_short_circuit_operator to 2022-06-22T23:40:33.365254+00:00, run_after=2022-06-23T23:40:33.365254+00:00
[2022-06-23 23:40:33,757] {processor.py:161} INFO - Processing /home/airflow/.local/lib/python3.7/site-packages/airflow/example_dags/example_short_circuit_operator.py took 0.568 seconds
[2022-06-23 23:41:04,358] {processor.py:153} INFO - Started process (PID=1331) to work on /home/airflow/.local/lib/python3.7/site-packages/airflow/example_dags/example_short_circuit_operator.py
[2022-06-23 23:41:04,375] {processor.py:641} INFO - Processing file /home/airflow/.local/lib/python3.7/site-packages/airflow/example_dags/example_short_circuit_operator.py for tasks to queue
[2022-06-23 23:41:04,376] {logging_mixin.py:115} INFO - [2022-06-23 23:41:04,376] {dagbag.py:507} INFO - Filling up the DagBag from /home/airflow/.local/lib/python3.7/site-packages/airflow/example_dags/example_short_circuit_operator.py
[2022-06-23 23:41:04,386] {processor.py:651} INFO - DAG(s) dict_keys(['example_short_circuit_operator']) retrieved from /home/airflow/.local/lib/python3.7/site-packages/airflow/example_dags/example_short_circuit_operator.py
[2022-06-23 23:41:04,414] {logging_mixin.py:115} INFO - [2022-06-23 23:41:04,414] {dag.py:2379} INFO - Sync 1 DAGs
[2022-06-23 23:41:04,536] {logging_mixin.py:115} INFO - [2022-06-23 23:41:04,536] {dag.py:2931} INFO - Setting next_dagrun for example_short_circuit_operator to 2022-06-22T23:41:04.536046+00:00, run_after=2022-06-23T23:41:04.536046+00:00
[2022-06-23 23:41:04,562] {processor.py:161} INFO - Processing /home/airflow/.local/lib/python3.7/site-packages/airflow/example_dags/example_short_circuit_operator.py took 0.209 seconds
[2022-06-23 23:41:34,860] {processor.py:153} INFO - Started process (PID=1394) to work on /home/airflow/.local/lib/python3.7/site-packages/airflow/example_dags/example_short_circuit_operator.py
[2022-06-23 23:41:34,878] {processor.py:641} INFO - Processing file /home/airflow/.local/lib/python3.7/site-packages/airflow/example_dags/example_short_circuit_operator.py for tasks to queue
[2022-06-23 23:41:34,879] {logging_mixin.py:115} INFO - [2022-06-23 23:41:34,879] {dagbag.py:507} INFO - Filling up the DagBag from /home/airflow/.local/lib/python3.7/site-packages/airflow/example_dags/example_short_circuit_operator.py
[2022-06-23 23:41:34,894] {processor.py:651} INFO - DAG(s) dict_keys(['example_short_circuit_operator']) retrieved from /home/airflow/.local/lib/python3.7/site-packages/airflow/example_dags/example_short_circuit_operator.py
[2022-06-23 23:41:34,922] {logging_mixin.py:115} INFO - [2022-06-23 23:41:34,922] {dag.py:2379} INFO - Sync 1 DAGs
[2022-06-23 23:41:35,025] {logging_mixin.py:115} INFO - [2022-06-23 23:41:35,025] {dag.py:2931} INFO - Setting next_dagrun for example_short_circuit_operator to 2022-06-22T23:41:35.024964+00:00, run_after=2022-06-23T23:41:35.024964+00:00
[2022-06-23 23:41:35,054] {processor.py:161} INFO - Processing /home/airflow/.local/lib/python3.7/site-packages/airflow/example_dags/example_short_circuit_operator.py took 0.198 seconds
[2022-06-23 23:42:05,369] {processor.py:153} INFO - Started process (PID=1457) to work on /home/airflow/.local/lib/python3.7/site-packages/airflow/example_dags/example_short_circuit_operator.py
[2022-06-23 23:42:05,372] {processor.py:641} INFO - Processing file /home/airflow/.local/lib/python3.7/site-packages/airflow/example_dags/example_short_circuit_operator.py for tasks to queue
[2022-06-23 23:42:05,372] {logging_mixin.py:115} INFO - [2022-06-23 23:42:05,372] {dagbag.py:507} INFO - Filling up the DagBag from /home/airflow/.local/lib/python3.7/site-packages/airflow/example_dags/example_short_circuit_operator.py
[2022-06-23 23:42:05,379] {processor.py:651} INFO - DAG(s) dict_keys(['example_short_circuit_operator']) retrieved from /home/airflow/.local/lib/python3.7/site-packages/airflow/example_dags/example_short_circuit_operator.py
[2022-06-23 23:42:05,406] {logging_mixin.py:115} INFO - [2022-06-23 23:42:05,406] {dag.py:2379} INFO - Sync 1 DAGs
[2022-06-23 23:42:05,544] {logging_mixin.py:115} INFO - [2022-06-23 23:42:05,543] {dag.py:2931} INFO - Setting next_dagrun for example_short_circuit_operator to 2022-06-22T23:42:05.543720+00:00, run_after=2022-06-23T23:42:05.543720+00:00
[2022-06-23 23:42:05,573] {processor.py:161} INFO - Processing /home/airflow/.local/lib/python3.7/site-packages/airflow/example_dags/example_short_circuit_operator.py took 0.206 seconds
[2022-06-23 23:42:36,000] {processor.py:153} INFO - Started process (PID=1511) to work on /home/airflow/.local/lib/python3.7/site-packages/airflow/example_dags/example_short_circuit_operator.py
[2022-06-23 23:42:36,010] {processor.py:641} INFO - Processing file /home/airflow/.local/lib/python3.7/site-packages/airflow/example_dags/example_short_circuit_operator.py for tasks to queue
[2022-06-23 23:42:36,011] {logging_mixin.py:115} INFO - [2022-06-23 23:42:36,011] {dagbag.py:507} INFO - Filling up the DagBag from /home/airflow/.local/lib/python3.7/site-packages/airflow/example_dags/example_short_circuit_operator.py
[2022-06-23 23:42:36,019] {processor.py:651} INFO - DAG(s) dict_keys(['example_short_circuit_operator']) retrieved from /home/airflow/.local/lib/python3.7/site-packages/airflow/example_dags/example_short_circuit_operator.py
[2022-06-23 23:42:36,046] {logging_mixin.py:115} INFO - [2022-06-23 23:42:36,046] {dag.py:2379} INFO - Sync 1 DAGs
[2022-06-23 23:42:36,171] {logging_mixin.py:115} INFO - [2022-06-23 23:42:36,171] {dag.py:2931} INFO - Setting next_dagrun for example_short_circuit_operator to 2022-06-22T23:42:36.171359+00:00, run_after=2022-06-23T23:42:36.171359+00:00
[2022-06-23 23:42:36,202] {processor.py:161} INFO - Processing /home/airflow/.local/lib/python3.7/site-packages/airflow/example_dags/example_short_circuit_operator.py took 0.208 seconds
[2022-06-23 23:43:06,750] {processor.py:153} INFO - Started process (PID=1574) to work on /home/airflow/.local/lib/python3.7/site-packages/airflow/example_dags/example_short_circuit_operator.py
[2022-06-23 23:43:06,782] {processor.py:641} INFO - Processing file /home/airflow/.local/lib/python3.7/site-packages/airflow/example_dags/example_short_circuit_operator.py for tasks to queue
[2022-06-23 23:43:06,783] {logging_mixin.py:115} INFO - [2022-06-23 23:43:06,783] {dagbag.py:507} INFO - Filling up the DagBag from /home/airflow/.local/lib/python3.7/site-packages/airflow/example_dags/example_short_circuit_operator.py
[2022-06-23 23:43:06,796] {processor.py:651} INFO - DAG(s) dict_keys(['example_short_circuit_operator']) retrieved from /home/airflow/.local/lib/python3.7/site-packages/airflow/example_dags/example_short_circuit_operator.py
[2022-06-23 23:43:06,819] {logging_mixin.py:115} INFO - [2022-06-23 23:43:06,819] {dag.py:2379} INFO - Sync 1 DAGs
[2022-06-23 23:43:06,934] {logging_mixin.py:115} INFO - [2022-06-23 23:43:06,934] {dag.py:2931} INFO - Setting next_dagrun for example_short_circuit_operator to 2022-06-22T23:43:06.934553+00:00, run_after=2022-06-23T23:43:06.934553+00:00
[2022-06-23 23:43:06,962] {processor.py:161} INFO - Processing /home/airflow/.local/lib/python3.7/site-packages/airflow/example_dags/example_short_circuit_operator.py took 0.214 seconds
[2022-06-23 23:43:37,285] {processor.py:153} INFO - Started process (PID=1637) to work on /home/airflow/.local/lib/python3.7/site-packages/airflow/example_dags/example_short_circuit_operator.py
[2022-06-23 23:43:37,295] {processor.py:641} INFO - Processing file /home/airflow/.local/lib/python3.7/site-packages/airflow/example_dags/example_short_circuit_operator.py for tasks to queue
[2022-06-23 23:43:37,304] {logging_mixin.py:115} INFO - [2022-06-23 23:43:37,303] {dagbag.py:507} INFO - Filling up the DagBag from /home/airflow/.local/lib/python3.7/site-packages/airflow/example_dags/example_short_circuit_operator.py
[2022-06-23 23:43:37,316] {processor.py:651} INFO - DAG(s) dict_keys(['example_short_circuit_operator']) retrieved from /home/airflow/.local/lib/python3.7/site-packages/airflow/example_dags/example_short_circuit_operator.py
[2022-06-23 23:43:37,340] {logging_mixin.py:115} INFO - [2022-06-23 23:43:37,340] {dag.py:2379} INFO - Sync 1 DAGs
[2022-06-23 23:43:37,467] {logging_mixin.py:115} INFO - [2022-06-23 23:43:37,467] {dag.py:2931} INFO - Setting next_dagrun for example_short_circuit_operator to 2022-06-22T23:43:37.467186+00:00, run_after=2022-06-23T23:43:37.467186+00:00
[2022-06-23 23:43:37,611] {processor.py:161} INFO - Processing /home/airflow/.local/lib/python3.7/site-packages/airflow/example_dags/example_short_circuit_operator.py took 0.331 seconds
[2022-06-23 23:44:07,857] {processor.py:153} INFO - Started process (PID=1691) to work on /home/airflow/.local/lib/python3.7/site-packages/airflow/example_dags/example_short_circuit_operator.py
[2022-06-23 23:44:07,857] {processor.py:641} INFO - Processing file /home/airflow/.local/lib/python3.7/site-packages/airflow/example_dags/example_short_circuit_operator.py for tasks to queue
[2022-06-23 23:44:07,859] {logging_mixin.py:115} INFO - [2022-06-23 23:44:07,858] {dagbag.py:507} INFO - Filling up the DagBag from /home/airflow/.local/lib/python3.7/site-packages/airflow/example_dags/example_short_circuit_operator.py
[2022-06-23 23:44:07,870] {processor.py:651} INFO - DAG(s) dict_keys(['example_short_circuit_operator']) retrieved from /home/airflow/.local/lib/python3.7/site-packages/airflow/example_dags/example_short_circuit_operator.py
[2022-06-23 23:44:07,901] {logging_mixin.py:115} INFO - [2022-06-23 23:44:07,901] {dag.py:2379} INFO - Sync 1 DAGs
[2022-06-23 23:44:08,014] {logging_mixin.py:115} INFO - [2022-06-23 23:44:08,014] {dag.py:2931} INFO - Setting next_dagrun for example_short_circuit_operator to 2022-06-22T23:44:08.013852+00:00, run_after=2022-06-23T23:44:08.013852+00:00
[2022-06-23 23:44:08,027] {processor.py:161} INFO - Processing /home/airflow/.local/lib/python3.7/site-packages/airflow/example_dags/example_short_circuit_operator.py took 0.176 seconds
[2022-06-23 23:44:38,236] {processor.py:153} INFO - Started process (PID=1755) to work on /home/airflow/.local/lib/python3.7/site-packages/airflow/example_dags/example_short_circuit_operator.py
[2022-06-23 23:44:38,237] {processor.py:641} INFO - Processing file /home/airflow/.local/lib/python3.7/site-packages/airflow/example_dags/example_short_circuit_operator.py for tasks to queue
[2022-06-23 23:44:38,237] {logging_mixin.py:115} INFO - [2022-06-23 23:44:38,237] {dagbag.py:507} INFO - Filling up the DagBag from /home/airflow/.local/lib/python3.7/site-packages/airflow/example_dags/example_short_circuit_operator.py
[2022-06-23 23:44:38,248] {processor.py:651} INFO - DAG(s) dict_keys(['example_short_circuit_operator']) retrieved from /home/airflow/.local/lib/python3.7/site-packages/airflow/example_dags/example_short_circuit_operator.py
[2022-06-23 23:44:38,276] {logging_mixin.py:115} INFO - [2022-06-23 23:44:38,276] {dag.py:2379} INFO - Sync 1 DAGs
[2022-06-23 23:44:38,381] {logging_mixin.py:115} INFO - [2022-06-23 23:44:38,381] {dag.py:2931} INFO - Setting next_dagrun for example_short_circuit_operator to 2022-06-22T23:44:38.381599+00:00, run_after=2022-06-23T23:44:38.381599+00:00
[2022-06-23 23:44:38,395] {processor.py:161} INFO - Processing /home/airflow/.local/lib/python3.7/site-packages/airflow/example_dags/example_short_circuit_operator.py took 0.163 seconds
[2022-06-23 23:45:08,854] {processor.py:153} INFO - Started process (PID=1819) to work on /home/airflow/.local/lib/python3.7/site-packages/airflow/example_dags/example_short_circuit_operator.py
[2022-06-23 23:45:08,879] {processor.py:641} INFO - Processing file /home/airflow/.local/lib/python3.7/site-packages/airflow/example_dags/example_short_circuit_operator.py for tasks to queue
[2022-06-23 23:45:08,880] {logging_mixin.py:115} INFO - [2022-06-23 23:45:08,880] {dagbag.py:507} INFO - Filling up the DagBag from /home/airflow/.local/lib/python3.7/site-packages/airflow/example_dags/example_short_circuit_operator.py
[2022-06-23 23:45:08,891] {processor.py:651} INFO - DAG(s) dict_keys(['example_short_circuit_operator']) retrieved from /home/airflow/.local/lib/python3.7/site-packages/airflow/example_dags/example_short_circuit_operator.py
[2022-06-23 23:45:08,919] {logging_mixin.py:115} INFO - [2022-06-23 23:45:08,919] {dag.py:2379} INFO - Sync 1 DAGs
[2022-06-23 23:45:09,044] {logging_mixin.py:115} INFO - [2022-06-23 23:45:09,044] {dag.py:2931} INFO - Setting next_dagrun for example_short_circuit_operator to 2022-06-22T23:45:09.044363+00:00, run_after=2022-06-23T23:45:09.044363+00:00
[2022-06-23 23:45:09,060] {processor.py:161} INFO - Processing /home/airflow/.local/lib/python3.7/site-packages/airflow/example_dags/example_short_circuit_operator.py took 0.210 seconds
                                                                                                                                                                                                                                                                                                                                                                                                                                                                                                                                                                                                                                                                                                                                                                                                                   