[2022-06-23 01:17:32,798] {processor.py:153} INFO - Started process (PID=118) to work on /home/airflow/.local/lib/python3.7/site-packages/airflow/example_dags/example_time_delta_sensor_async.py
[2022-06-23 01:17:32,799] {processor.py:641} INFO - Processing file /home/airflow/.local/lib/python3.7/site-packages/airflow/example_dags/example_time_delta_sensor_async.py for tasks to queue
[2022-06-23 01:17:32,799] {logging_mixin.py:115} INFO - [2022-06-23 01:17:32,799] {dagbag.py:507} INFO - Filling up the DagBag from /home/airflow/.local/lib/python3.7/site-packages/airflow/example_dags/example_time_delta_sensor_async.py
[2022-06-23 01:17:32,827] {processor.py:651} INFO - DAG(s) dict_keys(['example_time_delta_sensor_async']) retrieved from /home/airflow/.local/lib/python3.7/site-packages/airflow/example_dags/example_time_delta_sensor_async.py
[2022-06-23 01:17:32,864] {logging_mixin.py:115} INFO - [2022-06-23 01:17:32,864] {dag.py:2379} INFO - Sync 1 DAGs
[2022-06-23 01:17:32,894] {logging_mixin.py:115} INFO - [2022-06-23 01:17:32,894] {dag.py:2931} INFO - Setting next_dagrun for example_time_delta_sensor_async to None, run_after=None
[2022-06-23 01:17:32,921] {processor.py:161} INFO - Processing /home/airflow/.local/lib/python3.7/site-packages/airflow/example_dags/example_time_delta_sensor_async.py took 0.128 seconds
[2022-06-23 01:18:03,669] {processor.py:153} INFO - Started process (PID=181) to work on /home/airflow/.local/lib/python3.7/site-packages/airflow/example_dags/example_time_delta_sensor_async.py
[2022-06-23 01:18:03,680] {processor.py:641} INFO - Processing file /home/airflow/.local/lib/python3.7/site-packages/airflow/example_dags/example_time_delta_sensor_async.py for tasks to queue
[2022-06-23 01:18:03,681] {logging_mixin.py:115} INFO - [2022-06-23 01:18:03,681] {dagbag.py:507} INFO - Filling up the DagBag from /home/airflow/.local/lib/python3.7/site-packages/airflow/example_dags/example_time_delta_sensor_async.py
[2022-06-23 01:18:03,692] {processor.py:651} INFO - DAG(s) dict_keys(['example_time_delta_sensor_async']) retrieved from /home/airflow/.local/lib/python3.7/site-packages/airflow/example_dags/example_time_delta_sensor_async.py
[2022-06-23 01:18:03,725] {logging_mixin.py:115} INFO - [2022-06-23 01:18:03,725] {dag.py:2379} INFO - Sync 1 DAGs
[2022-06-23 01:18:03,743] {logging_mixin.py:115} INFO - [2022-06-23 01:18:03,743] {dag.py:2931} INFO - Setting next_dagrun for example_time_delta_sensor_async to None, run_after=None
[2022-06-23 01:18:03,768] {processor.py:161} INFO - Processing /home/airflow/.local/lib/python3.7/site-packages/airflow/example_dags/example_time_delta_sensor_async.py took 0.104 seconds
[2022-06-23 23:30:25,707] {processor.py:153} INFO - Started process (PID=85) to work on /home/airflow/.local/lib/python3.7/site-packages/airflow/example_dags/example_time_delta_sensor_async.py
[2022-06-23 23:30:25,708] {processor.py:641} INFO - Processing file /home/airflow/.local/lib/python3.7/site-packages/airflow/example_dags/example_time_delta_sensor_async.py for tasks to queue
[2022-06-23 23:30:25,708] {logging_mixin.py:115} INFO - [2022-06-23 23:30:25,708] {dagbag.py:507} INFO - Filling up the DagBag from /home/airflow/.local/lib/python3.7/site-packages/airflow/example_dags/example_time_delta_sensor_async.py
[2022-06-23 23:30:25,713] {processor.py:651} INFO - DAG(s) dict_keys(['example_time_delta_sensor_async']) retrieved from /home/airflow/.local/lib/python3.7/site-packages/airflow/example_dags/example_time_delta_sensor_async.py
[2022-06-23 23:30:25,906] {logging_mixin.py:115} INFO - [2022-06-23 23:30:25,906] {dag.py:2379} INFO - Sync 1 DAGs
[2022-06-23 23:30:25,923] {logging_mixin.py:115} INFO - [2022-06-23 23:30:25,923] {dag.py:2931} INFO - Setting next_dagrun for example_time_delta_sensor_async to None, run_after=None
[2022-06-23 23:30:25,947] {processor.py:161} INFO - Processing /home/airflow/.local/lib/python3.7/site-packages/airflow/example_dags/example_time_delta_sensor_async.py took 0.244 seconds
[2022-06-23 23:30:56,304] {processor.py:153} INFO - Started process (PID=148) to work on /home/airflow/.local/lib/python3.7/site-packages/airflow/example_dags/example_time_delta_sensor_async.py
[2022-06-23 23:30:56,305] {processor.py:641} INFO - Processing file /home/airflow/.local/lib/python3.7/site-packages/airflow/example_dags/example_time_delta_sensor_async.py for tasks to queue
[2022-06-23 23:30:56,306] {logging_mixin.py:115} INFO - [2022-06-23 23:30:56,306] {dagbag.py:507} INFO - Filling up the DagBag from /home/airflow/.local/lib/python3.7/site-packages/airflow/example_dags/example_time_delta_sensor_async.py
[2022-06-23 23:30:56,312] {processor.py:651} INFO - DAG(s) dict_keys(['example_time_delta_sensor_async']) retrieved from /home/airflow/.local/lib/python3.7/site-packages/airflow/example_dags/example_time_delta_sensor_async.py
[2022-06-23 23:30:56,349] {logging_mixin.py:115} INFO - [2022-06-23 23:30:56,349] {dag.py:2379} INFO - Sync 1 DAGs
[2022-06-23 23:30:56,379] {logging_mixin.py:115} INFO - [2022-06-23 23:30:56,379] {dag.py:2931} INFO - Setting next_dagrun for example_time_delta_sensor_async to None, run_after=None
[2022-06-23 23:30:56,389] {processor.py:161} INFO - Processing /home/airflow/.local/lib/python3.7/site-packages/airflow/example_dags/example_time_delta_sensor_async.py took 0.089 seconds
[2022-06-23 23:31:26,679] {processor.py:153} INFO - Started process (PID=204) to work on /home/airflow/.local/lib/python3.7/site-packages/airflow/example_dags/example_time_delta_sensor_async.py
[2022-06-23 23:31:26,680] {processor.py:641} INFO - Processing file /home/airflow/.local/lib/python3.7/site-packages/airflow/example_dags/example_time_delta_sensor_async.py for tasks to queue
[2022-06-23 23:31:26,681] {logging_mixin.py:115} INFO - [2022-06-23 23:31:26,681] {dagbag.py:507} INFO - Filling up the DagBag from /home/airflow/.local/lib/python3.7/site-packages/airflow/example_dags/example_time_delta_sensor_async.py
[2022-06-23 23:31:26,686] {processor.py:651} INFO - DAG(s) dict_keys(['example_time_delta_sensor_async']) retrieved from /home/airflow/.local/lib/python3.7/site-packages/airflow/example_dags/example_time_delta_sensor_async.py
[2022-06-23 23:31:26,732] {logging_mixin.py:115} INFO - [2022-06-23 23:31:26,732] {dag.py:2379} INFO - Sync 1 DAGs
[2022-06-23 23:31:26,763] {logging_mixin.py:115} INFO - [2022-06-23 23:31:26,763] {dag.py:2931} INFO - Setting next_dagrun for example_time_delta_sensor_async to None, run_after=None
[2022-06-23 23:31:26,782] {processor.py:161} INFO - Processing /home/airflow/.local/lib/python3.7/site-packages/airflow/example_dags/example_time_delta_sensor_async.py took 0.107 seconds
[2022-06-23 23:31:56,940] {processor.py:153} INFO - Started process (PID=267) to work on /home/airflow/.local/lib/python3.7/site-packages/airflow/example_dags/example_time_delta_sensor_async.py
[2022-06-23 23:31:56,941] {processor.py:641} INFO - Processing file /home/airflow/.local/lib/python3.7/site-packages/airflow/example_dags/example_time_delta_sensor_async.py for tasks to queue
[2022-06-23 23:31:56,941] {logging_mixin.py:115} INFO - [2022-06-23 23:31:56,941] {dagbag.py:507} INFO - Filling up the DagBag from /home/airflow/.local/lib/python3.7/site-packages/airflow/example_dags/example_time_delta_sensor_async.py
[2022-06-23 23:31:56,948] {processor.py:651} INFO - DAG(s) dict_keys(['example_time_delta_sensor_async']) retrieved from /home/airflow/.local/lib/python3.7/site-packages/airflow/example_dags/example_time_delta_sensor_async.py
[2022-06-23 23:31:56,989] {logging_mixin.py:115} INFO - [2022-06-23 23:31:56,989] {dag.py:2379} INFO - Sync 1 DAGs
[2022-06-23 23:31:57,013] {logging_mixin.py:115} INFO - [2022-06-23 23:31:57,013] {dag.py:2931} INFO - Setting next_dagrun for example_time_delta_sensor_async to None, run_after=None
[2022-06-23 23:31:57,033] {processor.py:161} INFO - Processing /home/airflow/.local/lib/python3.7/site-packages/airflow/example_dags/example_time_delta_sensor_async.py took 0.095 seconds
[2022-06-23 23:32:27,127] {processor.py:153} INFO - Started process (PID=329) to work on /home/airflow/.local/lib/python3.7/site-packages/airflow/example_dags/example_time_delta_sensor_async.py
[2022-06-23 23:32:27,128] {processor.py:641} INFO - Processing file /home/airflow/.local/lib/python3.7/site-packages/airflow/example_dags/example_time_delta_sensor_async.py for tasks to queue
[2022-06-23 23:32:27,129] {logging_mixin.py:115} INFO - [2022-06-23 23:32:27,128] {dagbag.py:507} INFO - Filling up the DagBag from /home/airflow/.local/lib/python3.7/site-packages/airflow/example_dags/example_time_delta_sensor_async.py
[2022-06-23 23:32:27,134] {processor.py:651} INFO - DAG(s) dict_keys(['example_time_delta_sensor_async']) retrieved from /home/airflow/.local/lib/python3.7/site-packages/airflow/example_dags/example_time_delta_sensor_async.py
[2022-06-23 23:32:27,178] {logging_mixin.py:115} INFO - [2022-06-23 23:32:27,178] {dag.py:2379} INFO - Sync 1 DAGs
[2022-06-23 23:32:27,208] {logging_mixin.py:115} INFO - [2022-06-23 23:32:27,207] {dag.py:2931} INFO - Setting next_dagrun for example_time_delta_sensor_async to None, run_after=None
[2022-06-23 23:32:27,227] {processor.py:161} INFO - Processing /home/airflow/.local/lib/python3.7/site-packages/airflow/example_dags/example_time_delta_sensor_async.py took 0.105 seconds
[2022-06-23 23:32:57,643] {processor.py:153} INFO - Started process (PID=384) to work on /home/airflow/.local/lib/python3.7/site-packages/airflow/example_dags/example_time_delta_sensor_async.py
[2022-06-23 23:32:57,644] {processor.py:641} INFO - Processing file /home/airflow/.local/lib/python3.7/site-packages/airflow/example_dags/example_time_delta_sensor_async.py for tasks to queue
[2022-06-23 23:32:57,644] {logging_mixin.py:115} INFO - [2022-06-23 23:32:57,644] {dagbag.py:507} INFO - Filling up the DagBag from /home/airflow/.local/lib/python3.7/site-packages/airflow/example_dags/example_time_delta_sensor_async.py
[2022-06-23 23:32:57,649] {processor.py:651} INFO - DAG(s) dict_keys(['example_time_delta_sensor_async']) retrieved from /home/airflow/.local/lib/python3.7/site-packages/airflow/example_dags/example_time_delta_sensor_async.py
[2022-06-23 23:32:57,691] {logging_mixin.py:115} INFO - [2022-06-23 23:32:57,691] {dag.py:2379} INFO - Sync 1 DAGs
[2022-06-23 23:32:57,714] {logging_mixin.py:115} INFO - [2022-06-23 23:32:57,714] {dag.py:2931} INFO - Setting next_dagrun for example_time_delta_sensor_async to None, run_after=None
[2022-06-23 23:32:57,733] {processor.py:161} INFO - Processing /home/airflow/.local/lib/python3.7/site-packages/airflow/example_dags/example_time_delta_sensor_async.py took 0.094 seconds
[2022-06-23 23:33:28,096] {processor.py:153} INFO - Started process (PID=447) to work on /home/airflow/.local/lib/python3.7/site-packages/airflow/example_dags/example_time_delta_sensor_async.py
[2022-06-23 23:33:28,097] {processor.py:641} INFO - Processing file /home/airflow/.local/lib/python3.7/site-packages/airflow/example_dags/example_time_delta_sensor_async.py for tasks to queue
[2022-06-23 23:33:28,098] {logging_mixin.py:115} INFO - [2022-06-23 23:33:28,098] {dagbag.py:507} INFO - Filling up the DagBag from /home/airflow/.local/lib/python3.7/site-packages/airflow/example_dags/example_time_delta_sensor_async.py
[2022-06-23 23:33:28,105] {processor.py:651} INFO - DAG(s) dict_keys(['example_time_delta_sensor_async']) retrieved from /home/airflow/.local/lib/python3.7/site-packages/airflow/example_dags/example_time_delta_sensor_async.py
[2022-06-23 23:33:28,150] {logging_mixin.py:115} INFO - [2022-06-23 23:33:28,150] {dag.py:2379} INFO - Sync 1 DAGs
[2022-06-23 23:33:28,176] {logging_mixin.py:115} INFO - [2022-06-23 23:33:28,175] {dag.py:2931} INFO - Setting next_dagrun for example_time_delta_sensor_async to None, run_after=None
[2022-06-23 23:33:28,193] {processor.py:161} INFO - Processing /home/airflow/.local/lib/python3.7/site-packages/airflow/example_dags/example_time_delta_sensor_async.py took 0.101 seconds
[2022-06-23 23:33:59,301] {processor.py:153} INFO - Started process (PID=511) to work on /home/airflow/.local/lib/python3.7/site-packages/airflow/example_dags/example_time_delta_sensor_async.py
[2022-06-23 23:33:59,303] {processor.py:641} INFO - Processing file /home/airflow/.local/lib/python3.7/site-packages/airflow/example_dags/example_time_delta_sensor_async.py for tasks to queue
[2022-06-23 23:33:59,304] {logging_mixin.py:115} INFO - [2022-06-23 23:33:59,304] {dagbag.py:507} INFO - Filling up the DagBag from /home/airflow/.local/lib/python3.7/site-packages/airflow/example_dags/example_time_delta_sensor_async.py
[2022-06-23 23:33:59,309] {processor.py:651} INFO - DAG(s) dict_keys(['example_time_delta_sensor_async']) retrieved from /home/airflow/.local/lib/python3.7/site-packages/airflow/example_dags/example_time_delta_sensor_async.py
[2022-06-23 23:33:59,349] {logging_mixin.py:115} INFO - [2022-06-23 23:33:59,349] {dag.py:2379} INFO - Sync 1 DAGs
[2022-06-23 23:33:59,369] {logging_mixin.py:115} INFO - [2022-06-23 23:33:59,368] {dag.py:2931} INFO - Setting next_dagrun for example_time_delta_sensor_async to None, run_after=None
[2022-06-23 23:33:59,394] {processor.py:161} INFO - Processing /home/airflow/.local/lib/python3.7/site-packages/airflow/example_dags/example_time_delta_sensor_async.py took 0.097 seconds
[2022-06-23 23:34:29,849] {processor.py:153} INFO - Started process (PID=567) to work on /home/airflow/.local/lib/python3.7/site-packages/airflow/example_dags/example_time_delta_sensor_async.py
[2022-06-23 23:34:29,849] {processor.py:641} INFO - Processing file /home/airflow/.local/lib/python3.7/site-packages/airflow/example_dags/example_time_delta_sensor_async.py for tasks to queue
[2022-06-23 23:34:29,850] {logging_mixin.py:115} INFO - [2022-06-23 23:34:29,850] {dagbag.py:507} INFO - Filling up the DagBag from /home/airflow/.local/lib/python3.7/site-packages/airflow/example_dags/example_time_delta_sensor_async.py
[2022-06-23 23:34:29,853] {processor.py:651} INFO - DAG(s) dict_keys(['example_time_delta_sensor_async']) retrieved from /home/airflow/.local/lib/python3.7/site-packages/airflow/example_dags/example_time_delta_sensor_async.py
[2022-06-23 23:34:29,896] {logging_mixin.py:115} INFO - [2022-06-23 23:34:29,896] {dag.py:2379} INFO - Sync 1 DAGs
[2022-06-23 23:34:29,921] {logging_mixin.py:115} INFO - [2022-06-23 23:34:29,920] {dag.py:2931} INFO - Setting next_dagrun for example_time_delta_sensor_async to None, run_after=None
[2022-06-23 23:34:29,944] {processor.py:161} INFO - Processing /home/airflow/.local/lib/python3.7/site-packages/airflow/example_dags/example_time_delta_sensor_async.py took 0.097 seconds
[2022-06-23 23:35:00,153] {processor.py:153} INFO - Started process (PID=630) to work on /home/airflow/.local/lib/python3.7/site-packages/airflow/example_dags/example_time_delta_sensor_async.py
[2022-06-23 23:35:00,153] {processor.py:641} INFO - Processing file /home/airflow/.local/lib/python3.7/site-packages/airflow/example_dags/example_time_delta_sensor_async.py for tasks to queue
[2022-06-23 23:35:00,153] {logging_mixin.py:115} INFO - [2022-06-23 23:35:00,153] {dagbag.py:507} INFO - Filling up the DagBag from /home/airflow/.local/lib/python3.7/site-packages/airflow/example_dags/example_time_delta_sensor_async.py
[2022-06-23 23:35:00,157] {processor.py:651} INFO - DAG(s) dict_keys(['example_time_delta_sensor_async']) retrieved from /home/airflow/.local/lib/python3.7/site-packages/airflow/example_dags/example_time_delta_sensor_async.py
[2022-06-23 23:35:00,192] {logging_mixin.py:115} INFO - [2022-06-23 23:35:00,192] {dag.py:2379} INFO - Sync 1 DAGs
[2022-06-23 23:35:00,216] {logging_mixin.py:115} INFO - [2022-06-23 23:35:00,216] {dag.py:2931} INFO - Setting next_dagrun for example_time_delta_sensor_async to None, run_after=None
[2022-06-23 23:35:00,239] {processor.py:161} INFO - Processing /home/airflow/.local/lib/python3.7/site-packages/airflow/example_dags/example_time_delta_sensor_async.py took 0.088 seconds
[2022-06-23 23:35:30,802] {processor.py:153} INFO - Started process (PID=693) to work on /home/airflow/.local/lib/python3.7/site-packages/airflow/example_dags/example_time_delta_sensor_async.py
[2022-06-23 23:35:30,803] {processor.py:641} INFO - Processing file /home/airflow/.local/lib/python3.7/site-packages/airflow/example_dags/example_time_delta_sensor_async.py for tasks to queue
[2022-06-23 23:35:30,803] {logging_mixin.py:115} INFO - [2022-06-23 23:35:30,803] {dagbag.py:507} INFO - Filling up the DagBag from /home/airflow/.local/lib/python3.7/site-packages/airflow/example_dags/example_time_delta_sensor_async.py
[2022-06-23 23:35:30,806] {processor.py:651} INFO - DAG(s) dict_keys(['example_time_delta_sensor_async']) retrieved from /home/airflow/.local/lib/python3.7/site-packages/airflow/example_dags/example_time_delta_sensor_async.py
[2022-06-23 23:35:30,841] {logging_mixin.py:115} INFO - [2022-06-23 23:35:30,841] {dag.py:2379} INFO - Sync 1 DAGs
[2022-06-23 23:35:30,863] {logging_mixin.py:115} INFO - [2022-06-23 23:35:30,862] {dag.py:2931} INFO - Setting next_dagrun for example_time_delta_sensor_async to None, run_after=None
[2022-06-23 23:35:30,875] {processor.py:161} INFO - Processing /home/airflow/.local/lib/python3.7/site-packages/airflow/example_dags/example_time_delta_sensor_async.py took 0.075 seconds
[2022-06-23 23:36:01,174] {processor.py:153} INFO - Started process (PID=747) to work on /home/airflow/.local/lib/python3.7/site-packages/airflow/example_dags/example_time_delta_sensor_async.py
[2022-06-23 23:36:01,174] {processor.py:641} INFO - Processing file /home/airflow/.local/lib/python3.7/site-packages/airflow/example_dags/example_time_delta_sensor_async.py for tasks to queue
[2022-06-23 23:36:01,175] {logging_mixin.py:115} INFO - [2022-06-23 23:36:01,175] {dagbag.py:507} INFO - Filling up the DagBag from /home/airflow/.local/lib/python3.7/site-packages/airflow/example_dags/example_time_delta_sensor_async.py
[2022-06-23 23:36:01,181] {processor.py:651} INFO - DAG(s) dict_keys(['example_time_delta_sensor_async']) retrieved from /home/airflow/.local/lib/python3.7/site-packages/airflow/example_dags/example_time_delta_sensor_async.py
[2022-06-23 23:36:01,219] {logging_mixin.py:115} INFO - [2022-06-23 23:36:01,219] {dag.py:2379} INFO - Sync 1 DAGs
[2022-06-23 23:36:01,245] {logging_mixin.py:115} INFO - [2022-06-23 23:36:01,245] {dag.py:2931} INFO - Setting next_dagrun for example_time_delta_sensor_async to None, run_after=None
[2022-06-23 23:36:01,258] {processor.py:161} INFO - Processing /home/airflow/.local/lib/python3.7/site-packages/airflow/example_dags/example_time_delta_sensor_async.py took 0.089 seconds
[2022-06-23 23:36:31,740] {processor.py:153} INFO - Started process (PID=810) to work on /home/airflow/.local/lib/python3.7/site-packages/airflow/example_dags/example_time_delta_sensor_async.py
[2022-06-23 23:36:31,741] {processor.py:641} INFO - Processing file /home/airflow/.local/lib/python3.7/site-packages/airflow/example_dags/example_time_delta_sensor_async.py for tasks to queue
[2022-06-23 23:36:31,741] {logging_mixin.py:115} INFO - [2022-06-23 23:36:31,741] {dagbag.py:507} INFO - Filling up the DagBag from /home/airflow/.local/lib/python3.7/site-packages/airflow/example_dags/example_time_delta_sensor_async.py
[2022-06-23 23:36:31,744] {processor.py:651} INFO - DAG(s) dict_keys(['example_time_delta_sensor_async']) retrieved from /home/airflow/.local/lib/python3.7/site-packages/airflow/example_dags/example_time_delta_sensor_async.py
[2022-06-23 23:36:31,784] {logging_mixin.py:115} INFO - [2022-06-23 23:36:31,784] {dag.py:2379} INFO - Sync 1 DAGs
[2022-06-23 23:36:31,812] {logging_mixin.py:115} INFO - [2022-06-23 23:36:31,811] {dag.py:2931} INFO - Setting next_dagrun for example_time_delta_sensor_async to None, run_after=None
[2022-06-23 23:36:31,836] {processor.py:161} INFO - Processing /home/airflow/.local/lib/python3.7/site-packages/airflow/example_dags/example_time_delta_sensor_async.py took 0.098 seconds
[2022-06-23 23:37:02,273] {processor.py:153} INFO - Started process (PID=873) to work on /home/airflow/.local/lib/python3.7/site-packages/airflow/example_dags/example_time_delta_sensor_async.py
[2022-06-23 23:37:02,274] {processor.py:641} INFO - Processing file /home/airflow/.local/lib/python3.7/site-packages/airflow/example_dags/example_time_delta_sensor_async.py for tasks to queue
[2022-06-23 23:37:02,274] {logging_mixin.py:115} INFO - [2022-06-23 23:37:02,274] {dagbag.py:507} INFO - Filling up the DagBag from /home/airflow/.local/lib/python3.7/site-packages/airflow/example_dags/example_time_delta_sensor_async.py
[2022-06-23 23:37:02,278] {processor.py:651} INFO - DAG(s) dict_keys(['example_time_delta_sensor_async']) retrieved from /home/airflow/.local/lib/python3.7/site-packages/airflow/example_dags/example_time_delta_sensor_async.py
[2022-06-23 23:37:02,322] {logging_mixin.py:115} INFO - [2022-06-23 23:37:02,322] {dag.py:2379} INFO - Sync 1 DAGs
[2022-06-23 23:37:02,345] {logging_mixin.py:115} INFO - [2022-06-23 23:37:02,345] {dag.py:2931} INFO - Setting next_dagrun for example_time_delta_sensor_async to None, run_after=None
[2022-06-23 23:37:02,357] {processor.py:161} INFO - Processing /home/airflow/.local/lib/python3.7/site-packages/airflow/example_dags/example_time_delta_sensor_async.py took 0.088 seconds
[2022-06-23 23:37:32,729] {processor.py:153} INFO - Started process (PID=927) to work on /home/airflow/.local/lib/python3.7/site-packages/airflow/example_dags/example_time_delta_sensor_async.py
[2022-06-23 23:37:32,730] {processor.py:641} INFO - Processing file /home/airflow/.local/lib/python3.7/site-packages/airflow/example_dags/example_time_delta_sensor_async.py for tasks to queue
[2022-06-23 23:37:32,730] {logging_mixin.py:115} INFO - [2022-06-23 23:37:32,730] {dagbag.py:507} INFO - Filling up the DagBag from /home/airflow/.local/lib/python3.7/site-packages/airflow/example_dags/example_time_delta_sensor_async.py
[2022-06-23 23:37:32,733] {processor.py:651} INFO - DAG(s) dict_keys(['example_time_delta_sensor_async']) retrieved from /home/airflow/.local/lib/python3.7/site-packages/airflow/example_dags/example_time_delta_sensor_async.py
[2022-06-23 23:37:32,770] {logging_mixin.py:115} INFO - [2022-06-23 23:37:32,770] {dag.py:2379} INFO - Sync 1 DAGs
[2022-06-23 23:37:32,791] {logging_mixin.py:115} INFO - [2022-06-23 23:37:32,791] {dag.py:2931} INFO - Setting next_dagrun for example_time_delta_sensor_async to None, run_after=None
[2022-06-23 23:37:32,810] {processor.py:161} INFO - Processing /home/airflow/.local/lib/python3.7/site-packages/airflow/example_dags/example_time_delta_sensor_async.py took 0.082 seconds
[2022-06-23 23:38:03,529] {processor.py:153} INFO - Started process (PID=991) to work on /home/airflow/.local/lib/python3.7/site-packages/airflow/example_dags/example_time_delta_sensor_async.py
[2022-06-23 23:38:03,530] {processor.py:641} INFO - Processing file /home/airflow/.local/lib/python3.7/site-packages/airflow/example_dags/example_time_delta_sensor_async.py for tasks to queue
[2022-06-23 23:38:03,530] {logging_mixin.py:115} INFO - [2022-06-23 23:38:03,530] {dagbag.py:507} INFO - Filling up the DagBag from /home/airflow/.local/lib/python3.7/site-packages/airflow/example_dags/example_time_delta_sensor_async.py
[2022-06-23 23:38:03,536] {processor.py:651} INFO - DAG(s) dict_keys(['example_time_delta_sensor_async']) retrieved from /home/airflow/.local/lib/python3.7/site-packages/airflow/example_dags/example_time_delta_sensor_async.py
[2022-06-23 23:38:03,582] {logging_mixin.py:115} INFO - [2022-06-23 23:38:03,581] {dag.py:2379} INFO - Sync 1 DAGs
[2022-06-23 23:38:03,606] {logging_mixin.py:115} INFO - [2022-06-23 23:38:03,606] {dag.py:2931} INFO - Setting next_dagrun for example_time_delta_sensor_async to None, run_after=None
[2022-06-23 23:38:03,628] {processor.py:161} INFO - Processing /home/airflow/.local/lib/python3.7/site-packages/airflow/example_dags/example_time_delta_sensor_async.py took 0.101 seconds
[2022-06-23 23:38:33,841] {processor.py:153} INFO - Started process (PID=1045) to work on /home/airflow/.local/lib/python3.7/site-packages/airflow/example_dags/example_time_delta_sensor_async.py
[2022-06-23 23:38:33,841] {processor.py:641} INFO - Processing file /home/airflow/.local/lib/python3.7/site-packages/airflow/example_dags/example_time_delta_sensor_async.py for tasks to queue
[2022-06-23 23:38:33,842] {logging_mixin.py:115} INFO - [2022-06-23 23:38:33,842] {dagbag.py:507} INFO - Filling up the DagBag from /home/airflow/.local/lib/python3.7/site-packages/airflow/example_dags/example_time_delta_sensor_async.py
[2022-06-23 23:38:33,848] {processor.py:651} INFO - DAG(s) dict_keys(['example_time_delta_sensor_async']) retrieved from /home/airflow/.local/lib/python3.7/site-packages/airflow/example_dags/example_time_delta_sensor_async.py
[2022-06-23 23:38:33,891] {logging_mixin.py:115} INFO - [2022-06-23 23:38:33,891] {dag.py:2379} INFO - Sync 1 DAGs
[2022-06-23 23:38:33,925] {logging_mixin.py:115} INFO - [2022-06-23 23:38:33,925] {dag.py:2931} INFO - Setting next_dagrun for example_time_delta_sensor_async to None, run_after=None
[2022-06-23 23:38:33,942] {processor.py:161} INFO - Processing /home/airflow/.local/lib/python3.7/site-packages/airflow/example_dags/example_time_delta_sensor_async.py took 0.106 seconds
[2022-06-23 23:39:04,131] {processor.py:153} INFO - Started process (PID=1109) to work on /home/airflow/.local/lib/python3.7/site-packages/airflow/example_dags/example_time_delta_sensor_async.py
[2022-06-23 23:39:04,132] {processor.py:641} INFO - Processing file /home/airflow/.local/lib/python3.7/site-packages/airflow/example_dags/example_time_delta_sensor_async.py for tasks to queue
[2022-06-23 23:39:04,132] {logging_mixin.py:115} INFO - [2022-06-23 23:39:04,132] {dagbag.py:507} INFO - Filling up the DagBag from /home/airflow/.local/lib/python3.7/site-packages/airflow/example_dags/example_time_delta_sensor_async.py
[2022-06-23 23:39:04,137] {processor.py:651} INFO - DAG(s) dict_keys(['example_time_delta_sensor_async']) retrieved from /home/airflow/.local/lib/python3.7/site-packages/airflow/example_dags/example_time_delta_sensor_async.py
[2022-06-23 23:39:04,177] {logging_mixin.py:115} INFO - [2022-06-23 23:39:04,177] {dag.py:2379} INFO - Sync 1 DAGs
[2022-06-23 23:39:04,199] {logging_mixin.py:115} INFO - [2022-06-23 23:39:04,199] {dag.py:2931} INFO - Setting next_dagrun for example_time_delta_sensor_async to None, run_after=None
[2022-06-23 23:39:04,217] {processor.py:161} INFO - Processing /home/airflow/.local/lib/python3.7/site-packages/airflow/example_dags/example_time_delta_sensor_async.py took 0.090 seconds
[2022-06-23 23:39:34,909] {processor.py:153} INFO - Started process (PID=1174) to work on /home/airflow/.local/lib/python3.7/site-packages/airflow/example_dags/example_time_delta_sensor_async.py
[2022-06-23 23:39:34,914] {processor.py:641} INFO - Processing file /home/airflow/.local/lib/python3.7/site-packages/airflow/example_dags/example_time_delta_sensor_async.py for tasks to queue
[2022-06-23 23:39:34,936] {logging_mixin.py:115} INFO - [2022-06-23 23:39:34,936] {dagbag.py:507} INFO - Filling up the DagBag from /home/airflow/.local/lib/python3.7/site-packages/airflow/example_dags/example_time_delta_sensor_async.py
[2022-06-23 23:39:34,943] {processor.py:651} INFO - DAG(s) dict_keys(['example_time_delta_sensor_async']) retrieved from /home/airflow/.local/lib/python3.7/site-packages/airflow/example_dags/example_time_delta_sensor_async.py
[2022-06-23 23:39:34,982] {logging_mixin.py:115} INFO - [2022-06-23 23:39:34,982] {dag.py:2379} INFO - Sync 1 DAGs
[2022-06-23 23:39:35,012] {logging_mixin.py:115} INFO - [2022-06-23 23:39:35,012] {dag.py:2931} INFO - Setting next_dagrun for example_time_delta_sensor_async to None, run_after=None
[2022-06-23 23:39:35,042] {processor.py:161} INFO - Processing /home/airflow/.local/lib/python3.7/site-packages/airflow/example_dags/example_time_delta_sensor_async.py took 0.137 seconds
[2022-06-23 23:40:05,463] {processor.py:153} INFO - Started process (PID=1230) to work on /home/airflow/.local/lib/python3.7/site-packages/airflow/example_dags/example_time_delta_sensor_async.py
[2022-06-23 23:40:05,463] {processor.py:641} INFO - Processing file /home/airflow/.local/lib/python3.7/site-packages/airflow/example_dags/example_time_delta_sensor_async.py for tasks to queue
[2022-06-23 23:40:05,464] {logging_mixin.py:115} INFO - [2022-06-23 23:40:05,464] {dagbag.py:507} INFO - Filling up the DagBag from /home/airflow/.local/lib/python3.7/site-packages/airflow/example_dags/example_time_delta_sensor_async.py
[2022-06-23 23:40:05,467] {processor.py:651} INFO - DAG(s) dict_keys(['example_time_delta_sensor_async']) retrieved from /home/airflow/.local/lib/python3.7/site-packages/airflow/example_dags/example_time_delta_sensor_async.py
[2022-06-23 23:40:05,511] {logging_mixin.py:115} INFO - [2022-06-23 23:40:05,511] {dag.py:2379} INFO - Sync 1 DAGs
[2022-06-23 23:40:05,546] {logging_mixin.py:115} INFO - [2022-06-23 23:40:05,545] {dag.py:2931} INFO - Setting next_dagrun for example_time_delta_sensor_async to None, run_after=None
[2022-06-23 23:40:05,557] {processor.py:161} INFO - Processing /home/airflow/.local/lib/python3.7/site-packages/airflow/example_dags/example_time_delta_sensor_async.py took 0.098 seconds
[2022-06-23 23:40:36,104] {processor.py:153} INFO - Started process (PID=1293) to work on /home/airflow/.local/lib/python3.7/site-packages/airflow/example_dags/example_time_delta_sensor_async.py
[2022-06-23 23:40:36,105] {processor.py:641} INFO - Processing file /home/airflow/.local/lib/python3.7/site-packages/airflow/example_dags/example_time_delta_sensor_async.py for tasks to queue
[2022-06-23 23:40:36,105] {logging_mixin.py:115} INFO - [2022-06-23 23:40:36,105] {dagbag.py:507} INFO - Filling up the DagBag from /home/airflow/.local/lib/python3.7/site-packages/airflow/example_dags/example_time_delta_sensor_async.py
[2022-06-23 23:40:36,109] {processor.py:651} INFO - DAG(s) dict_keys(['example_time_delta_sensor_async']) retrieved from /home/airflow/.local/lib/python3.7/site-packages/airflow/example_dags/example_time_delta_sensor_async.py
[2022-06-23 23:40:36,152] {logging_mixin.py:115} INFO - [2022-06-23 23:40:36,152] {dag.py:2379} INFO - Sync 1 DAGs
[2022-06-23 23:40:36,287] {logging_mixin.py:115} INFO - [2022-06-23 23:40:36,287] {dag.py:2931} INFO - Setting next_dagrun for example_time_delta_sensor_async to None, run_after=None
[2022-06-23 23:40:36,301] {processor.py:161} INFO - Processing /home/airflow/.local/lib/python3.7/site-packages/airflow/example_dags/example_time_delta_sensor_async.py took 0.198 seconds
[2022-06-23 23:41:07,141] {processor.py:153} INFO - Started process (PID=1356) to work on /home/airflow/.local/lib/python3.7/site-packages/airflow/example_dags/example_time_delta_sensor_async.py
[2022-06-23 23:41:07,144] {processor.py:641} INFO - Processing file /home/airflow/.local/lib/python3.7/site-packages/airflow/example_dags/example_time_delta_sensor_async.py for tasks to queue
[2022-06-23 23:41:07,145] {logging_mixin.py:115} INFO - [2022-06-23 23:41:07,144] {dagbag.py:507} INFO - Filling up the DagBag from /home/airflow/.local/lib/python3.7/site-packages/airflow/example_dags/example_time_delta_sensor_async.py
[2022-06-23 23:41:07,148] {processor.py:651} INFO - DAG(s) dict_keys(['example_time_delta_sensor_async']) retrieved from /home/airflow/.local/lib/python3.7/site-packages/airflow/example_dags/example_time_delta_sensor_async.py
[2022-06-23 23:41:07,192] {logging_mixin.py:115} INFO - [2022-06-23 23:41:07,191] {dag.py:2379} INFO - Sync 1 DAGs
[2022-06-23 23:41:07,323] {logging_mixin.py:115} INFO - [2022-06-23 23:41:07,323] {dag.py:2931} INFO - Setting next_dagrun for example_time_delta_sensor_async to None, run_after=None
[2022-06-23 23:41:07,354] {processor.py:161} INFO - Processing /home/airflow/.local/lib/python3.7/site-packages/airflow/example_dags/example_time_delta_sensor_async.py took 0.216 seconds
[2022-06-23 23:41:37,676] {processor.py:153} INFO - Started process (PID=1410) to work on /home/airflow/.local/lib/python3.7/site-packages/airflow/example_dags/example_time_delta_sensor_async.py
[2022-06-23 23:41:37,676] {processor.py:641} INFO - Processing file /home/airflow/.local/lib/python3.7/site-packages/airflow/example_dags/example_time_delta_sensor_async.py for tasks to queue
[2022-06-23 23:41:37,677] {logging_mixin.py:115} INFO - [2022-06-23 23:41:37,677] {dagbag.py:507} INFO - Filling up the DagBag from /home/airflow/.local/lib/python3.7/site-packages/airflow/example_dags/example_time_delta_sensor_async.py
[2022-06-23 23:41:37,682] {processor.py:651} INFO - DAG(s) dict_keys(['example_time_delta_sensor_async']) retrieved from /home/airflow/.local/lib/python3.7/site-packages/airflow/example_dags/example_time_delta_sensor_async.py
[2022-06-23 23:41:37,723] {logging_mixin.py:115} INFO - [2022-06-23 23:41:37,723] {dag.py:2379} INFO - Sync 1 DAGs
[2022-06-23 23:41:37,834] {logging_mixin.py:115} INFO - [2022-06-23 23:41:37,834] {dag.py:2931} INFO - Setting next_dagrun for example_time_delta_sensor_async to None, run_after=None
[2022-06-23 23:41:37,851] {processor.py:161} INFO - Processing /home/airflow/.local/lib/python3.7/site-packages/airflow/example_dags/example_time_delta_sensor_async.py took 0.181 seconds
[2022-06-23 23:42:08,030] {processor.py:153} INFO - Started process (PID=1473) to work on /home/airflow/.local/lib/python3.7/site-packages/airflow/example_dags/example_time_delta_sensor_async.py
[2022-06-23 23:42:08,030] {processor.py:641} INFO - Processing file /home/airflow/.local/lib/python3.7/site-packages/airflow/example_dags/example_time_delta_sensor_async.py for tasks to queue
[2022-06-23 23:42:08,030] {logging_mixin.py:115} INFO - [2022-06-23 23:42:08,030] {dagbag.py:507} INFO - Filling up the DagBag from /home/airflow/.local/lib/python3.7/site-packages/airflow/example_dags/example_time_delta_sensor_async.py
[2022-06-23 23:42:08,034] {processor.py:651} INFO - DAG(s) dict_keys(['example_time_delta_sensor_async']) retrieved from /home/airflow/.local/lib/python3.7/site-packages/airflow/example_dags/example_time_delta_sensor_async.py
[2022-06-23 23:42:08,066] {logging_mixin.py:115} INFO - [2022-06-23 23:42:08,066] {dag.py:2379} INFO - Sync 1 DAGs
[2022-06-23 23:42:08,187] {logging_mixin.py:115} INFO - [2022-06-23 23:42:08,187] {dag.py:2931} INFO - Setting next_dagrun for example_time_delta_sensor_async to None, run_after=None
[2022-06-23 23:42:08,246] {processor.py:161} INFO - Processing /home/airflow/.local/lib/python3.7/site-packages/airflow/example_dags/example_time_delta_sensor_async.py took 0.218 seconds
[2022-06-23 23:42:38,760] {processor.py:153} INFO - Started process (PID=1536) to work on /home/airflow/.local/lib/python3.7/site-packages/airflow/example_dags/example_time_delta_sensor_async.py
[2022-06-23 23:42:38,770] {processor.py:641} INFO - Processing file /home/airflow/.local/lib/python3.7/site-packages/airflow/example_dags/example_time_delta_sensor_async.py for tasks to queue
[2022-06-23 23:42:38,771] {logging_mixin.py:115} INFO - [2022-06-23 23:42:38,771] {dagbag.py:507} INFO - Filling up the DagBag from /home/airflow/.local/lib/python3.7/site-packages/airflow/example_dags/example_time_delta_sensor_async.py
[2022-06-23 23:42:38,779] {processor.py:651} INFO - DAG(s) dict_keys(['example_time_delta_sensor_async']) retrieved from /home/airflow/.local/lib/python3.7/site-packages/airflow/example_dags/example_time_delta_sensor_async.py
[2022-06-23 23:42:38,834] {logging_mixin.py:115} INFO - [2022-06-23 23:42:38,834] {dag.py:2379} INFO - Sync 1 DAGs
[2022-06-23 23:42:38,950] {logging_mixin.py:115} INFO - [2022-06-23 23:42:38,950] {dag.py:2931} INFO - Setting next_dagrun for example_time_delta_sensor_async to None, run_after=None
[2022-06-23 23:42:38,970] {processor.py:161} INFO - Processing /home/airflow/.local/lib/python3.7/site-packages/airflow/example_dags/example_time_delta_sensor_async.py took 0.213 seconds
[2022-06-23 23:43:09,304] {processor.py:153} INFO - Started process (PID=1590) to work on /home/airflow/.local/lib/python3.7/site-packages/airflow/example_dags/example_time_delta_sensor_async.py
[2022-06-23 23:43:09,305] {processor.py:641} INFO - Processing file /home/airflow/.local/lib/python3.7/site-packages/airflow/example_dags/example_time_delta_sensor_async.py for tasks to queue
[2022-06-23 23:43:09,305] {logging_mixin.py:115} INFO - [2022-06-23 23:43:09,305] {dagbag.py:507} INFO - Filling up the DagBag from /home/airflow/.local/lib/python3.7/site-packages/airflow/example_dags/example_time_delta_sensor_async.py
[2022-06-23 23:43:09,308] {processor.py:651} INFO - DAG(s) dict_keys(['example_time_delta_sensor_async']) retrieved from /home/airflow/.local/lib/python3.7/site-packages/airflow/example_dags/example_time_delta_sensor_async.py
[2022-06-23 23:43:09,343] {logging_mixin.py:115} INFO - [2022-06-23 23:43:09,343] {dag.py:2379} INFO - Sync 1 DAGs
[2022-06-23 23:43:09,443] {logging_mixin.py:115} INFO - [2022-06-23 23:43:09,442] {dag.py:2931} INFO - Setting next_dagrun for example_time_delta_sensor_async to None, run_after=None
[2022-06-23 23:43:09,471] {processor.py:161} INFO - Processing /home/airflow/.local/lib/python3.7/site-packages/airflow/example_dags/example_time_delta_sensor_async.py took 0.168 seconds
[2022-06-23 23:43:39,951] {processor.py:153} INFO - Started process (PID=1653) to work on /home/airflow/.local/lib/python3.7/site-packages/airflow/example_dags/example_time_delta_sensor_async.py
[2022-06-23 23:43:39,952] {processor.py:641} INFO - Processing file /home/airflow/.local/lib/python3.7/site-packages/airflow/example_dags/example_time_delta_sensor_async.py for tasks to queue
[2022-06-23 23:43:39,952] {logging_mixin.py:115} INFO - [2022-06-23 23:43:39,952] {dagbag.py:507} INFO - Filling up the DagBag from /home/airflow/.local/lib/python3.7/site-packages/airflow/example_dags/example_time_delta_sensor_async.py
[2022-06-23 23:43:39,955] {processor.py:651} INFO - DAG(s) dict_keys(['example_time_delta_sensor_async']) retrieved from /home/airflow/.local/lib/python3.7/site-packages/airflow/example_dags/example_time_delta_sensor_async.py
[2022-06-23 23:43:39,998] {logging_mixin.py:115} INFO - [2022-06-23 23:43:39,998] {dag.py:2379} INFO - Sync 1 DAGs
[2022-06-23 23:43:40,103] {logging_mixin.py:115} INFO - [2022-06-23 23:43:40,103] {dag.py:2931} INFO - Setting next_dagrun for example_time_delta_sensor_async to None, run_after=None
[2022-06-23 23:43:40,129] {processor.py:161} INFO - Processing /home/airflow/.local/lib/python3.7/site-packages/airflow/example_dags/example_time_delta_sensor_async.py took 0.180 seconds
[2022-06-23 23:44:10,499] {processor.py:153} INFO - Started process (PID=1716) to work on /home/airflow/.local/lib/python3.7/site-packages/airflow/example_dags/example_time_delta_sensor_async.py
[2022-06-23 23:44:10,500] {processor.py:641} INFO - Processing file /home/airflow/.local/lib/python3.7/site-packages/airflow/example_dags/example_time_delta_sensor_async.py for tasks to queue
[2022-06-23 23:44:10,501] {logging_mixin.py:115} INFO - [2022-06-23 23:44:10,501] {dagbag.py:507} INFO - Filling up the DagBag from /home/airflow/.local/lib/python3.7/site-packages/airflow/example_dags/example_time_delta_sensor_async.py
[2022-06-23 23:44:10,508] {processor.py:651} INFO - DAG(s) dict_keys(['example_time_delta_sensor_async']) retrieved from /home/airflow/.local/lib/python3.7/site-packages/airflow/example_dags/example_time_delta_sensor_async.py
[2022-06-23 23:44:10,541] {logging_mixin.py:115} INFO - [2022-06-23 23:44:10,541] {dag.py:2379} INFO - Sync 1 DAGs
[2022-06-23 23:44:10,643] {logging_mixin.py:115} INFO - [2022-06-23 23:44:10,643] {dag.py:2931} INFO - Setting next_dagrun for example_time_delta_sensor_async to None, run_after=None
[2022-06-23 23:44:10,662] {processor.py:161} INFO - Processing /home/airflow/.local/lib/python3.7/site-packages/airflow/example_dags/example_time_delta_sensor_async.py took 0.167 seconds
[2022-06-23 23:44:40,831] {processor.py:153} INFO - Started process (PID=1771) to work on /home/airflow/.local/lib/python3.7/site-packages/airflow/example_dags/example_time_delta_sensor_async.py
[2022-06-23 23:44:40,846] {processor.py:641} INFO - Processing file /home/airflow/.local/lib/python3.7/site-packages/airflow/example_dags/example_time_delta_sensor_async.py for tasks to queue
[2022-06-23 23:44:40,847] {logging_mixin.py:115} INFO - [2022-06-23 23:44:40,846] {dagbag.py:507} INFO - Filling up the DagBag from /home/airflow/.local/lib/python3.7/site-packages/airflow/example_dags/example_time_delta_sensor_async.py
[2022-06-23 23:44:40,852] {processor.py:651} INFO - DAG(s) dict_keys(['example_time_delta_sensor_async']) retrieved from /home/airflow/.local/lib/python3.7/site-packages/airflow/example_dags/example_time_delta_sensor_async.py
[2022-06-23 23:44:40,892] {logging_mixin.py:115} INFO - [2022-06-23 23:44:40,892] {dag.py:2379} INFO - Sync 1 DAGs
[2022-06-23 23:44:40,995] {logging_mixin.py:115} INFO - [2022-06-23 23:44:40,995] {dag.py:2931} INFO - Setting next_dagrun for example_time_delta_sensor_async to None, run_after=None
[2022-06-23 23:44:41,009] {processor.py:161} INFO - Processing /home/airflow/.local/lib/python3.7/site-packages/airflow/example_dags/example_time_delta_sensor_async.py took 0.182 seconds
[2022-06-23 23:45:11,319] {processor.py:153} INFO - Started process (PID=1835) to work on /home/airflow/.local/lib/python3.7/site-packages/airflow/example_dags/example_time_delta_sensor_async.py
[2022-06-23 23:45:11,320] {processor.py:641} INFO - Processing file /home/airflow/.local/lib/python3.7/site-packages/airflow/example_dags/example_time_delta_sensor_async.py for tasks to queue
[2022-06-23 23:45:11,320] {logging_mixin.py:115} INFO - [2022-06-23 23:45:11,320] {dagbag.py:507} INFO - Filling up the DagBag from /home/airflow/.local/lib/python3.7/site-packages/airflow/example_dags/example_time_delta_sensor_async.py
[2022-06-23 23:45:11,325] {processor.py:651} INFO - DAG(s) dict_keys(['example_time_delta_sensor_async']) retrieved from /home/airflow/.local/lib/python3.7/site-packages/airflow/example_dags/example_time_delta_sensor_async.py
[2022-06-23 23:45:11,382] {logging_mixin.py:115} INFO - [2022-06-23 23:45:11,382] {dag.py:2379} INFO - Sync 1 DAGs
[2022-06-23 23:45:11,513] {logging_mixin.py:115} INFO - [2022-06-23 23:45:11,513] {dag.py:2931} INFO - Setting next_dagrun for example_time_delta_sensor_async to None, run_after=None
[2022-06-23 23:45:11,538] {processor.py:161} INFO - Processing /home/airflow/.local/lib/python3.7/site-packages/airflow/example_dags/example_time_delta_sensor_async.py took 0.224 seconds
                                                                                                                                                                                                                                                                                                                                                                                                                                                                                                                                                                                                                                                                                                                                                                                                                                                                                                                                                                                                                                                                                                                                                                                                                                                                                                                                                                                       