[2022-06-23 01:17:28,956] {processor.py:153} INFO - Started process (PID=93) to work on /home/airflow/.local/lib/python3.7/site-packages/airflow/example_dags/example_task_group_decorator.py
[2022-06-23 01:17:28,956] {processor.py:641} INFO - Processing file /home/airflow/.local/lib/python3.7/site-packages/airflow/example_dags/example_task_group_decorator.py for tasks to queue
[2022-06-23 01:17:28,956] {logging_mixin.py:115} INFO - [2022-06-23 01:17:28,956] {dagbag.py:507} INFO - Filling up the DagBag from /home/airflow/.local/lib/python3.7/site-packages/airflow/example_dags/example_task_group_decorator.py
[2022-06-23 01:17:28,988] {processor.py:651} INFO - DAG(s) dict_keys(['example_task_group_decorator']) retrieved from /home/airflow/.local/lib/python3.7/site-packages/airflow/example_dags/example_task_group_decorator.py
[2022-06-23 01:17:29,069] {logging_mixin.py:115} INFO - [2022-06-23 01:17:29,069] {dag.py:2379} INFO - Sync 1 DAGs
[2022-06-23 01:17:29,196] {logging_mixin.py:115} INFO - [2022-06-23 01:17:29,196] {dag.py:2931} INFO - Setting next_dagrun for example_task_group_decorator to 2022-06-22T01:17:29.196073+00:00, run_after=2022-06-23T01:17:29.196073+00:00
[2022-06-23 01:17:29,247] {processor.py:161} INFO - Processing /home/airflow/.local/lib/python3.7/site-packages/airflow/example_dags/example_task_group_decorator.py took 0.294 seconds
[2022-06-23 01:17:59,609] {processor.py:153} INFO - Started process (PID=146) to work on /home/airflow/.local/lib/python3.7/site-packages/airflow/example_dags/example_task_group_decorator.py
[2022-06-23 01:17:59,626] {processor.py:641} INFO - Processing file /home/airflow/.local/lib/python3.7/site-packages/airflow/example_dags/example_task_group_decorator.py for tasks to queue
[2022-06-23 01:17:59,627] {logging_mixin.py:115} INFO - [2022-06-23 01:17:59,627] {dagbag.py:507} INFO - Filling up the DagBag from /home/airflow/.local/lib/python3.7/site-packages/airflow/example_dags/example_task_group_decorator.py
[2022-06-23 01:17:59,660] {processor.py:651} INFO - DAG(s) dict_keys(['example_task_group_decorator']) retrieved from /home/airflow/.local/lib/python3.7/site-packages/airflow/example_dags/example_task_group_decorator.py
[2022-06-23 01:17:59,737] {logging_mixin.py:115} INFO - [2022-06-23 01:17:59,737] {dag.py:2379} INFO - Sync 1 DAGs
[2022-06-23 01:17:59,844] {logging_mixin.py:115} INFO - [2022-06-23 01:17:59,844] {dag.py:2931} INFO - Setting next_dagrun for example_task_group_decorator to 2022-06-22T01:17:59.843970+00:00, run_after=2022-06-23T01:17:59.843970+00:00
[2022-06-23 01:17:59,956] {processor.py:161} INFO - Processing /home/airflow/.local/lib/python3.7/site-packages/airflow/example_dags/example_task_group_decorator.py took 0.348 seconds
[2022-06-23 23:30:20,817] {processor.py:153} INFO - Started process (PID=57) to work on /home/airflow/.local/lib/python3.7/site-packages/airflow/example_dags/example_task_group_decorator.py
[2022-06-23 23:30:20,834] {processor.py:641} INFO - Processing file /home/airflow/.local/lib/python3.7/site-packages/airflow/example_dags/example_task_group_decorator.py for tasks to queue
[2022-06-23 23:30:20,835] {logging_mixin.py:115} INFO - [2022-06-23 23:30:20,835] {dagbag.py:507} INFO - Filling up the DagBag from /home/airflow/.local/lib/python3.7/site-packages/airflow/example_dags/example_task_group_decorator.py
[2022-06-23 23:30:20,863] {processor.py:651} INFO - DAG(s) dict_keys(['example_task_group_decorator']) retrieved from /home/airflow/.local/lib/python3.7/site-packages/airflow/example_dags/example_task_group_decorator.py
[2022-06-23 23:30:21,034] {logging_mixin.py:115} INFO - [2022-06-23 23:30:21,034] {dag.py:2379} INFO - Sync 1 DAGs
[2022-06-23 23:30:21,054] {logging_mixin.py:115} INFO - [2022-06-23 23:30:21,054] {dag.py:2931} INFO - Setting next_dagrun for example_task_group_decorator to 2022-06-22T23:30:21.054294+00:00, run_after=2022-06-23T23:30:21.054294+00:00
[2022-06-23 23:30:21,521] {processor.py:161} INFO - Processing /home/airflow/.local/lib/python3.7/site-packages/airflow/example_dags/example_task_group_decorator.py took 0.705 seconds
[2022-06-23 23:30:51,718] {processor.py:153} INFO - Started process (PID=114) to work on /home/airflow/.local/lib/python3.7/site-packages/airflow/example_dags/example_task_group_decorator.py
[2022-06-23 23:30:51,733] {processor.py:641} INFO - Processing file /home/airflow/.local/lib/python3.7/site-packages/airflow/example_dags/example_task_group_decorator.py for tasks to queue
[2022-06-23 23:30:51,734] {logging_mixin.py:115} INFO - [2022-06-23 23:30:51,734] {dagbag.py:507} INFO - Filling up the DagBag from /home/airflow/.local/lib/python3.7/site-packages/airflow/example_dags/example_task_group_decorator.py
[2022-06-23 23:30:51,759] {processor.py:651} INFO - DAG(s) dict_keys(['example_task_group_decorator']) retrieved from /home/airflow/.local/lib/python3.7/site-packages/airflow/example_dags/example_task_group_decorator.py
[2022-06-23 23:30:51,936] {logging_mixin.py:115} INFO - [2022-06-23 23:30:51,936] {dag.py:2379} INFO - Sync 1 DAGs
[2022-06-23 23:30:51,964] {logging_mixin.py:115} INFO - [2022-06-23 23:30:51,964] {dag.py:2931} INFO - Setting next_dagrun for example_task_group_decorator to 2022-06-22T23:30:51.964154+00:00, run_after=2022-06-23T23:30:51.964154+00:00
[2022-06-23 23:30:51,991] {processor.py:161} INFO - Processing /home/airflow/.local/lib/python3.7/site-packages/airflow/example_dags/example_task_group_decorator.py took 0.275 seconds
[2022-06-23 23:31:22,142] {processor.py:153} INFO - Started process (PID=176) to work on /home/airflow/.local/lib/python3.7/site-packages/airflow/example_dags/example_task_group_decorator.py
[2022-06-23 23:31:22,142] {processor.py:641} INFO - Processing file /home/airflow/.local/lib/python3.7/site-packages/airflow/example_dags/example_task_group_decorator.py for tasks to queue
[2022-06-23 23:31:22,143] {logging_mixin.py:115} INFO - [2022-06-23 23:31:22,143] {dagbag.py:507} INFO - Filling up the DagBag from /home/airflow/.local/lib/python3.7/site-packages/airflow/example_dags/example_task_group_decorator.py
[2022-06-23 23:31:22,168] {processor.py:651} INFO - DAG(s) dict_keys(['example_task_group_decorator']) retrieved from /home/airflow/.local/lib/python3.7/site-packages/airflow/example_dags/example_task_group_decorator.py
[2022-06-23 23:31:22,321] {logging_mixin.py:115} INFO - [2022-06-23 23:31:22,321] {dag.py:2379} INFO - Sync 1 DAGs
[2022-06-23 23:31:22,342] {logging_mixin.py:115} INFO - [2022-06-23 23:31:22,342] {dag.py:2931} INFO - Setting next_dagrun for example_task_group_decorator to 2022-06-22T23:31:22.342286+00:00, run_after=2022-06-23T23:31:22.342286+00:00
[2022-06-23 23:31:22,356] {processor.py:161} INFO - Processing /home/airflow/.local/lib/python3.7/site-packages/airflow/example_dags/example_task_group_decorator.py took 0.218 seconds
[2022-06-23 23:31:52,421] {processor.py:153} INFO - Started process (PID=241) to work on /home/airflow/.local/lib/python3.7/site-packages/airflow/example_dags/example_task_group_decorator.py
[2022-06-23 23:31:52,421] {processor.py:641} INFO - Processing file /home/airflow/.local/lib/python3.7/site-packages/airflow/example_dags/example_task_group_decorator.py for tasks to queue
[2022-06-23 23:31:52,422] {logging_mixin.py:115} INFO - [2022-06-23 23:31:52,422] {dagbag.py:507} INFO - Filling up the DagBag from /home/airflow/.local/lib/python3.7/site-packages/airflow/example_dags/example_task_group_decorator.py
[2022-06-23 23:31:52,450] {processor.py:651} INFO - DAG(s) dict_keys(['example_task_group_decorator']) retrieved from /home/airflow/.local/lib/python3.7/site-packages/airflow/example_dags/example_task_group_decorator.py
[2022-06-23 23:31:52,607] {logging_mixin.py:115} INFO - [2022-06-23 23:31:52,607] {dag.py:2379} INFO - Sync 1 DAGs
[2022-06-23 23:31:52,624] {logging_mixin.py:115} INFO - [2022-06-23 23:31:52,624] {dag.py:2931} INFO - Setting next_dagrun for example_task_group_decorator to 2022-06-22T23:31:52.624097+00:00, run_after=2022-06-23T23:31:52.624097+00:00
[2022-06-23 23:31:52,648] {processor.py:161} INFO - Processing /home/airflow/.local/lib/python3.7/site-packages/airflow/example_dags/example_task_group_decorator.py took 0.229 seconds
[2022-06-23 23:32:22,730] {processor.py:153} INFO - Started process (PID=297) to work on /home/airflow/.local/lib/python3.7/site-packages/airflow/example_dags/example_task_group_decorator.py
[2022-06-23 23:32:22,730] {processor.py:641} INFO - Processing file /home/airflow/.local/lib/python3.7/site-packages/airflow/example_dags/example_task_group_decorator.py for tasks to queue
[2022-06-23 23:32:22,730] {logging_mixin.py:115} INFO - [2022-06-23 23:32:22,730] {dagbag.py:507} INFO - Filling up the DagBag from /home/airflow/.local/lib/python3.7/site-packages/airflow/example_dags/example_task_group_decorator.py
[2022-06-23 23:32:22,757] {processor.py:651} INFO - DAG(s) dict_keys(['example_task_group_decorator']) retrieved from /home/airflow/.local/lib/python3.7/site-packages/airflow/example_dags/example_task_group_decorator.py
[2022-06-23 23:32:22,915] {logging_mixin.py:115} INFO - [2022-06-23 23:32:22,915] {dag.py:2379} INFO - Sync 1 DAGs
[2022-06-23 23:32:22,942] {logging_mixin.py:115} INFO - [2022-06-23 23:32:22,942] {dag.py:2931} INFO - Setting next_dagrun for example_task_group_decorator to 2022-06-22T23:32:22.942427+00:00, run_after=2022-06-23T23:32:22.942427+00:00
[2022-06-23 23:32:22,956] {processor.py:161} INFO - Processing /home/airflow/.local/lib/python3.7/site-packages/airflow/example_dags/example_task_group_decorator.py took 0.229 seconds
[2022-06-23 23:32:53,049] {processor.py:153} INFO - Started process (PID=360) to work on /home/airflow/.local/lib/python3.7/site-packages/airflow/example_dags/example_task_group_decorator.py
[2022-06-23 23:32:53,049] {processor.py:641} INFO - Processing file /home/airflow/.local/lib/python3.7/site-packages/airflow/example_dags/example_task_group_decorator.py for tasks to queue
[2022-06-23 23:32:53,050] {logging_mixin.py:115} INFO - [2022-06-23 23:32:53,049] {dagbag.py:507} INFO - Filling up the DagBag from /home/airflow/.local/lib/python3.7/site-packages/airflow/example_dags/example_task_group_decorator.py
[2022-06-23 23:32:53,078] {processor.py:651} INFO - DAG(s) dict_keys(['example_task_group_decorator']) retrieved from /home/airflow/.local/lib/python3.7/site-packages/airflow/example_dags/example_task_group_decorator.py
[2022-06-23 23:32:53,271] {logging_mixin.py:115} INFO - [2022-06-23 23:32:53,271] {dag.py:2379} INFO - Sync 1 DAGs
[2022-06-23 23:32:53,292] {logging_mixin.py:115} INFO - [2022-06-23 23:32:53,292] {dag.py:2931} INFO - Setting next_dagrun for example_task_group_decorator to 2022-06-22T23:32:53.291831+00:00, run_after=2022-06-23T23:32:53.291831+00:00
[2022-06-23 23:32:53,307] {processor.py:161} INFO - Processing /home/airflow/.local/lib/python3.7/site-packages/airflow/example_dags/example_task_group_decorator.py took 0.262 seconds
[2022-06-23 23:33:23,533] {processor.py:153} INFO - Started process (PID=423) to work on /home/airflow/.local/lib/python3.7/site-packages/airflow/example_dags/example_task_group_decorator.py
[2022-06-23 23:33:23,534] {processor.py:641} INFO - Processing file /home/airflow/.local/lib/python3.7/site-packages/airflow/example_dags/example_task_group_decorator.py for tasks to queue
[2022-06-23 23:33:23,534] {logging_mixin.py:115} INFO - [2022-06-23 23:33:23,534] {dagbag.py:507} INFO - Filling up the DagBag from /home/airflow/.local/lib/python3.7/site-packages/airflow/example_dags/example_task_group_decorator.py
[2022-06-23 23:33:23,559] {processor.py:651} INFO - DAG(s) dict_keys(['example_task_group_decorator']) retrieved from /home/airflow/.local/lib/python3.7/site-packages/airflow/example_dags/example_task_group_decorator.py
[2022-06-23 23:33:23,720] {logging_mixin.py:115} INFO - [2022-06-23 23:33:23,720] {dag.py:2379} INFO - Sync 1 DAGs
[2022-06-23 23:33:23,739] {logging_mixin.py:115} INFO - [2022-06-23 23:33:23,739] {dag.py:2931} INFO - Setting next_dagrun for example_task_group_decorator to 2022-06-22T23:33:23.739624+00:00, run_after=2022-06-23T23:33:23.739624+00:00
[2022-06-23 23:33:23,762] {processor.py:161} INFO - Processing /home/airflow/.local/lib/python3.7/site-packages/airflow/example_dags/example_task_group_decorator.py took 0.233 seconds
[2022-06-23 23:33:54,041] {processor.py:153} INFO - Started process (PID=478) to work on /home/airflow/.local/lib/python3.7/site-packages/airflow/example_dags/example_task_group_decorator.py
[2022-06-23 23:33:54,042] {processor.py:641} INFO - Processing file /home/airflow/.local/lib/python3.7/site-packages/airflow/example_dags/example_task_group_decorator.py for tasks to queue
[2022-06-23 23:33:54,043] {logging_mixin.py:115} INFO - [2022-06-23 23:33:54,042] {dagbag.py:507} INFO - Filling up the DagBag from /home/airflow/.local/lib/python3.7/site-packages/airflow/example_dags/example_task_group_decorator.py
[2022-06-23 23:33:54,071] {processor.py:651} INFO - DAG(s) dict_keys(['example_task_group_decorator']) retrieved from /home/airflow/.local/lib/python3.7/site-packages/airflow/example_dags/example_task_group_decorator.py
[2022-06-23 23:33:54,251] {logging_mixin.py:115} INFO - [2022-06-23 23:33:54,251] {dag.py:2379} INFO - Sync 1 DAGs
[2022-06-23 23:33:54,273] {logging_mixin.py:115} INFO - [2022-06-23 23:33:54,273] {dag.py:2931} INFO - Setting next_dagrun for example_task_group_decorator to 2022-06-22T23:33:54.273179+00:00, run_after=2022-06-23T23:33:54.273179+00:00
[2022-06-23 23:33:54,397] {processor.py:161} INFO - Processing /home/airflow/.local/lib/python3.7/site-packages/airflow/example_dags/example_task_group_decorator.py took 0.360 seconds
[2022-06-23 23:34:24,536] {processor.py:153} INFO - Started process (PID=541) to work on /home/airflow/.local/lib/python3.7/site-packages/airflow/example_dags/example_task_group_decorator.py
[2022-06-23 23:34:24,536] {processor.py:641} INFO - Processing file /home/airflow/.local/lib/python3.7/site-packages/airflow/example_dags/example_task_group_decorator.py for tasks to queue
[2022-06-23 23:34:24,536] {logging_mixin.py:115} INFO - [2022-06-23 23:34:24,536] {dagbag.py:507} INFO - Filling up the DagBag from /home/airflow/.local/lib/python3.7/site-packages/airflow/example_dags/example_task_group_decorator.py
[2022-06-23 23:34:24,559] {processor.py:651} INFO - DAG(s) dict_keys(['example_task_group_decorator']) retrieved from /home/airflow/.local/lib/python3.7/site-packages/airflow/example_dags/example_task_group_decorator.py
[2022-06-23 23:34:24,714] {logging_mixin.py:115} INFO - [2022-06-23 23:34:24,714] {dag.py:2379} INFO - Sync 1 DAGs
[2022-06-23 23:34:24,739] {logging_mixin.py:115} INFO - [2022-06-23 23:34:24,739] {dag.py:2931} INFO - Setting next_dagrun for example_task_group_decorator to 2022-06-22T23:34:24.739057+00:00, run_after=2022-06-23T23:34:24.739057+00:00
[2022-06-23 23:34:24,757] {processor.py:161} INFO - Processing /home/airflow/.local/lib/python3.7/site-packages/airflow/example_dags/example_task_group_decorator.py took 0.224 seconds
[2022-06-23 23:34:54,867] {processor.py:153} INFO - Started process (PID=596) to work on /home/airflow/.local/lib/python3.7/site-packages/airflow/example_dags/example_task_group_decorator.py
[2022-06-23 23:34:54,868] {processor.py:641} INFO - Processing file /home/airflow/.local/lib/python3.7/site-packages/airflow/example_dags/example_task_group_decorator.py for tasks to queue
[2022-06-23 23:34:54,869] {logging_mixin.py:115} INFO - [2022-06-23 23:34:54,869] {dagbag.py:507} INFO - Filling up the DagBag from /home/airflow/.local/lib/python3.7/site-packages/airflow/example_dags/example_task_group_decorator.py
[2022-06-23 23:34:54,896] {processor.py:651} INFO - DAG(s) dict_keys(['example_task_group_decorator']) retrieved from /home/airflow/.local/lib/python3.7/site-packages/airflow/example_dags/example_task_group_decorator.py
[2022-06-23 23:34:55,047] {logging_mixin.py:115} INFO - [2022-06-23 23:34:55,047] {dag.py:2379} INFO - Sync 1 DAGs
[2022-06-23 23:34:55,067] {logging_mixin.py:115} INFO - [2022-06-23 23:34:55,067] {dag.py:2931} INFO - Setting next_dagrun for example_task_group_decorator to 2022-06-22T23:34:55.066988+00:00, run_after=2022-06-23T23:34:55.066988+00:00
[2022-06-23 23:34:55,210] {processor.py:161} INFO - Processing /home/airflow/.local/lib/python3.7/site-packages/airflow/example_dags/example_task_group_decorator.py took 0.346 seconds
[2022-06-23 23:35:26,208] {processor.py:153} INFO - Started process (PID=661) to work on /home/airflow/.local/lib/python3.7/site-packages/airflow/example_dags/example_task_group_decorator.py
[2022-06-23 23:35:26,209] {processor.py:641} INFO - Processing file /home/airflow/.local/lib/python3.7/site-packages/airflow/example_dags/example_task_group_decorator.py for tasks to queue
[2022-06-23 23:35:26,209] {logging_mixin.py:115} INFO - [2022-06-23 23:35:26,209] {dagbag.py:507} INFO - Filling up the DagBag from /home/airflow/.local/lib/python3.7/site-packages/airflow/example_dags/example_task_group_decorator.py
[2022-06-23 23:35:26,235] {processor.py:651} INFO - DAG(s) dict_keys(['example_task_group_decorator']) retrieved from /home/airflow/.local/lib/python3.7/site-packages/airflow/example_dags/example_task_group_decorator.py
[2022-06-23 23:35:26,388] {logging_mixin.py:115} INFO - [2022-06-23 23:35:26,388] {dag.py:2379} INFO - Sync 1 DAGs
[2022-06-23 23:35:26,416] {logging_mixin.py:115} INFO - [2022-06-23 23:35:26,416] {dag.py:2931} INFO - Setting next_dagrun for example_task_group_decorator to 2022-06-22T23:35:26.415998+00:00, run_after=2022-06-23T23:35:26.415998+00:00
[2022-06-23 23:35:26,471] {processor.py:161} INFO - Processing /home/airflow/.local/lib/python3.7/site-packages/airflow/example_dags/example_task_group_decorator.py took 0.267 seconds
[2022-06-23 23:35:56,996] {processor.py:153} INFO - Started process (PID=724) to work on /home/airflow/.local/lib/python3.7/site-packages/airflow/example_dags/example_task_group_decorator.py
[2022-06-23 23:35:56,997] {processor.py:641} INFO - Processing file /home/airflow/.local/lib/python3.7/site-packages/airflow/example_dags/example_task_group_decorator.py for tasks to queue
[2022-06-23 23:35:56,998] {logging_mixin.py:115} INFO - [2022-06-23 23:35:56,998] {dagbag.py:507} INFO - Filling up the DagBag from /home/airflow/.local/lib/python3.7/site-packages/airflow/example_dags/example_task_group_decorator.py
[2022-06-23 23:35:57,021] {processor.py:651} INFO - DAG(s) dict_keys(['example_task_group_decorator']) retrieved from /home/airflow/.local/lib/python3.7/site-packages/airflow/example_dags/example_task_group_decorator.py
[2022-06-23 23:35:57,170] {logging_mixin.py:115} INFO - [2022-06-23 23:35:57,169] {dag.py:2379} INFO - Sync 1 DAGs
[2022-06-23 23:35:57,195] {logging_mixin.py:115} INFO - [2022-06-23 23:35:57,195] {dag.py:2931} INFO - Setting next_dagrun for example_task_group_decorator to 2022-06-22T23:35:57.195368+00:00, run_after=2022-06-23T23:35:57.195368+00:00
[2022-06-23 23:35:57,221] {processor.py:161} INFO - Processing /home/airflow/.local/lib/python3.7/site-packages/airflow/example_dags/example_task_group_decorator.py took 0.229 seconds
[2022-06-23 23:36:27,364] {processor.py:153} INFO - Started process (PID=778) to work on /home/airflow/.local/lib/python3.7/site-packages/airflow/example_dags/example_task_group_decorator.py
[2022-06-23 23:36:27,371] {processor.py:641} INFO - Processing file /home/airflow/.local/lib/python3.7/site-packages/airflow/example_dags/example_task_group_decorator.py for tasks to queue
[2022-06-23 23:36:27,372] {logging_mixin.py:115} INFO - [2022-06-23 23:36:27,372] {dagbag.py:507} INFO - Filling up the DagBag from /home/airflow/.local/lib/python3.7/site-packages/airflow/example_dags/example_task_group_decorator.py
[2022-06-23 23:36:27,405] {processor.py:651} INFO - DAG(s) dict_keys(['example_task_group_decorator']) retrieved from /home/airflow/.local/lib/python3.7/site-packages/airflow/example_dags/example_task_group_decorator.py
[2022-06-23 23:36:27,563] {logging_mixin.py:115} INFO - [2022-06-23 23:36:27,563] {dag.py:2379} INFO - Sync 1 DAGs
[2022-06-23 23:36:27,580] {logging_mixin.py:115} INFO - [2022-06-23 23:36:27,580] {dag.py:2931} INFO - Setting next_dagrun for example_task_group_decorator to 2022-06-22T23:36:27.580217+00:00, run_after=2022-06-23T23:36:27.580217+00:00
[2022-06-23 23:36:27,599] {processor.py:161} INFO - Processing /home/airflow/.local/lib/python3.7/site-packages/airflow/example_dags/example_task_group_decorator.py took 0.240 seconds
[2022-06-23 23:36:57,828] {processor.py:153} INFO - Started process (PID=841) to work on /home/airflow/.local/lib/python3.7/site-packages/airflow/example_dags/example_task_group_decorator.py
[2022-06-23 23:36:57,842] {processor.py:641} INFO - Processing file /home/airflow/.local/lib/python3.7/site-packages/airflow/example_dags/example_task_group_decorator.py for tasks to queue
[2022-06-23 23:36:57,843] {logging_mixin.py:115} INFO - [2022-06-23 23:36:57,843] {dagbag.py:507} INFO - Filling up the DagBag from /home/airflow/.local/lib/python3.7/site-packages/airflow/example_dags/example_task_group_decorator.py
[2022-06-23 23:36:57,871] {processor.py:651} INFO - DAG(s) dict_keys(['example_task_group_decorator']) retrieved from /home/airflow/.local/lib/python3.7/site-packages/airflow/example_dags/example_task_group_decorator.py
[2022-06-23 23:36:58,038] {logging_mixin.py:115} INFO - [2022-06-23 23:36:58,038] {dag.py:2379} INFO - Sync 1 DAGs
[2022-06-23 23:36:58,097] {logging_mixin.py:115} INFO - [2022-06-23 23:36:58,097] {dag.py:2931} INFO - Setting next_dagrun for example_task_group_decorator to 2022-06-22T23:36:58.097615+00:00, run_after=2022-06-23T23:36:58.097615+00:00
[2022-06-23 23:36:58,127] {processor.py:161} INFO - Processing /home/airflow/.local/lib/python3.7/site-packages/airflow/example_dags/example_task_group_decorator.py took 0.303 seconds
[2022-06-23 23:37:28,736] {processor.py:153} INFO - Started process (PID=904) to work on /home/airflow/.local/lib/python3.7/site-packages/airflow/example_dags/example_task_group_decorator.py
[2022-06-23 23:37:28,736] {processor.py:641} INFO - Processing file /home/airflow/.local/lib/python3.7/site-packages/airflow/example_dags/example_task_group_decorator.py for tasks to queue
[2022-06-23 23:37:28,737] {logging_mixin.py:115} INFO - [2022-06-23 23:37:28,737] {dagbag.py:507} INFO - Filling up the DagBag from /home/airflow/.local/lib/python3.7/site-packages/airflow/example_dags/example_task_group_decorator.py
[2022-06-23 23:37:28,760] {processor.py:651} INFO - DAG(s) dict_keys(['example_task_group_decorator']) retrieved from /home/airflow/.local/lib/python3.7/site-packages/airflow/example_dags/example_task_group_decorator.py
[2022-06-23 23:37:28,917] {logging_mixin.py:115} INFO - [2022-06-23 23:37:28,917] {dag.py:2379} INFO - Sync 1 DAGs
[2022-06-23 23:37:28,935] {logging_mixin.py:115} INFO - [2022-06-23 23:37:28,935] {dag.py:2931} INFO - Setting next_dagrun for example_task_group_decorator to 2022-06-22T23:37:28.935521+00:00, run_after=2022-06-23T23:37:28.935521+00:00
[2022-06-23 23:37:28,949] {processor.py:161} INFO - Processing /home/airflow/.local/lib/python3.7/site-packages/airflow/example_dags/example_task_group_decorator.py took 0.216 seconds
[2022-06-23 23:37:59,016] {processor.py:153} INFO - Started process (PID=959) to work on /home/airflow/.local/lib/python3.7/site-packages/airflow/example_dags/example_task_group_decorator.py
[2022-06-23 23:37:59,017] {processor.py:641} INFO - Processing file /home/airflow/.local/lib/python3.7/site-packages/airflow/example_dags/example_task_group_decorator.py for tasks to queue
[2022-06-23 23:37:59,018] {logging_mixin.py:115} INFO - [2022-06-23 23:37:59,018] {dagbag.py:507} INFO - Filling up the DagBag from /home/airflow/.local/lib/python3.7/site-packages/airflow/example_dags/example_task_group_decorator.py
[2022-06-23 23:37:59,047] {processor.py:651} INFO - DAG(s) dict_keys(['example_task_group_decorator']) retrieved from /home/airflow/.local/lib/python3.7/site-packages/airflow/example_dags/example_task_group_decorator.py
[2022-06-23 23:37:59,199] {logging_mixin.py:115} INFO - [2022-06-23 23:37:59,199] {dag.py:2379} INFO - Sync 1 DAGs
[2022-06-23 23:37:59,219] {logging_mixin.py:115} INFO - [2022-06-23 23:37:59,219] {dag.py:2931} INFO - Setting next_dagrun for example_task_group_decorator to 2022-06-22T23:37:59.219554+00:00, run_after=2022-06-23T23:37:59.219554+00:00
[2022-06-23 23:37:59,243] {processor.py:161} INFO - Processing /home/airflow/.local/lib/python3.7/site-packages/airflow/example_dags/example_task_group_decorator.py took 0.232 seconds
[2022-06-23 23:38:29,607] {processor.py:153} INFO - Started process (PID=1022) to work on /home/airflow/.local/lib/python3.7/site-packages/airflow/example_dags/example_task_group_decorator.py
[2022-06-23 23:38:29,607] {processor.py:641} INFO - Processing file /home/airflow/.local/lib/python3.7/site-packages/airflow/example_dags/example_task_group_decorator.py for tasks to queue
[2022-06-23 23:38:29,608] {logging_mixin.py:115} INFO - [2022-06-23 23:38:29,608] {dagbag.py:507} INFO - Filling up the DagBag from /home/airflow/.local/lib/python3.7/site-packages/airflow/example_dags/example_task_group_decorator.py
[2022-06-23 23:38:29,633] {processor.py:651} INFO - DAG(s) dict_keys(['example_task_group_decorator']) retrieved from /home/airflow/.local/lib/python3.7/site-packages/airflow/example_dags/example_task_group_decorator.py
[2022-06-23 23:38:29,665] {logging_mixin.py:115} INFO - [2022-06-23 23:38:29,665] {dag.py:2379} INFO - Sync 1 DAGs
[2022-06-23 23:38:29,766] {logging_mixin.py:115} INFO - [2022-06-23 23:38:29,765] {dag.py:2931} INFO - Setting next_dagrun for example_task_group_decorator to 2022-06-22T23:38:29.765838+00:00, run_after=2022-06-23T23:38:29.765838+00:00
[2022-06-23 23:38:29,781] {processor.py:161} INFO - Processing /home/airflow/.local/lib/python3.7/site-packages/airflow/example_dags/example_task_group_decorator.py took 0.179 seconds
[2022-06-23 23:38:59,988] {processor.py:153} INFO - Started process (PID=1086) to work on /home/airflow/.local/lib/python3.7/site-packages/airflow/example_dags/example_task_group_decorator.py
[2022-06-23 23:38:59,992] {processor.py:641} INFO - Processing file /home/airflow/.local/lib/python3.7/site-packages/airflow/example_dags/example_task_group_decorator.py for tasks to queue
[2022-06-23 23:38:59,993] {logging_mixin.py:115} INFO - [2022-06-23 23:38:59,993] {dagbag.py:507} INFO - Filling up the DagBag from /home/airflow/.local/lib/python3.7/site-packages/airflow/example_dags/example_task_group_decorator.py
[2022-06-23 23:39:00,020] {processor.py:651} INFO - DAG(s) dict_keys(['example_task_group_decorator']) retrieved from /home/airflow/.local/lib/python3.7/site-packages/airflow/example_dags/example_task_group_decorator.py
[2022-06-23 23:39:00,193] {logging_mixin.py:115} INFO - [2022-06-23 23:39:00,193] {dag.py:2379} INFO - Sync 1 DAGs
[2022-06-23 23:39:00,214] {logging_mixin.py:115} INFO - [2022-06-23 23:39:00,214] {dag.py:2931} INFO - Setting next_dagrun for example_task_group_decorator to 2022-06-22T23:39:00.213674+00:00, run_after=2022-06-23T23:39:00.213674+00:00
[2022-06-23 23:39:00,252] {processor.py:161} INFO - Processing /home/airflow/.local/lib/python3.7/site-packages/airflow/example_dags/example_task_group_decorator.py took 0.268 seconds
[2022-06-23 23:39:30,387] {processor.py:153} INFO - Started process (PID=1140) to work on /home/airflow/.local/lib/python3.7/site-packages/airflow/example_dags/example_task_group_decorator.py
[2022-06-23 23:39:30,388] {processor.py:641} INFO - Processing file /home/airflow/.local/lib/python3.7/site-packages/airflow/example_dags/example_task_group_decorator.py for tasks to queue
[2022-06-23 23:39:30,389] {logging_mixin.py:115} INFO - [2022-06-23 23:39:30,388] {dagbag.py:507} INFO - Filling up the DagBag from /home/airflow/.local/lib/python3.7/site-packages/airflow/example_dags/example_task_group_decorator.py
[2022-06-23 23:39:30,419] {processor.py:651} INFO - DAG(s) dict_keys(['example_task_group_decorator']) retrieved from /home/airflow/.local/lib/python3.7/site-packages/airflow/example_dags/example_task_group_decorator.py
[2022-06-23 23:39:30,593] {logging_mixin.py:115} INFO - [2022-06-23 23:39:30,593] {dag.py:2379} INFO - Sync 1 DAGs
[2022-06-23 23:39:30,616] {logging_mixin.py:115} INFO - [2022-06-23 23:39:30,616] {dag.py:2931} INFO - Setting next_dagrun for example_task_group_decorator to 2022-06-22T23:39:30.615932+00:00, run_after=2022-06-23T23:39:30.615932+00:00
[2022-06-23 23:39:30,633] {processor.py:161} INFO - Processing /home/airflow/.local/lib/python3.7/site-packages/airflow/example_dags/example_task_group_decorator.py took 0.250 seconds
[2022-06-23 23:40:00,823] {processor.py:153} INFO - Started process (PID=1207) to work on /home/airflow/.local/lib/python3.7/site-packages/airflow/example_dags/example_task_group_decorator.py
[2022-06-23 23:40:00,824] {processor.py:641} INFO - Processing file /home/airflow/.local/lib/python3.7/site-packages/airflow/example_dags/example_task_group_decorator.py for tasks to queue
[2022-06-23 23:40:00,824] {logging_mixin.py:115} INFO - [2022-06-23 23:40:00,824] {dagbag.py:507} INFO - Filling up the DagBag from /home/airflow/.local/lib/python3.7/site-packages/airflow/example_dags/example_task_group_decorator.py
[2022-06-23 23:40:00,847] {processor.py:651} INFO - DAG(s) dict_keys(['example_task_group_decorator']) retrieved from /home/airflow/.local/lib/python3.7/site-packages/airflow/example_dags/example_task_group_decorator.py
[2022-06-23 23:40:01,011] {logging_mixin.py:115} INFO - [2022-06-23 23:40:01,011] {dag.py:2379} INFO - Sync 1 DAGs
[2022-06-23 23:40:01,031] {logging_mixin.py:115} INFO - [2022-06-23 23:40:01,031] {dag.py:2931} INFO - Setting next_dagrun for example_task_group_decorator to 2022-06-22T23:40:01.031092+00:00, run_after=2022-06-23T23:40:01.031092+00:00
[2022-06-23 23:40:01,086] {processor.py:161} INFO - Processing /home/airflow/.local/lib/python3.7/site-packages/airflow/example_dags/example_task_group_decorator.py took 0.267 seconds
[2022-06-23 23:40:31,281] {processor.py:153} INFO - Started process (PID=1270) to work on /home/airflow/.local/lib/python3.7/site-packages/airflow/example_dags/example_task_group_decorator.py
[2022-06-23 23:40:31,286] {processor.py:641} INFO - Processing file /home/airflow/.local/lib/python3.7/site-packages/airflow/example_dags/example_task_group_decorator.py for tasks to queue
[2022-06-23 23:40:31,287] {logging_mixin.py:115} INFO - [2022-06-23 23:40:31,287] {dagbag.py:507} INFO - Filling up the DagBag from /home/airflow/.local/lib/python3.7/site-packages/airflow/example_dags/example_task_group_decorator.py
[2022-06-23 23:40:31,312] {processor.py:651} INFO - DAG(s) dict_keys(['example_task_group_decorator']) retrieved from /home/airflow/.local/lib/python3.7/site-packages/airflow/example_dags/example_task_group_decorator.py
[2022-06-23 23:40:31,494] {logging_mixin.py:115} INFO - [2022-06-23 23:40:31,494] {dag.py:2379} INFO - Sync 1 DAGs
[2022-06-23 23:40:31,512] {logging_mixin.py:115} INFO - [2022-06-23 23:40:31,512] {dag.py:2931} INFO - Setting next_dagrun for example_task_group_decorator to 2022-06-22T23:40:31.512343+00:00, run_after=2022-06-23T23:40:31.512343+00:00
[2022-06-23 23:40:31,525] {processor.py:161} INFO - Processing /home/airflow/.local/lib/python3.7/site-packages/airflow/example_dags/example_task_group_decorator.py took 0.247 seconds
[2022-06-23 23:41:01,551] {processor.py:153} INFO - Started process (PID=1324) to work on /home/airflow/.local/lib/python3.7/site-packages/airflow/example_dags/example_task_group_decorator.py
[2022-06-23 23:41:01,551] {processor.py:641} INFO - Processing file /home/airflow/.local/lib/python3.7/site-packages/airflow/example_dags/example_task_group_decorator.py for tasks to queue
[2022-06-23 23:41:01,552] {logging_mixin.py:115} INFO - [2022-06-23 23:41:01,552] {dagbag.py:507} INFO - Filling up the DagBag from /home/airflow/.local/lib/python3.7/site-packages/airflow/example_dags/example_task_group_decorator.py
[2022-06-23 23:41:01,584] {processor.py:651} INFO - DAG(s) dict_keys(['example_task_group_decorator']) retrieved from /home/airflow/.local/lib/python3.7/site-packages/airflow/example_dags/example_task_group_decorator.py
[2022-06-23 23:41:01,618] {logging_mixin.py:115} INFO - [2022-06-23 23:41:01,618] {dag.py:2379} INFO - Sync 1 DAGs
[2022-06-23 23:41:01,732] {logging_mixin.py:115} INFO - [2022-06-23 23:41:01,732] {dag.py:2931} INFO - Setting next_dagrun for example_task_group_decorator to 2022-06-22T23:41:01.732463+00:00, run_after=2022-06-23T23:41:01.732463+00:00
[2022-06-23 23:41:01,756] {processor.py:161} INFO - Processing /home/airflow/.local/lib/python3.7/site-packages/airflow/example_dags/example_task_group_decorator.py took 0.210 seconds
[2022-06-23 23:41:32,202] {processor.py:153} INFO - Started process (PID=1387) to work on /home/airflow/.local/lib/python3.7/site-packages/airflow/example_dags/example_task_group_decorator.py
[2022-06-23 23:41:32,202] {processor.py:641} INFO - Processing file /home/airflow/.local/lib/python3.7/site-packages/airflow/example_dags/example_task_group_decorator.py for tasks to queue
[2022-06-23 23:41:32,202] {logging_mixin.py:115} INFO - [2022-06-23 23:41:32,202] {dagbag.py:507} INFO - Filling up the DagBag from /home/airflow/.local/lib/python3.7/site-packages/airflow/example_dags/example_task_group_decorator.py
[2022-06-23 23:41:32,226] {processor.py:651} INFO - DAG(s) dict_keys(['example_task_group_decorator']) retrieved from /home/airflow/.local/lib/python3.7/site-packages/airflow/example_dags/example_task_group_decorator.py
[2022-06-23 23:41:32,404] {logging_mixin.py:115} INFO - [2022-06-23 23:41:32,404] {dag.py:2379} INFO - Sync 1 DAGs
[2022-06-23 23:41:32,430] {logging_mixin.py:115} INFO - [2022-06-23 23:41:32,430] {dag.py:2931} INFO - Setting next_dagrun for example_task_group_decorator to 2022-06-22T23:41:32.430579+00:00, run_after=2022-06-23T23:41:32.430579+00:00
[2022-06-23 23:41:32,452] {processor.py:161} INFO - Processing /home/airflow/.local/lib/python3.7/site-packages/airflow/example_dags/example_task_group_decorator.py took 0.254 seconds
[2022-06-23 23:42:02,738] {processor.py:153} INFO - Started process (PID=1450) to work on /home/airflow/.local/lib/python3.7/site-packages/airflow/example_dags/example_task_group_decorator.py
[2022-06-23 23:42:02,739] {processor.py:641} INFO - Processing file /home/airflow/.local/lib/python3.7/site-packages/airflow/example_dags/example_task_group_decorator.py for tasks to queue
[2022-06-23 23:42:02,740] {logging_mixin.py:115} INFO - [2022-06-23 23:42:02,740] {dagbag.py:507} INFO - Filling up the DagBag from /home/airflow/.local/lib/python3.7/site-packages/airflow/example_dags/example_task_group_decorator.py
[2022-06-23 23:42:02,770] {processor.py:651} INFO - DAG(s) dict_keys(['example_task_group_decorator']) retrieved from /home/airflow/.local/lib/python3.7/site-packages/airflow/example_dags/example_task_group_decorator.py
[2022-06-23 23:42:02,805] {logging_mixin.py:115} INFO - [2022-06-23 23:42:02,805] {dag.py:2379} INFO - Sync 1 DAGs
[2022-06-23 23:42:02,919] {logging_mixin.py:115} INFO - [2022-06-23 23:42:02,919] {dag.py:2931} INFO - Setting next_dagrun for example_task_group_decorator to 2022-06-22T23:42:02.919137+00:00, run_after=2022-06-23T23:42:02.919137+00:00
[2022-06-23 23:42:02,946] {processor.py:161} INFO - Processing /home/airflow/.local/lib/python3.7/site-packages/airflow/example_dags/example_task_group_decorator.py took 0.212 seconds
[2022-06-23 23:42:33,279] {processor.py:153} INFO - Started process (PID=1504) to work on /home/airflow/.local/lib/python3.7/site-packages/airflow/example_dags/example_task_group_decorator.py
[2022-06-23 23:42:33,283] {processor.py:641} INFO - Processing file /home/airflow/.local/lib/python3.7/site-packages/airflow/example_dags/example_task_group_decorator.py for tasks to queue
[2022-06-23 23:42:33,283] {logging_mixin.py:115} INFO - [2022-06-23 23:42:33,283] {dagbag.py:507} INFO - Filling up the DagBag from /home/airflow/.local/lib/python3.7/site-packages/airflow/example_dags/example_task_group_decorator.py
[2022-06-23 23:42:33,313] {processor.py:651} INFO - DAG(s) dict_keys(['example_task_group_decorator']) retrieved from /home/airflow/.local/lib/python3.7/site-packages/airflow/example_dags/example_task_group_decorator.py
[2022-06-23 23:42:33,494] {logging_mixin.py:115} INFO - [2022-06-23 23:42:33,494] {dag.py:2379} INFO - Sync 1 DAGs
[2022-06-23 23:42:33,520] {logging_mixin.py:115} INFO - [2022-06-23 23:42:33,520] {dag.py:2931} INFO - Setting next_dagrun for example_task_group_decorator to 2022-06-22T23:42:33.520245+00:00, run_after=2022-06-23T23:42:33.520245+00:00
[2022-06-23 23:42:33,562] {processor.py:161} INFO - Processing /home/airflow/.local/lib/python3.7/site-packages/airflow/example_dags/example_task_group_decorator.py took 0.286 seconds
[2022-06-23 23:43:03,926] {processor.py:153} INFO - Started process (PID=1567) to work on /home/airflow/.local/lib/python3.7/site-packages/airflow/example_dags/example_task_group_decorator.py
[2022-06-23 23:43:03,927] {processor.py:641} INFO - Processing file /home/airflow/.local/lib/python3.7/site-packages/airflow/example_dags/example_task_group_decorator.py for tasks to queue
[2022-06-23 23:43:03,928] {logging_mixin.py:115} INFO - [2022-06-23 23:43:03,928] {dagbag.py:507} INFO - Filling up the DagBag from /home/airflow/.local/lib/python3.7/site-packages/airflow/example_dags/example_task_group_decorator.py
[2022-06-23 23:43:03,954] {processor.py:651} INFO - DAG(s) dict_keys(['example_task_group_decorator']) retrieved from /home/airflow/.local/lib/python3.7/site-packages/airflow/example_dags/example_task_group_decorator.py
[2022-06-23 23:43:03,987] {logging_mixin.py:115} INFO - [2022-06-23 23:43:03,987] {dag.py:2379} INFO - Sync 1 DAGs
[2022-06-23 23:43:04,108] {logging_mixin.py:115} INFO - [2022-06-23 23:43:04,108] {dag.py:2931} INFO - Setting next_dagrun for example_task_group_decorator to 2022-06-22T23:43:04.108193+00:00, run_after=2022-06-23T23:43:04.108193+00:00
[2022-06-23 23:43:04,136] {processor.py:161} INFO - Processing /home/airflow/.local/lib/python3.7/site-packages/airflow/example_dags/example_task_group_decorator.py took 0.215 seconds
[2022-06-23 23:43:34,539] {processor.py:153} INFO - Started process (PID=1621) to work on /home/airflow/.local/lib/python3.7/site-packages/airflow/example_dags/example_task_group_decorator.py
[2022-06-23 23:43:34,632] {processor.py:641} INFO - Processing file /home/airflow/.local/lib/python3.7/site-packages/airflow/example_dags/example_task_group_decorator.py for tasks to queue
[2022-06-23 23:43:34,633] {logging_mixin.py:115} INFO - [2022-06-23 23:43:34,633] {dagbag.py:507} INFO - Filling up the DagBag from /home/airflow/.local/lib/python3.7/site-packages/airflow/example_dags/example_task_group_decorator.py
[2022-06-23 23:43:34,668] {processor.py:651} INFO - DAG(s) dict_keys(['example_task_group_decorator']) retrieved from /home/airflow/.local/lib/python3.7/site-packages/airflow/example_dags/example_task_group_decorator.py
[2022-06-23 23:43:34,834] {logging_mixin.py:115} INFO - [2022-06-23 23:43:34,834] {dag.py:2379} INFO - Sync 1 DAGs
[2022-06-23 23:43:34,860] {logging_mixin.py:115} INFO - [2022-06-23 23:43:34,860] {dag.py:2931} INFO - Setting next_dagrun for example_task_group_decorator to 2022-06-22T23:43:34.859948+00:00, run_after=2022-06-23T23:43:34.859948+00:00
[2022-06-23 23:43:34,887] {processor.py:161} INFO - Processing /home/airflow/.local/lib/python3.7/site-packages/airflow/example_dags/example_task_group_decorator.py took 0.353 seconds
[2022-06-23 23:44:05,031] {processor.py:153} INFO - Started process (PID=1684) to work on /home/airflow/.local/lib/python3.7/site-packages/airflow/example_dags/example_task_group_decorator.py
[2022-06-23 23:44:05,032] {processor.py:641} INFO - Processing file /home/airflow/.local/lib/python3.7/site-packages/airflow/example_dags/example_task_group_decorator.py for tasks to queue
[2022-06-23 23:44:05,032] {logging_mixin.py:115} INFO - [2022-06-23 23:44:05,032] {dagbag.py:507} INFO - Filling up the DagBag from /home/airflow/.local/lib/python3.7/site-packages/airflow/example_dags/example_task_group_decorator.py
[2022-06-23 23:44:05,055] {processor.py:651} INFO - DAG(s) dict_keys(['example_task_group_decorator']) retrieved from /home/airflow/.local/lib/python3.7/site-packages/airflow/example_dags/example_task_group_decorator.py
[2022-06-23 23:44:05,085] {logging_mixin.py:115} INFO - [2022-06-23 23:44:05,085] {dag.py:2379} INFO - Sync 1 DAGs
[2022-06-23 23:44:05,191] {logging_mixin.py:115} INFO - [2022-06-23 23:44:05,191] {dag.py:2931} INFO - Setting next_dagrun for example_task_group_decorator to 2022-06-22T23:44:05.190907+00:00, run_after=2022-06-23T23:44:05.190907+00:00
[2022-06-23 23:44:05,217] {processor.py:161} INFO - Processing /home/airflow/.local/lib/python3.7/site-packages/airflow/example_dags/example_task_group_decorator.py took 0.190 seconds
[2022-06-23 23:44:35,617] {processor.py:153} INFO - Started process (PID=1748) to work on /home/airflow/.local/lib/python3.7/site-packages/airflow/example_dags/example_task_group_decorator.py
[2022-06-23 23:44:35,618] {processor.py:641} INFO - Processing file /home/airflow/.local/lib/python3.7/site-packages/airflow/example_dags/example_task_group_decorator.py for tasks to queue
[2022-06-23 23:44:35,619] {logging_mixin.py:115} INFO - [2022-06-23 23:44:35,619] {dagbag.py:507} INFO - Filling up the DagBag from /home/airflow/.local/lib/python3.7/site-packages/airflow/example_dags/example_task_group_decorator.py
[2022-06-23 23:44:35,645] {processor.py:651} INFO - DAG(s) dict_keys(['example_task_group_decorator']) retrieved from /home/airflow/.local/lib/python3.7/site-packages/airflow/example_dags/example_task_group_decorator.py
[2022-06-23 23:44:35,806] {logging_mixin.py:115} INFO - [2022-06-23 23:44:35,806] {dag.py:2379} INFO - Sync 1 DAGs
[2022-06-23 23:44:35,828] {logging_mixin.py:115} INFO - [2022-06-23 23:44:35,827] {dag.py:2931} INFO - Setting next_dagrun for example_task_group_decorator to 2022-06-22T23:44:35.827740+00:00, run_after=2022-06-23T23:44:35.827740+00:00
[2022-06-23 23:44:35,853] {processor.py:161} INFO - Processing /home/airflow/.local/lib/python3.7/site-packages/airflow/example_dags/example_task_group_decorator.py took 0.240 seconds
[2022-06-23 23:45:05,983] {processor.py:153} INFO - Started process (PID=1803) to work on /home/airflow/.local/lib/python3.7/site-packages/airflow/example_dags/example_task_group_decorator.py
[2022-06-23 23:45:05,983] {processor.py:641} INFO - Processing file /home/airflow/.local/lib/python3.7/site-packages/airflow/example_dags/example_task_group_decorator.py for tasks to queue
[2022-06-23 23:45:05,984] {logging_mixin.py:115} INFO - [2022-06-23 23:45:05,984] {dagbag.py:507} INFO - Filling up the DagBag from /home/airflow/.local/lib/python3.7/site-packages/airflow/example_dags/example_task_group_decorator.py
[2022-06-23 23:45:06,006] {processor.py:651} INFO - DAG(s) dict_keys(['example_task_group_decorator']) retrieved from /home/airflow/.local/lib/python3.7/site-packages/airflow/example_dags/example_task_group_decorator.py
[2022-06-23 23:45:06,036] {logging_mixin.py:115} INFO - [2022-06-23 23:45:06,036] {dag.py:2379} INFO - Sync 1 DAGs
[2022-06-23 23:45:06,145] {logging_mixin.py:115} INFO - [2022-06-23 23:45:06,145] {dag.py:2931} INFO - Setting next_dagrun for example_task_group_decorator to 2022-06-22T23:45:06.145085+00:00, run_after=2022-06-23T23:45:06.145085+00:00
[2022-06-23 23:45:06,169] {processor.py:161} INFO - Processing /home/airflow/.local/lib/python3.7/site-packages/airflow/example_dags/example_task_group_decorator.py took 0.191 seconds
[2022-06-23 23:45:36,673] {processor.py:153} INFO - Started process (PID=1865) to work on /home/airflow/.local/lib/python3.7/site-packages/airflow/example_dags/example_task_group_decorator.py
[2022-06-23 23:45:36,674] {processor.py:641} INFO - Processing file /home/airflow/.local/lib/python3.7/site-packages/airflow/example_dags/example_task_group_decorator.py for tasks to queue
[2022-06-23 23:45:36,674] {logging_mixin.py:115} INFO - [2022-06-23 23:45:36,674] {dagbag.py:507} INFO - Filling up the DagBag from /home/airflow/.local/lib/python3.7/site-packages/airflow/example_dags/example_task_group_decorator.py
[2022-06-23 23:45:36,701] {processor.py:651} INFO - DAG(s) dict_keys(['example_task_group_decorator']) retrieved from /home/airflow/.local/lib/python3.7/site-packages/airflow/example_dags/example_task_group_decorator.py
[2022-06-23 23:45:36,861] {logging_mixin.py:115} INFO - [2022-06-23 23:45:36,861] {dag.py:2379} INFO - Sync 1 DAGs
[2022-06-23 23:45:36,881] {logging_mixin.py:115} INFO - [2022-06-23 23:45:36,881] {dag.py:2931} INFO - Setting next_dagrun for example_task_group_decorator to 2022-06-22T23:45:36.881656+00:00, run_after=2022-06-23T23:45:36.881656+00:00
[2022-06-23 23:45:36,905] {processor.py:161} INFO - Processing /home/airflow/.local/lib/python3.7/site-packages/airflow/example_dags/example_task_group_decorator.py took 0.236 seconds
