[2022-06-23 01:17:32,838] {processor.py:153} INFO - Started process (PID=119) to work on /home/airflow/.local/lib/python3.7/site-packages/airflow/example_dags/example_kubernetes_executor.py
[2022-06-23 01:17:32,838] {processor.py:641} INFO - Processing file /home/airflow/.local/lib/python3.7/site-packages/airflow/example_dags/example_kubernetes_executor.py for tasks to queue
[2022-06-23 01:17:32,839] {logging_mixin.py:115} INFO - [2022-06-23 01:17:32,839] {dagbag.py:507} INFO - Filling up the DagBag from /home/airflow/.local/lib/python3.7/site-packages/airflow/example_dags/example_kubernetes_executor.py
[2022-06-23 01:17:32,864] {processor.py:651} INFO - DAG(s) dict_keys(['example_kubernetes_executor']) retrieved from /home/airflow/.local/lib/python3.7/site-packages/airflow/example_dags/example_kubernetes_executor.py
[2022-06-23 01:17:32,889] {logging_mixin.py:115} INFO - [2022-06-23 01:17:32,889] {dag.py:2379} INFO - Sync 1 DAGs
[2022-06-23 01:17:32,913] {logging_mixin.py:115} INFO - [2022-06-23 01:17:32,913] {dag.py:2931} INFO - Setting next_dagrun for example_kubernetes_executor to None, run_after=None
[2022-06-23 01:17:32,949] {processor.py:161} INFO - Processing /home/airflow/.local/lib/python3.7/site-packages/airflow/example_dags/example_kubernetes_executor.py took 0.114 seconds
[2022-06-23 01:18:03,706] {processor.py:153} INFO - Started process (PID=182) to work on /home/airflow/.local/lib/python3.7/site-packages/airflow/example_dags/example_kubernetes_executor.py
[2022-06-23 01:18:03,706] {processor.py:641} INFO - Processing file /home/airflow/.local/lib/python3.7/site-packages/airflow/example_dags/example_kubernetes_executor.py for tasks to queue
[2022-06-23 01:18:03,707] {logging_mixin.py:115} INFO - [2022-06-23 01:18:03,707] {dagbag.py:507} INFO - Filling up the DagBag from /home/airflow/.local/lib/python3.7/site-packages/airflow/example_dags/example_kubernetes_executor.py
[2022-06-23 01:18:03,729] {processor.py:651} INFO - DAG(s) dict_keys(['example_kubernetes_executor']) retrieved from /home/airflow/.local/lib/python3.7/site-packages/airflow/example_dags/example_kubernetes_executor.py
[2022-06-23 01:18:03,755] {logging_mixin.py:115} INFO - [2022-06-23 01:18:03,755] {dag.py:2379} INFO - Sync 1 DAGs
[2022-06-23 01:18:03,784] {logging_mixin.py:115} INFO - [2022-06-23 01:18:03,784] {dag.py:2931} INFO - Setting next_dagrun for example_kubernetes_executor to None, run_after=None
[2022-06-23 01:18:03,838] {processor.py:161} INFO - Processing /home/airflow/.local/lib/python3.7/site-packages/airflow/example_dags/example_kubernetes_executor.py took 0.136 seconds
[2022-06-23 23:30:25,724] {processor.py:153} INFO - Started process (PID=86) to work on /home/airflow/.local/lib/python3.7/site-packages/airflow/example_dags/example_kubernetes_executor.py
[2022-06-23 23:30:25,724] {processor.py:641} INFO - Processing file /home/airflow/.local/lib/python3.7/site-packages/airflow/example_dags/example_kubernetes_executor.py for tasks to queue
[2022-06-23 23:30:25,725] {logging_mixin.py:115} INFO - [2022-06-23 23:30:25,725] {dagbag.py:507} INFO - Filling up the DagBag from /home/airflow/.local/lib/python3.7/site-packages/airflow/example_dags/example_kubernetes_executor.py
[2022-06-23 23:30:25,749] {processor.py:651} INFO - DAG(s) dict_keys(['example_kubernetes_executor']) retrieved from /home/airflow/.local/lib/python3.7/site-packages/airflow/example_dags/example_kubernetes_executor.py
[2022-06-23 23:30:25,930] {logging_mixin.py:115} INFO - [2022-06-23 23:30:25,930] {dag.py:2379} INFO - Sync 1 DAGs
[2022-06-23 23:30:25,953] {logging_mixin.py:115} INFO - [2022-06-23 23:30:25,953] {dag.py:2931} INFO - Setting next_dagrun for example_kubernetes_executor to None, run_after=None
[2022-06-23 23:30:25,978] {processor.py:161} INFO - Processing /home/airflow/.local/lib/python3.7/site-packages/airflow/example_dags/example_kubernetes_executor.py took 0.259 seconds
[2022-06-23 23:30:56,310] {processor.py:153} INFO - Started process (PID=149) to work on /home/airflow/.local/lib/python3.7/site-packages/airflow/example_dags/example_kubernetes_executor.py
[2022-06-23 23:30:56,310] {processor.py:641} INFO - Processing file /home/airflow/.local/lib/python3.7/site-packages/airflow/example_dags/example_kubernetes_executor.py for tasks to queue
[2022-06-23 23:30:56,311] {logging_mixin.py:115} INFO - [2022-06-23 23:30:56,311] {dagbag.py:507} INFO - Filling up the DagBag from /home/airflow/.local/lib/python3.7/site-packages/airflow/example_dags/example_kubernetes_executor.py
[2022-06-23 23:30:56,332] {processor.py:651} INFO - DAG(s) dict_keys(['example_kubernetes_executor']) retrieved from /home/airflow/.local/lib/python3.7/site-packages/airflow/example_dags/example_kubernetes_executor.py
[2022-06-23 23:30:56,359] {logging_mixin.py:115} INFO - [2022-06-23 23:30:56,359] {dag.py:2379} INFO - Sync 1 DAGs
[2022-06-23 23:30:56,473] {logging_mixin.py:115} INFO - [2022-06-23 23:30:56,473] {dag.py:2931} INFO - Setting next_dagrun for example_kubernetes_executor to None, run_after=None
[2022-06-23 23:30:56,500] {processor.py:161} INFO - Processing /home/airflow/.local/lib/python3.7/site-packages/airflow/example_dags/example_kubernetes_executor.py took 0.195 seconds
[2022-06-23 23:31:26,800] {processor.py:153} INFO - Started process (PID=205) to work on /home/airflow/.local/lib/python3.7/site-packages/airflow/example_dags/example_kubernetes_executor.py
[2022-06-23 23:31:26,801] {processor.py:641} INFO - Processing file /home/airflow/.local/lib/python3.7/site-packages/airflow/example_dags/example_kubernetes_executor.py for tasks to queue
[2022-06-23 23:31:26,801] {logging_mixin.py:115} INFO - [2022-06-23 23:31:26,801] {dagbag.py:507} INFO - Filling up the DagBag from /home/airflow/.local/lib/python3.7/site-packages/airflow/example_dags/example_kubernetes_executor.py
[2022-06-23 23:31:26,820] {processor.py:651} INFO - DAG(s) dict_keys(['example_kubernetes_executor']) retrieved from /home/airflow/.local/lib/python3.7/site-packages/airflow/example_dags/example_kubernetes_executor.py
[2022-06-23 23:31:26,848] {logging_mixin.py:115} INFO - [2022-06-23 23:31:26,848] {dag.py:2379} INFO - Sync 1 DAGs
[2022-06-23 23:31:26,988] {logging_mixin.py:115} INFO - [2022-06-23 23:31:26,988] {dag.py:2931} INFO - Setting next_dagrun for example_kubernetes_executor to None, run_after=None
[2022-06-23 23:31:27,006] {processor.py:161} INFO - Processing /home/airflow/.local/lib/python3.7/site-packages/airflow/example_dags/example_kubernetes_executor.py took 0.209 seconds
[2022-06-23 23:31:57,050] {processor.py:153} INFO - Started process (PID=268) to work on /home/airflow/.local/lib/python3.7/site-packages/airflow/example_dags/example_kubernetes_executor.py
[2022-06-23 23:31:57,050] {processor.py:641} INFO - Processing file /home/airflow/.local/lib/python3.7/site-packages/airflow/example_dags/example_kubernetes_executor.py for tasks to queue
[2022-06-23 23:31:57,051] {logging_mixin.py:115} INFO - [2022-06-23 23:31:57,051] {dagbag.py:507} INFO - Filling up the DagBag from /home/airflow/.local/lib/python3.7/site-packages/airflow/example_dags/example_kubernetes_executor.py
[2022-06-23 23:31:57,073] {processor.py:651} INFO - DAG(s) dict_keys(['example_kubernetes_executor']) retrieved from /home/airflow/.local/lib/python3.7/site-packages/airflow/example_dags/example_kubernetes_executor.py
[2022-06-23 23:31:57,103] {logging_mixin.py:115} INFO - [2022-06-23 23:31:57,103] {dag.py:2379} INFO - Sync 1 DAGs
[2022-06-23 23:31:57,220] {logging_mixin.py:115} INFO - [2022-06-23 23:31:57,219] {dag.py:2931} INFO - Setting next_dagrun for example_kubernetes_executor to None, run_after=None
[2022-06-23 23:31:57,231] {processor.py:161} INFO - Processing /home/airflow/.local/lib/python3.7/site-packages/airflow/example_dags/example_kubernetes_executor.py took 0.183 seconds
[2022-06-23 23:32:27,406] {processor.py:153} INFO - Started process (PID=331) to work on /home/airflow/.local/lib/python3.7/site-packages/airflow/example_dags/example_kubernetes_executor.py
[2022-06-23 23:32:27,406] {processor.py:641} INFO - Processing file /home/airflow/.local/lib/python3.7/site-packages/airflow/example_dags/example_kubernetes_executor.py for tasks to queue
[2022-06-23 23:32:27,407] {logging_mixin.py:115} INFO - [2022-06-23 23:32:27,407] {dagbag.py:507} INFO - Filling up the DagBag from /home/airflow/.local/lib/python3.7/site-packages/airflow/example_dags/example_kubernetes_executor.py
[2022-06-23 23:32:27,426] {processor.py:651} INFO - DAG(s) dict_keys(['example_kubernetes_executor']) retrieved from /home/airflow/.local/lib/python3.7/site-packages/airflow/example_dags/example_kubernetes_executor.py
[2022-06-23 23:32:27,455] {logging_mixin.py:115} INFO - [2022-06-23 23:32:27,454] {dag.py:2379} INFO - Sync 1 DAGs
[2022-06-23 23:32:27,577] {logging_mixin.py:115} INFO - [2022-06-23 23:32:27,576] {dag.py:2931} INFO - Setting next_dagrun for example_kubernetes_executor to None, run_after=None
[2022-06-23 23:32:27,601] {processor.py:161} INFO - Processing /home/airflow/.local/lib/python3.7/site-packages/airflow/example_dags/example_kubernetes_executor.py took 0.199 seconds
[2022-06-23 23:32:57,756] {processor.py:153} INFO - Started process (PID=385) to work on /home/airflow/.local/lib/python3.7/site-packages/airflow/example_dags/example_kubernetes_executor.py
[2022-06-23 23:32:57,757] {processor.py:641} INFO - Processing file /home/airflow/.local/lib/python3.7/site-packages/airflow/example_dags/example_kubernetes_executor.py for tasks to queue
[2022-06-23 23:32:57,757] {logging_mixin.py:115} INFO - [2022-06-23 23:32:57,757] {dagbag.py:507} INFO - Filling up the DagBag from /home/airflow/.local/lib/python3.7/site-packages/airflow/example_dags/example_kubernetes_executor.py
[2022-06-23 23:32:57,779] {processor.py:651} INFO - DAG(s) dict_keys(['example_kubernetes_executor']) retrieved from /home/airflow/.local/lib/python3.7/site-packages/airflow/example_dags/example_kubernetes_executor.py
[2022-06-23 23:32:57,810] {logging_mixin.py:115} INFO - [2022-06-23 23:32:57,810] {dag.py:2379} INFO - Sync 1 DAGs
[2022-06-23 23:32:57,924] {logging_mixin.py:115} INFO - [2022-06-23 23:32:57,924] {dag.py:2931} INFO - Setting next_dagrun for example_kubernetes_executor to None, run_after=None
[2022-06-23 23:32:57,983] {processor.py:161} INFO - Processing /home/airflow/.local/lib/python3.7/site-packages/airflow/example_dags/example_kubernetes_executor.py took 0.231 seconds
[2022-06-23 23:33:28,209] {processor.py:153} INFO - Started process (PID=448) to work on /home/airflow/.local/lib/python3.7/site-packages/airflow/example_dags/example_kubernetes_executor.py
[2022-06-23 23:33:28,210] {processor.py:641} INFO - Processing file /home/airflow/.local/lib/python3.7/site-packages/airflow/example_dags/example_kubernetes_executor.py for tasks to queue
[2022-06-23 23:33:28,211] {logging_mixin.py:115} INFO - [2022-06-23 23:33:28,211] {dagbag.py:507} INFO - Filling up the DagBag from /home/airflow/.local/lib/python3.7/site-packages/airflow/example_dags/example_kubernetes_executor.py
[2022-06-23 23:33:28,235] {processor.py:651} INFO - DAG(s) dict_keys(['example_kubernetes_executor']) retrieved from /home/airflow/.local/lib/python3.7/site-packages/airflow/example_dags/example_kubernetes_executor.py
[2022-06-23 23:33:28,264] {logging_mixin.py:115} INFO - [2022-06-23 23:33:28,263] {dag.py:2379} INFO - Sync 1 DAGs
[2022-06-23 23:33:28,377] {logging_mixin.py:115} INFO - [2022-06-23 23:33:28,377] {dag.py:2931} INFO - Setting next_dagrun for example_kubernetes_executor to None, run_after=None
[2022-06-23 23:33:28,585] {processor.py:161} INFO - Processing /home/airflow/.local/lib/python3.7/site-packages/airflow/example_dags/example_kubernetes_executor.py took 0.379 seconds
[2022-06-23 23:33:59,413] {processor.py:153} INFO - Started process (PID=512) to work on /home/airflow/.local/lib/python3.7/site-packages/airflow/example_dags/example_kubernetes_executor.py
[2022-06-23 23:33:59,414] {processor.py:641} INFO - Processing file /home/airflow/.local/lib/python3.7/site-packages/airflow/example_dags/example_kubernetes_executor.py for tasks to queue
[2022-06-23 23:33:59,414] {logging_mixin.py:115} INFO - [2022-06-23 23:33:59,414] {dagbag.py:507} INFO - Filling up the DagBag from /home/airflow/.local/lib/python3.7/site-packages/airflow/example_dags/example_kubernetes_executor.py
[2022-06-23 23:33:59,434] {processor.py:651} INFO - DAG(s) dict_keys(['example_kubernetes_executor']) retrieved from /home/airflow/.local/lib/python3.7/site-packages/airflow/example_dags/example_kubernetes_executor.py
[2022-06-23 23:33:59,463] {logging_mixin.py:115} INFO - [2022-06-23 23:33:59,462] {dag.py:2379} INFO - Sync 1 DAGs
[2022-06-23 23:33:59,570] {logging_mixin.py:115} INFO - [2022-06-23 23:33:59,570] {dag.py:2931} INFO - Setting next_dagrun for example_kubernetes_executor to None, run_after=None
[2022-06-23 23:33:59,582] {processor.py:161} INFO - Processing /home/airflow/.local/lib/python3.7/site-packages/airflow/example_dags/example_kubernetes_executor.py took 0.173 seconds
[2022-06-23 23:34:29,965] {processor.py:153} INFO - Started process (PID=568) to work on /home/airflow/.local/lib/python3.7/site-packages/airflow/example_dags/example_kubernetes_executor.py
[2022-06-23 23:34:29,969] {processor.py:641} INFO - Processing file /home/airflow/.local/lib/python3.7/site-packages/airflow/example_dags/example_kubernetes_executor.py for tasks to queue
[2022-06-23 23:34:29,970] {logging_mixin.py:115} INFO - [2022-06-23 23:34:29,970] {dagbag.py:507} INFO - Filling up the DagBag from /home/airflow/.local/lib/python3.7/site-packages/airflow/example_dags/example_kubernetes_executor.py
[2022-06-23 23:34:29,992] {processor.py:651} INFO - DAG(s) dict_keys(['example_kubernetes_executor']) retrieved from /home/airflow/.local/lib/python3.7/site-packages/airflow/example_dags/example_kubernetes_executor.py
[2022-06-23 23:34:30,027] {logging_mixin.py:115} INFO - [2022-06-23 23:34:30,026] {dag.py:2379} INFO - Sync 1 DAGs
[2022-06-23 23:34:30,167] {logging_mixin.py:115} INFO - [2022-06-23 23:34:30,167] {dag.py:2931} INFO - Setting next_dagrun for example_kubernetes_executor to None, run_after=None
[2022-06-23 23:34:30,194] {processor.py:161} INFO - Processing /home/airflow/.local/lib/python3.7/site-packages/airflow/example_dags/example_kubernetes_executor.py took 0.234 seconds
[2022-06-23 23:35:00,255] {processor.py:153} INFO - Started process (PID=631) to work on /home/airflow/.local/lib/python3.7/site-packages/airflow/example_dags/example_kubernetes_executor.py
[2022-06-23 23:35:00,256] {processor.py:641} INFO - Processing file /home/airflow/.local/lib/python3.7/site-packages/airflow/example_dags/example_kubernetes_executor.py for tasks to queue
[2022-06-23 23:35:00,257] {logging_mixin.py:115} INFO - [2022-06-23 23:35:00,256] {dagbag.py:507} INFO - Filling up the DagBag from /home/airflow/.local/lib/python3.7/site-packages/airflow/example_dags/example_kubernetes_executor.py
[2022-06-23 23:35:00,279] {processor.py:651} INFO - DAG(s) dict_keys(['example_kubernetes_executor']) retrieved from /home/airflow/.local/lib/python3.7/site-packages/airflow/example_dags/example_kubernetes_executor.py
[2022-06-23 23:35:00,307] {logging_mixin.py:115} INFO - [2022-06-23 23:35:00,306] {dag.py:2379} INFO - Sync 1 DAGs
[2022-06-23 23:35:00,427] {logging_mixin.py:115} INFO - [2022-06-23 23:35:00,427] {dag.py:2931} INFO - Setting next_dagrun for example_kubernetes_executor to None, run_after=None
[2022-06-23 23:35:00,451] {processor.py:161} INFO - Processing /home/airflow/.local/lib/python3.7/site-packages/airflow/example_dags/example_kubernetes_executor.py took 0.200 seconds
[2022-06-23 23:35:30,894] {processor.py:153} INFO - Started process (PID=694) to work on /home/airflow/.local/lib/python3.7/site-packages/airflow/example_dags/example_kubernetes_executor.py
[2022-06-23 23:35:30,895] {processor.py:641} INFO - Processing file /home/airflow/.local/lib/python3.7/site-packages/airflow/example_dags/example_kubernetes_executor.py for tasks to queue
[2022-06-23 23:35:30,896] {logging_mixin.py:115} INFO - [2022-06-23 23:35:30,896] {dagbag.py:507} INFO - Filling up the DagBag from /home/airflow/.local/lib/python3.7/site-packages/airflow/example_dags/example_kubernetes_executor.py
[2022-06-23 23:35:30,920] {processor.py:651} INFO - DAG(s) dict_keys(['example_kubernetes_executor']) retrieved from /home/airflow/.local/lib/python3.7/site-packages/airflow/example_dags/example_kubernetes_executor.py
[2022-06-23 23:35:30,950] {logging_mixin.py:115} INFO - [2022-06-23 23:35:30,950] {dag.py:2379} INFO - Sync 1 DAGs
[2022-06-23 23:35:31,066] {logging_mixin.py:115} INFO - [2022-06-23 23:35:31,066] {dag.py:2931} INFO - Setting next_dagrun for example_kubernetes_executor to None, run_after=None
[2022-06-23 23:35:31,095] {processor.py:161} INFO - Processing /home/airflow/.local/lib/python3.7/site-packages/airflow/example_dags/example_kubernetes_executor.py took 0.204 seconds
[2022-06-23 23:36:01,243] {processor.py:153} INFO - Started process (PID=748) to work on /home/airflow/.local/lib/python3.7/site-packages/airflow/example_dags/example_kubernetes_executor.py
[2022-06-23 23:36:01,244] {processor.py:641} INFO - Processing file /home/airflow/.local/lib/python3.7/site-packages/airflow/example_dags/example_kubernetes_executor.py for tasks to queue
[2022-06-23 23:36:01,244] {logging_mixin.py:115} INFO - [2022-06-23 23:36:01,244] {dagbag.py:507} INFO - Filling up the DagBag from /home/airflow/.local/lib/python3.7/site-packages/airflow/example_dags/example_kubernetes_executor.py
[2022-06-23 23:36:01,267] {processor.py:651} INFO - DAG(s) dict_keys(['example_kubernetes_executor']) retrieved from /home/airflow/.local/lib/python3.7/site-packages/airflow/example_dags/example_kubernetes_executor.py
[2022-06-23 23:36:01,291] {logging_mixin.py:115} INFO - [2022-06-23 23:36:01,291] {dag.py:2379} INFO - Sync 1 DAGs
[2022-06-23 23:36:01,407] {logging_mixin.py:115} INFO - [2022-06-23 23:36:01,407] {dag.py:2931} INFO - Setting next_dagrun for example_kubernetes_executor to None, run_after=None
[2022-06-23 23:36:01,437] {processor.py:161} INFO - Processing /home/airflow/.local/lib/python3.7/site-packages/airflow/example_dags/example_kubernetes_executor.py took 0.198 seconds
[2022-06-23 23:36:31,841] {processor.py:153} INFO - Started process (PID=811) to work on /home/airflow/.local/lib/python3.7/site-packages/airflow/example_dags/example_kubernetes_executor.py
[2022-06-23 23:36:31,842] {processor.py:641} INFO - Processing file /home/airflow/.local/lib/python3.7/site-packages/airflow/example_dags/example_kubernetes_executor.py for tasks to queue
[2022-06-23 23:36:31,842] {logging_mixin.py:115} INFO - [2022-06-23 23:36:31,842] {dagbag.py:507} INFO - Filling up the DagBag from /home/airflow/.local/lib/python3.7/site-packages/airflow/example_dags/example_kubernetes_executor.py
[2022-06-23 23:36:31,861] {processor.py:651} INFO - DAG(s) dict_keys(['example_kubernetes_executor']) retrieved from /home/airflow/.local/lib/python3.7/site-packages/airflow/example_dags/example_kubernetes_executor.py
[2022-06-23 23:36:31,892] {logging_mixin.py:115} INFO - [2022-06-23 23:36:31,892] {dag.py:2379} INFO - Sync 1 DAGs
[2022-06-23 23:36:31,999] {logging_mixin.py:115} INFO - [2022-06-23 23:36:31,999] {dag.py:2931} INFO - Setting next_dagrun for example_kubernetes_executor to None, run_after=None
[2022-06-23 23:36:32,028] {processor.py:161} INFO - Processing /home/airflow/.local/lib/python3.7/site-packages/airflow/example_dags/example_kubernetes_executor.py took 0.191 seconds
[2022-06-23 23:37:02,379] {processor.py:153} INFO - Started process (PID=874) to work on /home/airflow/.local/lib/python3.7/site-packages/airflow/example_dags/example_kubernetes_executor.py
[2022-06-23 23:37:02,380] {processor.py:641} INFO - Processing file /home/airflow/.local/lib/python3.7/site-packages/airflow/example_dags/example_kubernetes_executor.py for tasks to queue
[2022-06-23 23:37:02,381] {logging_mixin.py:115} INFO - [2022-06-23 23:37:02,381] {dagbag.py:507} INFO - Filling up the DagBag from /home/airflow/.local/lib/python3.7/site-packages/airflow/example_dags/example_kubernetes_executor.py
[2022-06-23 23:37:02,404] {processor.py:651} INFO - DAG(s) dict_keys(['example_kubernetes_executor']) retrieved from /home/airflow/.local/lib/python3.7/site-packages/airflow/example_dags/example_kubernetes_executor.py
[2022-06-23 23:37:02,437] {logging_mixin.py:115} INFO - [2022-06-23 23:37:02,437] {dag.py:2379} INFO - Sync 1 DAGs
[2022-06-23 23:37:02,552] {logging_mixin.py:115} INFO - [2022-06-23 23:37:02,552] {dag.py:2931} INFO - Setting next_dagrun for example_kubernetes_executor to None, run_after=None
[2022-06-23 23:37:02,568] {processor.py:161} INFO - Processing /home/airflow/.local/lib/python3.7/site-packages/airflow/example_dags/example_kubernetes_executor.py took 0.193 seconds
[2022-06-23 23:37:32,825] {processor.py:153} INFO - Started process (PID=928) to work on /home/airflow/.local/lib/python3.7/site-packages/airflow/example_dags/example_kubernetes_executor.py
[2022-06-23 23:37:32,826] {processor.py:641} INFO - Processing file /home/airflow/.local/lib/python3.7/site-packages/airflow/example_dags/example_kubernetes_executor.py for tasks to queue
[2022-06-23 23:37:32,826] {logging_mixin.py:115} INFO - [2022-06-23 23:37:32,826] {dagbag.py:507} INFO - Filling up the DagBag from /home/airflow/.local/lib/python3.7/site-packages/airflow/example_dags/example_kubernetes_executor.py
[2022-06-23 23:37:32,849] {processor.py:651} INFO - DAG(s) dict_keys(['example_kubernetes_executor']) retrieved from /home/airflow/.local/lib/python3.7/site-packages/airflow/example_dags/example_kubernetes_executor.py
[2022-06-23 23:37:32,872] {logging_mixin.py:115} INFO - [2022-06-23 23:37:32,872] {dag.py:2379} INFO - Sync 1 DAGs
[2022-06-23 23:37:32,976] {logging_mixin.py:115} INFO - [2022-06-23 23:37:32,976] {dag.py:2931} INFO - Setting next_dagrun for example_kubernetes_executor to None, run_after=None
[2022-06-23 23:37:32,990] {processor.py:161} INFO - Processing /home/airflow/.local/lib/python3.7/site-packages/airflow/example_dags/example_kubernetes_executor.py took 0.166 seconds
[2022-06-23 23:38:03,583] {processor.py:153} INFO - Started process (PID=992) to work on /home/airflow/.local/lib/python3.7/site-packages/airflow/example_dags/example_kubernetes_executor.py
[2022-06-23 23:38:03,584] {processor.py:641} INFO - Processing file /home/airflow/.local/lib/python3.7/site-packages/airflow/example_dags/example_kubernetes_executor.py for tasks to queue
[2022-06-23 23:38:03,584] {logging_mixin.py:115} INFO - [2022-06-23 23:38:03,584] {dagbag.py:507} INFO - Filling up the DagBag from /home/airflow/.local/lib/python3.7/site-packages/airflow/example_dags/example_kubernetes_executor.py
[2022-06-23 23:38:03,604] {processor.py:651} INFO - DAG(s) dict_keys(['example_kubernetes_executor']) retrieved from /home/airflow/.local/lib/python3.7/site-packages/airflow/example_dags/example_kubernetes_executor.py
[2022-06-23 23:38:03,640] {logging_mixin.py:115} INFO - [2022-06-23 23:38:03,639] {dag.py:2379} INFO - Sync 1 DAGs
[2022-06-23 23:38:03,773] {logging_mixin.py:115} INFO - [2022-06-23 23:38:03,773] {dag.py:2931} INFO - Setting next_dagrun for example_kubernetes_executor to None, run_after=None
[2022-06-23 23:38:03,794] {processor.py:161} INFO - Processing /home/airflow/.local/lib/python3.7/site-packages/airflow/example_dags/example_kubernetes_executor.py took 0.215 seconds
[2022-06-23 23:38:33,858] {processor.py:153} INFO - Started process (PID=1046) to work on /home/airflow/.local/lib/python3.7/site-packages/airflow/example_dags/example_kubernetes_executor.py
[2022-06-23 23:38:33,858] {processor.py:641} INFO - Processing file /home/airflow/.local/lib/python3.7/site-packages/airflow/example_dags/example_kubernetes_executor.py for tasks to queue
[2022-06-23 23:38:33,858] {logging_mixin.py:115} INFO - [2022-06-23 23:38:33,858] {dagbag.py:507} INFO - Filling up the DagBag from /home/airflow/.local/lib/python3.7/site-packages/airflow/example_dags/example_kubernetes_executor.py
[2022-06-23 23:38:33,877] {processor.py:651} INFO - DAG(s) dict_keys(['example_kubernetes_executor']) retrieved from /home/airflow/.local/lib/python3.7/site-packages/airflow/example_dags/example_kubernetes_executor.py
[2022-06-23 23:38:33,906] {logging_mixin.py:115} INFO - [2022-06-23 23:38:33,906] {dag.py:2379} INFO - Sync 1 DAGs
[2022-06-23 23:38:34,020] {logging_mixin.py:115} INFO - [2022-06-23 23:38:34,020] {dag.py:2931} INFO - Setting next_dagrun for example_kubernetes_executor to None, run_after=None
[2022-06-23 23:38:34,076] {processor.py:161} INFO - Processing /home/airflow/.local/lib/python3.7/site-packages/airflow/example_dags/example_kubernetes_executor.py took 0.220 seconds
[2022-06-23 23:39:04,181] {processor.py:153} INFO - Started process (PID=1110) to work on /home/airflow/.local/lib/python3.7/site-packages/airflow/example_dags/example_kubernetes_executor.py
[2022-06-23 23:39:04,182] {processor.py:641} INFO - Processing file /home/airflow/.local/lib/python3.7/site-packages/airflow/example_dags/example_kubernetes_executor.py for tasks to queue
[2022-06-23 23:39:04,183] {logging_mixin.py:115} INFO - [2022-06-23 23:39:04,183] {dagbag.py:507} INFO - Filling up the DagBag from /home/airflow/.local/lib/python3.7/site-packages/airflow/example_dags/example_kubernetes_executor.py
[2022-06-23 23:39:04,202] {processor.py:651} INFO - DAG(s) dict_keys(['example_kubernetes_executor']) retrieved from /home/airflow/.local/lib/python3.7/site-packages/airflow/example_dags/example_kubernetes_executor.py
[2022-06-23 23:39:04,232] {logging_mixin.py:115} INFO - [2022-06-23 23:39:04,232] {dag.py:2379} INFO - Sync 1 DAGs
[2022-06-23 23:39:04,341] {logging_mixin.py:115} INFO - [2022-06-23 23:39:04,341] {dag.py:2931} INFO - Setting next_dagrun for example_kubernetes_executor to None, run_after=None
[2022-06-23 23:39:04,367] {processor.py:161} INFO - Processing /home/airflow/.local/lib/python3.7/site-packages/airflow/example_dags/example_kubernetes_executor.py took 0.189 seconds
[2022-06-23 23:39:34,964] {processor.py:153} INFO - Started process (PID=1175) to work on /home/airflow/.local/lib/python3.7/site-packages/airflow/example_dags/example_kubernetes_executor.py
[2022-06-23 23:39:34,965] {processor.py:641} INFO - Processing file /home/airflow/.local/lib/python3.7/site-packages/airflow/example_dags/example_kubernetes_executor.py for tasks to queue
[2022-06-23 23:39:34,965] {logging_mixin.py:115} INFO - [2022-06-23 23:39:34,965] {dagbag.py:507} INFO - Filling up the DagBag from /home/airflow/.local/lib/python3.7/site-packages/airflow/example_dags/example_kubernetes_executor.py
[2022-06-23 23:39:34,985] {processor.py:651} INFO - DAG(s) dict_keys(['example_kubernetes_executor']) retrieved from /home/airflow/.local/lib/python3.7/site-packages/airflow/example_dags/example_kubernetes_executor.py
[2022-06-23 23:39:35,015] {logging_mixin.py:115} INFO - [2022-06-23 23:39:35,015] {dag.py:2379} INFO - Sync 1 DAGs
[2022-06-23 23:39:35,149] {logging_mixin.py:115} INFO - [2022-06-23 23:39:35,149] {dag.py:2931} INFO - Setting next_dagrun for example_kubernetes_executor to None, run_after=None
[2022-06-23 23:39:35,168] {processor.py:161} INFO - Processing /home/airflow/.local/lib/python3.7/site-packages/airflow/example_dags/example_kubernetes_executor.py took 0.207 seconds
[2022-06-23 23:40:05,574] {processor.py:153} INFO - Started process (PID=1231) to work on /home/airflow/.local/lib/python3.7/site-packages/airflow/example_dags/example_kubernetes_executor.py
[2022-06-23 23:40:05,575] {processor.py:641} INFO - Processing file /home/airflow/.local/lib/python3.7/site-packages/airflow/example_dags/example_kubernetes_executor.py for tasks to queue
[2022-06-23 23:40:05,575] {logging_mixin.py:115} INFO - [2022-06-23 23:40:05,575] {dagbag.py:507} INFO - Filling up the DagBag from /home/airflow/.local/lib/python3.7/site-packages/airflow/example_dags/example_kubernetes_executor.py
[2022-06-23 23:40:05,597] {processor.py:651} INFO - DAG(s) dict_keys(['example_kubernetes_executor']) retrieved from /home/airflow/.local/lib/python3.7/site-packages/airflow/example_dags/example_kubernetes_executor.py
[2022-06-23 23:40:05,626] {logging_mixin.py:115} INFO - [2022-06-23 23:40:05,626] {dag.py:2379} INFO - Sync 1 DAGs
[2022-06-23 23:40:05,722] {logging_mixin.py:115} INFO - [2022-06-23 23:40:05,722] {dag.py:2931} INFO - Setting next_dagrun for example_kubernetes_executor to None, run_after=None
[2022-06-23 23:40:05,744] {processor.py:161} INFO - Processing /home/airflow/.local/lib/python3.7/site-packages/airflow/example_dags/example_kubernetes_executor.py took 0.174 seconds
[2022-06-23 23:40:36,276] {processor.py:153} INFO - Started process (PID=1294) to work on /home/airflow/.local/lib/python3.7/site-packages/airflow/example_dags/example_kubernetes_executor.py
[2022-06-23 23:40:36,277] {processor.py:641} INFO - Processing file /home/airflow/.local/lib/python3.7/site-packages/airflow/example_dags/example_kubernetes_executor.py for tasks to queue
[2022-06-23 23:40:36,278] {logging_mixin.py:115} INFO - [2022-06-23 23:40:36,278] {dagbag.py:507} INFO - Filling up the DagBag from /home/airflow/.local/lib/python3.7/site-packages/airflow/example_dags/example_kubernetes_executor.py
[2022-06-23 23:40:36,297] {processor.py:651} INFO - DAG(s) dict_keys(['example_kubernetes_executor']) retrieved from /home/airflow/.local/lib/python3.7/site-packages/airflow/example_dags/example_kubernetes_executor.py
[2022-06-23 23:40:36,326] {logging_mixin.py:115} INFO - [2022-06-23 23:40:36,326] {dag.py:2379} INFO - Sync 1 DAGs
[2022-06-23 23:40:36,446] {logging_mixin.py:115} INFO - [2022-06-23 23:40:36,446] {dag.py:2931} INFO - Setting next_dagrun for example_kubernetes_executor to None, run_after=None
[2022-06-23 23:40:36,460] {processor.py:161} INFO - Processing /home/airflow/.local/lib/python3.7/site-packages/airflow/example_dags/example_kubernetes_executor.py took 0.188 seconds
[2022-06-23 23:41:07,186] {processor.py:153} INFO - Started process (PID=1357) to work on /home/airflow/.local/lib/python3.7/site-packages/airflow/example_dags/example_kubernetes_executor.py
[2022-06-23 23:41:07,195] {processor.py:641} INFO - Processing file /home/airflow/.local/lib/python3.7/site-packages/airflow/example_dags/example_kubernetes_executor.py for tasks to queue
[2022-06-23 23:41:07,195] {logging_mixin.py:115} INFO - [2022-06-23 23:41:07,195] {dagbag.py:507} INFO - Filling up the DagBag from /home/airflow/.local/lib/python3.7/site-packages/airflow/example_dags/example_kubernetes_executor.py
[2022-06-23 23:41:07,221] {processor.py:651} INFO - DAG(s) dict_keys(['example_kubernetes_executor']) retrieved from /home/airflow/.local/lib/python3.7/site-packages/airflow/example_dags/example_kubernetes_executor.py
[2022-06-23 23:41:07,252] {logging_mixin.py:115} INFO - [2022-06-23 23:41:07,252] {dag.py:2379} INFO - Sync 1 DAGs
[2022-06-23 23:41:07,391] {logging_mixin.py:115} INFO - [2022-06-23 23:41:07,391] {dag.py:2931} INFO - Setting next_dagrun for example_kubernetes_executor to None, run_after=None
[2022-06-23 23:41:07,413] {processor.py:161} INFO - Processing /home/airflow/.local/lib/python3.7/site-packages/airflow/example_dags/example_kubernetes_executor.py took 0.230 seconds
[2022-06-23 23:41:37,685] {processor.py:153} INFO - Started process (PID=1411) to work on /home/airflow/.local/lib/python3.7/site-packages/airflow/example_dags/example_kubernetes_executor.py
[2022-06-23 23:41:37,686] {processor.py:641} INFO - Processing file /home/airflow/.local/lib/python3.7/site-packages/airflow/example_dags/example_kubernetes_executor.py for tasks to queue
[2022-06-23 23:41:37,686] {logging_mixin.py:115} INFO - [2022-06-23 23:41:37,686] {dagbag.py:507} INFO - Filling up the DagBag from /home/airflow/.local/lib/python3.7/site-packages/airflow/example_dags/example_kubernetes_executor.py
[2022-06-23 23:41:37,709] {processor.py:651} INFO - DAG(s) dict_keys(['example_kubernetes_executor']) retrieved from /home/airflow/.local/lib/python3.7/site-packages/airflow/example_dags/example_kubernetes_executor.py
[2022-06-23 23:41:37,736] {logging_mixin.py:115} INFO - [2022-06-23 23:41:37,736] {dag.py:2379} INFO - Sync 1 DAGs
[2022-06-23 23:41:37,853] {logging_mixin.py:115} INFO - [2022-06-23 23:41:37,852] {dag.py:2931} INFO - Setting next_dagrun for example_kubernetes_executor to None, run_after=None
[2022-06-23 23:41:37,867] {processor.py:161} INFO - Processing /home/airflow/.local/lib/python3.7/site-packages/airflow/example_dags/example_kubernetes_executor.py took 0.187 seconds
[2022-06-23 23:42:08,263] {processor.py:153} INFO - Started process (PID=1474) to work on /home/airflow/.local/lib/python3.7/site-packages/airflow/example_dags/example_kubernetes_executor.py
[2022-06-23 23:42:08,264] {processor.py:641} INFO - Processing file /home/airflow/.local/lib/python3.7/site-packages/airflow/example_dags/example_kubernetes_executor.py for tasks to queue
[2022-06-23 23:42:08,264] {logging_mixin.py:115} INFO - [2022-06-23 23:42:08,264] {dagbag.py:507} INFO - Filling up the DagBag from /home/airflow/.local/lib/python3.7/site-packages/airflow/example_dags/example_kubernetes_executor.py
[2022-06-23 23:42:08,285] {processor.py:651} INFO - DAG(s) dict_keys(['example_kubernetes_executor']) retrieved from /home/airflow/.local/lib/python3.7/site-packages/airflow/example_dags/example_kubernetes_executor.py
[2022-06-23 23:42:08,315] {logging_mixin.py:115} INFO - [2022-06-23 23:42:08,315] {dag.py:2379} INFO - Sync 1 DAGs
[2022-06-23 23:42:08,436] {logging_mixin.py:115} INFO - [2022-06-23 23:42:08,436] {dag.py:2931} INFO - Setting next_dagrun for example_kubernetes_executor to None, run_after=None
[2022-06-23 23:42:08,527] {processor.py:161} INFO - Processing /home/airflow/.local/lib/python3.7/site-packages/airflow/example_dags/example_kubernetes_executor.py took 0.270 seconds
[2022-06-23 23:42:38,962] {processor.py:153} INFO - Started process (PID=1537) to work on /home/airflow/.local/lib/python3.7/site-packages/airflow/example_dags/example_kubernetes_executor.py
[2022-06-23 23:42:38,963] {processor.py:641} INFO - Processing file /home/airflow/.local/lib/python3.7/site-packages/airflow/example_dags/example_kubernetes_executor.py for tasks to queue
[2022-06-23 23:42:38,964] {logging_mixin.py:115} INFO - [2022-06-23 23:42:38,963] {dagbag.py:507} INFO - Filling up the DagBag from /home/airflow/.local/lib/python3.7/site-packages/airflow/example_dags/example_kubernetes_executor.py
[2022-06-23 23:42:38,984] {processor.py:651} INFO - DAG(s) dict_keys(['example_kubernetes_executor']) retrieved from /home/airflow/.local/lib/python3.7/site-packages/airflow/example_dags/example_kubernetes_executor.py
[2022-06-23 23:42:39,010] {logging_mixin.py:115} INFO - [2022-06-23 23:42:39,010] {dag.py:2379} INFO - Sync 1 DAGs
[2022-06-23 23:42:39,130] {logging_mixin.py:115} INFO - [2022-06-23 23:42:39,130] {dag.py:2931} INFO - Setting next_dagrun for example_kubernetes_executor to None, run_after=None
[2022-06-23 23:42:39,141] {processor.py:161} INFO - Processing /home/airflow/.local/lib/python3.7/site-packages/airflow/example_dags/example_kubernetes_executor.py took 0.183 seconds
[2022-06-23 23:43:09,488] {processor.py:153} INFO - Started process (PID=1591) to work on /home/airflow/.local/lib/python3.7/site-packages/airflow/example_dags/example_kubernetes_executor.py
[2022-06-23 23:43:09,488] {processor.py:641} INFO - Processing file /home/airflow/.local/lib/python3.7/site-packages/airflow/example_dags/example_kubernetes_executor.py for tasks to queue
[2022-06-23 23:43:09,488] {logging_mixin.py:115} INFO - [2022-06-23 23:43:09,488] {dagbag.py:507} INFO - Filling up the DagBag from /home/airflow/.local/lib/python3.7/site-packages/airflow/example_dags/example_kubernetes_executor.py
[2022-06-23 23:43:09,507] {processor.py:651} INFO - DAG(s) dict_keys(['example_kubernetes_executor']) retrieved from /home/airflow/.local/lib/python3.7/site-packages/airflow/example_dags/example_kubernetes_executor.py
[2022-06-23 23:43:09,539] {logging_mixin.py:115} INFO - [2022-06-23 23:43:09,539] {dag.py:2379} INFO - Sync 1 DAGs
[2022-06-23 23:43:09,646] {logging_mixin.py:115} INFO - [2022-06-23 23:43:09,646] {dag.py:2931} INFO - Setting next_dagrun for example_kubernetes_executor to None, run_after=None
[2022-06-23 23:43:09,661] {processor.py:161} INFO - Processing /home/airflow/.local/lib/python3.7/site-packages/airflow/example_dags/example_kubernetes_executor.py took 0.179 seconds
[2022-06-23 23:43:40,137] {processor.py:153} INFO - Started process (PID=1654) to work on /home/airflow/.local/lib/python3.7/site-packages/airflow/example_dags/example_kubernetes_executor.py
[2022-06-23 23:43:40,137] {processor.py:641} INFO - Processing file /home/airflow/.local/lib/python3.7/site-packages/airflow/example_dags/example_kubernetes_executor.py for tasks to queue
[2022-06-23 23:43:40,137] {logging_mixin.py:115} INFO - [2022-06-23 23:43:40,137] {dagbag.py:507} INFO - Filling up the DagBag from /home/airflow/.local/lib/python3.7/site-packages/airflow/example_dags/example_kubernetes_executor.py
[2022-06-23 23:43:40,156] {processor.py:651} INFO - DAG(s) dict_keys(['example_kubernetes_executor']) retrieved from /home/airflow/.local/lib/python3.7/site-packages/airflow/example_dags/example_kubernetes_executor.py
[2022-06-23 23:43:40,179] {logging_mixin.py:115} INFO - [2022-06-23 23:43:40,179] {dag.py:2379} INFO - Sync 1 DAGs
[2022-06-23 23:43:40,287] {logging_mixin.py:115} INFO - [2022-06-23 23:43:40,286] {dag.py:2931} INFO - Setting next_dagrun for example_kubernetes_executor to None, run_after=None
[2022-06-23 23:43:40,302] {processor.py:161} INFO - Processing /home/airflow/.local/lib/python3.7/site-packages/airflow/example_dags/example_kubernetes_executor.py took 0.167 seconds
[2022-06-23 23:44:10,683] {processor.py:153} INFO - Started process (PID=1717) to work on /home/airflow/.local/lib/python3.7/site-packages/airflow/example_dags/example_kubernetes_executor.py
[2022-06-23 23:44:10,689] {processor.py:641} INFO - Processing file /home/airflow/.local/lib/python3.7/site-packages/airflow/example_dags/example_kubernetes_executor.py for tasks to queue
[2022-06-23 23:44:10,689] {logging_mixin.py:115} INFO - [2022-06-23 23:44:10,689] {dagbag.py:507} INFO - Filling up the DagBag from /home/airflow/.local/lib/python3.7/site-packages/airflow/example_dags/example_kubernetes_executor.py
[2022-06-23 23:44:10,708] {processor.py:651} INFO - DAG(s) dict_keys(['example_kubernetes_executor']) retrieved from /home/airflow/.local/lib/python3.7/site-packages/airflow/example_dags/example_kubernetes_executor.py
[2022-06-23 23:44:10,737] {logging_mixin.py:115} INFO - [2022-06-23 23:44:10,737] {dag.py:2379} INFO - Sync 1 DAGs
[2022-06-23 23:44:10,842] {logging_mixin.py:115} INFO - [2022-06-23 23:44:10,842] {dag.py:2931} INFO - Setting next_dagrun for example_kubernetes_executor to None, run_after=None
[2022-06-23 23:44:10,871] {processor.py:161} INFO - Processing /home/airflow/.local/lib/python3.7/site-packages/airflow/example_dags/example_kubernetes_executor.py took 0.192 seconds
[2022-06-23 23:44:40,997] {processor.py:153} INFO - Started process (PID=1772) to work on /home/airflow/.local/lib/python3.7/site-packages/airflow/example_dags/example_kubernetes_executor.py
[2022-06-23 23:44:40,998] {processor.py:641} INFO - Processing file /home/airflow/.local/lib/python3.7/site-packages/airflow/example_dags/example_kubernetes_executor.py for tasks to queue
[2022-06-23 23:44:40,998] {logging_mixin.py:115} INFO - [2022-06-23 23:44:40,998] {dagbag.py:507} INFO - Filling up the DagBag from /home/airflow/.local/lib/python3.7/site-packages/airflow/example_dags/example_kubernetes_executor.py
[2022-06-23 23:44:41,018] {processor.py:651} INFO - DAG(s) dict_keys(['example_kubernetes_executor']) retrieved from /home/airflow/.local/lib/python3.7/site-packages/airflow/example_dags/example_kubernetes_executor.py
[2022-06-23 23:44:41,050] {logging_mixin.py:115} INFO - [2022-06-23 23:44:41,050] {dag.py:2379} INFO - Sync 1 DAGs
[2022-06-23 23:44:41,166] {logging_mixin.py:115} INFO - [2022-06-23 23:44:41,166] {dag.py:2931} INFO - Setting next_dagrun for example_kubernetes_executor to None, run_after=None
[2022-06-23 23:44:41,195] {processor.py:161} INFO - Processing /home/airflow/.local/lib/python3.7/site-packages/airflow/example_dags/example_kubernetes_executor.py took 0.202 seconds
[2022-06-23 23:45:11,434] {processor.py:153} INFO - Started process (PID=1836) to work on /home/airflow/.local/lib/python3.7/site-packages/airflow/example_dags/example_kubernetes_executor.py
[2022-06-23 23:45:11,435] {processor.py:641} INFO - Processing file /home/airflow/.local/lib/python3.7/site-packages/airflow/example_dags/example_kubernetes_executor.py for tasks to queue
[2022-06-23 23:45:11,436] {logging_mixin.py:115} INFO - [2022-06-23 23:45:11,436] {dagbag.py:507} INFO - Filling up the DagBag from /home/airflow/.local/lib/python3.7/site-packages/airflow/example_dags/example_kubernetes_executor.py
[2022-06-23 23:45:11,453] {processor.py:651} INFO - DAG(s) dict_keys(['example_kubernetes_executor']) retrieved from /home/airflow/.local/lib/python3.7/site-packages/airflow/example_dags/example_kubernetes_executor.py
[2022-06-23 23:45:11,482] {logging_mixin.py:115} INFO - [2022-06-23 23:45:11,482] {dag.py:2379} INFO - Sync 1 DAGs
[2022-06-23 23:45:11,592] {logging_mixin.py:115} INFO - [2022-06-23 23:45:11,592] {dag.py:2931} INFO - Setting next_dagrun for example_kubernetes_executor to None, run_after=None
[2022-06-23 23:45:11,655] {processor.py:161} INFO - Processing /home/airflow/.local/lib/python3.7/site-packages/airflow/example_dags/example_kubernetes_executor.py took 0.224 seconds
                                                                                                                                                                                                                                                                                                                                                                                                                                                                                                                                                                                                                                                                                                                                                                                                                                                                                                                                                                                                                                                                                                                                                                                                                                                                                                                                                           