[2022-06-23 01:17:32,691] {processor.py:153} INFO - Started process (PID=117) to work on /home/airflow/.local/lib/python3.7/site-packages/airflow/example_dags/example_branch_operator_decorator.py
[2022-06-23 01:17:32,691] {processor.py:641} INFO - Processing file /home/airflow/.local/lib/python3.7/site-packages/airflow/example_dags/example_branch_operator_decorator.py for tasks to queue
[2022-06-23 01:17:32,692] {logging_mixin.py:115} INFO - [2022-06-23 01:17:32,691] {dagbag.py:507} INFO - Filling up the DagBag from /home/airflow/.local/lib/python3.7/site-packages/airflow/example_dags/example_branch_operator_decorator.py
[2022-06-23 01:17:32,715] {processor.py:651} INFO - DAG(s) dict_keys(['example_branch_python_operator_decorator']) retrieved from /home/airflow/.local/lib/python3.7/site-packages/airflow/example_dags/example_branch_operator_decorator.py
[2022-06-23 01:17:32,742] {logging_mixin.py:115} INFO - [2022-06-23 01:17:32,742] {dag.py:2379} INFO - Sync 1 DAGs
[2022-06-23 01:17:32,767] {logging_mixin.py:115} INFO - [2022-06-23 01:17:32,767] {dag.py:2931} INFO - Setting next_dagrun for example_branch_python_operator_decorator to 2022-06-22T00:00:00+00:00, run_after=2022-06-23T00:00:00+00:00
[2022-06-23 01:17:32,818] {processor.py:161} INFO - Processing /home/airflow/.local/lib/python3.7/site-packages/airflow/example_dags/example_branch_operator_decorator.py took 0.130 seconds
[2022-06-23 01:18:03,593] {processor.py:153} INFO - Started process (PID=180) to work on /home/airflow/.local/lib/python3.7/site-packages/airflow/example_dags/example_branch_operator_decorator.py
[2022-06-23 01:18:03,593] {processor.py:641} INFO - Processing file /home/airflow/.local/lib/python3.7/site-packages/airflow/example_dags/example_branch_operator_decorator.py for tasks to queue
[2022-06-23 01:18:03,594] {logging_mixin.py:115} INFO - [2022-06-23 01:18:03,594] {dagbag.py:507} INFO - Filling up the DagBag from /home/airflow/.local/lib/python3.7/site-packages/airflow/example_dags/example_branch_operator_decorator.py
[2022-06-23 01:18:03,612] {processor.py:651} INFO - DAG(s) dict_keys(['example_branch_python_operator_decorator']) retrieved from /home/airflow/.local/lib/python3.7/site-packages/airflow/example_dags/example_branch_operator_decorator.py
[2022-06-23 01:18:03,641] {logging_mixin.py:115} INFO - [2022-06-23 01:18:03,641] {dag.py:2379} INFO - Sync 1 DAGs
[2022-06-23 01:18:03,662] {logging_mixin.py:115} INFO - [2022-06-23 01:18:03,662] {dag.py:2931} INFO - Setting next_dagrun for example_branch_python_operator_decorator to 2022-06-22T00:00:00+00:00, run_after=2022-06-23T00:00:00+00:00
[2022-06-23 01:18:03,683] {processor.py:161} INFO - Processing /home/airflow/.local/lib/python3.7/site-packages/airflow/example_dags/example_branch_operator_decorator.py took 0.094 seconds
[2022-06-23 23:30:25,453] {processor.py:153} INFO - Started process (PID=84) to work on /home/airflow/.local/lib/python3.7/site-packages/airflow/example_dags/example_branch_operator_decorator.py
[2022-06-23 23:30:25,454] {processor.py:641} INFO - Processing file /home/airflow/.local/lib/python3.7/site-packages/airflow/example_dags/example_branch_operator_decorator.py for tasks to queue
[2022-06-23 23:30:25,455] {logging_mixin.py:115} INFO - [2022-06-23 23:30:25,454] {dagbag.py:507} INFO - Filling up the DagBag from /home/airflow/.local/lib/python3.7/site-packages/airflow/example_dags/example_branch_operator_decorator.py
[2022-06-23 23:30:25,474] {processor.py:651} INFO - DAG(s) dict_keys(['example_branch_python_operator_decorator']) retrieved from /home/airflow/.local/lib/python3.7/site-packages/airflow/example_dags/example_branch_operator_decorator.py
[2022-06-23 23:30:25,648] {logging_mixin.py:115} INFO - [2022-06-23 23:30:25,648] {dag.py:2379} INFO - Sync 1 DAGs
[2022-06-23 23:30:25,678] {logging_mixin.py:115} INFO - [2022-06-23 23:30:25,678] {dag.py:2931} INFO - Setting next_dagrun for example_branch_python_operator_decorator to 2022-06-22T00:00:00+00:00, run_after=2022-06-23T00:00:00+00:00
[2022-06-23 23:30:25,703] {processor.py:161} INFO - Processing /home/airflow/.local/lib/python3.7/site-packages/airflow/example_dags/example_branch_operator_decorator.py took 0.255 seconds
[2022-06-23 23:30:56,133] {processor.py:153} INFO - Started process (PID=147) to work on /home/airflow/.local/lib/python3.7/site-packages/airflow/example_dags/example_branch_operator_decorator.py
[2022-06-23 23:30:56,134] {processor.py:641} INFO - Processing file /home/airflow/.local/lib/python3.7/site-packages/airflow/example_dags/example_branch_operator_decorator.py for tasks to queue
[2022-06-23 23:30:56,134] {logging_mixin.py:115} INFO - [2022-06-23 23:30:56,134] {dagbag.py:507} INFO - Filling up the DagBag from /home/airflow/.local/lib/python3.7/site-packages/airflow/example_dags/example_branch_operator_decorator.py
[2022-06-23 23:30:56,148] {processor.py:651} INFO - DAG(s) dict_keys(['example_branch_python_operator_decorator']) retrieved from /home/airflow/.local/lib/python3.7/site-packages/airflow/example_dags/example_branch_operator_decorator.py
[2022-06-23 23:30:56,169] {logging_mixin.py:115} INFO - [2022-06-23 23:30:56,169] {dag.py:2379} INFO - Sync 1 DAGs
[2022-06-23 23:30:56,266] {logging_mixin.py:115} INFO - [2022-06-23 23:30:56,266] {dag.py:2931} INFO - Setting next_dagrun for example_branch_python_operator_decorator to 2022-06-22T00:00:00+00:00, run_after=2022-06-23T00:00:00+00:00
[2022-06-23 23:30:56,282] {processor.py:161} INFO - Processing /home/airflow/.local/lib/python3.7/site-packages/airflow/example_dags/example_branch_operator_decorator.py took 0.150 seconds
[2022-06-23 23:31:26,669] {processor.py:153} INFO - Started process (PID=203) to work on /home/airflow/.local/lib/python3.7/site-packages/airflow/example_dags/example_branch_operator_decorator.py
[2022-06-23 23:31:26,669] {processor.py:641} INFO - Processing file /home/airflow/.local/lib/python3.7/site-packages/airflow/example_dags/example_branch_operator_decorator.py for tasks to queue
[2022-06-23 23:31:26,670] {logging_mixin.py:115} INFO - [2022-06-23 23:31:26,670] {dagbag.py:507} INFO - Filling up the DagBag from /home/airflow/.local/lib/python3.7/site-packages/airflow/example_dags/example_branch_operator_decorator.py
[2022-06-23 23:31:26,685] {processor.py:651} INFO - DAG(s) dict_keys(['example_branch_python_operator_decorator']) retrieved from /home/airflow/.local/lib/python3.7/site-packages/airflow/example_dags/example_branch_operator_decorator.py
[2022-06-23 23:31:26,709] {logging_mixin.py:115} INFO - [2022-06-23 23:31:26,709] {dag.py:2379} INFO - Sync 1 DAGs
[2022-06-23 23:31:26,810] {logging_mixin.py:115} INFO - [2022-06-23 23:31:26,810] {dag.py:2931} INFO - Setting next_dagrun for example_branch_python_operator_decorator to 2022-06-22T00:00:00+00:00, run_after=2022-06-23T00:00:00+00:00
[2022-06-23 23:31:26,823] {processor.py:161} INFO - Processing /home/airflow/.local/lib/python3.7/site-packages/airflow/example_dags/example_branch_operator_decorator.py took 0.158 seconds
[2022-06-23 23:31:56,929] {processor.py:153} INFO - Started process (PID=266) to work on /home/airflow/.local/lib/python3.7/site-packages/airflow/example_dags/example_branch_operator_decorator.py
[2022-06-23 23:31:56,930] {processor.py:641} INFO - Processing file /home/airflow/.local/lib/python3.7/site-packages/airflow/example_dags/example_branch_operator_decorator.py for tasks to queue
[2022-06-23 23:31:56,931] {logging_mixin.py:115} INFO - [2022-06-23 23:31:56,930] {dagbag.py:507} INFO - Filling up the DagBag from /home/airflow/.local/lib/python3.7/site-packages/airflow/example_dags/example_branch_operator_decorator.py
[2022-06-23 23:31:56,948] {processor.py:651} INFO - DAG(s) dict_keys(['example_branch_python_operator_decorator']) retrieved from /home/airflow/.local/lib/python3.7/site-packages/airflow/example_dags/example_branch_operator_decorator.py
[2022-06-23 23:31:56,983] {logging_mixin.py:115} INFO - [2022-06-23 23:31:56,983] {dag.py:2379} INFO - Sync 1 DAGs
[2022-06-23 23:31:57,094] {logging_mixin.py:115} INFO - [2022-06-23 23:31:57,094] {dag.py:2931} INFO - Setting next_dagrun for example_branch_python_operator_decorator to 2022-06-22T00:00:00+00:00, run_after=2022-06-23T00:00:00+00:00
[2022-06-23 23:31:57,108] {processor.py:161} INFO - Processing /home/airflow/.local/lib/python3.7/site-packages/airflow/example_dags/example_branch_operator_decorator.py took 0.183 seconds
[2022-06-23 23:32:27,197] {processor.py:153} INFO - Started process (PID=330) to work on /home/airflow/.local/lib/python3.7/site-packages/airflow/example_dags/example_branch_operator_decorator.py
[2022-06-23 23:32:27,197] {processor.py:641} INFO - Processing file /home/airflow/.local/lib/python3.7/site-packages/airflow/example_dags/example_branch_operator_decorator.py for tasks to queue
[2022-06-23 23:32:27,198] {logging_mixin.py:115} INFO - [2022-06-23 23:32:27,198] {dagbag.py:507} INFO - Filling up the DagBag from /home/airflow/.local/lib/python3.7/site-packages/airflow/example_dags/example_branch_operator_decorator.py
[2022-06-23 23:32:27,217] {processor.py:651} INFO - DAG(s) dict_keys(['example_branch_python_operator_decorator']) retrieved from /home/airflow/.local/lib/python3.7/site-packages/airflow/example_dags/example_branch_operator_decorator.py
[2022-06-23 23:32:27,249] {logging_mixin.py:115} INFO - [2022-06-23 23:32:27,249] {dag.py:2379} INFO - Sync 1 DAGs
[2022-06-23 23:32:27,363] {logging_mixin.py:115} INFO - [2022-06-23 23:32:27,363] {dag.py:2931} INFO - Setting next_dagrun for example_branch_python_operator_decorator to 2022-06-22T00:00:00+00:00, run_after=2022-06-23T00:00:00+00:00
[2022-06-23 23:32:27,385] {processor.py:161} INFO - Processing /home/airflow/.local/lib/python3.7/site-packages/airflow/example_dags/example_branch_operator_decorator.py took 0.191 seconds
[2022-06-23 23:32:57,557] {processor.py:153} INFO - Started process (PID=383) to work on /home/airflow/.local/lib/python3.7/site-packages/airflow/example_dags/example_branch_operator_decorator.py
[2022-06-23 23:32:57,557] {processor.py:641} INFO - Processing file /home/airflow/.local/lib/python3.7/site-packages/airflow/example_dags/example_branch_operator_decorator.py for tasks to queue
[2022-06-23 23:32:57,558] {logging_mixin.py:115} INFO - [2022-06-23 23:32:57,558] {dagbag.py:507} INFO - Filling up the DagBag from /home/airflow/.local/lib/python3.7/site-packages/airflow/example_dags/example_branch_operator_decorator.py
[2022-06-23 23:32:57,578] {processor.py:651} INFO - DAG(s) dict_keys(['example_branch_python_operator_decorator']) retrieved from /home/airflow/.local/lib/python3.7/site-packages/airflow/example_dags/example_branch_operator_decorator.py
[2022-06-23 23:32:57,605] {logging_mixin.py:115} INFO - [2022-06-23 23:32:57,605] {dag.py:2379} INFO - Sync 1 DAGs
[2022-06-23 23:32:57,726] {logging_mixin.py:115} INFO - [2022-06-23 23:32:57,725] {dag.py:2931} INFO - Setting next_dagrun for example_branch_python_operator_decorator to 2022-06-22T00:00:00+00:00, run_after=2022-06-23T00:00:00+00:00
[2022-06-23 23:32:57,742] {processor.py:161} INFO - Processing /home/airflow/.local/lib/python3.7/site-packages/airflow/example_dags/example_branch_operator_decorator.py took 0.188 seconds
[2022-06-23 23:33:28,080] {processor.py:153} INFO - Started process (PID=446) to work on /home/airflow/.local/lib/python3.7/site-packages/airflow/example_dags/example_branch_operator_decorator.py
[2022-06-23 23:33:28,080] {processor.py:641} INFO - Processing file /home/airflow/.local/lib/python3.7/site-packages/airflow/example_dags/example_branch_operator_decorator.py for tasks to queue
[2022-06-23 23:33:28,080] {logging_mixin.py:115} INFO - [2022-06-23 23:33:28,080] {dagbag.py:507} INFO - Filling up the DagBag from /home/airflow/.local/lib/python3.7/site-packages/airflow/example_dags/example_branch_operator_decorator.py
[2022-06-23 23:33:28,094] {processor.py:651} INFO - DAG(s) dict_keys(['example_branch_python_operator_decorator']) retrieved from /home/airflow/.local/lib/python3.7/site-packages/airflow/example_dags/example_branch_operator_decorator.py
[2022-06-23 23:33:28,120] {logging_mixin.py:115} INFO - [2022-06-23 23:33:28,120] {dag.py:2379} INFO - Sync 1 DAGs
[2022-06-23 23:33:28,241] {logging_mixin.py:115} INFO - [2022-06-23 23:33:28,241] {dag.py:2931} INFO - Setting next_dagrun for example_branch_python_operator_decorator to 2022-06-22T00:00:00+00:00, run_after=2022-06-23T00:00:00+00:00
[2022-06-23 23:33:28,258] {processor.py:161} INFO - Processing /home/airflow/.local/lib/python3.7/site-packages/airflow/example_dags/example_branch_operator_decorator.py took 0.182 seconds
[2022-06-23 23:33:59,227] {processor.py:153} INFO - Started process (PID=510) to work on /home/airflow/.local/lib/python3.7/site-packages/airflow/example_dags/example_branch_operator_decorator.py
[2022-06-23 23:33:59,257] {processor.py:641} INFO - Processing file /home/airflow/.local/lib/python3.7/site-packages/airflow/example_dags/example_branch_operator_decorator.py for tasks to queue
[2022-06-23 23:33:59,258] {logging_mixin.py:115} INFO - [2022-06-23 23:33:59,258] {dagbag.py:507} INFO - Filling up the DagBag from /home/airflow/.local/lib/python3.7/site-packages/airflow/example_dags/example_branch_operator_decorator.py
[2022-06-23 23:33:59,276] {processor.py:651} INFO - DAG(s) dict_keys(['example_branch_python_operator_decorator']) retrieved from /home/airflow/.local/lib/python3.7/site-packages/airflow/example_dags/example_branch_operator_decorator.py
[2022-06-23 23:33:59,304] {logging_mixin.py:115} INFO - [2022-06-23 23:33:59,304] {dag.py:2379} INFO - Sync 1 DAGs
[2022-06-23 23:33:59,420] {logging_mixin.py:115} INFO - [2022-06-23 23:33:59,420] {dag.py:2931} INFO - Setting next_dagrun for example_branch_python_operator_decorator to 2022-06-22T00:00:00+00:00, run_after=2022-06-23T00:00:00+00:00
[2022-06-23 23:33:59,443] {processor.py:161} INFO - Processing /home/airflow/.local/lib/python3.7/site-packages/airflow/example_dags/example_branch_operator_decorator.py took 0.219 seconds
[2022-06-23 23:34:29,800] {processor.py:153} INFO - Started process (PID=566) to work on /home/airflow/.local/lib/python3.7/site-packages/airflow/example_dags/example_branch_operator_decorator.py
[2022-06-23 23:34:29,801] {processor.py:641} INFO - Processing file /home/airflow/.local/lib/python3.7/site-packages/airflow/example_dags/example_branch_operator_decorator.py for tasks to queue
[2022-06-23 23:34:29,802] {logging_mixin.py:115} INFO - [2022-06-23 23:34:29,801] {dagbag.py:507} INFO - Filling up the DagBag from /home/airflow/.local/lib/python3.7/site-packages/airflow/example_dags/example_branch_operator_decorator.py
[2022-06-23 23:34:29,817] {processor.py:651} INFO - DAG(s) dict_keys(['example_branch_python_operator_decorator']) retrieved from /home/airflow/.local/lib/python3.7/site-packages/airflow/example_dags/example_branch_operator_decorator.py
[2022-06-23 23:34:29,838] {logging_mixin.py:115} INFO - [2022-06-23 23:34:29,838] {dag.py:2379} INFO - Sync 1 DAGs
[2022-06-23 23:34:29,958] {logging_mixin.py:115} INFO - [2022-06-23 23:34:29,958] {dag.py:2931} INFO - Setting next_dagrun for example_branch_python_operator_decorator to 2022-06-22T00:00:00+00:00, run_after=2022-06-23T00:00:00+00:00
[2022-06-23 23:34:29,976] {processor.py:161} INFO - Processing /home/airflow/.local/lib/python3.7/site-packages/airflow/example_dags/example_branch_operator_decorator.py took 0.180 seconds
[2022-06-23 23:35:00,129] {processor.py:153} INFO - Started process (PID=629) to work on /home/airflow/.local/lib/python3.7/site-packages/airflow/example_dags/example_branch_operator_decorator.py
[2022-06-23 23:35:00,129] {processor.py:641} INFO - Processing file /home/airflow/.local/lib/python3.7/site-packages/airflow/example_dags/example_branch_operator_decorator.py for tasks to queue
[2022-06-23 23:35:00,129] {logging_mixin.py:115} INFO - [2022-06-23 23:35:00,129] {dagbag.py:507} INFO - Filling up the DagBag from /home/airflow/.local/lib/python3.7/site-packages/airflow/example_dags/example_branch_operator_decorator.py
[2022-06-23 23:35:00,147] {processor.py:651} INFO - DAG(s) dict_keys(['example_branch_python_operator_decorator']) retrieved from /home/airflow/.local/lib/python3.7/site-packages/airflow/example_dags/example_branch_operator_decorator.py
[2022-06-23 23:35:00,168] {logging_mixin.py:115} INFO - [2022-06-23 23:35:00,168] {dag.py:2379} INFO - Sync 1 DAGs
[2022-06-23 23:35:00,283] {logging_mixin.py:115} INFO - [2022-06-23 23:35:00,283] {dag.py:2931} INFO - Setting next_dagrun for example_branch_python_operator_decorator to 2022-06-22T00:00:00+00:00, run_after=2022-06-23T00:00:00+00:00
[2022-06-23 23:35:00,299] {processor.py:161} INFO - Processing /home/airflow/.local/lib/python3.7/site-packages/airflow/example_dags/example_branch_operator_decorator.py took 0.173 seconds
[2022-06-23 23:35:30,759] {processor.py:153} INFO - Started process (PID=692) to work on /home/airflow/.local/lib/python3.7/site-packages/airflow/example_dags/example_branch_operator_decorator.py
[2022-06-23 23:35:30,760] {processor.py:641} INFO - Processing file /home/airflow/.local/lib/python3.7/site-packages/airflow/example_dags/example_branch_operator_decorator.py for tasks to queue
[2022-06-23 23:35:30,760] {logging_mixin.py:115} INFO - [2022-06-23 23:35:30,760] {dagbag.py:507} INFO - Filling up the DagBag from /home/airflow/.local/lib/python3.7/site-packages/airflow/example_dags/example_branch_operator_decorator.py
[2022-06-23 23:35:30,776] {processor.py:651} INFO - DAG(s) dict_keys(['example_branch_python_operator_decorator']) retrieved from /home/airflow/.local/lib/python3.7/site-packages/airflow/example_dags/example_branch_operator_decorator.py
[2022-06-23 23:35:30,801] {logging_mixin.py:115} INFO - [2022-06-23 23:35:30,801] {dag.py:2379} INFO - Sync 1 DAGs
[2022-06-23 23:35:30,914] {logging_mixin.py:115} INFO - [2022-06-23 23:35:30,913] {dag.py:2931} INFO - Setting next_dagrun for example_branch_python_operator_decorator to 2022-06-22T00:00:00+00:00, run_after=2022-06-23T00:00:00+00:00
[2022-06-23 23:35:30,937] {processor.py:161} INFO - Processing /home/airflow/.local/lib/python3.7/site-packages/airflow/example_dags/example_branch_operator_decorator.py took 0.182 seconds
[2022-06-23 23:36:01,037] {processor.py:153} INFO - Started process (PID=746) to work on /home/airflow/.local/lib/python3.7/site-packages/airflow/example_dags/example_branch_operator_decorator.py
[2022-06-23 23:36:01,037] {processor.py:641} INFO - Processing file /home/airflow/.local/lib/python3.7/site-packages/airflow/example_dags/example_branch_operator_decorator.py for tasks to queue
[2022-06-23 23:36:01,038] {logging_mixin.py:115} INFO - [2022-06-23 23:36:01,038] {dagbag.py:507} INFO - Filling up the DagBag from /home/airflow/.local/lib/python3.7/site-packages/airflow/example_dags/example_branch_operator_decorator.py
[2022-06-23 23:36:01,053] {processor.py:651} INFO - DAG(s) dict_keys(['example_branch_python_operator_decorator']) retrieved from /home/airflow/.local/lib/python3.7/site-packages/airflow/example_dags/example_branch_operator_decorator.py
[2022-06-23 23:36:01,087] {logging_mixin.py:115} INFO - [2022-06-23 23:36:01,087] {dag.py:2379} INFO - Sync 1 DAGs
[2022-06-23 23:36:01,201] {logging_mixin.py:115} INFO - [2022-06-23 23:36:01,201] {dag.py:2931} INFO - Setting next_dagrun for example_branch_python_operator_decorator to 2022-06-22T00:00:00+00:00, run_after=2022-06-23T00:00:00+00:00
[2022-06-23 23:36:01,218] {processor.py:161} INFO - Processing /home/airflow/.local/lib/python3.7/site-packages/airflow/example_dags/example_branch_operator_decorator.py took 0.184 seconds
[2022-06-23 23:36:31,673] {processor.py:153} INFO - Started process (PID=809) to work on /home/airflow/.local/lib/python3.7/site-packages/airflow/example_dags/example_branch_operator_decorator.py
[2022-06-23 23:36:31,674] {processor.py:641} INFO - Processing file /home/airflow/.local/lib/python3.7/site-packages/airflow/example_dags/example_branch_operator_decorator.py for tasks to queue
[2022-06-23 23:36:31,674] {logging_mixin.py:115} INFO - [2022-06-23 23:36:31,674] {dagbag.py:507} INFO - Filling up the DagBag from /home/airflow/.local/lib/python3.7/site-packages/airflow/example_dags/example_branch_operator_decorator.py
[2022-06-23 23:36:31,688] {processor.py:651} INFO - DAG(s) dict_keys(['example_branch_python_operator_decorator']) retrieved from /home/airflow/.local/lib/python3.7/site-packages/airflow/example_dags/example_branch_operator_decorator.py
[2022-06-23 23:36:31,708] {logging_mixin.py:115} INFO - [2022-06-23 23:36:31,708] {dag.py:2379} INFO - Sync 1 DAGs
[2022-06-23 23:36:31,812] {logging_mixin.py:115} INFO - [2022-06-23 23:36:31,812] {dag.py:2931} INFO - Setting next_dagrun for example_branch_python_operator_decorator to 2022-06-22T00:00:00+00:00, run_after=2022-06-23T00:00:00+00:00
[2022-06-23 23:36:31,823] {processor.py:161} INFO - Processing /home/airflow/.local/lib/python3.7/site-packages/airflow/example_dags/example_branch_operator_decorator.py took 0.152 seconds
[2022-06-23 23:37:02,218] {processor.py:153} INFO - Started process (PID=870) to work on /home/airflow/.local/lib/python3.7/site-packages/airflow/example_dags/example_branch_operator_decorator.py
[2022-06-23 23:37:02,218] {processor.py:641} INFO - Processing file /home/airflow/.local/lib/python3.7/site-packages/airflow/example_dags/example_branch_operator_decorator.py for tasks to queue
[2022-06-23 23:37:02,219] {logging_mixin.py:115} INFO - [2022-06-23 23:37:02,219] {dagbag.py:507} INFO - Filling up the DagBag from /home/airflow/.local/lib/python3.7/site-packages/airflow/example_dags/example_branch_operator_decorator.py
[2022-06-23 23:37:02,236] {processor.py:651} INFO - DAG(s) dict_keys(['example_branch_python_operator_decorator']) retrieved from /home/airflow/.local/lib/python3.7/site-packages/airflow/example_dags/example_branch_operator_decorator.py
[2022-06-23 23:37:02,269] {logging_mixin.py:115} INFO - [2022-06-23 23:37:02,269] {dag.py:2379} INFO - Sync 1 DAGs
[2022-06-23 23:37:02,371] {logging_mixin.py:115} INFO - [2022-06-23 23:37:02,371] {dag.py:2931} INFO - Setting next_dagrun for example_branch_python_operator_decorator to 2022-06-22T00:00:00+00:00, run_after=2022-06-23T00:00:00+00:00
[2022-06-23 23:37:02,381] {processor.py:161} INFO - Processing /home/airflow/.local/lib/python3.7/site-packages/airflow/example_dags/example_branch_operator_decorator.py took 0.166 seconds
[2022-06-23 23:37:32,684] {processor.py:153} INFO - Started process (PID=926) to work on /home/airflow/.local/lib/python3.7/site-packages/airflow/example_dags/example_branch_operator_decorator.py
[2022-06-23 23:37:32,684] {processor.py:641} INFO - Processing file /home/airflow/.local/lib/python3.7/site-packages/airflow/example_dags/example_branch_operator_decorator.py for tasks to queue
[2022-06-23 23:37:32,685] {logging_mixin.py:115} INFO - [2022-06-23 23:37:32,685] {dagbag.py:507} INFO - Filling up the DagBag from /home/airflow/.local/lib/python3.7/site-packages/airflow/example_dags/example_branch_operator_decorator.py
[2022-06-23 23:37:32,700] {processor.py:651} INFO - DAG(s) dict_keys(['example_branch_python_operator_decorator']) retrieved from /home/airflow/.local/lib/python3.7/site-packages/airflow/example_dags/example_branch_operator_decorator.py
[2022-06-23 23:37:32,730] {logging_mixin.py:115} INFO - [2022-06-23 23:37:32,730] {dag.py:2379} INFO - Sync 1 DAGs
[2022-06-23 23:37:32,849] {logging_mixin.py:115} INFO - [2022-06-23 23:37:32,849] {dag.py:2931} INFO - Setting next_dagrun for example_branch_python_operator_decorator to 2022-06-22T00:00:00+00:00, run_after=2022-06-23T00:00:00+00:00
[2022-06-23 23:37:32,870] {processor.py:161} INFO - Processing /home/airflow/.local/lib/python3.7/site-packages/airflow/example_dags/example_branch_operator_decorator.py took 0.190 seconds
[2022-06-23 23:38:03,381] {processor.py:153} INFO - Started process (PID=990) to work on /home/airflow/.local/lib/python3.7/site-packages/airflow/example_dags/example_branch_operator_decorator.py
[2022-06-23 23:38:03,381] {processor.py:641} INFO - Processing file /home/airflow/.local/lib/python3.7/site-packages/airflow/example_dags/example_branch_operator_decorator.py for tasks to queue
[2022-06-23 23:38:03,381] {logging_mixin.py:115} INFO - [2022-06-23 23:38:03,381] {dagbag.py:507} INFO - Filling up the DagBag from /home/airflow/.local/lib/python3.7/site-packages/airflow/example_dags/example_branch_operator_decorator.py
[2022-06-23 23:38:03,395] {processor.py:651} INFO - DAG(s) dict_keys(['example_branch_python_operator_decorator']) retrieved from /home/airflow/.local/lib/python3.7/site-packages/airflow/example_dags/example_branch_operator_decorator.py
[2022-06-23 23:38:03,423] {logging_mixin.py:115} INFO - [2022-06-23 23:38:03,423] {dag.py:2379} INFO - Sync 1 DAGs
[2022-06-23 23:38:03,539] {logging_mixin.py:115} INFO - [2022-06-23 23:38:03,539] {dag.py:2931} INFO - Setting next_dagrun for example_branch_python_operator_decorator to 2022-06-22T00:00:00+00:00, run_after=2022-06-23T00:00:00+00:00
[2022-06-23 23:38:03,560] {processor.py:161} INFO - Processing /home/airflow/.local/lib/python3.7/site-packages/airflow/example_dags/example_branch_operator_decorator.py took 0.183 seconds
[2022-06-23 23:38:33,687] {processor.py:153} INFO - Started process (PID=1044) to work on /home/airflow/.local/lib/python3.7/site-packages/airflow/example_dags/example_branch_operator_decorator.py
[2022-06-23 23:38:33,687] {processor.py:641} INFO - Processing file /home/airflow/.local/lib/python3.7/site-packages/airflow/example_dags/example_branch_operator_decorator.py for tasks to queue
[2022-06-23 23:38:33,688] {logging_mixin.py:115} INFO - [2022-06-23 23:38:33,688] {dagbag.py:507} INFO - Filling up the DagBag from /home/airflow/.local/lib/python3.7/site-packages/airflow/example_dags/example_branch_operator_decorator.py
[2022-06-23 23:38:33,701] {processor.py:651} INFO - DAG(s) dict_keys(['example_branch_python_operator_decorator']) retrieved from /home/airflow/.local/lib/python3.7/site-packages/airflow/example_dags/example_branch_operator_decorator.py
[2022-06-23 23:38:33,723] {logging_mixin.py:115} INFO - [2022-06-23 23:38:33,723] {dag.py:2379} INFO - Sync 1 DAGs
[2022-06-23 23:38:33,827] {logging_mixin.py:115} INFO - [2022-06-23 23:38:33,827] {dag.py:2931} INFO - Setting next_dagrun for example_branch_python_operator_decorator to 2022-06-22T00:00:00+00:00, run_after=2022-06-23T00:00:00+00:00
[2022-06-23 23:38:33,840] {processor.py:161} INFO - Processing /home/airflow/.local/lib/python3.7/site-packages/airflow/example_dags/example_branch_operator_decorator.py took 0.157 seconds
[2022-06-23 23:39:03,982] {processor.py:153} INFO - Started process (PID=1108) to work on /home/airflow/.local/lib/python3.7/site-packages/airflow/example_dags/example_branch_operator_decorator.py
[2022-06-23 23:39:03,983] {processor.py:641} INFO - Processing file /home/airflow/.local/lib/python3.7/site-packages/airflow/example_dags/example_branch_operator_decorator.py for tasks to queue
[2022-06-23 23:39:03,983] {logging_mixin.py:115} INFO - [2022-06-23 23:39:03,983] {dagbag.py:507} INFO - Filling up the DagBag from /home/airflow/.local/lib/python3.7/site-packages/airflow/example_dags/example_branch_operator_decorator.py
[2022-06-23 23:39:04,000] {processor.py:651} INFO - DAG(s) dict_keys(['example_branch_python_operator_decorator']) retrieved from /home/airflow/.local/lib/python3.7/site-packages/airflow/example_dags/example_branch_operator_decorator.py
[2022-06-23 23:39:04,026] {logging_mixin.py:115} INFO - [2022-06-23 23:39:04,026] {dag.py:2379} INFO - Sync 1 DAGs
[2022-06-23 23:39:04,140] {logging_mixin.py:115} INFO - [2022-06-23 23:39:04,140] {dag.py:2931} INFO - Setting next_dagrun for example_branch_python_operator_decorator to 2022-06-22T00:00:00+00:00, run_after=2022-06-23T00:00:00+00:00
[2022-06-23 23:39:04,160] {processor.py:161} INFO - Processing /home/airflow/.local/lib/python3.7/site-packages/airflow/example_dags/example_branch_operator_decorator.py took 0.182 seconds
[2022-06-23 23:39:34,724] {processor.py:153} INFO - Started process (PID=1173) to work on /home/airflow/.local/lib/python3.7/site-packages/airflow/example_dags/example_branch_operator_decorator.py
[2022-06-23 23:39:34,724] {processor.py:641} INFO - Processing file /home/airflow/.local/lib/python3.7/site-packages/airflow/example_dags/example_branch_operator_decorator.py for tasks to queue
[2022-06-23 23:39:34,725] {logging_mixin.py:115} INFO - [2022-06-23 23:39:34,725] {dagbag.py:507} INFO - Filling up the DagBag from /home/airflow/.local/lib/python3.7/site-packages/airflow/example_dags/example_branch_operator_decorator.py
[2022-06-23 23:39:34,741] {processor.py:651} INFO - DAG(s) dict_keys(['example_branch_python_operator_decorator']) retrieved from /home/airflow/.local/lib/python3.7/site-packages/airflow/example_dags/example_branch_operator_decorator.py
[2022-06-23 23:39:34,772] {logging_mixin.py:115} INFO - [2022-06-23 23:39:34,771] {dag.py:2379} INFO - Sync 1 DAGs
[2022-06-23 23:39:34,904] {logging_mixin.py:115} INFO - [2022-06-23 23:39:34,904] {dag.py:2931} INFO - Setting next_dagrun for example_branch_python_operator_decorator to 2022-06-22T00:00:00+00:00, run_after=2022-06-23T00:00:00+00:00
[2022-06-23 23:39:34,943] {processor.py:161} INFO - Processing /home/airflow/.local/lib/python3.7/site-packages/airflow/example_dags/example_branch_operator_decorator.py took 0.223 seconds
[2022-06-23 23:40:05,369] {processor.py:153} INFO - Started process (PID=1229) to work on /home/airflow/.local/lib/python3.7/site-packages/airflow/example_dags/example_branch_operator_decorator.py
[2022-06-23 23:40:05,370] {processor.py:641} INFO - Processing file /home/airflow/.local/lib/python3.7/site-packages/airflow/example_dags/example_branch_operator_decorator.py for tasks to queue
[2022-06-23 23:40:05,371] {logging_mixin.py:115} INFO - [2022-06-23 23:40:05,370] {dagbag.py:507} INFO - Filling up the DagBag from /home/airflow/.local/lib/python3.7/site-packages/airflow/example_dags/example_branch_operator_decorator.py
[2022-06-23 23:40:05,390] {processor.py:651} INFO - DAG(s) dict_keys(['example_branch_python_operator_decorator']) retrieved from /home/airflow/.local/lib/python3.7/site-packages/airflow/example_dags/example_branch_operator_decorator.py
[2022-06-23 23:40:05,418] {logging_mixin.py:115} INFO - [2022-06-23 23:40:05,418] {dag.py:2379} INFO - Sync 1 DAGs
[2022-06-23 23:40:05,532] {logging_mixin.py:115} INFO - [2022-06-23 23:40:05,532] {dag.py:2931} INFO - Setting next_dagrun for example_branch_python_operator_decorator to 2022-06-22T00:00:00+00:00, run_after=2022-06-23T00:00:00+00:00
[2022-06-23 23:40:05,552] {processor.py:161} INFO - Processing /home/airflow/.local/lib/python3.7/site-packages/airflow/example_dags/example_branch_operator_decorator.py took 0.185 seconds
[2022-06-23 23:40:36,059] {processor.py:153} INFO - Started process (PID=1292) to work on /home/airflow/.local/lib/python3.7/site-packages/airflow/example_dags/example_branch_operator_decorator.py
[2022-06-23 23:40:36,059] {processor.py:641} INFO - Processing file /home/airflow/.local/lib/python3.7/site-packages/airflow/example_dags/example_branch_operator_decorator.py for tasks to queue
[2022-06-23 23:40:36,060] {logging_mixin.py:115} INFO - [2022-06-23 23:40:36,060] {dagbag.py:507} INFO - Filling up the DagBag from /home/airflow/.local/lib/python3.7/site-packages/airflow/example_dags/example_branch_operator_decorator.py
[2022-06-23 23:40:36,074] {processor.py:651} INFO - DAG(s) dict_keys(['example_branch_python_operator_decorator']) retrieved from /home/airflow/.local/lib/python3.7/site-packages/airflow/example_dags/example_branch_operator_decorator.py
[2022-06-23 23:40:36,101] {logging_mixin.py:115} INFO - [2022-06-23 23:40:36,100] {dag.py:2379} INFO - Sync 1 DAGs
[2022-06-23 23:40:36,233] {logging_mixin.py:115} INFO - [2022-06-23 23:40:36,233] {dag.py:2931} INFO - Setting next_dagrun for example_branch_python_operator_decorator to 2022-06-22T00:00:00+00:00, run_after=2022-06-23T00:00:00+00:00
[2022-06-23 23:40:36,252] {processor.py:161} INFO - Processing /home/airflow/.local/lib/python3.7/site-packages/airflow/example_dags/example_branch_operator_decorator.py took 0.199 seconds
[2022-06-23 23:41:06,972] {processor.py:153} INFO - Started process (PID=1355) to work on /home/airflow/.local/lib/python3.7/site-packages/airflow/example_dags/example_branch_operator_decorator.py
[2022-06-23 23:41:06,977] {processor.py:641} INFO - Processing file /home/airflow/.local/lib/python3.7/site-packages/airflow/example_dags/example_branch_operator_decorator.py for tasks to queue
[2022-06-23 23:41:06,978] {logging_mixin.py:115} INFO - [2022-06-23 23:41:06,978] {dagbag.py:507} INFO - Filling up the DagBag from /home/airflow/.local/lib/python3.7/site-packages/airflow/example_dags/example_branch_operator_decorator.py
[2022-06-23 23:41:06,993] {processor.py:651} INFO - DAG(s) dict_keys(['example_branch_python_operator_decorator']) retrieved from /home/airflow/.local/lib/python3.7/site-packages/airflow/example_dags/example_branch_operator_decorator.py
[2022-06-23 23:41:07,019] {logging_mixin.py:115} INFO - [2022-06-23 23:41:07,018] {dag.py:2379} INFO - Sync 1 DAGs
[2022-06-23 23:41:07,133] {logging_mixin.py:115} INFO - [2022-06-23 23:41:07,133] {dag.py:2931} INFO - Setting next_dagrun for example_branch_python_operator_decorator to 2022-06-22T00:00:00+00:00, run_after=2022-06-23T00:00:00+00:00
[2022-06-23 23:41:07,169] {processor.py:161} INFO - Processing /home/airflow/.local/lib/python3.7/site-packages/airflow/example_dags/example_branch_operator_decorator.py took 0.199 seconds
[2022-06-23 23:41:37,487] {processor.py:153} INFO - Started process (PID=1409) to work on /home/airflow/.local/lib/python3.7/site-packages/airflow/example_dags/example_branch_operator_decorator.py
[2022-06-23 23:41:37,488] {processor.py:641} INFO - Processing file /home/airflow/.local/lib/python3.7/site-packages/airflow/example_dags/example_branch_operator_decorator.py for tasks to queue
[2022-06-23 23:41:37,489] {logging_mixin.py:115} INFO - [2022-06-23 23:41:37,489] {dagbag.py:507} INFO - Filling up the DagBag from /home/airflow/.local/lib/python3.7/site-packages/airflow/example_dags/example_branch_operator_decorator.py
[2022-06-23 23:41:37,509] {processor.py:651} INFO - DAG(s) dict_keys(['example_branch_python_operator_decorator']) retrieved from /home/airflow/.local/lib/python3.7/site-packages/airflow/example_dags/example_branch_operator_decorator.py
[2022-06-23 23:41:37,534] {logging_mixin.py:115} INFO - [2022-06-23 23:41:37,534] {dag.py:2379} INFO - Sync 1 DAGs
[2022-06-23 23:41:37,643] {logging_mixin.py:115} INFO - [2022-06-23 23:41:37,643] {dag.py:2931} INFO - Setting next_dagrun for example_branch_python_operator_decorator to 2022-06-22T00:00:00+00:00, run_after=2022-06-23T00:00:00+00:00
[2022-06-23 23:41:37,661] {processor.py:161} INFO - Processing /home/airflow/.local/lib/python3.7/site-packages/airflow/example_dags/example_branch_operator_decorator.py took 0.176 seconds
[2022-06-23 23:42:08,010] {processor.py:153} INFO - Started process (PID=1472) to work on /home/airflow/.local/lib/python3.7/site-packages/airflow/example_dags/example_branch_operator_decorator.py
[2022-06-23 23:42:08,010] {processor.py:641} INFO - Processing file /home/airflow/.local/lib/python3.7/site-packages/airflow/example_dags/example_branch_operator_decorator.py for tasks to queue
[2022-06-23 23:42:08,011] {logging_mixin.py:115} INFO - [2022-06-23 23:42:08,011] {dagbag.py:507} INFO - Filling up the DagBag from /home/airflow/.local/lib/python3.7/site-packages/airflow/example_dags/example_branch_operator_decorator.py
[2022-06-23 23:42:08,030] {processor.py:651} INFO - DAG(s) dict_keys(['example_branch_python_operator_decorator']) retrieved from /home/airflow/.local/lib/python3.7/site-packages/airflow/example_dags/example_branch_operator_decorator.py
[2022-06-23 23:42:08,057] {logging_mixin.py:115} INFO - [2022-06-23 23:42:08,056] {dag.py:2379} INFO - Sync 1 DAGs
[2022-06-23 23:42:08,181] {logging_mixin.py:115} INFO - [2022-06-23 23:42:08,181] {dag.py:2931} INFO - Setting next_dagrun for example_branch_python_operator_decorator to 2022-06-22T00:00:00+00:00, run_after=2022-06-23T00:00:00+00:00
[2022-06-23 23:42:08,238] {processor.py:161} INFO - Processing /home/airflow/.local/lib/python3.7/site-packages/airflow/example_dags/example_branch_operator_decorator.py took 0.231 seconds
[2022-06-23 23:42:38,754] {processor.py:153} INFO - Started process (PID=1535) to work on /home/airflow/.local/lib/python3.7/site-packages/airflow/example_dags/example_branch_operator_decorator.py
[2022-06-23 23:42:38,754] {processor.py:641} INFO - Processing file /home/airflow/.local/lib/python3.7/site-packages/airflow/example_dags/example_branch_operator_decorator.py for tasks to queue
[2022-06-23 23:42:38,754] {logging_mixin.py:115} INFO - [2022-06-23 23:42:38,754] {dagbag.py:507} INFO - Filling up the DagBag from /home/airflow/.local/lib/python3.7/site-packages/airflow/example_dags/example_branch_operator_decorator.py
[2022-06-23 23:42:38,768] {processor.py:651} INFO - DAG(s) dict_keys(['example_branch_python_operator_decorator']) retrieved from /home/airflow/.local/lib/python3.7/site-packages/airflow/example_dags/example_branch_operator_decorator.py
[2022-06-23 23:42:38,798] {logging_mixin.py:115} INFO - [2022-06-23 23:42:38,798] {dag.py:2379} INFO - Sync 1 DAGs
[2022-06-23 23:42:38,923] {logging_mixin.py:115} INFO - [2022-06-23 23:42:38,923] {dag.py:2931} INFO - Setting next_dagrun for example_branch_python_operator_decorator to 2022-06-22T00:00:00+00:00, run_after=2022-06-23T00:00:00+00:00
[2022-06-23 23:42:38,943] {processor.py:161} INFO - Processing /home/airflow/.local/lib/python3.7/site-packages/airflow/example_dags/example_branch_operator_decorator.py took 0.191 seconds
[2022-06-23 23:43:09,279] {processor.py:153} INFO - Started process (PID=1589) to work on /home/airflow/.local/lib/python3.7/site-packages/airflow/example_dags/example_branch_operator_decorator.py
[2022-06-23 23:43:09,280] {processor.py:641} INFO - Processing file /home/airflow/.local/lib/python3.7/site-packages/airflow/example_dags/example_branch_operator_decorator.py for tasks to queue
[2022-06-23 23:43:09,281] {logging_mixin.py:115} INFO - [2022-06-23 23:43:09,281] {dagbag.py:507} INFO - Filling up the DagBag from /home/airflow/.local/lib/python3.7/site-packages/airflow/example_dags/example_branch_operator_decorator.py
[2022-06-23 23:43:09,294] {processor.py:651} INFO - DAG(s) dict_keys(['example_branch_python_operator_decorator']) retrieved from /home/airflow/.local/lib/python3.7/site-packages/airflow/example_dags/example_branch_operator_decorator.py
[2022-06-23 23:43:09,329] {logging_mixin.py:115} INFO - [2022-06-23 23:43:09,329] {dag.py:2379} INFO - Sync 1 DAGs
[2022-06-23 23:43:09,440] {logging_mixin.py:115} INFO - [2022-06-23 23:43:09,440] {dag.py:2931} INFO - Setting next_dagrun for example_branch_python_operator_decorator to 2022-06-22T00:00:00+00:00, run_after=2022-06-23T00:00:00+00:00
[2022-06-23 23:43:09,460] {processor.py:161} INFO - Processing /home/airflow/.local/lib/python3.7/site-packages/airflow/example_dags/example_branch_operator_decorator.py took 0.185 seconds
[2022-06-23 23:43:39,948] {processor.py:153} INFO - Started process (PID=1652) to work on /home/airflow/.local/lib/python3.7/site-packages/airflow/example_dags/example_branch_operator_decorator.py
[2022-06-23 23:43:39,948] {processor.py:641} INFO - Processing file /home/airflow/.local/lib/python3.7/site-packages/airflow/example_dags/example_branch_operator_decorator.py for tasks to queue
[2022-06-23 23:43:39,949] {logging_mixin.py:115} INFO - [2022-06-23 23:43:39,949] {dagbag.py:507} INFO - Filling up the DagBag from /home/airflow/.local/lib/python3.7/site-packages/airflow/example_dags/example_branch_operator_decorator.py
[2022-06-23 23:43:39,963] {processor.py:651} INFO - DAG(s) dict_keys(['example_branch_python_operator_decorator']) retrieved from /home/airflow/.local/lib/python3.7/site-packages/airflow/example_dags/example_branch_operator_decorator.py
[2022-06-23 23:43:39,992] {logging_mixin.py:115} INFO - [2022-06-23 23:43:39,992] {dag.py:2379} INFO - Sync 1 DAGs
[2022-06-23 23:43:40,100] {logging_mixin.py:115} INFO - [2022-06-23 23:43:40,100] {dag.py:2931} INFO - Setting next_dagrun for example_branch_python_operator_decorator to 2022-06-22T00:00:00+00:00, run_after=2022-06-23T00:00:00+00:00
[2022-06-23 23:43:40,119] {processor.py:161} INFO - Processing /home/airflow/.local/lib/python3.7/site-packages/airflow/example_dags/example_branch_operator_decorator.py took 0.174 seconds
[2022-06-23 23:44:10,320] {processor.py:153} INFO - Started process (PID=1715) to work on /home/airflow/.local/lib/python3.7/site-packages/airflow/example_dags/example_branch_operator_decorator.py
[2022-06-23 23:44:10,320] {processor.py:641} INFO - Processing file /home/airflow/.local/lib/python3.7/site-packages/airflow/example_dags/example_branch_operator_decorator.py for tasks to queue
[2022-06-23 23:44:10,320] {logging_mixin.py:115} INFO - [2022-06-23 23:44:10,320] {dagbag.py:507} INFO - Filling up the DagBag from /home/airflow/.local/lib/python3.7/site-packages/airflow/example_dags/example_branch_operator_decorator.py
[2022-06-23 23:44:10,335] {processor.py:651} INFO - DAG(s) dict_keys(['example_branch_python_operator_decorator']) retrieved from /home/airflow/.local/lib/python3.7/site-packages/airflow/example_dags/example_branch_operator_decorator.py
[2022-06-23 23:44:10,360] {logging_mixin.py:115} INFO - [2022-06-23 23:44:10,360] {dag.py:2379} INFO - Sync 1 DAGs
[2022-06-23 23:44:10,458] {logging_mixin.py:115} INFO - [2022-06-23 23:44:10,458] {dag.py:2931} INFO - Setting next_dagrun for example_branch_python_operator_decorator to 2022-06-22T00:00:00+00:00, run_after=2022-06-23T00:00:00+00:00
[2022-06-23 23:44:10,478] {processor.py:161} INFO - Processing /home/airflow/.local/lib/python3.7/site-packages/airflow/example_dags/example_branch_operator_decorator.py took 0.160 seconds
[2022-06-23 23:44:40,794] {processor.py:153} INFO - Started process (PID=1770) to work on /home/airflow/.local/lib/python3.7/site-packages/airflow/example_dags/example_branch_operator_decorator.py
[2022-06-23 23:44:40,795] {processor.py:641} INFO - Processing file /home/airflow/.local/lib/python3.7/site-packages/airflow/example_dags/example_branch_operator_decorator.py for tasks to queue
[2022-06-23 23:44:40,796] {logging_mixin.py:115} INFO - [2022-06-23 23:44:40,796] {dagbag.py:507} INFO - Filling up the DagBag from /home/airflow/.local/lib/python3.7/site-packages/airflow/example_dags/example_branch_operator_decorator.py
[2022-06-23 23:44:40,814] {processor.py:651} INFO - DAG(s) dict_keys(['example_branch_python_operator_decorator']) retrieved from /home/airflow/.local/lib/python3.7/site-packages/airflow/example_dags/example_branch_operator_decorator.py
[2022-06-23 23:44:40,838] {logging_mixin.py:115} INFO - [2022-06-23 23:44:40,838] {dag.py:2379} INFO - Sync 1 DAGs
[2022-06-23 23:44:40,948] {logging_mixin.py:115} INFO - [2022-06-23 23:44:40,948] {dag.py:2931} INFO - Setting next_dagrun for example_branch_python_operator_decorator to 2022-06-22T00:00:00+00:00, run_after=2022-06-23T00:00:00+00:00
[2022-06-23 23:44:40,980] {processor.py:161} INFO - Processing /home/airflow/.local/lib/python3.7/site-packages/airflow/example_dags/example_branch_operator_decorator.py took 0.189 seconds
[2022-06-23 23:45:11,241] {processor.py:153} INFO - Started process (PID=1834) to work on /home/airflow/.local/lib/python3.7/site-packages/airflow/example_dags/example_branch_operator_decorator.py
[2022-06-23 23:45:11,241] {processor.py:641} INFO - Processing file /home/airflow/.local/lib/python3.7/site-packages/airflow/example_dags/example_branch_operator_decorator.py for tasks to queue
[2022-06-23 23:45:11,241] {logging_mixin.py:115} INFO - [2022-06-23 23:45:11,241] {dagbag.py:507} INFO - Filling up the DagBag from /home/airflow/.local/lib/python3.7/site-packages/airflow/example_dags/example_branch_operator_decorator.py
[2022-06-23 23:45:11,257] {processor.py:651} INFO - DAG(s) dict_keys(['example_branch_python_operator_decorator']) retrieved from /home/airflow/.local/lib/python3.7/site-packages/airflow/example_dags/example_branch_operator_decorator.py
[2022-06-23 23:45:11,280] {logging_mixin.py:115} INFO - [2022-06-23 23:45:11,280] {dag.py:2379} INFO - Sync 1 DAGs
[2022-06-23 23:45:11,395] {logging_mixin.py:115} INFO - [2022-06-23 23:45:11,394] {dag.py:2931} INFO - Setting next_dagrun for example_branch_python_operator_decorator to 2022-06-22T00:00:00+00:00, run_after=2022-06-23T00:00:00+00:00
[2022-06-23 23:45:11,411] {processor.py:161} INFO - Processing /home/airflow/.local/lib/python3.7/site-packages/airflow/example_dags/example_branch_operator_decorator.py took 0.173 seconds
                                                                                                                   