[2022-07-11 21:59:38,195] {taskinstance.py:1159} INFO - Dependencies all met for <TaskInstance: Stream_Satellite_TLE.load_data manual__2022-07-11T21:59:36.565369+00:00 [queued]>
[2022-07-11 21:59:38,206] {taskinstance.py:1159} INFO - Dependencies all met for <TaskInstance: Stream_Satellite_TLE.load_data manual__2022-07-11T21:59:36.565369+00:00 [queued]>
[2022-07-11 21:59:38,206] {taskinstance.py:1356} INFO - 
--------------------------------------------------------------------------------
[2022-07-11 21:59:38,206] {taskinstance.py:1357} INFO - Starting attempt 1 of 2
[2022-07-11 21:59:38,206] {taskinstance.py:1358} INFO - 
--------------------------------------------------------------------------------
[2022-07-11 21:59:38,231] {taskinstance.py:1377} INFO - Executing <Task(PythonOperator): load_data> on 2022-07-11 21:59:36.565369+00:00
[2022-07-11 21:59:38,237] {standard_task_runner.py:52} INFO - Started process 1047 to run task
[2022-07-11 21:59:38,242] {standard_task_runner.py:79} INFO - Running: ['***', 'tasks', 'run', 'Stream_Satellite_TLE', 'load_data', 'manual__2022-07-11T21:59:36.565369+00:00', '--job-id', '481', '--raw', '--subdir', 'DAGS_FOLDER/streamTLE.py', '--cfg-path', '/tmp/tmp43aev_uj', '--error-file', '/tmp/tmpknkwcuoo']
[2022-07-11 21:59:38,243] {standard_task_runner.py:80} INFO - Job 481: Subtask load_data
[2022-07-11 21:59:38,331] {task_command.py:370} INFO - Running <TaskInstance: Stream_Satellite_TLE.load_data manual__2022-07-11T21:59:36.565369+00:00 [running]> on host 3c0196e07a8e
[2022-07-11 21:59:38,468] {taskinstance.py:1571} INFO - Exporting the following env vars:
AIRFLOW_CTX_DAG_OWNER=***
AIRFLOW_CTX_DAG_ID=Stream_Satellite_TLE
AIRFLOW_CTX_TASK_ID=load_data
AIRFLOW_CTX_EXECUTION_DATE=2022-07-11T21:59:36.565369+00:00
AIRFLOW_CTX_TRY_NUMBER=1
AIRFLOW_CTX_DAG_RUN_ID=manual__2022-07-11T21:59:36.565369+00:00
[2022-07-11 21:59:38,469] {logging_mixin.py:115} INFO - Hello
[2022-07-11 21:59:38,469] {python.py:173} INFO - Done. Returned value was: None
[2022-07-11 21:59:38,489] {taskinstance.py:1400} INFO - Marking task as SUCCESS. dag_id=Stream_Satellite_TLE, task_id=load_data, execution_date=20220711T215936, start_date=20220711T215938, end_date=20220711T215938
[2022-07-11 21:59:38,532] {local_task_job.py:156} INFO - Task exited with return code 0
[2022-07-11 21:59:38,598] {local_task_job.py:273} INFO - 0 downstream tasks scheduled from follow-on schedule check
